2012-10-13 09:44:51|Type d'erreur inconnu : [8] Undefined variable: seance_numero - ligne 139 dans le fichier F:\wamp\www\rugby\app\controller\muscuController.php
2012-10-13 09:44:51|Type d'erreur inconnu : [8] Undefined variable: ligne_numero - ligne 138 dans le fichier F:\wamp\www\rugby\app\controller\muscuController.php
2012-10-13 09:44:51|Type d'erreur inconnu : [8] Undefined variable: seance_numero - ligne 139 dans le fichier F:\wamp\www\rugby\app\controller\muscuController.php
2012-10-13 09:44:51|Type d'erreur inconnu : [8] Undefined variable: ligne_numero - ligne 138 dans le fichier F:\wamp\www\rugby\app\controller\muscuController.php
2012-10-13 09:44:51|Type d'erreur inconnu : [8] Undefined variable: seance_numero - ligne 139 dans le fichier F:\wamp\www\rugby\app\controller\muscuController.php
2012-10-13 09:44:51|Type d'erreur inconnu : [8] Undefined variable: ligne_numero - ligne 138 dans le fichier F:\wamp\www\rugby\app\controller\muscuController.php
2012-10-13 09:44:51|Type d'erreur inconnu : [8] Undefined variable: seance_numero - ligne 139 dans le fichier F:\wamp\www\rugby\app\controller\muscuController.php
2012-10-13 09:44:51|Type d'erreur inconnu : [8] Undefined variable: ligne_numero - ligne 138 dans le fichier F:\wamp\www\rugby\app\controller\muscuController.php
2012-10-13 09:44:51|Type d'erreur inconnu : [8] Undefined variable: seance_numero - ligne 139 dans le fichier F:\wamp\www\rugby\app\controller\muscuController.php
2012-10-13 09:44:51|Type d'erreur inconnu : [8] Undefined variable: ligne_numero - ligne 138 dans le fichier F:\wamp\www\rugby\app\controller\muscuController.php
2012-10-13 09:14:15|Type d'erreur inconnu : [8] Undefined index: Nouveau_modele_de_seance - ligne 37 dans le fichier F:\wamp\www\rugby\cache\04d8a967113ac944068233bacdf7730830382ab4.file.seance_add.tpl.php
2012-10-13 09:11:38|Type d'erreur inconnu : [8] Undefined variable: seance_number - ligne 291 dans le fichier F:\wamp\www\rugby\kernel\lib\smarty\sysplugins\smarty_internal_data.php
2012-10-13 09:11:38|Type d'erreur inconnu : [8] Undefined variable: seance_number - ligne 291 dans le fichier F:\wamp\www\rugby\kernel\lib\smarty\sysplugins\smarty_internal_data.php
2012-10-13 09:11:37|Type d'erreur inconnu : [8] Undefined variable: seance_number - ligne 291 dans le fichier F:\wamp\www\rugby\kernel\lib\smarty\sysplugins\smarty_internal_data.php
2012-10-13 09:11:37|Type d'erreur inconnu : [8] Undefined variable: seance_number - ligne 291 dans le fichier F:\wamp\www\rugby\kernel\lib\smarty\sysplugins\smarty_internal_data.php
2012-10-13 09:11:19|Type d'erreur inconnu : [8] Undefined variable: seance_number - ligne 291 dans le fichier F:\wamp\www\rugby\kernel\lib\smarty\sysplugins\smarty_internal_data.php
2012-10-13 09:11:19|Type d'erreur inconnu : [8] Undefined variable: seance_number - ligne 291 dans le fichier F:\wamp\www\rugby\kernel\lib\smarty\sysplugins\smarty_internal_data.php
2012-10-13 09:11:19|Type d'erreur inconnu : [8] Undefined variable: seance_number - ligne 291 dans le fichier F:\wamp\www\rugby\kernel\lib\smarty\sysplugins\smarty_internal_data.php
2012-10-13 09:10:52|Type d'erreur inconnu : [8] Undefined variable: seance_number - ligne 291 dans le fichier F:\wamp\www\rugby\kernel\lib\smarty\sysplugins\smarty_internal_data.php
2012-10-13 09:10:52|Type d'erreur inconnu : [8] Undefined variable: seance_number - ligne 291 dans le fichier F:\wamp\www\rugby\kernel\lib\smarty\sysplugins\smarty_internal_data.php
2012-10-13 09:10:52|Type d'erreur inconnu : [8] Undefined variable: seance_number - ligne 291 dans le fichier F:\wamp\www\rugby\kernel\lib\smarty\sysplugins\smarty_internal_data.php
2012-10-13 09:10:52|Type d'erreur inconnu : [8] Undefined variable: seance_number - ligne 291 dans le fichier F:\wamp\www\rugby\kernel\lib\smarty\sysplugins\smarty_internal_data.php
2012-10-13 09:10:33|Type d'erreur inconnu : [8] Undefined variable: Seances - ligne 291 dans le fichier F:\wamp\www\rugby\kernel\lib\smarty\sysplugins\smarty_internal_data.php
2012-10-13 09:10:33|Type d'erreur inconnu : [8] Undefined variable: seance_number - ligne 291 dans le fichier F:\wamp\www\rugby\kernel\lib\smarty\sysplugins\smarty_internal_data.php
2012-10-13 09:10:33|Type d'erreur inconnu : [8] Undefined variable: seance_number - ligne 291 dans le fichier F:\wamp\www\rugby\kernel\lib\smarty\sysplugins\smarty_internal_data.php
2012-10-13 09:10:33|Type d'erreur inconnu : [8] Undefined variable: seance_number - ligne 291 dans le fichier F:\wamp\www\rugby\kernel\lib\smarty\sysplugins\smarty_internal_data.php
2012-10-13 09:10:33|Type d'erreur inconnu : [8] Undefined variable: seance_number - ligne 291 dans le fichier F:\wamp\www\rugby\kernel\lib\smarty\sysplugins\smarty_internal_data.php
2012-10-13 09:10:33|Type d'erreur inconnu : [8] Undefined variable: seance_number - ligne 291 dans le fichier F:\wamp\www\rugby\kernel\lib\smarty\sysplugins\smarty_internal_data.php
2012-10-13 09:10:33|Type d'erreur inconnu : [8] Undefined variable: seance_number - ligne 291 dans le fichier F:\wamp\www\rugby\kernel\lib\smarty\sysplugins\smarty_internal_data.php
2012-10-13 09:10:03|Type d'erreur inconnu : [8] Undefined variable: Seances - ligne 291 dans le fichier F:\wamp\www\rugby\kernel\lib\smarty\sysplugins\smarty_internal_data.php
2012-10-13 09:10:03|Type d'erreur inconnu : [8] Undefined variable: seance_number - ligne 291 dans le fichier F:\wamp\www\rugby\kernel\lib\smarty\sysplugins\smarty_internal_data.php
2012-10-13 09:10:03|Type d'erreur inconnu : [8] Undefined variable: seance_number - ligne 291 dans le fichier F:\wamp\www\rugby\kernel\lib\smarty\sysplugins\smarty_internal_data.php
2012-10-13 09:10:03|Type d'erreur inconnu : [8] Undefined variable: seance_number - ligne 291 dans le fichier F:\wamp\www\rugby\kernel\lib\smarty\sysplugins\smarty_internal_data.php
2012-10-13 09:10:03|Type d'erreur inconnu : [8] Undefined variable: seance_number - ligne 291 dans le fichier F:\wamp\www\rugby\kernel\lib\smarty\sysplugins\smarty_internal_data.php
2012-10-13 09:10:03|Type d'erreur inconnu : [8] Undefined variable: seance_number - ligne 291 dans le fichier F:\wamp\www\rugby\kernel\lib\smarty\sysplugins\smarty_internal_data.php
2012-10-13 09:10:03|Type d'erreur inconnu : [8] Undefined variable: seance_number - ligne 291 dans le fichier F:\wamp\www\rugby\kernel\lib\smarty\sysplugins\smarty_internal_data.php
2012-10-13 09:10:03|Type d'erreur inconnu : [8] Undefined variable: seance_number - ligne 291 dans le fichier F:\wamp\www\rugby\kernel\lib\smarty\sysplugins\smarty_internal_data.php
2012-10-13 09:10:03|Type d'erreur inconnu : [8] Undefined variable: seance_number - ligne 291 dans le fichier F:\wamp\www\rugby\kernel\lib\smarty\sysplugins\smarty_internal_data.php
2012-10-13 09:09:20|Type d'erreur inconnu : [8] Undefined variable: Seances - ligne 291 dans le fichier F:\wamp\www\rugby\kernel\lib\smarty\sysplugins\smarty_internal_data.php
2012-10-13 09:09:20|Type d'erreur inconnu : [8] Undefined variable: seance_number - ligne 291 dans le fichier F:\wamp\www\rugby\kernel\lib\smarty\sysplugins\smarty_internal_data.php
2012-10-13 09:09:20|Type d'erreur inconnu : [8] Undefined variable: seance_number - ligne 291 dans le fichier F:\wamp\www\rugby\kernel\lib\smarty\sysplugins\smarty_internal_data.php
2012-10-13 09:09:20|Type d'erreur inconnu : [8] Undefined variable: seance_number - ligne 291 dans le fichier F:\wamp\www\rugby\kernel\lib\smarty\sysplugins\smarty_internal_data.php
2012-10-13 09:09:20|Type d'erreur inconnu : [8] Undefined variable: seance_number - ligne 291 dans le fichier F:\wamp\www\rugby\kernel\lib\smarty\sysplugins\smarty_internal_data.php
2012-10-13 09:09:20|Type d'erreur inconnu : [8] Undefined variable: seance_number - ligne 291 dans le fichier F:\wamp\www\rugby\kernel\lib\smarty\sysplugins\smarty_internal_data.php
2012-10-13 09:09:20|Type d'erreur inconnu : [8] Undefined variable: seance_number - ligne 291 dans le fichier F:\wamp\www\rugby\kernel\lib\smarty\sysplugins\smarty_internal_data.php
2012-10-13 09:09:20|Type d'erreur inconnu : [8] Undefined variable: seance_number - ligne 291 dans le fichier F:\wamp\www\rugby\kernel\lib\smarty\sysplugins\smarty_internal_data.php
2012-10-13 09:09:20|Type d'erreur inconnu : [8] Undefined variable: seance_number - ligne 291 dans le fichier F:\wamp\www\rugby\kernel\lib\smarty\sysplugins\smarty_internal_data.php
2012-10-13 09:08:29|Type d'erreur inconnu : [8] Undefined variable: Seances - ligne 291 dans le fichier F:\wamp\www\rugby\kernel\lib\smarty\sysplugins\smarty_internal_data.php
2012-10-13 09:08:29|Type d'erreur inconnu : [8] Undefined variable: seance_number - ligne 291 dans le fichier F:\wamp\www\rugby\kernel\lib\smarty\sysplugins\smarty_internal_data.php
2012-10-13 09:08:29|Type d'erreur inconnu : [8] Undefined variable: seance_number - ligne 291 dans le fichier F:\wamp\www\rugby\kernel\lib\smarty\sysplugins\smarty_internal_data.php
2012-10-13 09:08:29|Type d'erreur inconnu : [8] Undefined variable: seance_number - ligne 291 dans le fichier F:\wamp\www\rugby\kernel\lib\smarty\sysplugins\smarty_internal_data.php
2012-10-13 09:08:29|Type d'erreur inconnu : [8] Undefined variable: seance_number - ligne 291 dans le fichier F:\wamp\www\rugby\kernel\lib\smarty\sysplugins\smarty_internal_data.php
2012-10-13 09:08:29|Type d'erreur inconnu : [8] Undefined variable: seance_number - ligne 291 dans le fichier F:\wamp\www\rugby\kernel\lib\smarty\sysplugins\smarty_internal_data.php
2012-10-13 09:08:29|Type d'erreur inconnu : [8] Undefined variable: seance_number - ligne 291 dans le fichier F:\wamp\www\rugby\kernel\lib\smarty\sysplugins\smarty_internal_data.php
2012-10-13 09:08:29|Type d'erreur inconnu : [8] Undefined variable: seance_number - ligne 291 dans le fichier F:\wamp\www\rugby\kernel\lib\smarty\sysplugins\smarty_internal_data.php
2012-10-13 09:08:29|Type d'erreur inconnu : [8] Undefined variable: seance_number - ligne 291 dans le fichier F:\wamp\www\rugby\kernel\lib\smarty\sysplugins\smarty_internal_data.php
2012-10-13 09:08:29|Type d'erreur inconnu : [8] Undefined variable: seance_number - ligne 291 dans le fichier F:\wamp\www\rugby\kernel\lib\smarty\sysplugins\smarty_internal_data.php
2012-10-13 09:08:29|Type d'erreur inconnu : [8] Undefined variable: seance_number - ligne 291 dans le fichier F:\wamp\www\rugby\kernel\lib\smarty\sysplugins\smarty_internal_data.php
2012-10-13 09:05:03|Type d'erreur inconnu : [8] Undefined variable: seance_number - ligne 291 dans le fichier F:\wamp\www\rugby\kernel\lib\smarty\sysplugins\smarty_internal_data.php
2012-10-13 09:05:03|Type d'erreur inconnu : [8] Undefined variable: seance_number - ligne 291 dans le fichier F:\wamp\www\rugby\kernel\lib\smarty\sysplugins\smarty_internal_data.php
2012-10-13 09:05:03|Type d'erreur inconnu : [8] Undefined variable: seance_number - ligne 291 dans le fichier F:\wamp\www\rugby\kernel\lib\smarty\sysplugins\smarty_internal_data.php
2012-10-13 09:05:03|Type d'erreur inconnu : [8] Undefined variable: seance_number - ligne 291 dans le fichier F:\wamp\www\rugby\kernel\lib\smarty\sysplugins\smarty_internal_data.php
2012-10-13 09:05:03|Type d'erreur inconnu : [8] Undefined variable: seance_number - ligne 291 dans le fichier F:\wamp\www\rugby\kernel\lib\smarty\sysplugins\smarty_internal_data.php
2012-10-13 09:05:03|Type d'erreur inconnu : [8] Undefined variable: seance_number - ligne 291 dans le fichier F:\wamp\www\rugby\kernel\lib\smarty\sysplugins\smarty_internal_data.php
2012-10-13 09:05:03|Type d'erreur inconnu : [8] Undefined variable: seance_number - ligne 291 dans le fichier F:\wamp\www\rugby\kernel\lib\smarty\sysplugins\smarty_internal_data.php
2012-10-13 09:05:03|Type d'erreur inconnu : [8] Undefined variable: Seances - ligne 291 dans le fichier F:\wamp\www\rugby\kernel\lib\smarty\sysplugins\smarty_internal_data.php
2012-10-13 09:05:03|Type d'erreur inconnu : [8] Undefined variable: seance_number - ligne 291 dans le fichier F:\wamp\www\rugby\kernel\lib\smarty\sysplugins\smarty_internal_data.php
2012-10-13 09:05:03|Type d'erreur inconnu : [8] Undefined variable: seance_number - ligne 291 dans le fichier F:\wamp\www\rugby\kernel\lib\smarty\sysplugins\smarty_internal_data.php
2012-10-13 09:05:03|Type d'erreur inconnu : [8] Undefined variable: seance_number - ligne 291 dans le fichier F:\wamp\www\rugby\kernel\lib\smarty\sysplugins\smarty_internal_data.php
2012-10-13 09:05:03|Type d'erreur inconnu : [8] Undefined variable: seance_number - ligne 291 dans le fichier F:\wamp\www\rugby\kernel\lib\smarty\sysplugins\smarty_internal_data.php
2012-10-13 09:05:03|Type d'erreur inconnu : [8] Undefined variable: seance_number - ligne 291 dans le fichier F:\wamp\www\rugby\kernel\lib\smarty\sysplugins\smarty_internal_data.php
2012-10-13 09:05:03|Type d'erreur inconnu : [8] Undefined variable: seance_number - ligne 291 dans le fichier F:\wamp\www\rugby\kernel\lib\smarty\sysplugins\smarty_internal_data.php
2012-10-13 09:05:03|Type d'erreur inconnu : [8] Undefined variable: seance_number - ligne 291 dans le fichier F:\wamp\www\rugby\kernel\lib\smarty\sysplugins\smarty_internal_data.php
2012-10-13 09:05:03|Type d'erreur inconnu : [8] Undefined variable: seance_number - ligne 291 dans le fichier F:\wamp\www\rugby\kernel\lib\smarty\sysplugins\smarty_internal_data.php
2012-10-13 09:05:03|Type d'erreur inconnu : [8] Undefined variable: seance_number - ligne 291 dans le fichier F:\wamp\www\rugby\kernel\lib\smarty\sysplugins\smarty_internal_data.php
2012-10-13 09:05:03|Type d'erreur inconnu : [8] Undefined variable: seance_number - ligne 291 dans le fichier F:\wamp\www\rugby\kernel\lib\smarty\sysplugins\smarty_internal_data.php
2012-10-13 09:05:03|Type d'erreur inconnu : [8] Undefined variable: seance_number - ligne 291 dans le fichier F:\wamp\www\rugby\kernel\lib\smarty\sysplugins\smarty_internal_data.php
2012-10-13 09:04:51|Type d'erreur inconnu : [8] Undefined variable: seance_number - ligne 291 dans le fichier F:\wamp\www\rugby\kernel\lib\smarty\sysplugins\smarty_internal_data.php
2012-10-13 09:04:51|Type d'erreur inconnu : [8] Undefined variable: seance_number - ligne 291 dans le fichier F:\wamp\www\rugby\kernel\lib\smarty\sysplugins\smarty_internal_data.php
2012-10-13 09:04:51|Type d'erreur inconnu : [8] Undefined variable: seance_number - ligne 291 dans le fichier F:\wamp\www\rugby\kernel\lib\smarty\sysplugins\smarty_internal_data.php
2012-10-13 09:04:51|Type d'erreur inconnu : [8] Undefined variable: seance_number - ligne 291 dans le fichier F:\wamp\www\rugby\kernel\lib\smarty\sysplugins\smarty_internal_data.php
2012-10-13 09:04:51|Type d'erreur inconnu : [8] Undefined variable: seance_number - ligne 291 dans le fichier F:\wamp\www\rugby\kernel\lib\smarty\sysplugins\smarty_internal_data.php
2012-10-13 09:04:51|Type d'erreur inconnu : [8] Undefined variable: seance_number - ligne 291 dans le fichier F:\wamp\www\rugby\kernel\lib\smarty\sysplugins\smarty_internal_data.php
2012-10-13 09:04:51|Type d'erreur inconnu : [8] Undefined variable: seance_number - ligne 291 dans le fichier F:\wamp\www\rugby\kernel\lib\smarty\sysplugins\smarty_internal_data.php
2012-10-13 09:04:51|Type d'erreur inconnu : [8] Undefined variable: Seances - ligne 291 dans le fichier F:\wamp\www\rugby\kernel\lib\smarty\sysplugins\smarty_internal_data.php
2012-10-13 09:04:51|Type d'erreur inconnu : [8] Undefined variable: seance_number - ligne 291 dans le fichier F:\wamp\www\rugby\kernel\lib\smarty\sysplugins\smarty_internal_data.php
2012-10-13 09:04:51|Type d'erreur inconnu : [8] Undefined variable: seance_number - ligne 291 dans le fichier F:\wamp\www\rugby\kernel\lib\smarty\sysplugins\smarty_internal_data.php
2012-10-13 09:04:51|Type d'erreur inconnu : [8] Undefined variable: seance_number - ligne 291 dans le fichier F:\wamp\www\rugby\kernel\lib\smarty\sysplugins\smarty_internal_data.php
2012-10-13 09:04:51|Type d'erreur inconnu : [8] Undefined variable: seance_number - ligne 291 dans le fichier F:\wamp\www\rugby\kernel\lib\smarty\sysplugins\smarty_internal_data.php
2012-10-13 09:04:51|Type d'erreur inconnu : [8] Undefined variable: seance_number - ligne 291 dans le fichier F:\wamp\www\rugby\kernel\lib\smarty\sysplugins\smarty_internal_data.php
2012-10-13 09:04:51|Type d'erreur inconnu : [8] Undefined variable: seance_number - ligne 291 dans le fichier F:\wamp\www\rugby\kernel\lib\smarty\sysplugins\smarty_internal_data.php
2012-10-13 09:04:51|Type d'erreur inconnu : [8] Undefined variable: seance_number - ligne 291 dans le fichier F:\wamp\www\rugby\kernel\lib\smarty\sysplugins\smarty_internal_data.php
2012-10-13 09:04:51|Type d'erreur inconnu : [8] Undefined variable: seance_number - ligne 291 dans le fichier F:\wamp\www\rugby\kernel\lib\smarty\sysplugins\smarty_internal_data.php
2012-10-13 09:04:51|Type d'erreur inconnu : [8] Undefined variable: seance_number - ligne 291 dans le fichier F:\wamp\www\rugby\kernel\lib\smarty\sysplugins\smarty_internal_data.php
2012-10-13 09:04:51|Type d'erreur inconnu : [8] Undefined variable: seance_number - ligne 291 dans le fichier F:\wamp\www\rugby\kernel\lib\smarty\sysplugins\smarty_internal_data.php
2012-10-13 09:04:51|Type d'erreur inconnu : [8] Undefined variable: seance_number - ligne 291 dans le fichier F:\wamp\www\rugby\kernel\lib\smarty\sysplugins\smarty_internal_data.php
2012-10-13 04:36:53|Type d'erreur inconnu : [8] Undefined variable: seance_number - ligne 291 dans le fichier F:\wamp\www\rugby\kernel\lib\smarty\sysplugins\smarty_internal_data.php
2012-10-13 04:36:53|Type d'erreur inconnu : [8] Undefined variable: seance_number - ligne 291 dans le fichier F:\wamp\www\rugby\kernel\lib\smarty\sysplugins\smarty_internal_data.php
2012-10-13 04:36:53|Type d'erreur inconnu : [8] Undefined variable: seance_number - ligne 291 dans le fichier F:\wamp\www\rugby\kernel\lib\smarty\sysplugins\smarty_internal_data.php
2012-10-13 04:36:53|Type d'erreur inconnu : [8] Undefined variable: seance_number - ligne 291 dans le fichier F:\wamp\www\rugby\kernel\lib\smarty\sysplugins\smarty_internal_data.php
2012-10-13 04:36:53|Type d'erreur inconnu : [8] Undefined variable: seance_number - ligne 291 dans le fichier F:\wamp\www\rugby\kernel\lib\smarty\sysplugins\smarty_internal_data.php
2012-10-13 04:36:53|Type d'erreur inconnu : [8] Undefined variable: seance_number - ligne 291 dans le fichier F:\wamp\www\rugby\kernel\lib\smarty\sysplugins\smarty_internal_data.php
2012-10-13 04:36:53|Type d'erreur inconnu : [8] Undefined variable: seance_number - ligne 291 dans le fichier F:\wamp\www\rugby\kernel\lib\smarty\sysplugins\smarty_internal_data.php
2012-10-13 04:36:53|Type d'erreur inconnu : [8] Undefined variable: Seances - ligne 291 dans le fichier F:\wamp\www\rugby\kernel\lib\smarty\sysplugins\smarty_internal_data.php
2012-10-13 04:36:53|Type d'erreur inconnu : [8] Undefined variable: seance_number - ligne 291 dans le fichier F:\wamp\www\rugby\kernel\lib\smarty\sysplugins\smarty_internal_data.php
2012-10-13 04:36:53|Type d'erreur inconnu : [8] Undefined variable: seance_number - ligne 291 dans le fichier F:\wamp\www\rugby\kernel\lib\smarty\sysplugins\smarty_internal_data.php
2012-10-13 04:36:53|Type d'erreur inconnu : [8] Undefined variable: seance_number - ligne 291 dans le fichier F:\wamp\www\rugby\kernel\lib\smarty\sysplugins\smarty_internal_data.php
2012-10-13 04:36:53|Type d'erreur inconnu : [8] Undefined variable: seance_number - ligne 291 dans le fichier F:\wamp\www\rugby\kernel\lib\smarty\sysplugins\smarty_internal_data.php
2012-10-13 04:36:53|Type d'erreur inconnu : [8] Undefined variable: seance_number - ligne 291 dans le fichier F:\wamp\www\rugby\kernel\lib\smarty\sysplugins\smarty_internal_data.php
2012-10-13 04:36:53|Type d'erreur inconnu : [8] Undefined variable: seance_number - ligne 291 dans le fichier F:\wamp\www\rugby\kernel\lib\smarty\sysplugins\smarty_internal_data.php
2012-10-13 04:36:53|Type d'erreur inconnu : [8] Undefined variable: seance_number - ligne 291 dans le fichier F:\wamp\www\rugby\kernel\lib\smarty\sysplugins\smarty_internal_data.php
2012-10-13 04:36:53|Type d'erreur inconnu : [8] Undefined variable: seance_number - ligne 291 dans le fichier F:\wamp\www\rugby\kernel\lib\smarty\sysplugins\smarty_internal_data.php
2012-10-13 04:36:53|Type d'erreur inconnu : [8] Undefined variable: seance_number - ligne 291 dans le fichier F:\wamp\www\rugby\kernel\lib\smarty\sysplugins\smarty_internal_data.php
2012-10-13 04:36:53|Type d'erreur inconnu : [8] Undefined variable: seance_number - ligne 291 dans le fichier F:\wamp\www\rugby\kernel\lib\smarty\sysplugins\smarty_internal_data.php
2012-10-13 04:36:53|Type d'erreur inconnu : [8] Undefined variable: seance_number - ligne 291 dans le fichier F:\wamp\www\rugby\kernel\lib\smarty\sysplugins\smarty_internal_data.php
2012-10-13 04:36:53|Type d'erreur inconnu : [8] Undefined variable: seance_number - ligne 291 dans le fichier F:\wamp\www\rugby\kernel\lib\smarty\sysplugins\smarty_internal_data.php
2012-10-13 04:36:53|Type d'erreur inconnu : [8] Undefined variable: seance_number - ligne 291 dans le fichier F:\wamp\www\rugby\kernel\lib\smarty\sysplugins\smarty_internal_data.php
2012-10-13 04:36:53|Type d'erreur inconnu : [8] Undefined variable: seance_number - ligne 291 dans le fichier F:\wamp\www\rugby\kernel\lib\smarty\sysplugins\smarty_internal_data.php
2012-10-13 04:36:53|Type d'erreur inconnu : [8] Undefined variable: seance_number - ligne 291 dans le fichier F:\wamp\www\rugby\kernel\lib\smarty\sysplugins\smarty_internal_data.php
