2012-09-30 06:23:11|Type d'erreur inconnu : [8] Undefined index: entrainement_view - ligne 6 dans le fichier F:\wamp\www\rugby\app\controller\entrainementController.php
2012-09-30 05:53:02|Type d'erreur inconnu : [8] Undefined index: joueur_documents - ligne 77 dans le fichier F:\wamp\www\rugby\cache\b415c07a6526fd474484ca3eda6211bc9aab6d38.file.fiche_tab_documents.tpl.php
2012-09-30 05:52:59|Type d'erreur inconnu : [8] Undefined index: musculation_seance_delete - ligne 129 dans le fichier F:\wamp\www\rugby\cache\1118409be1b2d76713d63afc9268e5b5445af366.file.fiche_tab_muscu.tpl.php
2012-09-30 05:52:59|Type d'erreur inconnu : [8] Undefined index: musculation_seance_delete - ligne 129 dans le fichier F:\wamp\www\rugby\cache\1118409be1b2d76713d63afc9268e5b5445af366.file.fiche_tab_muscu.tpl.php
2012-09-30 05:52:59|Type d'erreur inconnu : [8] Undefined index: musculation_seance_delete - ligne 109 dans le fichier F:\wamp\www\rugby\cache\1118409be1b2d76713d63afc9268e5b5445af366.file.fiche_tab_muscu.tpl.php
2012-09-30 05:52:59|Type d'erreur inconnu : [8] Undefined index: musculation_seance_add - ligne 90 dans le fichier F:\wamp\www\rugby\cache\1118409be1b2d76713d63afc9268e5b5445af366.file.fiche_tab_muscu.tpl.php
2012-09-30 05:46:05|Type d'erreur inconnu : [8] Undefined index: gest_suivimedical - ligne 100 dans le fichier F:\wamp\www\rugby\cache\bea7ebf1d9aa484e9113c21f91cf17407a39b07e.file.detail_for_fiche_joueur.tpl.php
2012-09-30 05:45:10|Type d'erreur inconnu : [8] Undefined index: suivi_medical_add_commentaire - ligne 100 dans le fichier F:\wamp\www\rugby\cache\bea7ebf1d9aa484e9113c21f91cf17407a39b07e.file.detail_for_fiche_joueur.tpl.php
2012-09-30 05:38:57|Type d'erreur inconnu : [8] Undefined index: suivi_medical_add_commentaire - ligne 100 dans le fichier F:\wamp\www\rugby\cache\bea7ebf1d9aa484e9113c21f91cf17407a39b07e.file.detail_for_fiche_joueur.tpl.php
2012-09-30 05:24:54|Type d'erreur inconnu : [8] Undefined index: suivimed_add - ligne 113 dans le fichier F:\wamp\www\rugby\cache\0d23b40bee253627816f44c5aefb7e5b92f62166.file.fiche_tab_suivimed.tpl.php
2012-09-30 05:24:54|Type d'erreur inconnu : [8] Undefined index: suivimed_add - ligne 55 dans le fichier F:\wamp\www\rugby\cache\0d23b40bee253627816f44c5aefb7e5b92f62166.file.fiche_tab_suivimed.tpl.php
2012-09-30 05:23:31|Type d'erreur inconnu : [2] Division by zero - ligne 1941 dans le fichier F:\wamp\www\rugby\kernel\lib\pChart\class\pDraw.class.php
2012-09-30 05:23:31|Type d'erreur inconnu : [8] Undefined index: Data - ligne 1913 dans le fichier F:\wamp\www\rugby\kernel\lib\pChart\class\pDraw.class.php
2012-09-30 05:23:31|Type d'erreur inconnu : [8] Undefined index: Data - ligne 100 dans le fichier F:\wamp\www\rugby\kernel\lib\pChart\class\pData.class.php
2012-09-30 05:23:31|Type d'erreur inconnu : [8] Undefined variable: data_img - ligne 446 dans le fichier F:\wamp\www\rugby\app\controller\joueurController.php
2012-09-30 05:23:31|Type d'erreur inconnu : [8] Undefined index: Data - ligne 3775 dans le fichier F:\wamp\www\rugby\kernel\lib\pChart\class\pDraw.class.php
2012-09-30 05:23:31|Type d'erreur inconnu : [8] Undefined index: Data - ligne 3774 dans le fichier F:\wamp\www\rugby\kernel\lib\pChart\class\pDraw.class.php
2012-09-30 05:23:31|Type d'erreur inconnu : [8] Undefined index: Data - ligne 3772 dans le fichier F:\wamp\www\rugby\kernel\lib\pChart\class\pDraw.class.php
2012-09-30 05:23:31|Type d'erreur inconnu : [8] Undefined index: Data - ligne 3759 dans le fichier F:\wamp\www\rugby\kernel\lib\pChart\class\pDraw.class.php
2012-09-30 05:23:31|Type d'erreur inconnu : [2] Division by zero - ligne 1941 dans le fichier F:\wamp\www\rugby\kernel\lib\pChart\class\pDraw.class.php
2012-09-30 05:23:31|Type d'erreur inconnu : [8] Undefined index: Data - ligne 1913 dans le fichier F:\wamp\www\rugby\kernel\lib\pChart\class\pDraw.class.php
2012-09-30 05:23:30|Type d'erreur inconnu : [8] Undefined index: Data - ligne 100 dans le fichier F:\wamp\www\rugby\kernel\lib\pChart\class\pData.class.php
2012-09-30 05:23:30|Type d'erreur inconnu : [8] Undefined index: Data - ligne 100 dans le fichier F:\wamp\www\rugby\kernel\lib\pChart\class\pData.class.php
2012-09-30 05:23:30|Type d'erreur inconnu : [8] Undefined index: Data - ligne 3775 dans le fichier F:\wamp\www\rugby\kernel\lib\pChart\class\pDraw.class.php
2012-09-30 05:23:30|Type d'erreur inconnu : [8] Undefined index: Data - ligne 3774 dans le fichier F:\wamp\www\rugby\kernel\lib\pChart\class\pDraw.class.php
2012-09-30 05:23:30|Type d'erreur inconnu : [8] Undefined index: Data - ligne 3772 dans le fichier F:\wamp\www\rugby\kernel\lib\pChart\class\pDraw.class.php
2012-09-30 05:23:30|Type d'erreur inconnu : [8] Undefined index: Data - ligne 3759 dans le fichier F:\wamp\www\rugby\kernel\lib\pChart\class\pDraw.class.php
2012-09-30 05:23:30|Type d'erreur inconnu : [2] Division by zero - ligne 1941 dans le fichier F:\wamp\www\rugby\kernel\lib\pChart\class\pDraw.class.php
2012-09-30 05:23:30|Type d'erreur inconnu : [8] Undefined index: Data - ligne 1913 dans le fichier F:\wamp\www\rugby\kernel\lib\pChart\class\pDraw.class.php
2012-09-30 05:23:30|Type d'erreur inconnu : [8] Undefined index: Data - ligne 100 dans le fichier F:\wamp\www\rugby\kernel\lib\pChart\class\pData.class.php
2012-09-30 05:23:30|Type d'erreur inconnu : [8] Undefined index: Data - ligne 100 dans le fichier F:\wamp\www\rugby\kernel\lib\pChart\class\pData.class.php
2012-09-30 05:23:19|Type d'erreur inconnu : [8] Undefined index: suivimed_add - ligne 113 dans le fichier F:\wamp\www\rugby\cache\0d23b40bee253627816f44c5aefb7e5b92f62166.file.fiche_tab_suivimed.tpl.php
2012-09-30 05:23:19|Type d'erreur inconnu : [8] Undefined index: suivimed_add - ligne 55 dans le fichier F:\wamp\www\rugby\cache\0d23b40bee253627816f44c5aefb7e5b92f62166.file.fiche_tab_suivimed.tpl.php
2012-09-30 05:22:20|Type d'erreur inconnu : [8] Undefined index: entrainement_add - ligne 153 dans le fichier F:\wamp\www\rugby\app\controller\entrainementController.php
2012-09-30 05:18:05|Type d'erreur inconnu : [8] Undefined index: entrainement_add - ligne 109 dans le fichier F:\wamp\www\rugby\cache\29774aa16353240af3f542847d441b6fe9f18c6e.file.fiche_tab_entrainement.tpl.php
2012-09-30 05:16:38|Type d'erreur inconnu : [2] Division by zero - ligne 1941 dans le fichier F:\wamp\www\rugby\kernel\lib\pChart\class\pDraw.class.php
2012-09-30 05:16:38|Type d'erreur inconnu : [8] Undefined index: Data - ligne 1913 dans le fichier F:\wamp\www\rugby\kernel\lib\pChart\class\pDraw.class.php
2012-09-30 05:16:38|Type d'erreur inconnu : [8] Undefined index: Data - ligne 100 dans le fichier F:\wamp\www\rugby\kernel\lib\pChart\class\pData.class.php
2012-09-30 05:16:38|Type d'erreur inconnu : [8] Undefined variable: data_img - ligne 446 dans le fichier F:\wamp\www\rugby\app\controller\joueurController.php
2012-09-30 05:16:38|Type d'erreur inconnu : [8] Undefined index: Data - ligne 3775 dans le fichier F:\wamp\www\rugby\kernel\lib\pChart\class\pDraw.class.php
2012-09-30 05:16:38|Type d'erreur inconnu : [8] Undefined index: Data - ligne 3774 dans le fichier F:\wamp\www\rugby\kernel\lib\pChart\class\pDraw.class.php
2012-09-30 05:16:38|Type d'erreur inconnu : [8] Undefined index: Data - ligne 3772 dans le fichier F:\wamp\www\rugby\kernel\lib\pChart\class\pDraw.class.php
2012-09-30 05:16:38|Type d'erreur inconnu : [8] Undefined index: Data - ligne 3759 dans le fichier F:\wamp\www\rugby\kernel\lib\pChart\class\pDraw.class.php
2012-09-30 05:16:38|Type d'erreur inconnu : [2] Division by zero - ligne 1941 dans le fichier F:\wamp\www\rugby\kernel\lib\pChart\class\pDraw.class.php
2012-09-30 05:16:38|Type d'erreur inconnu : [8] Undefined index: Data - ligne 1913 dans le fichier F:\wamp\www\rugby\kernel\lib\pChart\class\pDraw.class.php
2012-09-30 05:16:38|Type d'erreur inconnu : [8] Undefined index: Data - ligne 100 dans le fichier F:\wamp\www\rugby\kernel\lib\pChart\class\pData.class.php
2012-09-30 05:16:38|Type d'erreur inconnu : [8] Undefined index: Data - ligne 100 dans le fichier F:\wamp\www\rugby\kernel\lib\pChart\class\pData.class.php
2012-09-30 05:16:38|Type d'erreur inconnu : [8] Undefined index: Data - ligne 3775 dans le fichier F:\wamp\www\rugby\kernel\lib\pChart\class\pDraw.class.php
2012-09-30 05:16:38|Type d'erreur inconnu : [8] Undefined index: Data - ligne 3774 dans le fichier F:\wamp\www\rugby\kernel\lib\pChart\class\pDraw.class.php
2012-09-30 05:16:38|Type d'erreur inconnu : [8] Undefined index: Data - ligne 3772 dans le fichier F:\wamp\www\rugby\kernel\lib\pChart\class\pDraw.class.php
2012-09-30 05:16:38|Type d'erreur inconnu : [8] Undefined index: Data - ligne 3759 dans le fichier F:\wamp\www\rugby\kernel\lib\pChart\class\pDraw.class.php
2012-09-30 05:16:38|Type d'erreur inconnu : [2] Division by zero - ligne 1941 dans le fichier F:\wamp\www\rugby\kernel\lib\pChart\class\pDraw.class.php
2012-09-30 05:16:38|Type d'erreur inconnu : [8] Undefined index: Data - ligne 1913 dans le fichier F:\wamp\www\rugby\kernel\lib\pChart\class\pDraw.class.php
2012-09-30 05:16:38|Type d'erreur inconnu : [8] Undefined index: Data - ligne 100 dans le fichier F:\wamp\www\rugby\kernel\lib\pChart\class\pData.class.php
2012-09-30 05:16:38|Type d'erreur inconnu : [8] Undefined index: Data - ligne 100 dans le fichier F:\wamp\www\rugby\kernel\lib\pChart\class\pData.class.php
2012-09-30 05:14:37|Type d'erreur inconnu : [2] Division by zero - ligne 1941 dans le fichier F:\wamp\www\rugby\kernel\lib\pChart\class\pDraw.class.php
2012-09-30 05:14:37|Type d'erreur inconnu : [8] Undefined index: Data - ligne 1913 dans le fichier F:\wamp\www\rugby\kernel\lib\pChart\class\pDraw.class.php
2012-09-30 05:14:37|Type d'erreur inconnu : [8] Undefined index: Data - ligne 100 dans le fichier F:\wamp\www\rugby\kernel\lib\pChart\class\pData.class.php
2012-09-30 05:14:37|Type d'erreur inconnu : [8] Undefined variable: data_img - ligne 446 dans le fichier F:\wamp\www\rugby\app\controller\joueurController.php
2012-09-30 05:14:37|Type d'erreur inconnu : [8] Undefined index: Data - ligne 3775 dans le fichier F:\wamp\www\rugby\kernel\lib\pChart\class\pDraw.class.php
2012-09-30 05:14:37|Type d'erreur inconnu : [8] Undefined index: Data - ligne 3774 dans le fichier F:\wamp\www\rugby\kernel\lib\pChart\class\pDraw.class.php
2012-09-30 05:14:37|Type d'erreur inconnu : [8] Undefined index: Data - ligne 3772 dans le fichier F:\wamp\www\rugby\kernel\lib\pChart\class\pDraw.class.php
2012-09-30 05:14:37|Type d'erreur inconnu : [8] Undefined index: Data - ligne 3759 dans le fichier F:\wamp\www\rugby\kernel\lib\pChart\class\pDraw.class.php
2012-09-30 05:14:37|Type d'erreur inconnu : [2] Division by zero - ligne 1941 dans le fichier F:\wamp\www\rugby\kernel\lib\pChart\class\pDraw.class.php
2012-09-30 05:14:37|Type d'erreur inconnu : [8] Undefined index: Data - ligne 1913 dans le fichier F:\wamp\www\rugby\kernel\lib\pChart\class\pDraw.class.php
2012-09-30 05:14:37|Type d'erreur inconnu : [8] Undefined index: Data - ligne 100 dans le fichier F:\wamp\www\rugby\kernel\lib\pChart\class\pData.class.php
2012-09-30 05:14:37|Type d'erreur inconnu : [8] Undefined index: Data - ligne 100 dans le fichier F:\wamp\www\rugby\kernel\lib\pChart\class\pData.class.php
2012-09-30 05:14:37|Type d'erreur inconnu : [8] Undefined index: Data - ligne 3775 dans le fichier F:\wamp\www\rugby\kernel\lib\pChart\class\pDraw.class.php
2012-09-30 05:14:37|Type d'erreur inconnu : [8] Undefined index: Data - ligne 3774 dans le fichier F:\wamp\www\rugby\kernel\lib\pChart\class\pDraw.class.php
2012-09-30 05:14:37|Type d'erreur inconnu : [8] Undefined index: Data - ligne 3772 dans le fichier F:\wamp\www\rugby\kernel\lib\pChart\class\pDraw.class.php
2012-09-30 05:14:37|Type d'erreur inconnu : [8] Undefined index: Data - ligne 3759 dans le fichier F:\wamp\www\rugby\kernel\lib\pChart\class\pDraw.class.php
2012-09-30 05:14:36|Type d'erreur inconnu : [2] Division by zero - ligne 1941 dans le fichier F:\wamp\www\rugby\kernel\lib\pChart\class\pDraw.class.php
2012-09-30 05:14:36|Type d'erreur inconnu : [8] Undefined index: Data - ligne 1913 dans le fichier F:\wamp\www\rugby\kernel\lib\pChart\class\pDraw.class.php
2012-09-30 05:14:36|Type d'erreur inconnu : [8] Undefined index: Data - ligne 100 dans le fichier F:\wamp\www\rugby\kernel\lib\pChart\class\pData.class.php
2012-09-30 05:14:36|Type d'erreur inconnu : [8] Undefined index: Data - ligne 100 dans le fichier F:\wamp\www\rugby\kernel\lib\pChart\class\pData.class.php
2012-09-30 05:14:36|Type d'erreur inconnu : [8] Undefined index: joueur_physique - ligne 20 dans le fichier F:\wamp\www\rugby\cache\55c67e9aa4624c094957dc10983dad1a07f922f6.file.fiche_tab_physique.tpl.php
2012-09-30 05:14:35|Type d'erreur inconnu : [8] Undefined index: entrainement_add - ligne 109 dans le fichier F:\wamp\www\rugby\cache\29774aa16353240af3f542847d441b6fe9f18c6e.file.fiche_tab_entrainement.tpl.php
2012-09-30 05:13:34|Type d'erreur inconnu : [8] Undefined index: suivimed_add - ligne 113 dans le fichier F:\wamp\www\rugby\cache\0d23b40bee253627816f44c5aefb7e5b92f62166.file.fiche_tab_suivimed.tpl.php
2012-09-30 05:13:34|Type d'erreur inconnu : [8] Undefined index: suivimed_add - ligne 55 dans le fichier F:\wamp\www\rugby\cache\0d23b40bee253627816f44c5aefb7e5b92f62166.file.fiche_tab_suivimed.tpl.php
2012-09-30 05:13:32|Type d'erreur inconnu : [8] Undefined index: entrainement_add - ligne 109 dans le fichier F:\wamp\www\rugby\cache\29774aa16353240af3f542847d441b6fe9f18c6e.file.fiche_tab_entrainement.tpl.php
2012-09-30 05:13:29|Type d'erreur inconnu : [2] Division by zero - ligne 1941 dans le fichier F:\wamp\www\rugby\kernel\lib\pChart\class\pDraw.class.php
2012-09-30 05:13:29|Type d'erreur inconnu : [8] Undefined index: Data - ligne 1913 dans le fichier F:\wamp\www\rugby\kernel\lib\pChart\class\pDraw.class.php
2012-09-30 05:13:28|Type d'erreur inconnu : [8] Undefined index: Data - ligne 100 dans le fichier F:\wamp\www\rugby\kernel\lib\pChart\class\pData.class.php
2012-09-30 05:13:28|Type d'erreur inconnu : [8] Undefined variable: data_img - ligne 446 dans le fichier F:\wamp\www\rugby\app\controller\joueurController.php
2012-09-30 05:13:28|Type d'erreur inconnu : [8] Undefined index: Data - ligne 3775 dans le fichier F:\wamp\www\rugby\kernel\lib\pChart\class\pDraw.class.php
2012-09-30 05:13:28|Type d'erreur inconnu : [8] Undefined index: Data - ligne 3774 dans le fichier F:\wamp\www\rugby\kernel\lib\pChart\class\pDraw.class.php
2012-09-30 05:13:28|Type d'erreur inconnu : [8] Undefined index: Data - ligne 3772 dans le fichier F:\wamp\www\rugby\kernel\lib\pChart\class\pDraw.class.php
2012-09-30 05:13:28|Type d'erreur inconnu : [8] Undefined index: Data - ligne 3759 dans le fichier F:\wamp\www\rugby\kernel\lib\pChart\class\pDraw.class.php
2012-09-30 05:13:28|Type d'erreur inconnu : [2] Division by zero - ligne 1941 dans le fichier F:\wamp\www\rugby\kernel\lib\pChart\class\pDraw.class.php
2012-09-30 05:13:28|Type d'erreur inconnu : [8] Undefined index: Data - ligne 1913 dans le fichier F:\wamp\www\rugby\kernel\lib\pChart\class\pDraw.class.php
2012-09-30 05:13:28|Type d'erreur inconnu : [8] Undefined index: Data - ligne 100 dans le fichier F:\wamp\www\rugby\kernel\lib\pChart\class\pData.class.php
2012-09-30 05:13:28|Type d'erreur inconnu : [8] Undefined index: Data - ligne 100 dans le fichier F:\wamp\www\rugby\kernel\lib\pChart\class\pData.class.php
2012-09-30 05:13:28|Type d'erreur inconnu : [8] Undefined index: Data - ligne 3775 dans le fichier F:\wamp\www\rugby\kernel\lib\pChart\class\pDraw.class.php
2012-09-30 05:13:28|Type d'erreur inconnu : [8] Undefined index: Data - ligne 3774 dans le fichier F:\wamp\www\rugby\kernel\lib\pChart\class\pDraw.class.php
2012-09-30 05:13:28|Type d'erreur inconnu : [8] Undefined index: Data - ligne 3772 dans le fichier F:\wamp\www\rugby\kernel\lib\pChart\class\pDraw.class.php
2012-09-30 05:13:28|Type d'erreur inconnu : [8] Undefined index: Data - ligne 3759 dans le fichier F:\wamp\www\rugby\kernel\lib\pChart\class\pDraw.class.php
2012-09-30 05:13:28|Type d'erreur inconnu : [2] Division by zero - ligne 1941 dans le fichier F:\wamp\www\rugby\kernel\lib\pChart\class\pDraw.class.php
2012-09-30 05:13:28|Type d'erreur inconnu : [8] Undefined index: Data - ligne 1913 dans le fichier F:\wamp\www\rugby\kernel\lib\pChart\class\pDraw.class.php
2012-09-30 05:13:28|Type d'erreur inconnu : [8] Undefined index: Data - ligne 100 dans le fichier F:\wamp\www\rugby\kernel\lib\pChart\class\pData.class.php
2012-09-30 05:13:28|Type d'erreur inconnu : [8] Undefined index: Data - ligne 100 dans le fichier F:\wamp\www\rugby\kernel\lib\pChart\class\pData.class.php
2012-09-30 05:13:28|Type d'erreur inconnu : [8] Undefined index: joueur_physique - ligne 20 dans le fichier F:\wamp\www\rugby\cache\55c67e9aa4624c094957dc10983dad1a07f922f6.file.fiche_tab_physique.tpl.php
2012-09-30 05:13:02|Type d'erreur inconnu : [8] Undefined index: show_all_fiche - ligne 155 dans le fichier F:\wamp\www\rugby\cache\486609753fbf53fee56b7571a8fa94c44e77e676.file.fiche_tab_etab.tpl.php
2012-09-30 05:13:02|Type d'erreur inconnu : [8] Undefined index: show_all_fiche - ligne 153 dans le fichier F:\wamp\www\rugby\cache\486609753fbf53fee56b7571a8fa94c44e77e676.file.fiche_tab_etab.tpl.php
2012-09-30 05:13:02|Type d'erreur inconnu : [8] Undefined index: show_all_fiche - ligne 155 dans le fichier F:\wamp\www\rugby\cache\486609753fbf53fee56b7571a8fa94c44e77e676.file.fiche_tab_etab.tpl.php
2012-09-30 05:13:02|Type d'erreur inconnu : [8] Undefined index: show_all_fiche - ligne 153 dans le fichier F:\wamp\www\rugby\cache\486609753fbf53fee56b7571a8fa94c44e77e676.file.fiche_tab_etab.tpl.php
2012-09-30 05:13:02|Type d'erreur inconnu : [8] Undefined index: show_all_fiche - ligne 155 dans le fichier F:\wamp\www\rugby\cache\486609753fbf53fee56b7571a8fa94c44e77e676.file.fiche_tab_etab.tpl.php
2012-09-30 05:13:02|Type d'erreur inconnu : [8] Undefined index: show_all_fiche - ligne 153 dans le fichier F:\wamp\www\rugby\cache\486609753fbf53fee56b7571a8fa94c44e77e676.file.fiche_tab_etab.tpl.php
2012-09-30 05:13:02|Type d'erreur inconnu : [8] Undefined index: show_all_fiche - ligne 155 dans le fichier F:\wamp\www\rugby\cache\486609753fbf53fee56b7571a8fa94c44e77e676.file.fiche_tab_etab.tpl.php
2012-09-30 05:13:02|Type d'erreur inconnu : [8] Undefined index: show_all_fiche - ligne 153 dans le fichier F:\wamp\www\rugby\cache\486609753fbf53fee56b7571a8fa94c44e77e676.file.fiche_tab_etab.tpl.php
2012-09-30 05:13:02|Type d'erreur inconnu : [8] Undefined index: show_all_fiche - ligne 155 dans le fichier F:\wamp\www\rugby\cache\486609753fbf53fee56b7571a8fa94c44e77e676.file.fiche_tab_etab.tpl.php
2012-09-30 05:13:02|Type d'erreur inconnu : [8] Undefined index: show_all_fiche - ligne 153 dans le fichier F:\wamp\www\rugby\cache\486609753fbf53fee56b7571a8fa94c44e77e676.file.fiche_tab_etab.tpl.php
2012-09-30 05:12:01|Type d'erreur inconnu : [8] Undefined index: show_all_fiche - ligne 157 dans le fichier F:\wamp\www\rugby\cache\486609753fbf53fee56b7571a8fa94c44e77e676.file.fiche_tab_etab.tpl.php
2012-09-30 05:12:01|Type d'erreur inconnu : [8] Undefined index: show_all_fiche - ligne 155 dans le fichier F:\wamp\www\rugby\cache\486609753fbf53fee56b7571a8fa94c44e77e676.file.fiche_tab_etab.tpl.php
2012-09-30 05:12:01|Type d'erreur inconnu : [8] Undefined index: show_all_fiche - ligne 157 dans le fichier F:\wamp\www\rugby\cache\486609753fbf53fee56b7571a8fa94c44e77e676.file.fiche_tab_etab.tpl.php
2012-09-30 05:12:01|Type d'erreur inconnu : [8] Undefined index: show_all_fiche - ligne 155 dans le fichier F:\wamp\www\rugby\cache\486609753fbf53fee56b7571a8fa94c44e77e676.file.fiche_tab_etab.tpl.php
2012-09-30 05:12:01|Type d'erreur inconnu : [8] Undefined index: show_all_fiche - ligne 157 dans le fichier F:\wamp\www\rugby\cache\486609753fbf53fee56b7571a8fa94c44e77e676.file.fiche_tab_etab.tpl.php
2012-09-30 05:12:01|Type d'erreur inconnu : [8] Undefined index: show_all_fiche - ligne 155 dans le fichier F:\wamp\www\rugby\cache\486609753fbf53fee56b7571a8fa94c44e77e676.file.fiche_tab_etab.tpl.php
2012-09-30 05:12:01|Type d'erreur inconnu : [8] Undefined index: show_all_fiche - ligne 157 dans le fichier F:\wamp\www\rugby\cache\486609753fbf53fee56b7571a8fa94c44e77e676.file.fiche_tab_etab.tpl.php
2012-09-30 05:12:01|Type d'erreur inconnu : [8] Undefined index: show_all_fiche - ligne 155 dans le fichier F:\wamp\www\rugby\cache\486609753fbf53fee56b7571a8fa94c44e77e676.file.fiche_tab_etab.tpl.php
2012-09-30 05:12:01|Type d'erreur inconnu : [8] Undefined index: show_all_fiche - ligne 157 dans le fichier F:\wamp\www\rugby\cache\486609753fbf53fee56b7571a8fa94c44e77e676.file.fiche_tab_etab.tpl.php
2012-09-30 05:12:01|Type d'erreur inconnu : [8] Undefined index: show_all_fiche - ligne 155 dans le fichier F:\wamp\www\rugby\cache\486609753fbf53fee56b7571a8fa94c44e77e676.file.fiche_tab_etab.tpl.php
2012-09-30 05:12:01|Type d'erreur inconnu : [8] Undefined index: bulletin_view - ligne 108 dans le fichier F:\wamp\www\rugby\cache\486609753fbf53fee56b7571a8fa94c44e77e676.file.fiche_tab_etab.tpl.php
2012-09-30 05:08:34|Type d'erreur inconnu : [8] Undefined index: parent_add - ligne 43 dans le fichier F:\wamp\www\rugby\cache\a58f417de916a0fef906a03402b26b244af81b9f.file.fiche.tpl.php
2012-09-30 05:08:29|Type d'erreur inconnu : [8] Undefined index: parent_add - ligne 43 dans le fichier F:\wamp\www\rugby\cache\a58f417de916a0fef906a03402b26b244af81b9f.file.fiche.tpl.php
