2012-10-12 05:49:29|Type d'erreur inconnu : [8] Undefined index: musculation_cycle_template_delete - ligne 70 dans le fichier F:\wamp\www\rugby\cache\70b765cc3507d699b35e34e3fa5c808dafb6032b.file.seance_liste.tpl.php
2012-10-12 05:49:29|Type d'erreur inconnu : [8] Undefined index: musculation_cycle_template_delete - ligne 70 dans le fichier F:\wamp\www\rugby\cache\70b765cc3507d699b35e34e3fa5c808dafb6032b.file.seance_liste.tpl.php
2012-10-12 05:49:29|Type d'erreur inconnu : [8] Undefined index: musculation_cycle_template_delete - ligne 70 dans le fichier F:\wamp\www\rugby\cache\70b765cc3507d699b35e34e3fa5c808dafb6032b.file.seance_liste.tpl.php
2012-10-12 05:28:35|Type d'erreur inconnu : [8] Undefined index: Entrainements - ligne 32 dans le fichier F:\wamp\www\rugby\cache\a67c06ed944b1d42c26755d12f0395b0576cde36.file.index.tpl.php
2012-10-12 05:28:35|Type d'erreur inconnu : [8] Undefined index: Clubs - ligne 29 dans le fichier F:\wamp\www\rugby\cache\a67c06ed944b1d42c26755d12f0395b0576cde36.file.index.tpl.php
2012-10-12 05:28:15|Type d'erreur inconnu : [8] Undefined index: NbEntraineurs - ligne 33 dans le fichier F:\wamp\www\rugby\cache\a67c06ed944b1d42c26755d12f0395b0576cde36.file.index.tpl.php
2012-10-12 05:28:15|Type d'erreur inconnu : [8] Undefined index: Entraineurs - ligne 32 dans le fichier F:\wamp\www\rugby\cache\a67c06ed944b1d42c26755d12f0395b0576cde36.file.index.tpl.php
2012-10-12 05:28:15|Type d'erreur inconnu : [8] Undefined index: Clubs - ligne 29 dans le fichier F:\wamp\www\rugby\cache\a67c06ed944b1d42c26755d12f0395b0576cde36.file.index.tpl.php
2012-10-12 04:01:04|Type d'erreur inconnu : [8] Undefined index: musculation_cycle_template_delete - ligne 92 dans le fichier F:\wamp\www\rugby\cache\d1d3503ba833e54f95cc2f2a14e1927dd40f1988.file.cycle_liste.tpl.php
2012-10-12 02:03:12|Type d'erreur inconnu : [8] Undefined variable: user - ligne 291 dans le fichier F:\wamp\www\rugby\kernel\lib\smarty\sysplugins\smarty_internal_data.php
2012-10-12 02:03:12|Type d'erreur inconnu : [8] Undefined variable: user - ligne 291 dans le fichier F:\wamp\www\rugby\kernel\lib\smarty\sysplugins\smarty_internal_data.php
2012-10-12 02:00:53|Type d'erreur inconnu : [8] Undefined index: musculation_cycle_template_delete - ligne 92 dans le fichier F:\wamp\www\rugby\cache\d1d3503ba833e54f95cc2f2a14e1927dd40f1988.file.cycle_liste.tpl.php
2012-10-12 02:00:26|Type d'erreur inconnu : [8] Undefined index: Data - ligne 3775 dans le fichier F:\wamp\www\rugby\kernel\lib\pChart\class\pDraw.class.php
2012-10-12 02:00:26|Type d'erreur inconnu : [8] Undefined index: Data - ligne 3774 dans le fichier F:\wamp\www\rugby\kernel\lib\pChart\class\pDraw.class.php
2012-10-12 02:00:26|Type d'erreur inconnu : [8] Undefined index: Data - ligne 3772 dans le fichier F:\wamp\www\rugby\kernel\lib\pChart\class\pDraw.class.php
2012-10-12 02:00:26|Type d'erreur inconnu : [8] Undefined index: Data - ligne 3759 dans le fichier F:\wamp\www\rugby\kernel\lib\pChart\class\pDraw.class.php
2012-10-12 02:00:26|Type d'erreur inconnu : [2] Division by zero - ligne 1941 dans le fichier F:\wamp\www\rugby\kernel\lib\pChart\class\pDraw.class.php
2012-10-12 02:00:26|Type d'erreur inconnu : [8] Undefined index: Data - ligne 1913 dans le fichier F:\wamp\www\rugby\kernel\lib\pChart\class\pDraw.class.php
2012-10-12 02:00:26|Type d'erreur inconnu : [8] Undefined index: Data - ligne 100 dans le fichier F:\wamp\www\rugby\kernel\lib\pChart\class\pData.class.php
2012-10-12 02:00:26|Type d'erreur inconnu : [8] Undefined index: Data - ligne 100 dans le fichier F:\wamp\www\rugby\kernel\lib\pChart\class\pData.class.php
2012-10-12 02:00:25|Type d'erreur inconnu : [2] Division by zero - ligne 1941 dans le fichier F:\wamp\www\rugby\kernel\lib\pChart\class\pDraw.class.php
2012-10-12 02:00:25|Type d'erreur inconnu : [8] Undefined index: Data - ligne 1913 dans le fichier F:\wamp\www\rugby\kernel\lib\pChart\class\pDraw.class.php
2012-10-12 02:00:25|Type d'erreur inconnu : [8] Undefined index: Data - ligne 100 dans le fichier F:\wamp\www\rugby\kernel\lib\pChart\class\pData.class.php
2012-10-12 02:00:25|Type d'erreur inconnu : [8] Undefined variable: data_img - ligne 456 dans le fichier F:\wamp\www\rugby\app\controller\joueurController.php
2012-10-12 01:59:39|Type d'erreur inconnu : [2] PDOStatement::execute(): SQLSTATE[23000]: Integrity constraint violation: 1048 Column 'widget_index_blessure' cannot be null - ligne 34 dans le fichier F:\wamp\www\rugby\kernel\core\DB\EPDO.php
2012-10-12 01:59:28|Type d'erreur inconnu : [2] PDOStatement::execute(): SQLSTATE[23000]: Integrity constraint violation: 1048 Column 'widget_index_blessure' cannot be null - ligne 34 dans le fichier F:\wamp\www\rugby\kernel\core\DB\EPDO.php
2012-10-12 01:58:45|Type d'erreur inconnu : [2] PDOStatement::execute(): SQLSTATE[23000]: Integrity constraint violation: 1048 Column 'index_trombi' cannot be null - ligne 34 dans le fichier F:\wamp\www\rugby\kernel\core\DB\EPDO.php
2012-10-12 01:54:54|Type d'erreur inconnu : [8] Undefined variable: TUAS - ligne 291 dans le fichier F:\wamp\www\rugby\kernel\lib\smarty\sysplugins\smarty_internal_data.php
2012-10-12 01:54:37|Type d'erreur inconnu : [8] Undefined variable: TUAS - ligne 291 dans le fichier F:\wamp\www\rugby\kernel\lib\smarty\sysplugins\smarty_internal_data.php
2012-10-12 12:55:34|Type d'erreur inconnu : [2] Division by zero - ligne 1941 dans le fichier F:\wamp\www\rugby\kernel\lib\pChart\class\pDraw.class.php
2012-10-12 12:55:34|Type d'erreur inconnu : [8] Undefined index: Data - ligne 1913 dans le fichier F:\wamp\www\rugby\kernel\lib\pChart\class\pDraw.class.php
2012-10-12 12:55:34|Type d'erreur inconnu : [8] Undefined index: Data - ligne 100 dans le fichier F:\wamp\www\rugby\kernel\lib\pChart\class\pData.class.php
2012-10-12 12:55:34|Type d'erreur inconnu : [8] Undefined variable: data_img - ligne 456 dans le fichier F:\wamp\www\rugby\app\controller\joueurController.php
2012-10-12 12:55:34|Type d'erreur inconnu : [8] Undefined index: Data - ligne 3775 dans le fichier F:\wamp\www\rugby\kernel\lib\pChart\class\pDraw.class.php
2012-10-12 12:55:34|Type d'erreur inconnu : [8] Undefined index: Data - ligne 3774 dans le fichier F:\wamp\www\rugby\kernel\lib\pChart\class\pDraw.class.php
2012-10-12 12:55:34|Type d'erreur inconnu : [8] Undefined index: Data - ligne 3772 dans le fichier F:\wamp\www\rugby\kernel\lib\pChart\class\pDraw.class.php
2012-10-12 12:55:34|Type d'erreur inconnu : [8] Undefined index: Data - ligne 3759 dans le fichier F:\wamp\www\rugby\kernel\lib\pChart\class\pDraw.class.php
2012-10-12 12:55:34|Type d'erreur inconnu : [2] Division by zero - ligne 1941 dans le fichier F:\wamp\www\rugby\kernel\lib\pChart\class\pDraw.class.php
2012-10-12 12:55:34|Type d'erreur inconnu : [8] Undefined index: Data - ligne 1913 dans le fichier F:\wamp\www\rugby\kernel\lib\pChart\class\pDraw.class.php
2012-10-12 12:55:34|Type d'erreur inconnu : [8] Undefined index: Data - ligne 100 dans le fichier F:\wamp\www\rugby\kernel\lib\pChart\class\pData.class.php
2012-10-12 12:55:34|Type d'erreur inconnu : [8] Undefined index: Data - ligne 100 dans le fichier F:\wamp\www\rugby\kernel\lib\pChart\class\pData.class.php
2012-10-12 12:54:24|Type d'erreur inconnu : [8] Undefined index: Data - ligne 3775 dans le fichier F:\wamp\www\rugby\kernel\lib\pChart\class\pDraw.class.php
2012-10-12 12:54:24|Type d'erreur inconnu : [8] Undefined index: Data - ligne 3774 dans le fichier F:\wamp\www\rugby\kernel\lib\pChart\class\pDraw.class.php
2012-10-12 12:54:24|Type d'erreur inconnu : [8] Undefined index: Data - ligne 3772 dans le fichier F:\wamp\www\rugby\kernel\lib\pChart\class\pDraw.class.php
2012-10-12 12:54:24|Type d'erreur inconnu : [8] Undefined index: Data - ligne 3759 dans le fichier F:\wamp\www\rugby\kernel\lib\pChart\class\pDraw.class.php
2012-10-12 12:54:24|Type d'erreur inconnu : [2] Division by zero - ligne 1941 dans le fichier F:\wamp\www\rugby\kernel\lib\pChart\class\pDraw.class.php
2012-10-12 12:54:24|Type d'erreur inconnu : [8] Undefined index: Data - ligne 1913 dans le fichier F:\wamp\www\rugby\kernel\lib\pChart\class\pDraw.class.php
2012-10-12 12:54:24|Type d'erreur inconnu : [8] Undefined index: Data - ligne 100 dans le fichier F:\wamp\www\rugby\kernel\lib\pChart\class\pData.class.php
2012-10-12 12:54:24|Type d'erreur inconnu : [8] Undefined index: Data - ligne 100 dans le fichier F:\wamp\www\rugby\kernel\lib\pChart\class\pData.class.php
2012-10-12 12:54:24|Type d'erreur inconnu : [2] Division by zero - ligne 1941 dans le fichier F:\wamp\www\rugby\kernel\lib\pChart\class\pDraw.class.php
2012-10-12 12:54:24|Type d'erreur inconnu : [8] Undefined index: Data - ligne 1913 dans le fichier F:\wamp\www\rugby\kernel\lib\pChart\class\pDraw.class.php
2012-10-12 12:54:24|Type d'erreur inconnu : [8] Undefined index: Data - ligne 100 dans le fichier F:\wamp\www\rugby\kernel\lib\pChart\class\pData.class.php
2012-10-12 12:54:24|Type d'erreur inconnu : [8] Undefined variable: data_img - ligne 456 dans le fichier F:\wamp\www\rugby\app\controller\joueurController.php
2012-10-12 10:56:29|Type d'erreur inconnu : [8] Undefined variable: exeroce - ligne 138 dans le fichier F:\wamp\www\rugby\app\controller\testController.php
2012-10-12 09:43:11|Type d'erreur inconnu : [8] Undefined index: musculation_cycle_template_delete - ligne 92 dans le fichier F:\wamp\www\rugby\cache\d1d3503ba833e54f95cc2f2a14e1927dd40f1988.file.cycle_liste.tpl.php
2012-10-12 09:42:07|Type d'erreur inconnu : [8] Undefined index: musculation_cycle_template_delete - ligne 70 dans le fichier F:\wamp\www\rugby\cache\70b765cc3507d699b35e34e3fa5c808dafb6032b.file.seance_liste.tpl.php
2012-10-12 09:42:07|Type d'erreur inconnu : [8] Undefined index: musculation_cycle_template_delete - ligne 70 dans le fichier F:\wamp\www\rugby\cache\70b765cc3507d699b35e34e3fa5c808dafb6032b.file.seance_liste.tpl.php
2012-10-12 08:52:35|Type d'erreur inconnu : [2] Division by zero - ligne 1941 dans le fichier F:\wamp\www\rugby\kernel\lib\pChart\class\pDraw.class.php
2012-10-12 08:52:35|Type d'erreur inconnu : [8] Undefined index: Data - ligne 1913 dans le fichier F:\wamp\www\rugby\kernel\lib\pChart\class\pDraw.class.php
2012-10-12 08:52:35|Type d'erreur inconnu : [8] Undefined index: Data - ligne 100 dans le fichier F:\wamp\www\rugby\kernel\lib\pChart\class\pData.class.php
2012-10-12 08:52:35|Type d'erreur inconnu : [8] Undefined variable: data_img - ligne 455 dans le fichier F:\wamp\www\rugby\app\controller\joueurController.php
2012-10-12 08:52:35|Type d'erreur inconnu : [8] Undefined index: Data - ligne 3775 dans le fichier F:\wamp\www\rugby\kernel\lib\pChart\class\pDraw.class.php
2012-10-12 08:52:35|Type d'erreur inconnu : [8] Undefined index: Data - ligne 3774 dans le fichier F:\wamp\www\rugby\kernel\lib\pChart\class\pDraw.class.php
2012-10-12 08:52:35|Type d'erreur inconnu : [8] Undefined index: Data - ligne 3772 dans le fichier F:\wamp\www\rugby\kernel\lib\pChart\class\pDraw.class.php
2012-10-12 08:52:35|Type d'erreur inconnu : [8] Undefined index: Data - ligne 3759 dans le fichier F:\wamp\www\rugby\kernel\lib\pChart\class\pDraw.class.php
2012-10-12 08:52:35|Type d'erreur inconnu : [2] Division by zero - ligne 1941 dans le fichier F:\wamp\www\rugby\kernel\lib\pChart\class\pDraw.class.php
2012-10-12 08:52:35|Type d'erreur inconnu : [8] Undefined index: Data - ligne 1913 dans le fichier F:\wamp\www\rugby\kernel\lib\pChart\class\pDraw.class.php
2012-10-12 08:52:35|Type d'erreur inconnu : [8] Undefined index: Data - ligne 100 dans le fichier F:\wamp\www\rugby\kernel\lib\pChart\class\pData.class.php
2012-10-12 08:52:35|Type d'erreur inconnu : [8] Undefined index: Data - ligne 100 dans le fichier F:\wamp\www\rugby\kernel\lib\pChart\class\pData.class.php
2012-10-12 08:52:35|Type d'erreur inconnu : [8] Undefined index: Data - ligne 3775 dans le fichier F:\wamp\www\rugby\kernel\lib\pChart\class\pDraw.class.php
2012-10-12 08:52:35|Type d'erreur inconnu : [8] Undefined index: Data - ligne 3774 dans le fichier F:\wamp\www\rugby\kernel\lib\pChart\class\pDraw.class.php
2012-10-12 08:52:35|Type d'erreur inconnu : [8] Undefined index: Data - ligne 3772 dans le fichier F:\wamp\www\rugby\kernel\lib\pChart\class\pDraw.class.php
2012-10-12 08:52:35|Type d'erreur inconnu : [8] Undefined index: Data - ligne 3759 dans le fichier F:\wamp\www\rugby\kernel\lib\pChart\class\pDraw.class.php
2012-10-12 08:52:34|Type d'erreur inconnu : [2] Division by zero - ligne 1941 dans le fichier F:\wamp\www\rugby\kernel\lib\pChart\class\pDraw.class.php
2012-10-12 08:52:34|Type d'erreur inconnu : [8] Undefined index: Data - ligne 1913 dans le fichier F:\wamp\www\rugby\kernel\lib\pChart\class\pDraw.class.php
2012-10-12 08:52:34|Type d'erreur inconnu : [8] Undefined index: Data - ligne 100 dans le fichier F:\wamp\www\rugby\kernel\lib\pChart\class\pData.class.php
2012-10-12 08:52:34|Type d'erreur inconnu : [8] Undefined index: Data - ligne 100 dans le fichier F:\wamp\www\rugby\kernel\lib\pChart\class\pData.class.php
