2012-09-27 10:52:21|Type d'erreur inconnu : [2] Division by zero - ligne 1941 dans le fichier F:\wamp\www\rugby\kernel\lib\pChart\class\pDraw.class.php
2012-09-27 10:52:21|Type d'erreur inconnu : [8] Undefined index: Data - ligne 1913 dans le fichier F:\wamp\www\rugby\kernel\lib\pChart\class\pDraw.class.php
2012-09-27 10:52:21|Type d'erreur inconnu : [8] Undefined index: Data - ligne 100 dans le fichier F:\wamp\www\rugby\kernel\lib\pChart\class\pData.class.php
2012-09-27 10:52:21|Type d'erreur inconnu : [8] Undefined variable: data_img - ligne 445 dans le fichier F:\wamp\www\rugby\app\controller\joueurController.php
2012-09-27 10:35:34|Type d'erreur inconnu : [8] Undefined index: Your_account - ligne 79 dans le fichier F:\wamp\www\rugby\cache\6080e7834880724d43b11ab3afb5202132c93857.file.blokNavigation.tpl.php
2012-09-27 10:35:34|Type d'erreur inconnu : [8] Undefined index: Your_account - ligne 78 dans le fichier F:\wamp\www\rugby\cache\6080e7834880724d43b11ab3afb5202132c93857.file.blokNavigation.tpl.php
2012-09-27 10:30:35|Type d'erreur inconnu : [8] Undefined index: Type_de_compte - ligne 30 dans le fichier F:\wamp\www\rugby\cache\9022b7e12a09000590ae2786f7d81c8bd8e7c22e.file.profil.tpl.php
2012-09-27 10:30:35|Type d'erreur inconnu : [8] Undefined index: Your_profil - ligne 21 dans le fichier F:\wamp\www\rugby\cache\9022b7e12a09000590ae2786f7d81c8bd8e7c22e.file.profil.tpl.php
2012-09-27 10:26:36|Type d'erreur inconnu : [8] Undefined index: curent_password - ligne 11 dans le fichier F:\wamp\www\rugby\app\controller\utilisateurController.php
2012-09-27 10:08:56|Type d'erreur inconnu : [8] Undefined index: New_password_repeat - ligne 46 dans le fichier F:\wamp\www\rugby\cache\962f3d7f6741bef9b320b370016ff6b76e537b61.file.change_password.tpl.php
2012-09-27 10:08:56|Type d'erreur inconnu : [8] Undefined index: New_password - ligne 41 dans le fichier F:\wamp\www\rugby\cache\962f3d7f6741bef9b320b370016ff6b76e537b61.file.change_password.tpl.php
2012-09-27 10:08:56|Type d'erreur inconnu : [8] Undefined index: Current_password - ligne 36 dans le fichier F:\wamp\www\rugby\cache\962f3d7f6741bef9b320b370016ff6b76e537b61.file.change_password.tpl.php
2012-09-27 10:08:56|Type d'erreur inconnu : [8] Undefined index: Changement_de_password - ligne 33 dans le fichier F:\wamp\www\rugby\cache\962f3d7f6741bef9b320b370016ff6b76e537b61.file.change_password.tpl.php
2012-09-27 10:08:34|Type d'erreur inconnu : [8] Undefined index: New_password_repeat - ligne 46 dans le fichier F:\wamp\www\rugby\cache\962f3d7f6741bef9b320b370016ff6b76e537b61.file.change_password.tpl.php
2012-09-27 10:08:34|Type d'erreur inconnu : [8] Undefined index: New_password - ligne 41 dans le fichier F:\wamp\www\rugby\cache\962f3d7f6741bef9b320b370016ff6b76e537b61.file.change_password.tpl.php
2012-09-27 10:08:34|Type d'erreur inconnu : [8] Undefined index: Current_password - ligne 36 dans le fichier F:\wamp\www\rugby\cache\962f3d7f6741bef9b320b370016ff6b76e537b61.file.change_password.tpl.php
2012-09-27 10:08:34|Type d'erreur inconnu : [8] Undefined index: Changement_de_password - ligne 33 dans le fichier F:\wamp\www\rugby\cache\962f3d7f6741bef9b320b370016ff6b76e537b61.file.change_password.tpl.php
2012-09-27 07:28:32|Type d'erreur inconnu : [2] PDOStatement::execute(): SQLSTATE[23000]: Integrity constraint violation: 1048 Column 'club_id' cannot be null - ligne 34 dans le fichier F:\wamp\www\rugby\kernel\core\DB\EPDO.php
2012-09-27 07:27:10|Type d'erreur inconnu : [2] PDOStatement::execute(): SQLSTATE[23000]: Integrity constraint violation: 1048 Column 'email' cannot be null - ligne 34 dans le fichier F:\wamp\www\rugby\kernel\core\DB\EPDO.php
2012-09-27 07:23:33|Type d'erreur inconnu : [2] PDOStatement::execute(): SQLSTATE[42S22]: Column not found: 1054 Unknown column 'e.club_id' in 'on clause' - ligne 34 dans le fichier F:\wamp\www\rugby\kernel\core\DB\EPDO.php
2012-09-27 07:23:18|Type d'erreur inconnu : [2] PDOStatement::execute(): SQLSTATE[42S02]: Base table or view not found: 1146 Table 'rugby.preifxclub' doesn't exist - ligne 34 dans le fichier F:\wamp\www\rugby\kernel\core\DB\EPDO.php
2012-09-27 07:23:18|Type d'erreur inconnu : [8] Use of undefined constant PREIFX - assumed 'PREIFX' - ligne 6 dans le fichier F:\wamp\www\rugby\app\model\entraineurManager.php
