2012-11-01 09:32:06|Type d'erreur inconnu : [8] Undefined index: Projet_formation - ligne 41 dans le fichier F:\wamp\www\rugby\cache\a7cfaff4bfbdc7decb62dd5b3a19f43ea1fe5a16.file.add.tpl.php
2012-11-01 09:30:56|Type d'erreur inconnu : [8] Undefined index: Projet_formation - ligne 41 dans le fichier F:\wamp\www\rugby\cache\a7cfaff4bfbdc7decb62dd5b3a19f43ea1fe5a16.file.add.tpl.php
2012-11-01 09:30:56|Type d'erreur inconnu : [8] Trying to get property of non-object - ligne 39 dans le fichier F:\wamp\www\rugby\cache\a7cfaff4bfbdc7decb62dd5b3a19f43ea1fe5a16.file.add.tpl.php
2012-11-01 09:30:56|Type d'erreur inconnu : [8] Undefined variable: Joueur - ligne 291 dans le fichier F:\wamp\www\rugby\kernel\lib\smarty\sysplugins\smarty_internal_data.php
2012-11-01 09:30:56|Type d'erreur inconnu : [8] Trying to get property of non-object - ligne 38 dans le fichier F:\wamp\www\rugby\cache\a7cfaff4bfbdc7decb62dd5b3a19f43ea1fe5a16.file.add.tpl.php
2012-11-01 09:30:56|Type d'erreur inconnu : [8] Undefined variable: Joueur - ligne 291 dans le fichier F:\wamp\www\rugby\kernel\lib\smarty\sysplugins\smarty_internal_data.php
2012-11-01 09:30:56|Type d'erreur inconnu : [8] Trying to get property of non-object - ligne 37 dans le fichier F:\wamp\www\rugby\cache\a7cfaff4bfbdc7decb62dd5b3a19f43ea1fe5a16.file.add.tpl.php
2012-11-01 09:30:56|Type d'erreur inconnu : [8] Undefined variable: Joueur - ligne 291 dans le fichier F:\wamp\www\rugby\kernel\lib\smarty\sysplugins\smarty_internal_data.php
2012-11-01 09:30:56|Type d'erreur inconnu : [8] Trying to get property of non-object - ligne 36 dans le fichier F:\wamp\www\rugby\cache\a7cfaff4bfbdc7decb62dd5b3a19f43ea1fe5a16.file.add.tpl.php
2012-11-01 09:30:56|Type d'erreur inconnu : [8] Undefined variable: Joueur - ligne 291 dans le fichier F:\wamp\www\rugby\kernel\lib\smarty\sysplugins\smarty_internal_data.php
2012-11-01 09:30:56|Type d'erreur inconnu : [8] Trying to get property of non-object - ligne 35 dans le fichier F:\wamp\www\rugby\cache\a7cfaff4bfbdc7decb62dd5b3a19f43ea1fe5a16.file.add.tpl.php
2012-11-01 09:30:56|Type d'erreur inconnu : [8] Undefined variable: Joueur - ligne 291 dans le fichier F:\wamp\www\rugby\kernel\lib\smarty\sysplugins\smarty_internal_data.php
2012-11-01 04:33:07|Type d'erreur inconnu : [8] Undefined variable: Joueur_id - ligne 291 dans le fichier F:\wamp\www\rugby\kernel\lib\smarty\sysplugins\smarty_internal_data.php
2012-11-01 04:32:17|Type d'erreur inconnu : [8] Undefined variable: Joueur_id - ligne 291 dans le fichier F:\wamp\www\rugby\kernel\lib\smarty\sysplugins\smarty_internal_data.php
2012-11-01 04:32:17|Type d'erreur inconnu : [8] Undefined index: Projection_cycle - ligne 63 dans le fichier F:\wamp\www\rugby\cache\a7cfaff4bfbdc7decb62dd5b3a19f43ea1fe5a16.file.add.tpl.php
2012-11-01 04:32:17|Type d'erreur inconnu : [8] Undefined index: Observations - ligne 57 dans le fichier F:\wamp\www\rugby\cache\a7cfaff4bfbdc7decb62dd5b3a19f43ea1fe5a16.file.add.tpl.php
2012-11-01 04:31:23|Type d'erreur inconnu : [8] Undefined variable: Joueur_id - ligne 291 dans le fichier F:\wamp\www\rugby\kernel\lib\smarty\sysplugins\smarty_internal_data.php
2012-11-01 04:31:23|Type d'erreur inconnu : [8] Undefined index: Projection_cycle - ligne 63 dans le fichier F:\wamp\www\rugby\cache\a7cfaff4bfbdc7decb62dd5b3a19f43ea1fe5a16.file.add.tpl.php
2012-11-01 04:31:23|Type d'erreur inconnu : [8] Undefined index: Observations - ligne 57 dans le fichier F:\wamp\www\rugby\cache\a7cfaff4bfbdc7decb62dd5b3a19f43ea1fe5a16.file.add.tpl.php
2012-11-01 04:31:23|Type d'erreur inconnu : [8] Undefined index: Long - ligne 44 dans le fichier F:\wamp\www\rugby\cache\a7cfaff4bfbdc7decb62dd5b3a19f43ea1fe5a16.file.add.tpl.php
2012-11-01 04:31:23|Type d'erreur inconnu : [8] Undefined index: Moyen - ligne 42 dans le fichier F:\wamp\www\rugby\cache\a7cfaff4bfbdc7decb62dd5b3a19f43ea1fe5a16.file.add.tpl.php
2012-11-01 04:31:23|Type d'erreur inconnu : [8] Undefined index: Court - ligne 40 dans le fichier F:\wamp\www\rugby\cache\a7cfaff4bfbdc7decb62dd5b3a19f43ea1fe5a16.file.add.tpl.php
2012-11-01 04:29:26|Type d'erreur inconnu : [8] Undefined variable: Joueur_id - ligne 291 dans le fichier F:\wamp\www\rugby\kernel\lib\smarty\sysplugins\smarty_internal_data.php
2012-11-01 04:29:26|Type d'erreur inconnu : [8] Undefined index: Projection_cycle - ligne 63 dans le fichier F:\wamp\www\rugby\cache\a7cfaff4bfbdc7decb62dd5b3a19f43ea1fe5a16.file.add.tpl.php
2012-11-01 04:29:26|Type d'erreur inconnu : [8] Undefined index: Observations - ligne 57 dans le fichier F:\wamp\www\rugby\cache\a7cfaff4bfbdc7decb62dd5b3a19f43ea1fe5a16.file.add.tpl.php
2012-11-01 04:29:26|Type d'erreur inconnu : [8] Undefined index: Intitule - ligne 51 dans le fichier F:\wamp\www\rugby\cache\a7cfaff4bfbdc7decb62dd5b3a19f43ea1fe5a16.file.add.tpl.php
2012-11-01 04:29:26|Type d'erreur inconnu : [8] Undefined index: Long - ligne 44 dans le fichier F:\wamp\www\rugby\cache\a7cfaff4bfbdc7decb62dd5b3a19f43ea1fe5a16.file.add.tpl.php
2012-11-01 04:29:26|Type d'erreur inconnu : [8] Undefined index: Moyen - ligne 42 dans le fichier F:\wamp\www\rugby\cache\a7cfaff4bfbdc7decb62dd5b3a19f43ea1fe5a16.file.add.tpl.php
2012-11-01 04:29:26|Type d'erreur inconnu : [8] Undefined index: Court - ligne 40 dans le fichier F:\wamp\www\rugby\cache\a7cfaff4bfbdc7decb62dd5b3a19f43ea1fe5a16.file.add.tpl.php
2012-11-01 04:29:26|Type d'erreur inconnu : [8] Undefined index: Terme - ligne 35 dans le fichier F:\wamp\www\rugby\cache\a7cfaff4bfbdc7decb62dd5b3a19f43ea1fe5a16.file.add.tpl.php
2012-11-01 03:59:14|Type d'erreur inconnu : [2] Division by zero - ligne 1941 dans le fichier F:\wamp\www\rugby\kernel\lib\pChart\class\pDraw.class.php
2012-11-01 03:59:14|Type d'erreur inconnu : [8] Undefined index: Data - ligne 1913 dans le fichier F:\wamp\www\rugby\kernel\lib\pChart\class\pDraw.class.php
2012-11-01 03:59:14|Type d'erreur inconnu : [8] Undefined index: Data - ligne 100 dans le fichier F:\wamp\www\rugby\kernel\lib\pChart\class\pData.class.php
2012-11-01 03:59:14|Type d'erreur inconnu : [8] Undefined variable: data_img - ligne 473 dans le fichier F:\wamp\www\rugby\app\controller\joueurController.php
2012-11-01 03:59:14|Type d'erreur inconnu : [8] Undefined index: Data - ligne 3775 dans le fichier F:\wamp\www\rugby\kernel\lib\pChart\class\pDraw.class.php
2012-11-01 03:59:14|Type d'erreur inconnu : [8] Undefined index: Data - ligne 3774 dans le fichier F:\wamp\www\rugby\kernel\lib\pChart\class\pDraw.class.php
2012-11-01 03:59:14|Type d'erreur inconnu : [8] Undefined index: Data - ligne 3772 dans le fichier F:\wamp\www\rugby\kernel\lib\pChart\class\pDraw.class.php
2012-11-01 03:59:14|Type d'erreur inconnu : [8] Undefined index: Data - ligne 3759 dans le fichier F:\wamp\www\rugby\kernel\lib\pChart\class\pDraw.class.php
2012-11-01 03:59:14|Type d'erreur inconnu : [2] Division by zero - ligne 1941 dans le fichier F:\wamp\www\rugby\kernel\lib\pChart\class\pDraw.class.php
2012-11-01 03:59:14|Type d'erreur inconnu : [8] Undefined index: Data - ligne 1913 dans le fichier F:\wamp\www\rugby\kernel\lib\pChart\class\pDraw.class.php
2012-11-01 03:59:14|Type d'erreur inconnu : [8] Undefined index: Data - ligne 100 dans le fichier F:\wamp\www\rugby\kernel\lib\pChart\class\pData.class.php
2012-11-01 03:59:14|Type d'erreur inconnu : [8] Undefined index: Data - ligne 100 dans le fichier F:\wamp\www\rugby\kernel\lib\pChart\class\pData.class.php
2012-11-01 03:54:02|Type d'erreur inconnu : [8] Undefined index: Data - ligne 3775 dans le fichier F:\wamp\www\rugby\kernel\lib\pChart\class\pDraw.class.php
2012-11-01 03:54:02|Type d'erreur inconnu : [8] Undefined index: Data - ligne 3774 dans le fichier F:\wamp\www\rugby\kernel\lib\pChart\class\pDraw.class.php
2012-11-01 03:54:02|Type d'erreur inconnu : [8] Undefined index: Data - ligne 3772 dans le fichier F:\wamp\www\rugby\kernel\lib\pChart\class\pDraw.class.php
2012-11-01 03:54:02|Type d'erreur inconnu : [8] Undefined index: Data - ligne 3759 dans le fichier F:\wamp\www\rugby\kernel\lib\pChart\class\pDraw.class.php
2012-11-01 03:54:02|Type d'erreur inconnu : [2] Division by zero - ligne 1941 dans le fichier F:\wamp\www\rugby\kernel\lib\pChart\class\pDraw.class.php
2012-11-01 03:54:02|Type d'erreur inconnu : [8] Undefined index: Data - ligne 1913 dans le fichier F:\wamp\www\rugby\kernel\lib\pChart\class\pDraw.class.php
2012-11-01 03:54:02|Type d'erreur inconnu : [8] Undefined index: Data - ligne 100 dans le fichier F:\wamp\www\rugby\kernel\lib\pChart\class\pData.class.php
2012-11-01 03:54:02|Type d'erreur inconnu : [8] Undefined index: Data - ligne 100 dans le fichier F:\wamp\www\rugby\kernel\lib\pChart\class\pData.class.php
2012-11-01 03:54:02|Type d'erreur inconnu : [2] PDOStatement::execute(): SQLSTATE[42S02]: Base table or view not found: 1146 Table 'rugby.musculation_exercices' doesn't exist - ligne 34 dans le fichier F:\wamp\www\rugby\kernel\core\DB\EPDO.php
2012-11-01 03:53:28|Type d'erreur inconnu : [8] Undefined index: Data - ligne 3775 dans le fichier F:\wamp\www\rugby\kernel\lib\pChart\class\pDraw.class.php
2012-11-01 03:53:28|Type d'erreur inconnu : [8] Undefined index: Data - ligne 3774 dans le fichier F:\wamp\www\rugby\kernel\lib\pChart\class\pDraw.class.php
2012-11-01 03:53:28|Type d'erreur inconnu : [8] Undefined index: Data - ligne 3772 dans le fichier F:\wamp\www\rugby\kernel\lib\pChart\class\pDraw.class.php
2012-11-01 03:53:28|Type d'erreur inconnu : [8] Undefined index: Data - ligne 3759 dans le fichier F:\wamp\www\rugby\kernel\lib\pChart\class\pDraw.class.php
2012-11-01 03:53:28|Type d'erreur inconnu : [2] Division by zero - ligne 1941 dans le fichier F:\wamp\www\rugby\kernel\lib\pChart\class\pDraw.class.php
2012-11-01 03:53:28|Type d'erreur inconnu : [8] Undefined index: Data - ligne 1913 dans le fichier F:\wamp\www\rugby\kernel\lib\pChart\class\pDraw.class.php
2012-11-01 03:53:28|Type d'erreur inconnu : [8] Undefined index: Data - ligne 100 dans le fichier F:\wamp\www\rugby\kernel\lib\pChart\class\pData.class.php
2012-11-01 03:53:28|Type d'erreur inconnu : [8] Undefined index: Data - ligne 100 dans le fichier F:\wamp\www\rugby\kernel\lib\pChart\class\pData.class.php
2012-11-01 03:53:28|Type d'erreur inconnu : [2] PDOStatement::execute(): SQLSTATE[42S02]: Base table or view not found: 1146 Table 'rugby.muscu_test_exercices' doesn't exist - ligne 34 dans le fichier F:\wamp\www\rugby\kernel\core\DB\EPDO.php
2012-11-01 03:53:17|Type d'erreur inconnu : [8] Undefined index: Data - ligne 3775 dans le fichier F:\wamp\www\rugby\kernel\lib\pChart\class\pDraw.class.php
2012-11-01 03:53:17|Type d'erreur inconnu : [8] Undefined index: Data - ligne 3774 dans le fichier F:\wamp\www\rugby\kernel\lib\pChart\class\pDraw.class.php
2012-11-01 03:53:17|Type d'erreur inconnu : [8] Undefined index: Data - ligne 3772 dans le fichier F:\wamp\www\rugby\kernel\lib\pChart\class\pDraw.class.php
2012-11-01 03:53:17|Type d'erreur inconnu : [8] Undefined index: Data - ligne 3759 dans le fichier F:\wamp\www\rugby\kernel\lib\pChart\class\pDraw.class.php
2012-11-01 03:53:17|Type d'erreur inconnu : [2] Division by zero - ligne 1941 dans le fichier F:\wamp\www\rugby\kernel\lib\pChart\class\pDraw.class.php
2012-11-01 03:53:17|Type d'erreur inconnu : [8] Undefined index: Data - ligne 1913 dans le fichier F:\wamp\www\rugby\kernel\lib\pChart\class\pDraw.class.php
2012-11-01 03:53:17|Type d'erreur inconnu : [8] Undefined index: Data - ligne 100 dans le fichier F:\wamp\www\rugby\kernel\lib\pChart\class\pData.class.php
2012-11-01 03:53:17|Type d'erreur inconnu : [8] Undefined index: Data - ligne 100 dans le fichier F:\wamp\www\rugby\kernel\lib\pChart\class\pData.class.php
2012-11-01 03:53:17|Type d'erreur inconnu : [2] PDOStatement::execute(): SQLSTATE[42S02]: Base table or view not found: 1146 Table 'rugby.muscu_test_exercices' doesn't exist - ligne 34 dans le fichier F:\wamp\www\rugby\kernel\core\DB\EPDO.php
2012-11-01 03:32:48|Type d'erreur inconnu : [8] Undefined index: id - ligne 41 dans le fichier F:\wamp\www\rugby\cache\415db29cd8c5b80aada3249cd20c5d169d14bd6a.file.fiche_tab_test.tpl.php
2012-11-01 03:32:48|Type d'erreur inconnu : [8] Undefined index: id - ligne 41 dans le fichier F:\wamp\www\rugby\cache\415db29cd8c5b80aada3249cd20c5d169d14bd6a.file.fiche_tab_test.tpl.php
2012-11-01 03:32:48|Type d'erreur inconnu : [8] Undefined index: id - ligne 41 dans le fichier F:\wamp\www\rugby\cache\415db29cd8c5b80aada3249cd20c5d169d14bd6a.file.fiche_tab_test.tpl.php
2012-11-01 03:23:47|Type d'erreur inconnu : [8] Undefined index: Data - ligne 3775 dans le fichier F:\wamp\www\rugby\kernel\lib\pChart\class\pDraw.class.php
2012-11-01 03:23:47|Type d'erreur inconnu : [8] Undefined index: Data - ligne 3774 dans le fichier F:\wamp\www\rugby\kernel\lib\pChart\class\pDraw.class.php
2012-11-01 03:23:47|Type d'erreur inconnu : [8] Undefined index: Data - ligne 3772 dans le fichier F:\wamp\www\rugby\kernel\lib\pChart\class\pDraw.class.php
2012-11-01 03:23:47|Type d'erreur inconnu : [8] Undefined index: Data - ligne 3759 dans le fichier F:\wamp\www\rugby\kernel\lib\pChart\class\pDraw.class.php
2012-11-01 03:23:47|Type d'erreur inconnu : [2] Division by zero - ligne 1941 dans le fichier F:\wamp\www\rugby\kernel\lib\pChart\class\pDraw.class.php
2012-11-01 03:23:47|Type d'erreur inconnu : [8] Undefined index: Data - ligne 1913 dans le fichier F:\wamp\www\rugby\kernel\lib\pChart\class\pDraw.class.php
2012-11-01 03:23:47|Type d'erreur inconnu : [8] Undefined index: Data - ligne 100 dans le fichier F:\wamp\www\rugby\kernel\lib\pChart\class\pData.class.php
2012-11-01 03:23:47|Type d'erreur inconnu : [8] Undefined index: Data - ligne 100 dans le fichier F:\wamp\www\rugby\kernel\lib\pChart\class\pData.class.php
2012-11-01 03:23:47|Type d'erreur inconnu : [2] PDOStatement::execute(): SQLSTATE[42S02]: Base table or view not found: 1146 Table 'rugby.test_exercice' doesn't exist - ligne 34 dans le fichier F:\wamp\www\rugby\kernel\core\DB\EPDO.php
2012-11-01 03:23:15|Type d'erreur inconnu : [8] Undefined index: Data - ligne 3775 dans le fichier F:\wamp\www\rugby\kernel\lib\pChart\class\pDraw.class.php
2012-11-01 03:23:15|Type d'erreur inconnu : [8] Undefined index: Data - ligne 3774 dans le fichier F:\wamp\www\rugby\kernel\lib\pChart\class\pDraw.class.php
2012-11-01 03:23:15|Type d'erreur inconnu : [8] Undefined index: Data - ligne 3772 dans le fichier F:\wamp\www\rugby\kernel\lib\pChart\class\pDraw.class.php
2012-11-01 03:23:15|Type d'erreur inconnu : [8] Undefined index: Data - ligne 3759 dans le fichier F:\wamp\www\rugby\kernel\lib\pChart\class\pDraw.class.php
2012-11-01 03:23:15|Type d'erreur inconnu : [2] Division by zero - ligne 1941 dans le fichier F:\wamp\www\rugby\kernel\lib\pChart\class\pDraw.class.php
2012-11-01 03:23:15|Type d'erreur inconnu : [8] Undefined index: Data - ligne 1913 dans le fichier F:\wamp\www\rugby\kernel\lib\pChart\class\pDraw.class.php
2012-11-01 03:23:15|Type d'erreur inconnu : [8] Undefined index: Data - ligne 100 dans le fichier F:\wamp\www\rugby\kernel\lib\pChart\class\pData.class.php
2012-11-01 03:23:15|Type d'erreur inconnu : [8] Undefined index: Data - ligne 100 dans le fichier F:\wamp\www\rugby\kernel\lib\pChart\class\pData.class.php
2012-11-01 03:23:15|Type d'erreur inconnu : [2] PDOStatement::execute(): SQLSTATE[42S02]: Base table or view not found: 1146 Table 'rugby.test_exercice' doesn't exist - ligne 34 dans le fichier F:\wamp\www\rugby\kernel\core\DB\EPDO.php
2012-11-01 03:22:58|Type d'erreur inconnu : [8] Undefined index: Data - ligne 3775 dans le fichier F:\wamp\www\rugby\kernel\lib\pChart\class\pDraw.class.php
2012-11-01 03:22:58|Type d'erreur inconnu : [8] Undefined index: Data - ligne 3774 dans le fichier F:\wamp\www\rugby\kernel\lib\pChart\class\pDraw.class.php
2012-11-01 03:22:58|Type d'erreur inconnu : [8] Undefined index: Data - ligne 3772 dans le fichier F:\wamp\www\rugby\kernel\lib\pChart\class\pDraw.class.php
2012-11-01 03:22:58|Type d'erreur inconnu : [8] Undefined index: Data - ligne 3759 dans le fichier F:\wamp\www\rugby\kernel\lib\pChart\class\pDraw.class.php
2012-11-01 03:22:58|Type d'erreur inconnu : [2] Division by zero - ligne 1941 dans le fichier F:\wamp\www\rugby\kernel\lib\pChart\class\pDraw.class.php
2012-11-01 03:22:58|Type d'erreur inconnu : [8] Undefined index: Data - ligne 1913 dans le fichier F:\wamp\www\rugby\kernel\lib\pChart\class\pDraw.class.php
2012-11-01 03:22:57|Type d'erreur inconnu : [8] Undefined index: Data - ligne 100 dans le fichier F:\wamp\www\rugby\kernel\lib\pChart\class\pData.class.php
2012-11-01 03:22:57|Type d'erreur inconnu : [8] Undefined index: Data - ligne 100 dans le fichier F:\wamp\www\rugby\kernel\lib\pChart\class\pData.class.php
2012-11-01 03:22:57|Type d'erreur inconnu : [2] PDOStatement::execute(): SQLSTATE[42S02]: Base table or view not found: 1146 Table 'rugby.test_exercice' doesn't exist - ligne 34 dans le fichier F:\wamp\www\rugby\kernel\core\DB\EPDO.php
2012-11-01 03:22:17|Type d'erreur inconnu : [8] Undefined index: Data - ligne 3775 dans le fichier F:\wamp\www\rugby\kernel\lib\pChart\class\pDraw.class.php
2012-11-01 03:22:17|Type d'erreur inconnu : [8] Undefined index: Data - ligne 3774 dans le fichier F:\wamp\www\rugby\kernel\lib\pChart\class\pDraw.class.php
2012-11-01 03:22:17|Type d'erreur inconnu : [8] Undefined index: Data - ligne 3772 dans le fichier F:\wamp\www\rugby\kernel\lib\pChart\class\pDraw.class.php
2012-11-01 03:22:17|Type d'erreur inconnu : [8] Undefined index: Data - ligne 3759 dans le fichier F:\wamp\www\rugby\kernel\lib\pChart\class\pDraw.class.php
2012-11-01 03:22:17|Type d'erreur inconnu : [2] Division by zero - ligne 1941 dans le fichier F:\wamp\www\rugby\kernel\lib\pChart\class\pDraw.class.php
2012-11-01 03:22:17|Type d'erreur inconnu : [8] Undefined index: Data - ligne 1913 dans le fichier F:\wamp\www\rugby\kernel\lib\pChart\class\pDraw.class.php
2012-11-01 03:22:17|Type d'erreur inconnu : [8] Undefined index: Data - ligne 100 dans le fichier F:\wamp\www\rugby\kernel\lib\pChart\class\pData.class.php
2012-11-01 03:22:17|Type d'erreur inconnu : [8] Undefined index: Data - ligne 100 dans le fichier F:\wamp\www\rugby\kernel\lib\pChart\class\pData.class.php
2012-11-01 03:22:17|Type d'erreur inconnu : [2] PDOStatement::execute(): SQLSTATE[42S02]: Base table or view not found: 1146 Table 'rugby.test_exercice' doesn't exist - ligne 34 dans le fichier F:\wamp\www\rugby\kernel\core\DB\EPDO.php
2012-11-01 03:22:07|Type d'erreur inconnu : [8] Undefined index: Data - ligne 3775 dans le fichier F:\wamp\www\rugby\kernel\lib\pChart\class\pDraw.class.php
2012-11-01 03:22:07|Type d'erreur inconnu : [8] Undefined index: Data - ligne 3774 dans le fichier F:\wamp\www\rugby\kernel\lib\pChart\class\pDraw.class.php
2012-11-01 03:22:07|Type d'erreur inconnu : [8] Undefined index: Data - ligne 3772 dans le fichier F:\wamp\www\rugby\kernel\lib\pChart\class\pDraw.class.php
2012-11-01 03:22:07|Type d'erreur inconnu : [8] Undefined index: Data - ligne 3759 dans le fichier F:\wamp\www\rugby\kernel\lib\pChart\class\pDraw.class.php
2012-11-01 03:22:07|Type d'erreur inconnu : [2] Division by zero - ligne 1941 dans le fichier F:\wamp\www\rugby\kernel\lib\pChart\class\pDraw.class.php
2012-11-01 03:22:07|Type d'erreur inconnu : [8] Undefined index: Data - ligne 1913 dans le fichier F:\wamp\www\rugby\kernel\lib\pChart\class\pDraw.class.php
2012-11-01 03:22:07|Type d'erreur inconnu : [8] Undefined index: Data - ligne 100 dans le fichier F:\wamp\www\rugby\kernel\lib\pChart\class\pData.class.php
2012-11-01 03:22:07|Type d'erreur inconnu : [8] Undefined index: Data - ligne 100 dans le fichier F:\wamp\www\rugby\kernel\lib\pChart\class\pData.class.php
2012-11-01 03:22:07|Type d'erreur inconnu : [2] PDOStatement::execute(): SQLSTATE[42S02]: Base table or view not found: 1146 Table 'rugby.test_exercice' doesn't exist - ligne 34 dans le fichier F:\wamp\www\rugby\kernel\core\DB\EPDO.php
2012-11-01 03:21:47|Type d'erreur inconnu : [8] Undefined index: Data - ligne 3775 dans le fichier F:\wamp\www\rugby\kernel\lib\pChart\class\pDraw.class.php
2012-11-01 03:21:47|Type d'erreur inconnu : [8] Undefined index: Data - ligne 3774 dans le fichier F:\wamp\www\rugby\kernel\lib\pChart\class\pDraw.class.php
2012-11-01 03:21:47|Type d'erreur inconnu : [8] Undefined index: Data - ligne 3772 dans le fichier F:\wamp\www\rugby\kernel\lib\pChart\class\pDraw.class.php
2012-11-01 03:21:47|Type d'erreur inconnu : [8] Undefined index: Data - ligne 3759 dans le fichier F:\wamp\www\rugby\kernel\lib\pChart\class\pDraw.class.php
2012-11-01 03:21:47|Type d'erreur inconnu : [2] Division by zero - ligne 1941 dans le fichier F:\wamp\www\rugby\kernel\lib\pChart\class\pDraw.class.php
2012-11-01 03:21:47|Type d'erreur inconnu : [8] Undefined index: Data - ligne 1913 dans le fichier F:\wamp\www\rugby\kernel\lib\pChart\class\pDraw.class.php
2012-11-01 03:21:46|Type d'erreur inconnu : [8] Undefined index: Data - ligne 100 dans le fichier F:\wamp\www\rugby\kernel\lib\pChart\class\pData.class.php
2012-11-01 03:21:46|Type d'erreur inconnu : [8] Undefined index: Data - ligne 100 dans le fichier F:\wamp\www\rugby\kernel\lib\pChart\class\pData.class.php
2012-11-01 03:21:46|Type d'erreur inconnu : [2] PDOStatement::execute(): SQLSTATE[42S02]: Base table or view not found: 1146 Table 'rugby.test_exercice' doesn't exist - ligne 34 dans le fichier F:\wamp\www\rugby\kernel\core\DB\EPDO.php
2012-11-01 03:19:46|Type d'erreur inconnu : [8] Undefined variable: joueur_id - ligne 291 dans le fichier F:\wamp\www\rugby\kernel\lib\smarty\sysplugins\smarty_internal_data.php
2012-11-01 02:11:19|Type d'erreur inconnu : [8] Undefined index: Bulletin_ajoute - ligne 22 dans le fichier F:\wamp\www\rugby\app\controller\bulletinController.php
2012-11-01 01:58:41|Type d'erreur inconnu : [8] Undefined index: Suivi_des_notes - ligne 114 dans le fichier F:\wamp\www\rugby\cache\486609753fbf53fee56b7571a8fa94c44e77e676.file.fiche_tab_etab.tpl.php
2012-11-01 01:58:23|Type d'erreur inconnu : [8] Undefined variable: suivi_scolaire_identifiant - ligne 291 dans le fichier F:\wamp\www\rugby\kernel\lib\smarty\sysplugins\smarty_internal_data.php
2012-11-01 01:57:26|Type d'erreur inconnu : [8] Undefined property: joueur::$suivi_note_identifiant - ligne 111 dans le fichier F:\wamp\www\rugby\cache\486609753fbf53fee56b7571a8fa94c44e77e676.file.fiche_tab_etab.tpl.php
2012-11-01 01:42:51|Type d'erreur inconnu : [8] Undefined property: joueur::$suivi_scolaire_password - ligne 115 dans le fichier F:\wamp\www\rugby\cache\ac7b085e9fe6ce594c995372ecf753763f3f71ad.file.edit.tpl.php
2012-11-01 01:42:51|Type d'erreur inconnu : [8] Undefined property: joueur::$suivi_scolaire_identifiant - ligne 113 dans le fichier F:\wamp\www\rugby\cache\ac7b085e9fe6ce594c995372ecf753763f3f71ad.file.edit.tpl.php
2012-11-01 01:38:03|Type d'erreur inconnu : [8] Undefined index: Adresse_portail_note - ligne 232 dans le fichier F:\wamp\www\rugby\cache\74a02e26a584b7ef4ead05d5e774277bba924803.file.add.tpl.php
2012-11-01 01:34:28|Type d'erreur inconnu : [8] Undefined index: Password_portail_note - ligne 233 dans le fichier F:\wamp\www\rugby\cache\74a02e26a584b7ef4ead05d5e774277bba924803.file.add.tpl.php
2012-11-01 01:34:28|Type d'erreur inconnu : [8] Undefined index: Identifiant_portail_note - ligne 232 dans le fichier F:\wamp\www\rugby\cache\74a02e26a584b7ef4ead05d5e774277bba924803.file.add.tpl.php
