2012-12-09 06:01:56|Type d'erreur inconnu : [8] Undefined index: pubs - ligne 171 dans le fichier D:\wamp\www\rugby\cache\d0e4e5fc3d38f95f5d84718829a3aaa1f4fbdcd9.file.blokNavigation.tpl.php
2012-12-09 06:00:52|Type d'erreur inconnu : [8] Undefined index: pubs - ligne 171 dans le fichier D:\wamp\www\rugby\cache\d0e4e5fc3d38f95f5d84718829a3aaa1f4fbdcd9.file.blokNavigation.tpl.php
2012-12-09 06:00:51|Type d'erreur inconnu : [8] Undefined index: pubs - ligne 171 dans le fichier D:\wamp\www\rugby\cache\d0e4e5fc3d38f95f5d84718829a3aaa1f4fbdcd9.file.blokNavigation.tpl.php
2012-12-09 06:00:02|Type d'erreur inconnu : [8] Undefined index: pubs - ligne 171 dans le fichier D:\wamp\www\rugby\cache\d0e4e5fc3d38f95f5d84718829a3aaa1f4fbdcd9.file.blokNavigation.tpl.php
2012-12-09 02:48:11|Type d'erreur inconnu : [8] Undefined variable: Stats - ligne 291 dans le fichier D:\wamp\www\rugby\kernel\lib\smarty\sysplugins\smarty_internal_data.php
2012-12-09 02:48:11|Type d'erreur inconnu : [8] Undefined variable: Stats - ligne 291 dans le fichier D:\wamp\www\rugby\kernel\lib\smarty\sysplugins\smarty_internal_data.php
2012-12-09 02:48:11|Type d'erreur inconnu : [8] Undefined variable: Stats - ligne 291 dans le fichier D:\wamp\www\rugby\kernel\lib\smarty\sysplugins\smarty_internal_data.php
2012-12-09 02:48:11|Type d'erreur inconnu : [8] Undefined variable: Stats - ligne 291 dans le fichier D:\wamp\www\rugby\kernel\lib\smarty\sysplugins\smarty_internal_data.php
2012-12-09 02:48:11|Type d'erreur inconnu : [8] Undefined variable: Stats - ligne 291 dans le fichier D:\wamp\www\rugby\kernel\lib\smarty\sysplugins\smarty_internal_data.php
2012-12-09 02:48:11|Type d'erreur inconnu : [8] Undefined variable: Stats - ligne 291 dans le fichier D:\wamp\www\rugby\kernel\lib\smarty\sysplugins\smarty_internal_data.php
2012-12-09 02:48:11|Type d'erreur inconnu : [8] Undefined variable: Stats - ligne 291 dans le fichier D:\wamp\www\rugby\kernel\lib\smarty\sysplugins\smarty_internal_data.php
2012-12-09 02:48:11|Type d'erreur inconnu : [8] Undefined variable: Stats - ligne 291 dans le fichier D:\wamp\www\rugby\kernel\lib\smarty\sysplugins\smarty_internal_data.php
2012-12-09 02:48:11|Type d'erreur inconnu : [8] Undefined index: c_rouge - ligne 70 dans le fichier D:\wamp\www\rugby\cache\e81f552450176b363d83c9942c70587b73499c5b.file.fiche_tab.tpl.php
2012-12-09 02:48:11|Type d'erreur inconnu : [8] Undefined index: c_jaune - ligne 68 dans le fichier D:\wamp\www\rugby\cache\e81f552450176b363d83c9942c70587b73499c5b.file.fiche_tab.tpl.php
2012-12-09 02:48:11|Type d'erreur inconnu : [8] Undefined index: penalite - ligne 67 dans le fichier D:\wamp\www\rugby\cache\e81f552450176b363d83c9942c70587b73499c5b.file.fiche_tab.tpl.php
2012-12-09 02:48:11|Type d'erreur inconnu : [8] Undefined index: transformation - ligne 66 dans le fichier D:\wamp\www\rugby\cache\e81f552450176b363d83c9942c70587b73499c5b.file.fiche_tab.tpl.php
2012-12-09 02:48:11|Type d'erreur inconnu : [8] Undefined index: essaie - ligne 65 dans le fichier D:\wamp\www\rugby\cache\e81f552450176b363d83c9942c70587b73499c5b.file.fiche_tab.tpl.php
2012-12-09 02:48:11|Type d'erreur inconnu : [8] Undefined index: c_rouge - ligne 70 dans le fichier D:\wamp\www\rugby\cache\e81f552450176b363d83c9942c70587b73499c5b.file.fiche_tab.tpl.php
2012-12-09 02:48:11|Type d'erreur inconnu : [8] Undefined index: c_jaune - ligne 68 dans le fichier D:\wamp\www\rugby\cache\e81f552450176b363d83c9942c70587b73499c5b.file.fiche_tab.tpl.php
2012-12-09 02:48:11|Type d'erreur inconnu : [8] Undefined index: penalite - ligne 67 dans le fichier D:\wamp\www\rugby\cache\e81f552450176b363d83c9942c70587b73499c5b.file.fiche_tab.tpl.php
2012-12-09 02:48:11|Type d'erreur inconnu : [8] Undefined index: transformation - ligne 66 dans le fichier D:\wamp\www\rugby\cache\e81f552450176b363d83c9942c70587b73499c5b.file.fiche_tab.tpl.php
2012-12-09 02:48:11|Type d'erreur inconnu : [8] Undefined index: essaie - ligne 65 dans le fichier D:\wamp\www\rugby\cache\e81f552450176b363d83c9942c70587b73499c5b.file.fiche_tab.tpl.php
2012-12-09 02:48:11|Type d'erreur inconnu : [8] Undefined index: c_rouge - ligne 70 dans le fichier D:\wamp\www\rugby\cache\e81f552450176b363d83c9942c70587b73499c5b.file.fiche_tab.tpl.php
2012-12-09 02:48:11|Type d'erreur inconnu : [8] Undefined index: c_jaune - ligne 68 dans le fichier D:\wamp\www\rugby\cache\e81f552450176b363d83c9942c70587b73499c5b.file.fiche_tab.tpl.php
2012-12-09 02:48:11|Type d'erreur inconnu : [8] Undefined index: penalite - ligne 67 dans le fichier D:\wamp\www\rugby\cache\e81f552450176b363d83c9942c70587b73499c5b.file.fiche_tab.tpl.php
2012-12-09 02:48:11|Type d'erreur inconnu : [8] Undefined index: transformation - ligne 66 dans le fichier D:\wamp\www\rugby\cache\e81f552450176b363d83c9942c70587b73499c5b.file.fiche_tab.tpl.php
2012-12-09 02:48:11|Type d'erreur inconnu : [8] Undefined index: essaie - ligne 65 dans le fichier D:\wamp\www\rugby\cache\e81f552450176b363d83c9942c70587b73499c5b.file.fiche_tab.tpl.php
2012-12-09 02:48:11|Type d'erreur inconnu : [8] Undefined index: c_rouge - ligne 70 dans le fichier D:\wamp\www\rugby\cache\e81f552450176b363d83c9942c70587b73499c5b.file.fiche_tab.tpl.php
2012-12-09 02:48:11|Type d'erreur inconnu : [8] Undefined index: c_jaune - ligne 68 dans le fichier D:\wamp\www\rugby\cache\e81f552450176b363d83c9942c70587b73499c5b.file.fiche_tab.tpl.php
2012-12-09 02:48:11|Type d'erreur inconnu : [8] Undefined index: penalite - ligne 67 dans le fichier D:\wamp\www\rugby\cache\e81f552450176b363d83c9942c70587b73499c5b.file.fiche_tab.tpl.php
2012-12-09 02:48:11|Type d'erreur inconnu : [8] Undefined index: transformation - ligne 66 dans le fichier D:\wamp\www\rugby\cache\e81f552450176b363d83c9942c70587b73499c5b.file.fiche_tab.tpl.php
2012-12-09 02:48:11|Type d'erreur inconnu : [8] Undefined index: essaie - ligne 65 dans le fichier D:\wamp\www\rugby\cache\e81f552450176b363d83c9942c70587b73499c5b.file.fiche_tab.tpl.php
2012-12-09 02:48:11|Type d'erreur inconnu : [8] Undefined index: c_rouge - ligne 70 dans le fichier D:\wamp\www\rugby\cache\e81f552450176b363d83c9942c70587b73499c5b.file.fiche_tab.tpl.php
2012-12-09 02:48:11|Type d'erreur inconnu : [8] Undefined index: c_jaune - ligne 68 dans le fichier D:\wamp\www\rugby\cache\e81f552450176b363d83c9942c70587b73499c5b.file.fiche_tab.tpl.php
2012-12-09 02:48:11|Type d'erreur inconnu : [8] Undefined index: penalite - ligne 67 dans le fichier D:\wamp\www\rugby\cache\e81f552450176b363d83c9942c70587b73499c5b.file.fiche_tab.tpl.php
2012-12-09 02:48:11|Type d'erreur inconnu : [8] Undefined index: transformation - ligne 66 dans le fichier D:\wamp\www\rugby\cache\e81f552450176b363d83c9942c70587b73499c5b.file.fiche_tab.tpl.php
2012-12-09 02:48:11|Type d'erreur inconnu : [8] Undefined index: essaie - ligne 65 dans le fichier D:\wamp\www\rugby\cache\e81f552450176b363d83c9942c70587b73499c5b.file.fiche_tab.tpl.php
2012-12-09 02:48:11|Type d'erreur inconnu : [8] Undefined index: c_rouge - ligne 70 dans le fichier D:\wamp\www\rugby\cache\e81f552450176b363d83c9942c70587b73499c5b.file.fiche_tab.tpl.php
2012-12-09 02:48:11|Type d'erreur inconnu : [8] Undefined index: c_jaune - ligne 68 dans le fichier D:\wamp\www\rugby\cache\e81f552450176b363d83c9942c70587b73499c5b.file.fiche_tab.tpl.php
2012-12-09 02:48:11|Type d'erreur inconnu : [8] Undefined index: penalite - ligne 67 dans le fichier D:\wamp\www\rugby\cache\e81f552450176b363d83c9942c70587b73499c5b.file.fiche_tab.tpl.php
2012-12-09 02:48:11|Type d'erreur inconnu : [8] Undefined index: transformation - ligne 66 dans le fichier D:\wamp\www\rugby\cache\e81f552450176b363d83c9942c70587b73499c5b.file.fiche_tab.tpl.php
2012-12-09 02:48:11|Type d'erreur inconnu : [8] Undefined index: essaie - ligne 65 dans le fichier D:\wamp\www\rugby\cache\e81f552450176b363d83c9942c70587b73499c5b.file.fiche_tab.tpl.php
2012-12-09 02:48:11|Type d'erreur inconnu : [8] Undefined index: c_rouge - ligne 70 dans le fichier D:\wamp\www\rugby\cache\e81f552450176b363d83c9942c70587b73499c5b.file.fiche_tab.tpl.php
2012-12-09 02:48:11|Type d'erreur inconnu : [8] Undefined index: c_jaune - ligne 68 dans le fichier D:\wamp\www\rugby\cache\e81f552450176b363d83c9942c70587b73499c5b.file.fiche_tab.tpl.php
2012-12-09 02:48:11|Type d'erreur inconnu : [8] Undefined index: penalite - ligne 67 dans le fichier D:\wamp\www\rugby\cache\e81f552450176b363d83c9942c70587b73499c5b.file.fiche_tab.tpl.php
2012-12-09 02:48:11|Type d'erreur inconnu : [8] Undefined index: transformation - ligne 66 dans le fichier D:\wamp\www\rugby\cache\e81f552450176b363d83c9942c70587b73499c5b.file.fiche_tab.tpl.php
2012-12-09 02:48:11|Type d'erreur inconnu : [8] Undefined index: essaie - ligne 65 dans le fichier D:\wamp\www\rugby\cache\e81f552450176b363d83c9942c70587b73499c5b.file.fiche_tab.tpl.php
2012-12-09 02:48:11|Type d'erreur inconnu : [8] Undefined index: c_rouge - ligne 70 dans le fichier D:\wamp\www\rugby\cache\e81f552450176b363d83c9942c70587b73499c5b.file.fiche_tab.tpl.php
2012-12-09 02:48:11|Type d'erreur inconnu : [8] Undefined index: c_jaune - ligne 68 dans le fichier D:\wamp\www\rugby\cache\e81f552450176b363d83c9942c70587b73499c5b.file.fiche_tab.tpl.php
2012-12-09 02:48:11|Type d'erreur inconnu : [8] Undefined index: penalite - ligne 67 dans le fichier D:\wamp\www\rugby\cache\e81f552450176b363d83c9942c70587b73499c5b.file.fiche_tab.tpl.php
2012-12-09 02:48:11|Type d'erreur inconnu : [8] Undefined index: transformation - ligne 66 dans le fichier D:\wamp\www\rugby\cache\e81f552450176b363d83c9942c70587b73499c5b.file.fiche_tab.tpl.php
2012-12-09 02:48:11|Type d'erreur inconnu : [8] Undefined index: essaie - ligne 65 dans le fichier D:\wamp\www\rugby\cache\e81f552450176b363d83c9942c70587b73499c5b.file.fiche_tab.tpl.php
2012-12-09 02:48:11|Type d'erreur inconnu : [8] Undefined index: c_rouge - ligne 70 dans le fichier D:\wamp\www\rugby\cache\e81f552450176b363d83c9942c70587b73499c5b.file.fiche_tab.tpl.php
2012-12-09 02:48:11|Type d'erreur inconnu : [8] Undefined index: c_jaune - ligne 68 dans le fichier D:\wamp\www\rugby\cache\e81f552450176b363d83c9942c70587b73499c5b.file.fiche_tab.tpl.php
2012-12-09 02:48:11|Type d'erreur inconnu : [8] Undefined index: penalite - ligne 67 dans le fichier D:\wamp\www\rugby\cache\e81f552450176b363d83c9942c70587b73499c5b.file.fiche_tab.tpl.php
2012-12-09 02:48:11|Type d'erreur inconnu : [8] Undefined index: transformation - ligne 66 dans le fichier D:\wamp\www\rugby\cache\e81f552450176b363d83c9942c70587b73499c5b.file.fiche_tab.tpl.php
2012-12-09 02:48:11|Type d'erreur inconnu : [8] Undefined index: essaie - ligne 65 dans le fichier D:\wamp\www\rugby\cache\e81f552450176b363d83c9942c70587b73499c5b.file.fiche_tab.tpl.php
2012-12-09 02:48:11|Type d'erreur inconnu : [8] Undefined index: c_rouge - ligne 70 dans le fichier D:\wamp\www\rugby\cache\e81f552450176b363d83c9942c70587b73499c5b.file.fiche_tab.tpl.php
2012-12-09 02:48:11|Type d'erreur inconnu : [8] Undefined index: c_jaune - ligne 68 dans le fichier D:\wamp\www\rugby\cache\e81f552450176b363d83c9942c70587b73499c5b.file.fiche_tab.tpl.php
2012-12-09 02:48:11|Type d'erreur inconnu : [8] Undefined index: penalite - ligne 67 dans le fichier D:\wamp\www\rugby\cache\e81f552450176b363d83c9942c70587b73499c5b.file.fiche_tab.tpl.php
2012-12-09 02:48:11|Type d'erreur inconnu : [8] Undefined index: transformation - ligne 66 dans le fichier D:\wamp\www\rugby\cache\e81f552450176b363d83c9942c70587b73499c5b.file.fiche_tab.tpl.php
2012-12-09 02:48:11|Type d'erreur inconnu : [8] Undefined index: essaie - ligne 65 dans le fichier D:\wamp\www\rugby\cache\e81f552450176b363d83c9942c70587b73499c5b.file.fiche_tab.tpl.php
2012-12-09 02:48:11|Type d'erreur inconnu : [8] Undefined index: c_rouge - ligne 70 dans le fichier D:\wamp\www\rugby\cache\e81f552450176b363d83c9942c70587b73499c5b.file.fiche_tab.tpl.php
2012-12-09 02:48:11|Type d'erreur inconnu : [8] Undefined index: c_jaune - ligne 68 dans le fichier D:\wamp\www\rugby\cache\e81f552450176b363d83c9942c70587b73499c5b.file.fiche_tab.tpl.php
2012-12-09 02:48:11|Type d'erreur inconnu : [8] Undefined index: penalite - ligne 67 dans le fichier D:\wamp\www\rugby\cache\e81f552450176b363d83c9942c70587b73499c5b.file.fiche_tab.tpl.php
2012-12-09 02:48:11|Type d'erreur inconnu : [8] Undefined index: transformation - ligne 66 dans le fichier D:\wamp\www\rugby\cache\e81f552450176b363d83c9942c70587b73499c5b.file.fiche_tab.tpl.php
2012-12-09 02:48:11|Type d'erreur inconnu : [8] Undefined index: essaie - ligne 65 dans le fichier D:\wamp\www\rugby\cache\e81f552450176b363d83c9942c70587b73499c5b.file.fiche_tab.tpl.php
2012-12-09 02:47:37|Type d'erreur inconnu : [8] Undefined variable: Stats - ligne 291 dans le fichier D:\wamp\www\rugby\kernel\lib\smarty\sysplugins\smarty_internal_data.php
2012-12-09 02:47:37|Type d'erreur inconnu : [8] Undefined variable: Stats - ligne 291 dans le fichier D:\wamp\www\rugby\kernel\lib\smarty\sysplugins\smarty_internal_data.php
2012-12-09 02:47:37|Type d'erreur inconnu : [8] Undefined variable: Stats - ligne 291 dans le fichier D:\wamp\www\rugby\kernel\lib\smarty\sysplugins\smarty_internal_data.php
2012-12-09 02:47:37|Type d'erreur inconnu : [8] Undefined variable: Stats - ligne 291 dans le fichier D:\wamp\www\rugby\kernel\lib\smarty\sysplugins\smarty_internal_data.php
2012-12-09 02:47:37|Type d'erreur inconnu : [8] Undefined variable: Stats - ligne 291 dans le fichier D:\wamp\www\rugby\kernel\lib\smarty\sysplugins\smarty_internal_data.php
2012-12-09 02:47:37|Type d'erreur inconnu : [8] Undefined variable: Stats - ligne 291 dans le fichier D:\wamp\www\rugby\kernel\lib\smarty\sysplugins\smarty_internal_data.php
2012-12-09 02:47:37|Type d'erreur inconnu : [8] Undefined variable: Stats - ligne 291 dans le fichier D:\wamp\www\rugby\kernel\lib\smarty\sysplugins\smarty_internal_data.php
2012-12-09 02:47:37|Type d'erreur inconnu : [8] Undefined variable: Stats - ligne 291 dans le fichier D:\wamp\www\rugby\kernel\lib\smarty\sysplugins\smarty_internal_data.php
2012-12-09 02:42:47|Type d'erreur inconnu : [8] Undefined index: Passe - ligne 47 dans le fichier D:\wamp\www\rugby\cache\c274273e1255f22002000a78d1f87c5dd54f7416.file.detail.tpl.php
2012-12-09 02:39:31|Type d'erreur inconnu : [8] Undefined index: lfrance_percent - ligne 65 dans le fichier D:\wamp\www\rugby\cache\c274273e1255f22002000a78d1f87c5dd54f7416.file.detail.tpl.php
2012-12-09 02:38:48|Type d'erreur inconnu : [8] Undefined index: lfrance_percent - ligne 64 dans le fichier D:\wamp\www\rugby\cache\c274273e1255f22002000a78d1f87c5dd54f7416.file.detail.tpl.php
2012-12-09 02:38:48|Type d'erreur inconnu : [8] Undefined index: lfranc_reussi - ligne 63 dans le fichier D:\wamp\www\rugby\cache\c274273e1255f22002000a78d1f87c5dd54f7416.file.detail.tpl.php
2012-12-09 02:35:43|Type d'erreur inconnu : [8] Undefined index: tir3 - ligne 56 dans le fichier D:\wamp\www\rugby\cache\c274273e1255f22002000a78d1f87c5dd54f7416.file.detail.tpl.php
2012-12-09 02:32:17|Type d'erreur inconnu : [8] Undefined index: c_rouge - ligne 59 dans le fichier D:\wamp\www\rugby\cache\8c5810ed8636033675d0afea0a1657dfef170857.file.detail.tpl.php
2012-12-09 02:32:17|Type d'erreur inconnu : [8] Undefined index: c_jaune - ligne 57 dans le fichier D:\wamp\www\rugby\cache\8c5810ed8636033675d0afea0a1657dfef170857.file.detail.tpl.php
2012-12-09 02:32:17|Type d'erreur inconnu : [8] Undefined index: penalite - ligne 56 dans le fichier D:\wamp\www\rugby\cache\8c5810ed8636033675d0afea0a1657dfef170857.file.detail.tpl.php
2012-12-09 02:32:17|Type d'erreur inconnu : [8] Undefined index: transformation - ligne 55 dans le fichier D:\wamp\www\rugby\cache\8c5810ed8636033675d0afea0a1657dfef170857.file.detail.tpl.php
2012-12-09 02:32:17|Type d'erreur inconnu : [8] Undefined index: essaie - ligne 54 dans le fichier D:\wamp\www\rugby\cache\8c5810ed8636033675d0afea0a1657dfef170857.file.detail.tpl.php
2012-12-09 02:32:05|Type d'erreur inconnu : [8] Undefined index: c_rouge - ligne 59 dans le fichier D:\wamp\www\rugby\cache\8c5810ed8636033675d0afea0a1657dfef170857.file.detail.tpl.php
2012-12-09 02:32:05|Type d'erreur inconnu : [8] Undefined index: c_jaune - ligne 57 dans le fichier D:\wamp\www\rugby\cache\8c5810ed8636033675d0afea0a1657dfef170857.file.detail.tpl.php
2012-12-09 02:32:05|Type d'erreur inconnu : [8] Undefined index: penalite - ligne 56 dans le fichier D:\wamp\www\rugby\cache\8c5810ed8636033675d0afea0a1657dfef170857.file.detail.tpl.php
2012-12-09 02:32:05|Type d'erreur inconnu : [8] Undefined index: transformation - ligne 55 dans le fichier D:\wamp\www\rugby\cache\8c5810ed8636033675d0afea0a1657dfef170857.file.detail.tpl.php
2012-12-09 02:32:05|Type d'erreur inconnu : [8] Undefined index: essaie - ligne 54 dans le fichier D:\wamp\www\rugby\cache\8c5810ed8636033675d0afea0a1657dfef170857.file.detail.tpl.php
2012-12-09 02:32:05|Type d'erreur inconnu : [2] PDOStatement::execute(): SQLSTATE[42S02]: Base table or view not found: 1146 Table 'rugby.match_backet' doesn't exist - ligne 34 dans le fichier D:\wamp\www\rugby\kernel\core\DB\EPDO.php
2012-12-09 02:31:53|Type d'erreur inconnu : [2] PDOStatement::execute(): SQLSTATE[42S02]: Base table or view not found: 1146 Table 'rugby.match_backet_joueur' doesn't exist - ligne 34 dans le fichier D:\wamp\www\rugby\kernel\core\DB\EPDO.php
2012-12-09 02:31:53|Type d'erreur inconnu : [2] PDOStatement::execute(): SQLSTATE[42S02]: Base table or view not found: 1146 Table 'rugby.match_backet' doesn't exist - ligne 34 dans le fichier D:\wamp\www\rugby\kernel\core\DB\EPDO.php
2012-12-09 02:20:42|Type d'erreur inconnu : [2] PDOStatement::execute(): SQLSTATE[42S22]: Column not found: 1054 Unknown column 'points_percent' in 'field list' - ligne 34 dans le fichier D:\wamp\www\rugby\kernel\core\DB\EPDO.php
2012-12-09 02:20:42|Type d'erreur inconnu : [2] Division by zero - ligne 78 dans le fichier D:\wamp\www\rugby\app\controller\matchBasketController.php
2012-12-09 02:20:42|Type d'erreur inconnu : [8] Undefined variable: match - ligne 78 dans le fichier D:\wamp\www\rugby\app\controller\matchBasketController.php
2012-12-09 01:51:53|Type d'erreur inconnu : [2] PDOStatement::execute(): SQLSTATE[42S22]: Column not found: 1054 Unknown column 'evaluation' in 'field list' - ligne 34 dans le fichier D:\wamp\www\rugby\kernel\core\DB\EPDO.php
2012-12-09 01:51:40|Type d'erreur inconnu : [2] PDOStatement::execute(): SQLSTATE[42S22]: Column not found: 1054 Unknown column 'evaluation' in 'field list' - ligne 34 dans le fichier D:\wamp\www\rugby\kernel\core\DB\EPDO.php
2012-12-09 01:51:40|Type d'erreur inconnu : [8] Undefined index: lfrance - ligne 66 dans le fichier D:\wamp\www\rugby\app\controller\matchBasketController.php
2012-12-09 01:50:56|Type d'erreur inconnu : [2] PDOStatement::execute(): SQLSTATE[42S22]: Column not found: 1054 Unknown column 'lfranc_reussis' in 'field list' - ligne 34 dans le fichier D:\wamp\www\rugby\kernel\core\DB\EPDO.php
2012-12-09 01:50:56|Type d'erreur inconnu : [8] Undefined index: lfranc_reussi - ligne 66 dans le fichier D:\wamp\www\rugby\app\controller\matchBasketController.php
2012-12-09 01:50:56|Type d'erreur inconnu : [8] Undefined index: lfrance - ligne 66 dans le fichier D:\wamp\www\rugby\app\controller\matchBasketController.php
2012-12-09 01:50:56|Type d'erreur inconnu : [8] Undefined index: tir_reussi - ligne 66 dans le fichier D:\wamp\www\rugby\app\controller\matchBasketController.php
2012-12-09 01:50:36|Type d'erreur inconnu : [2] require_once(\indexController.php): failed to open stream: No such file or directory - ligne 95 dans le fichier D:\wamp\www\rugby\kernel\core\Router.class.php
2012-12-09 01:50:33|Type d'erreur inconnu : [2] PDOStatement::execute(): SQLSTATE[42S22]: Column not found: 1054 Unknown column 'lfranc_reussis' in 'field list' - ligne 34 dans le fichier D:\wamp\www\rugby\kernel\core\DB\EPDO.php
2012-12-09 01:50:33|Type d'erreur inconnu : [8] Undefined index: lfranc_reussi - ligne 66 dans le fichier D:\wamp\www\rugby\app\controller\matchBasketController.php
2012-12-09 01:50:33|Type d'erreur inconnu : [8] Undefined index: lfrance - ligne 66 dans le fichier D:\wamp\www\rugby\app\controller\matchBasketController.php
2012-12-09 01:50:33|Type d'erreur inconnu : [8] Undefined index: tir_reussi - ligne 66 dans le fichier D:\wamp\www\rugby\app\controller\matchBasketController.php
2012-12-09 01:08:18|Type d'erreur inconnu : [8] Undefined index: Interception - ligne 43 dans le fichier D:\wamp\www\rugby\cache\c8515e6a731874c4811d1a455ab093d2f78c3a75.file.ajax_tab_joueur_match.tpl.php
2012-12-09 01:06:54|Type d'erreur inconnu : [8] Undefined index: Faute - ligne 49 dans le fichier D:\wamp\www\rugby\cache\c8515e6a731874c4811d1a455ab093d2f78c3a75.file.ajax_tab_joueur_match.tpl.php
2012-12-09 01:06:54|Type d'erreur inconnu : [8] Undefined index: Balle_perdu - ligne 47 dans le fichier D:\wamp\www\rugby\cache\c8515e6a731874c4811d1a455ab093d2f78c3a75.file.ajax_tab_joueur_match.tpl.php
2012-12-09 01:06:54|Type d'erreur inconnu : [8] Undefined index: Contre - ligne 45 dans le fichier D:\wamp\www\rugby\cache\c8515e6a731874c4811d1a455ab093d2f78c3a75.file.ajax_tab_joueur_match.tpl.php
2012-12-09 01:06:54|Type d'erreur inconnu : [8] Undefined index: Interception - ligne 43 dans le fichier D:\wamp\www\rugby\cache\c8515e6a731874c4811d1a455ab093d2f78c3a75.file.ajax_tab_joueur_match.tpl.php
2012-12-09 01:06:21|Type d'erreur inconnu : [8] Undefined index: Faute - ligne 49 dans le fichier D:\wamp\www\rugby\cache\c8515e6a731874c4811d1a455ab093d2f78c3a75.file.ajax_tab_joueur_match.tpl.php
2012-12-09 01:06:21|Type d'erreur inconnu : [8] Undefined index: Balle_perdu - ligne 47 dans le fichier D:\wamp\www\rugby\cache\c8515e6a731874c4811d1a455ab093d2f78c3a75.file.ajax_tab_joueur_match.tpl.php
2012-12-09 01:06:21|Type d'erreur inconnu : [8] Undefined index: Contre - ligne 45 dans le fichier D:\wamp\www\rugby\cache\c8515e6a731874c4811d1a455ab093d2f78c3a75.file.ajax_tab_joueur_match.tpl.php
2012-12-09 01:06:21|Type d'erreur inconnu : [8] Undefined index: Interception - ligne 43 dans le fichier D:\wamp\www\rugby\cache\c8515e6a731874c4811d1a455ab093d2f78c3a75.file.ajax_tab_joueur_match.tpl.php
2012-12-09 01:06:21|Type d'erreur inconnu : [8] Undefined index: Passe_decissive - ligne 41 dans le fichier D:\wamp\www\rugby\cache\c8515e6a731874c4811d1a455ab093d2f78c3a75.file.ajax_tab_joueur_match.tpl.php
2012-12-09 12:40:56|Type d'erreur inconnu : [8] Undefined index: Lance_franc_reussis - ligne 37 dans le fichier D:\wamp\www\rugby\cache\c8515e6a731874c4811d1a455ab093d2f78c3a75.file.ajax_tab_joueur_match.tpl.php
2012-12-09 12:40:56|Type d'erreur inconnu : [8] Undefined index: Lance_franc - ligne 35 dans le fichier D:\wamp\www\rugby\cache\c8515e6a731874c4811d1a455ab093d2f78c3a75.file.ajax_tab_joueur_match.tpl.php
2012-12-09 12:40:40|Type d'erreur inconnu : [8] Undefined index: Lance_franc_reussi - ligne 37 dans le fichier D:\wamp\www\rugby\cache\c8515e6a731874c4811d1a455ab093d2f78c3a75.file.ajax_tab_joueur_match.tpl.php
2012-12-09 12:40:40|Type d'erreur inconnu : [8] Undefined index: Lance_franc - ligne 35 dans le fichier D:\wamp\www\rugby\cache\c8515e6a731874c4811d1a455ab093d2f78c3a75.file.ajax_tab_joueur_match.tpl.php
2012-12-09 12:40:40|Type d'erreur inconnu : [8] Undefined index: Tir_reussi - ligne 33 dans le fichier D:\wamp\www\rugby\cache\c8515e6a731874c4811d1a455ab093d2f78c3a75.file.ajax_tab_joueur_match.tpl.php
2012-12-09 12:39:16|Type d'erreur inconnu : [8] Undefined index: Lance_franc_reussi - ligne 37 dans le fichier D:\wamp\www\rugby\cache\c8515e6a731874c4811d1a455ab093d2f78c3a75.file.ajax_tab_joueur_match.tpl.php
2012-12-09 12:39:16|Type d'erreur inconnu : [8] Undefined index: Lance_franc - ligne 35 dans le fichier D:\wamp\www\rugby\cache\c8515e6a731874c4811d1a455ab093d2f78c3a75.file.ajax_tab_joueur_match.tpl.php
2012-12-09 12:39:16|Type d'erreur inconnu : [8] Undefined index: Tir_reussi - ligne 33 dans le fichier D:\wamp\www\rugby\cache\c8515e6a731874c4811d1a455ab093d2f78c3a75.file.ajax_tab_joueur_match.tpl.php
2012-12-09 12:39:16|Type d'erreur inconnu : [8] Undefined index: Tir - ligne 31 dans le fichier D:\wamp\www\rugby\cache\c8515e6a731874c4811d1a455ab093d2f78c3a75.file.ajax_tab_joueur_match.tpl.php
2012-12-09 12:37:47|Type d'erreur inconnu : [2] PDOStatement::execute(): SQLSTATE[42S22]: Column not found: 1054 Unknown column 'mr.equipe_id' in 'on clause' - ligne 34 dans le fichier D:\wamp\www\rugby\kernel\core\DB\EPDO.php
2012-12-09 12:37:25|Type d'erreur inconnu : [2] PDOStatement::execute(): SQLSTATE[42S22]: Column not found: 1054 Unknown column 'mr.id' in 'field list' - ligne 34 dans le fichier D:\wamp\www\rugby\kernel\core\DB\EPDO.php
2012-12-09 12:37:06|Type d'erreur inconnu : [2] PDOStatement::execute(): SQLSTATE[42S02]: Base table or view not found: 1146 Table 'rugby.match_backet' doesn't exist - ligne 34 dans le fichier D:\wamp\www\rugby\kernel\core\DB\EPDO.php
2012-12-09 11:37:57|Type d'erreur inconnu : [8] Trying to get property of non-object - ligne 375 dans le fichier D:\wamp\www\rugby\app\controller\joueurController.php
2012-12-09 11:37:57|Type d'erreur inconnu : [8] Trying to get property of non-object - ligne 375 dans le fichier D:\wamp\www\rugby\app\controller\joueurController.php
