2012-07-23 09:12:50|Type d'erreur inconnu : [8] Undefined index: lastBuildDate - ligne 159 dans le fichier F:\wamp\www\rugby\kernel\lib\lastRSS.php
2012-07-23 06:38:47|Type d'erreur inconnu : [8] Trying to get property of non-object - ligne 209 dans le fichier F:\wamp\www\rugby\app\controller\joueurController.php
2012-07-23 06:31:58|Type d'erreur inconnu : [2] Creating default object from empty value - ligne 170 dans le fichier F:\wamp\www\rugby\kernel\core\Controller.class.php
2012-07-23 06:31:56|Type d'erreur inconnu : [2] Creating default object from empty value - ligne 170 dans le fichier F:\wamp\www\rugby\kernel\core\Controller.class.php
2012-07-23 06:31:55|Type d'erreur inconnu : [2] Creating default object from empty value - ligne 170 dans le fichier F:\wamp\www\rugby\kernel\core\Controller.class.php
2012-07-23 06:31:53|Type d'erreur inconnu : [2] Creating default object from empty value - ligne 170 dans le fichier F:\wamp\www\rugby\kernel\core\Controller.class.php
2012-07-23 06:31:20|Type d'erreur inconnu : [8] Trying to get property of non-object - ligne 209 dans le fichier F:\wamp\www\rugby\app\controller\joueurController.php
2012-07-23 06:31:20|Type d'erreur inconnu : [2] Creating default object from empty value - ligne 170 dans le fichier F:\wamp\www\rugby\kernel\core\Controller.class.php
2012-07-23 06:29:27|Type d'erreur inconnu : [2] Creating default object from empty value - ligne 170 dans le fichier F:\wamp\www\rugby\kernel\core\Controller.class.php
2012-07-23 06:26:34|Type d'erreur inconnu : [2] Creating default object from empty value - ligne 170 dans le fichier F:\wamp\www\rugby\kernel\core\Controller.class.php
2012-07-23 06:26:33|Type d'erreur inconnu : [2] Creating default object from empty value - ligne 170 dans le fichier F:\wamp\www\rugby\kernel\core\Controller.class.php
2012-07-23 06:26:31|Type d'erreur inconnu : [2] Creating default object from empty value - ligne 170 dans le fichier F:\wamp\www\rugby\kernel\core\Controller.class.php
2012-07-23 06:26:27|Type d'erreur inconnu : [2] Creating default object from empty value - ligne 170 dans le fichier F:\wamp\www\rugby\kernel\core\Controller.class.php
2012-07-23 06:24:40|Type d'erreur inconnu : [2] Creating default object from empty value - ligne 170 dans le fichier F:\wamp\www\rugby\kernel\core\Controller.class.php
2012-07-23 06:24:40|Type d'erreur inconnu : [2] Creating default object from empty value - ligne 170 dans le fichier F:\wamp\www\rugby\kernel\core\Controller.class.php
2012-07-23 06:24:39|Type d'erreur inconnu : [2] Creating default object from empty value - ligne 170 dans le fichier F:\wamp\www\rugby\kernel\core\Controller.class.php
2012-07-23 06:24:35|Type d'erreur inconnu : [2] Creating default object from empty value - ligne 170 dans le fichier F:\wamp\www\rugby\kernel\core\Controller.class.php
2012-07-23 06:16:52|Type d'erreur inconnu : [2] Creating default object from empty value - ligne 170 dans le fichier F:\wamp\www\rugby\kernel\core\Controller.class.php
2012-07-23 06:16:49|Type d'erreur inconnu : [2] Creating default object from empty value - ligne 170 dans le fichier F:\wamp\www\rugby\kernel\core\Controller.class.php
2012-07-23 06:16:48|Type d'erreur inconnu : [2] Creating default object from empty value - ligne 170 dans le fichier F:\wamp\www\rugby\kernel\core\Controller.class.php
2012-07-23 06:16:48|Type d'erreur inconnu : [2] Creating default object from empty value - ligne 170 dans le fichier F:\wamp\www\rugby\kernel\core\Controller.class.php
2012-07-23 06:16:48|Type d'erreur inconnu : [2] Creating default object from empty value - ligne 170 dans le fichier F:\wamp\www\rugby\kernel\core\Controller.class.php
2012-07-23 06:16:47|Type d'erreur inconnu : [2] Creating default object from empty value - ligne 170 dans le fichier F:\wamp\www\rugby\kernel\core\Controller.class.php
2012-07-23 06:16:47|Type d'erreur inconnu : [2] Creating default object from empty value - ligne 170 dans le fichier F:\wamp\www\rugby\kernel\core\Controller.class.php
2012-07-23 06:16:46|Type d'erreur inconnu : [2] Creating default object from empty value - ligne 170 dans le fichier F:\wamp\www\rugby\kernel\core\Controller.class.php
2012-07-23 06:16:42|Type d'erreur inconnu : [2] Creating default object from empty value - ligne 170 dans le fichier F:\wamp\www\rugby\kernel\core\Controller.class.php
2012-07-23 06:16:39|Type d'erreur inconnu : [2] Creating default object from empty value - ligne 170 dans le fichier F:\wamp\www\rugby\kernel\core\Controller.class.php
2012-07-23 06:16:31|Type d'erreur inconnu : [2] Creating default object from empty value - ligne 170 dans le fichier F:\wamp\www\rugby\kernel\core\Controller.class.php
2012-07-23 06:16:31|Type d'erreur inconnu : [2] Creating default object from empty value - ligne 170 dans le fichier F:\wamp\www\rugby\kernel\core\Controller.class.php
2012-07-23 06:16:30|Type d'erreur inconnu : [2] Creating default object from empty value - ligne 170 dans le fichier F:\wamp\www\rugby\kernel\core\Controller.class.php
2012-07-23 06:16:29|Type d'erreur inconnu : [2] Creating default object from empty value - ligne 170 dans le fichier F:\wamp\www\rugby\kernel\core\Controller.class.php
2012-07-23 06:12:09|Type d'erreur inconnu : [2] Creating default object from empty value - ligne 170 dans le fichier F:\wamp\www\rugby\kernel\core\Controller.class.php
2012-07-23 06:12:07|Type d'erreur inconnu : [2] Creating default object from empty value - ligne 170 dans le fichier F:\wamp\www\rugby\kernel\core\Controller.class.php
2012-07-23 06:12:00|Type d'erreur inconnu : [2] Creating default object from empty value - ligne 170 dans le fichier F:\wamp\www\rugby\kernel\core\Controller.class.php
2012-07-23 06:09:22|Type d'erreur inconnu : [2] Creating default object from empty value - ligne 170 dans le fichier F:\wamp\www\rugby\kernel\core\Controller.class.php
2012-07-23 06:09:13|Type d'erreur inconnu : [2] Creating default object from empty value - ligne 170 dans le fichier F:\wamp\www\rugby\kernel\core\Controller.class.php
2012-07-23 06:09:13|Type d'erreur inconnu : [2] Creating default object from empty value - ligne 170 dans le fichier F:\wamp\www\rugby\kernel\core\Controller.class.php
2012-07-23 06:09:07|Type d'erreur inconnu : [8] Undefined index: acl - ligne 67 dans le fichier F:\wamp\www\rugby\cache\6080e7834880724d43b11ab3afb5202132c93857.file.blokNavigation.tpl.php
2012-07-23 06:09:07|Type d'erreur inconnu : [8] Undefined index: acl - ligne 61 dans le fichier F:\wamp\www\rugby\cache\6080e7834880724d43b11ab3afb5202132c93857.file.blokNavigation.tpl.php
2012-07-23 06:09:07|Type d'erreur inconnu : [8] Undefined index: acl - ligne 33 dans le fichier F:\wamp\www\rugby\cache\6080e7834880724d43b11ab3afb5202132c93857.file.blokNavigation.tpl.php
2012-07-23 06:09:07|Type d'erreur inconnu : [8] Undefined index: acl - ligne 24 dans le fichier F:\wamp\www\rugby\cache\6080e7834880724d43b11ab3afb5202132c93857.file.blokNavigation.tpl.php
2012-07-23 06:09:07|Type d'erreur inconnu : [8] Undefined index: acl - ligne 67 dans le fichier F:\wamp\www\rugby\cache\6080e7834880724d43b11ab3afb5202132c93857.file.blokNavigation.tpl.php
2012-07-23 06:09:07|Type d'erreur inconnu : [8] Undefined index: acl - ligne 61 dans le fichier F:\wamp\www\rugby\cache\6080e7834880724d43b11ab3afb5202132c93857.file.blokNavigation.tpl.php
2012-07-23 06:09:07|Type d'erreur inconnu : [8] Undefined index: acl - ligne 33 dans le fichier F:\wamp\www\rugby\cache\6080e7834880724d43b11ab3afb5202132c93857.file.blokNavigation.tpl.php
2012-07-23 06:09:07|Type d'erreur inconnu : [8] Undefined index: acl - ligne 24 dans le fichier F:\wamp\www\rugby\cache\6080e7834880724d43b11ab3afb5202132c93857.file.blokNavigation.tpl.php
2012-07-23 05:12:46|Type d'erreur inconnu : [8] Undefined index: Trombinoscope - ligne 75 dans le fichier F:\wamp\www\rugby\cache\9e70d3f2e1ba2b7ff0e6dcf6ee65cbf58693cee3.file.index.tpl.php
2012-07-23 05:12:41|Type d'erreur inconnu : [8] Undefined index: Trombinoscope - ligne 75 dans le fichier F:\wamp\www\rugby\cache\9e70d3f2e1ba2b7ff0e6dcf6ee65cbf58693cee3.file.index.tpl.php
2012-07-23 05:10:03|Type d'erreur inconnu : [8] Undefined index: lastBuildDate - ligne 159 dans le fichier F:\wamp\www\rugby\kernel\lib\lastRSS.php
2012-07-23 05:09:55|Type d'erreur inconnu : [8] Undefined index: acl - ligne 67 dans le fichier F:\wamp\www\rugby\cache\6080e7834880724d43b11ab3afb5202132c93857.file.blokNavigation.tpl.php
2012-07-23 05:09:55|Type d'erreur inconnu : [8] Undefined index: acl - ligne 61 dans le fichier F:\wamp\www\rugby\cache\6080e7834880724d43b11ab3afb5202132c93857.file.blokNavigation.tpl.php
2012-07-23 05:09:55|Type d'erreur inconnu : [8] Undefined index: acl - ligne 33 dans le fichier F:\wamp\www\rugby\cache\6080e7834880724d43b11ab3afb5202132c93857.file.blokNavigation.tpl.php
2012-07-23 05:09:55|Type d'erreur inconnu : [8] Undefined index: acl - ligne 24 dans le fichier F:\wamp\www\rugby\cache\6080e7834880724d43b11ab3afb5202132c93857.file.blokNavigation.tpl.php
2012-07-23 05:09:55|Type d'erreur inconnu : [8] Undefined index: acl - ligne 67 dans le fichier F:\wamp\www\rugby\cache\6080e7834880724d43b11ab3afb5202132c93857.file.blokNavigation.tpl.php
2012-07-23 05:09:55|Type d'erreur inconnu : [8] Undefined index: acl - ligne 61 dans le fichier F:\wamp\www\rugby\cache\6080e7834880724d43b11ab3afb5202132c93857.file.blokNavigation.tpl.php
2012-07-23 05:09:55|Type d'erreur inconnu : [8] Undefined index: acl - ligne 33 dans le fichier F:\wamp\www\rugby\cache\6080e7834880724d43b11ab3afb5202132c93857.file.blokNavigation.tpl.php
2012-07-23 05:09:55|Type d'erreur inconnu : [8] Undefined index: acl - ligne 24 dans le fichier F:\wamp\www\rugby\cache\6080e7834880724d43b11ab3afb5202132c93857.file.blokNavigation.tpl.php
