2012-11-27 09:48:07|Type d'erreur inconnu : [2] require_once(\indexController.php): failed to open stream: No such file or directory - ligne 95 dans le fichier F:\wamp\www\rugby\kernel\core\Router.class.php
2012-11-27 09:36:11|Type d'erreur inconnu : [2] require_once(\indexController.php): failed to open stream: No such file or directory - ligne 95 dans le fichier F:\wamp\www\rugby\kernel\core\Router.class.php
2012-11-27 09:35:26|Type d'erreur inconnu : [2] require_once(\indexController.php): failed to open stream: No such file or directory - ligne 95 dans le fichier F:\wamp\www\rugby\kernel\core\Router.class.php
2012-11-27 09:35:05|Type d'erreur inconnu : [2] require_once(\indexController.php): failed to open stream: No such file or directory - ligne 95 dans le fichier F:\wamp\www\rugby\kernel\core\Router.class.php
2012-11-27 09:33:59|Type d'erreur inconnu : [2] require_once(\indexController.php): failed to open stream: No such file or directory - ligne 95 dans le fichier F:\wamp\www\rugby\kernel\core\Router.class.php
2012-11-27 09:30:18|Type d'erreur inconnu : [2] require_once(\indexController.php): failed to open stream: No such file or directory - ligne 95 dans le fichier F:\wamp\www\rugby\kernel\core\Router.class.php
2012-11-27 09:30:16|Type d'erreur inconnu : [2] require_once(\indexController.php): failed to open stream: No such file or directory - ligne 95 dans le fichier F:\wamp\www\rugby\kernel\core\Router.class.php
2012-11-27 09:30:13|Type d'erreur inconnu : [2] require_once(\indexController.php): failed to open stream: No such file or directory - ligne 95 dans le fichier F:\wamp\www\rugby\kernel\core\Router.class.php
2012-11-27 09:30:10|Type d'erreur inconnu : [2] require_once(\indexController.php): failed to open stream: No such file or directory - ligne 95 dans le fichier F:\wamp\www\rugby\kernel\core\Router.class.php
2012-11-27 09:27:15|Type d'erreur inconnu : [2] require_once(\indexController.php): failed to open stream: No such file or directory - ligne 95 dans le fichier F:\wamp\www\rugby\kernel\core\Router.class.php
2012-11-27 09:27:13|Type d'erreur inconnu : [2] require_once(\indexController.php): failed to open stream: No such file or directory - ligne 95 dans le fichier F:\wamp\www\rugby\kernel\core\Router.class.php
2012-11-27 09:24:52|Type d'erreur inconnu : [2] require_once(\indexController.php): failed to open stream: No such file or directory - ligne 95 dans le fichier F:\wamp\www\rugby\kernel\core\Router.class.php
2012-11-27 09:24:47|Type d'erreur inconnu : [2] require_once(\indexController.php): failed to open stream: No such file or directory - ligne 95 dans le fichier F:\wamp\www\rugby\kernel\core\Router.class.php
2012-11-27 09:24:40|Type d'erreur inconnu : [2] require_once(\indexController.php): failed to open stream: No such file or directory - ligne 95 dans le fichier F:\wamp\www\rugby\kernel\core\Router.class.php
2012-11-27 09:24:19|Type d'erreur inconnu : [2] require_once(\indexController.php): failed to open stream: No such file or directory - ligne 95 dans le fichier F:\wamp\www\rugby\kernel\core\Router.class.php
2012-11-27 09:24:17|Type d'erreur inconnu : [2] require_once(\indexController.php): failed to open stream: No such file or directory - ligne 95 dans le fichier F:\wamp\www\rugby\kernel\core\Router.class.php
2012-11-27 09:19:16|Type d'erreur inconnu : [2] require_once(\indexController.php): failed to open stream: No such file or directory - ligne 95 dans le fichier F:\wamp\www\rugby\kernel\core\Router.class.php
2012-11-27 09:19:15|Type d'erreur inconnu : [2] require_once(\indexController.php): failed to open stream: No such file or directory - ligne 95 dans le fichier F:\wamp\www\rugby\kernel\core\Router.class.php
2012-11-27 09:19:13|Type d'erreur inconnu : [2] require_once(\indexController.php): failed to open stream: No such file or directory - ligne 95 dans le fichier F:\wamp\www\rugby\kernel\core\Router.class.php
2012-11-27 09:18:07|Type d'erreur inconnu : [2] require_once(\indexController.php): failed to open stream: No such file or directory - ligne 95 dans le fichier F:\wamp\www\rugby\kernel\core\Router.class.php
2012-11-27 09:18:04|Type d'erreur inconnu : [2] require_once(\indexController.php): failed to open stream: No such file or directory - ligne 95 dans le fichier F:\wamp\www\rugby\kernel\core\Router.class.php
2012-11-27 09:17:51|Type d'erreur inconnu : [2] require_once(\indexController.php): failed to open stream: No such file or directory - ligne 95 dans le fichier F:\wamp\www\rugby\kernel\core\Router.class.php
2012-11-27 09:17:49|Type d'erreur inconnu : [8] Undefined index: club - ligne 91 dans le fichier F:\wamp\www\rugby\cache\83c5accc0c78f436a229b9595e05c750d4c8ce19.file.index.tpl.php
2012-11-27 09:17:49|Type d'erreur inconnu : [8] Undefined index: club - ligne 91 dans le fichier F:\wamp\www\rugby\cache\83c5accc0c78f436a229b9595e05c750d4c8ce19.file.index.tpl.php
2012-11-27 09:17:48|Type d'erreur inconnu : [8] Undefined index: club - ligne 91 dans le fichier F:\wamp\www\rugby\cache\83c5accc0c78f436a229b9595e05c750d4c8ce19.file.index.tpl.php
2012-11-27 09:17:48|Type d'erreur inconnu : [8] Undefined index: club - ligne 91 dans le fichier F:\wamp\www\rugby\cache\83c5accc0c78f436a229b9595e05c750d4c8ce19.file.index.tpl.php
2012-11-27 09:16:36|Type d'erreur inconnu : [2] require_once(\indexController.php): failed to open stream: No such file or directory - ligne 95 dans le fichier F:\wamp\www\rugby\kernel\core\Router.class.php
2012-11-27 09:14:23|Type d'erreur inconnu : [2] require_once(\indexController.php): failed to open stream: No such file or directory - ligne 95 dans le fichier F:\wamp\www\rugby\kernel\core\Router.class.php
2012-11-27 09:12:56|Type d'erreur inconnu : [2] require_once(\indexController.php): failed to open stream: No such file or directory - ligne 95 dans le fichier F:\wamp\www\rugby\kernel\core\Router.class.php
2012-11-27 09:12:52|Type d'erreur inconnu : [2] require_once(\indexController.php): failed to open stream: No such file or directory - ligne 95 dans le fichier F:\wamp\www\rugby\kernel\core\Router.class.php
2012-11-27 09:09:44|Type d'erreur inconnu : [2] require_once(\indexController.php): failed to open stream: No such file or directory - ligne 95 dans le fichier F:\wamp\www\rugby\kernel\core\Router.class.php
2012-11-27 09:09:20|Type d'erreur inconnu : [2] require_once(\indexController.php): failed to open stream: No such file or directory - ligne 95 dans le fichier F:\wamp\www\rugby\kernel\core\Router.class.php
2012-11-27 09:09:19|Type d'erreur inconnu : [2] require_once(\indexController.php): failed to open stream: No such file or directory - ligne 95 dans le fichier F:\wamp\www\rugby\kernel\core\Router.class.php
2012-11-27 09:08:50|Type d'erreur inconnu : [2] require_once(\indexController.php): failed to open stream: No such file or directory - ligne 95 dans le fichier F:\wamp\www\rugby\kernel\core\Router.class.php
2012-11-27 09:08:48|Type d'erreur inconnu : [2] require_once(\indexController.php): failed to open stream: No such file or directory - ligne 95 dans le fichier F:\wamp\www\rugby\kernel\core\Router.class.php
2012-11-27 09:08:14|Type d'erreur inconnu : [2] require_once(\indexController.php): failed to open stream: No such file or directory - ligne 95 dans le fichier F:\wamp\www\rugby\kernel\core\Router.class.php
2012-11-27 09:08:11|Type d'erreur inconnu : [2] require_once(\indexController.php): failed to open stream: No such file or directory - ligne 95 dans le fichier F:\wamp\www\rugby\kernel\core\Router.class.php
2012-11-27 09:08:09|Type d'erreur inconnu : [2] require_once(\indexController.php): failed to open stream: No such file or directory - ligne 95 dans le fichier F:\wamp\www\rugby\kernel\core\Router.class.php
2012-11-27 09:08:07|Type d'erreur inconnu : [2] require_once(\indexController.php): failed to open stream: No such file or directory - ligne 95 dans le fichier F:\wamp\www\rugby\kernel\core\Router.class.php
2012-11-27 09:08:04|Type d'erreur inconnu : [2] require_once(\indexController.php): failed to open stream: No such file or directory - ligne 95 dans le fichier F:\wamp\www\rugby\kernel\core\Router.class.php
2012-11-27 09:08:02|Type d'erreur inconnu : [2] require_once(\indexController.php): failed to open stream: No such file or directory - ligne 95 dans le fichier F:\wamp\www\rugby\kernel\core\Router.class.php
2012-11-27 09:08:00|Type d'erreur inconnu : [2] require_once(\indexController.php): failed to open stream: No such file or directory - ligne 95 dans le fichier F:\wamp\www\rugby\kernel\core\Router.class.php
2012-11-27 09:06:51|Type d'erreur inconnu : [2] require_once(\indexController.php): failed to open stream: No such file or directory - ligne 95 dans le fichier F:\wamp\www\rugby\kernel\core\Router.class.php
2012-11-27 09:06:49|Type d'erreur inconnu : [2] require_once(\indexController.php): failed to open stream: No such file or directory - ligne 95 dans le fichier F:\wamp\www\rugby\kernel\core\Router.class.php
2012-11-27 09:06:43|Type d'erreur inconnu : [2] require_once(\indexController.php): failed to open stream: No such file or directory - ligne 95 dans le fichier F:\wamp\www\rugby\kernel\core\Router.class.php
2012-11-27 09:04:36|Type d'erreur inconnu : [8] Undefined index: avg_penalite - ligne 105 dans le fichier F:\wamp\www\rugby\cache\ffc567d3fdbc22b721d50b6a1d850c4ec301ea8e.file.fiche_tab.tpl.php
2012-11-27 09:04:36|Type d'erreur inconnu : [8] Undefined index: tot_penalite - ligne 104 dans le fichier F:\wamp\www\rugby\cache\ffc567d3fdbc22b721d50b6a1d850c4ec301ea8e.file.fiche_tab.tpl.php
2012-11-27 09:04:36|Type d'erreur inconnu : [8] Undefined index: avg_transformation - ligne 102 dans le fichier F:\wamp\www\rugby\cache\ffc567d3fdbc22b721d50b6a1d850c4ec301ea8e.file.fiche_tab.tpl.php
2012-11-27 09:04:36|Type d'erreur inconnu : [8] Undefined index: tot_transformation - ligne 101 dans le fichier F:\wamp\www\rugby\cache\ffc567d3fdbc22b721d50b6a1d850c4ec301ea8e.file.fiche_tab.tpl.php
2012-11-27 09:04:36|Type d'erreur inconnu : [8] Undefined index: avg_essai - ligne 99 dans le fichier F:\wamp\www\rugby\cache\ffc567d3fdbc22b721d50b6a1d850c4ec301ea8e.file.fiche_tab.tpl.php
2012-11-27 09:04:36|Type d'erreur inconnu : [8] Undefined index: tot_essai - ligne 98 dans le fichier F:\wamp\www\rugby\cache\ffc567d3fdbc22b721d50b6a1d850c4ec301ea8e.file.fiche_tab.tpl.php
2012-11-27 09:04:36|Type d'erreur inconnu : [8] Undefined index: avg_tps_jeu - ligne 95 dans le fichier F:\wamp\www\rugby\cache\ffc567d3fdbc22b721d50b6a1d850c4ec301ea8e.file.fiche_tab.tpl.php
2012-11-27 09:04:36|Type d'erreur inconnu : [8] Undefined index: tot_tps_jeu - ligne 94 dans le fichier F:\wamp\www\rugby\cache\ffc567d3fdbc22b721d50b6a1d850c4ec301ea8e.file.fiche_tab.tpl.php
2012-11-27 09:04:34|Type d'erreur inconnu : [2] require_once(\indexController.php): failed to open stream: No such file or directory - ligne 95 dans le fichier F:\wamp\www\rugby\kernel\core\Router.class.php
2012-11-27 09:03:28|Type d'erreur inconnu : [8] Undefined index: avg_penalite - ligne 105 dans le fichier F:\wamp\www\rugby\cache\ffc567d3fdbc22b721d50b6a1d850c4ec301ea8e.file.fiche_tab.tpl.php
2012-11-27 09:03:28|Type d'erreur inconnu : [8] Undefined index: tot_penalite - ligne 104 dans le fichier F:\wamp\www\rugby\cache\ffc567d3fdbc22b721d50b6a1d850c4ec301ea8e.file.fiche_tab.tpl.php
2012-11-27 09:03:28|Type d'erreur inconnu : [8] Undefined index: avg_transformation - ligne 102 dans le fichier F:\wamp\www\rugby\cache\ffc567d3fdbc22b721d50b6a1d850c4ec301ea8e.file.fiche_tab.tpl.php
2012-11-27 09:03:28|Type d'erreur inconnu : [8] Undefined index: tot_transformation - ligne 101 dans le fichier F:\wamp\www\rugby\cache\ffc567d3fdbc22b721d50b6a1d850c4ec301ea8e.file.fiche_tab.tpl.php
2012-11-27 09:03:28|Type d'erreur inconnu : [8] Undefined index: avg_essai - ligne 99 dans le fichier F:\wamp\www\rugby\cache\ffc567d3fdbc22b721d50b6a1d850c4ec301ea8e.file.fiche_tab.tpl.php
2012-11-27 09:03:28|Type d'erreur inconnu : [8] Undefined index: tot_essai - ligne 98 dans le fichier F:\wamp\www\rugby\cache\ffc567d3fdbc22b721d50b6a1d850c4ec301ea8e.file.fiche_tab.tpl.php
2012-11-27 09:03:28|Type d'erreur inconnu : [8] Undefined index: avg_tps_jeu - ligne 95 dans le fichier F:\wamp\www\rugby\cache\ffc567d3fdbc22b721d50b6a1d850c4ec301ea8e.file.fiche_tab.tpl.php
2012-11-27 09:03:28|Type d'erreur inconnu : [8] Undefined index: tot_tps_jeu - ligne 94 dans le fichier F:\wamp\www\rugby\cache\ffc567d3fdbc22b721d50b6a1d850c4ec301ea8e.file.fiche_tab.tpl.php
2012-11-27 09:03:27|Type d'erreur inconnu : [2] require_once(\indexController.php): failed to open stream: No such file or directory - ligne 95 dans le fichier F:\wamp\www\rugby\kernel\core\Router.class.php
2012-11-27 09:02:28|Type d'erreur inconnu : [2] require_once(\indexController.php): failed to open stream: No such file or directory - ligne 95 dans le fichier F:\wamp\www\rugby\kernel\core\Router.class.php
2012-11-27 09:02:20|Type d'erreur inconnu : [2] require_once(\indexController.php): failed to open stream: No such file or directory - ligne 95 dans le fichier F:\wamp\www\rugby\kernel\core\Router.class.php
2012-11-27 09:02:18|Type d'erreur inconnu : [2] require_once(\indexController.php): failed to open stream: No such file or directory - ligne 95 dans le fichier F:\wamp\www\rugby\kernel\core\Router.class.php
2012-11-27 09:02:03|Type d'erreur inconnu : [2] require_once(\indexController.php): failed to open stream: No such file or directory - ligne 95 dans le fichier F:\wamp\www\rugby\kernel\core\Router.class.php
2012-11-27 09:01:56|Type d'erreur inconnu : [2] require_once(\indexController.php): failed to open stream: No such file or directory - ligne 95 dans le fichier F:\wamp\www\rugby\kernel\core\Router.class.php
2012-11-27 09:01:54|Type d'erreur inconnu : [2] require_once(\indexController.php): failed to open stream: No such file or directory - ligne 95 dans le fichier F:\wamp\www\rugby\kernel\core\Router.class.php
2012-11-27 09:01:52|Type d'erreur inconnu : [2] require_once(\indexController.php): failed to open stream: No such file or directory - ligne 95 dans le fichier F:\wamp\www\rugby\kernel\core\Router.class.php
2012-11-27 09:01:47|Type d'erreur inconnu : [2] require_once(\indexController.php): failed to open stream: No such file or directory - ligne 95 dans le fichier F:\wamp\www\rugby\kernel\core\Router.class.php
2012-11-27 09:01:45|Type d'erreur inconnu : [2] require_once(\indexController.php): failed to open stream: No such file or directory - ligne 95 dans le fichier F:\wamp\www\rugby\kernel\core\Router.class.php
2012-11-27 09:01:41|Type d'erreur inconnu : [2] require_once(\indexController.php): failed to open stream: No such file or directory - ligne 95 dans le fichier F:\wamp\www\rugby\kernel\core\Router.class.php
2012-11-27 09:01:13|Type d'erreur inconnu : [2] require_once(\indexController.php): failed to open stream: No such file or directory - ligne 95 dans le fichier F:\wamp\www\rugby\kernel\core\Router.class.php
2012-11-27 09:01:11|Type d'erreur inconnu : [2] require_once(\indexController.php): failed to open stream: No such file or directory - ligne 95 dans le fichier F:\wamp\www\rugby\kernel\core\Router.class.php
2012-11-27 09:01:05|Type d'erreur inconnu : [8] Undefined variable: Match - ligne 291 dans le fichier F:\wamp\www\rugby\kernel\lib\smarty\sysplugins\smarty_internal_data.php
2012-11-27 09:01:03|Type d'erreur inconnu : [2] require_once(\indexController.php): failed to open stream: No such file or directory - ligne 95 dans le fichier F:\wamp\www\rugby\kernel\core\Router.class.php
2012-11-27 08:59:54|Type d'erreur inconnu : [2] require_once(\indexController.php): failed to open stream: No such file or directory - ligne 95 dans le fichier F:\wamp\www\rugby\kernel\core\Router.class.php
2012-11-27 08:59:52|Type d'erreur inconnu : [2] require_once(\indexController.php): failed to open stream: No such file or directory - ligne 95 dans le fichier F:\wamp\www\rugby\kernel\core\Router.class.php
2012-11-27 08:59:44|Type d'erreur inconnu : [2] require_once(\indexController.php): failed to open stream: No such file or directory - ligne 95 dans le fichier F:\wamp\www\rugby\kernel\core\Router.class.php
2012-11-27 08:59:42|Type d'erreur inconnu : [2] require_once(\indexController.php): failed to open stream: No such file or directory - ligne 95 dans le fichier F:\wamp\www\rugby\kernel\core\Router.class.php
2012-11-27 08:59:40|Type d'erreur inconnu : [2] require_once(\indexController.php): failed to open stream: No such file or directory - ligne 95 dans le fichier F:\wamp\www\rugby\kernel\core\Router.class.php
2012-11-27 08:59:37|Type d'erreur inconnu : [2] require_once(\indexController.php): failed to open stream: No such file or directory - ligne 95 dans le fichier F:\wamp\www\rugby\kernel\core\Router.class.php
2012-11-27 08:59:36|Type d'erreur inconnu : [2] require_once(\indexController.php): failed to open stream: No such file or directory - ligne 95 dans le fichier F:\wamp\www\rugby\kernel\core\Router.class.php
2012-11-27 08:59:31|Type d'erreur inconnu : [2] require_once(\indexController.php): failed to open stream: No such file or directory - ligne 95 dans le fichier F:\wamp\www\rugby\kernel\core\Router.class.php
2012-11-27 08:58:51|Type d'erreur inconnu : [2] require_once(\indexController.php): failed to open stream: No such file or directory - ligne 95 dans le fichier F:\wamp\www\rugby\kernel\core\Router.class.php
2012-11-27 08:58:45|Type d'erreur inconnu : [2] require_once(\indexController.php): failed to open stream: No such file or directory - ligne 95 dans le fichier F:\wamp\www\rugby\kernel\core\Router.class.php
2012-11-27 08:58:42|Type d'erreur inconnu : [2] require_once(\indexController.php): failed to open stream: No such file or directory - ligne 95 dans le fichier F:\wamp\www\rugby\kernel\core\Router.class.php
2012-11-27 08:58:29|Type d'erreur inconnu : [2] require_once(\indexController.php): failed to open stream: No such file or directory - ligne 95 dans le fichier F:\wamp\www\rugby\kernel\core\Router.class.php
2012-11-27 08:58:03|Type d'erreur inconnu : [2] require_once(\indexController.php): failed to open stream: No such file or directory - ligne 95 dans le fichier F:\wamp\www\rugby\kernel\core\Router.class.php
2012-11-27 08:57:59|Type d'erreur inconnu : [2] require_once(\indexController.php): failed to open stream: No such file or directory - ligne 95 dans le fichier F:\wamp\www\rugby\kernel\core\Router.class.php
2012-11-27 08:57:25|Type d'erreur inconnu : [2] require_once(\indexController.php): failed to open stream: No such file or directory - ligne 95 dans le fichier F:\wamp\www\rugby\kernel\core\Router.class.php
2012-11-27 08:57:22|Type d'erreur inconnu : [2] require_once(\indexController.php): failed to open stream: No such file or directory - ligne 95 dans le fichier F:\wamp\www\rugby\kernel\core\Router.class.php
2012-11-27 08:57:06|Type d'erreur inconnu : [2] require_once(\indexController.php): failed to open stream: No such file or directory - ligne 95 dans le fichier F:\wamp\www\rugby\kernel\core\Router.class.php
2012-11-27 08:57:02|Type d'erreur inconnu : [8] Undefined index: club - ligne 91 dans le fichier F:\wamp\www\rugby\cache\83c5accc0c78f436a229b9595e05c750d4c8ce19.file.index.tpl.php
2012-11-27 08:57:02|Type d'erreur inconnu : [8] Undefined index: club - ligne 91 dans le fichier F:\wamp\www\rugby\cache\83c5accc0c78f436a229b9595e05c750d4c8ce19.file.index.tpl.php
2012-11-27 08:56:38|Type d'erreur inconnu : [2] require_once(\indexController.php): failed to open stream: No such file or directory - ligne 95 dans le fichier F:\wamp\www\rugby\kernel\core\Router.class.php
2012-11-27 08:56:35|Type d'erreur inconnu : [2] require_once(\indexController.php): failed to open stream: No such file or directory - ligne 95 dans le fichier F:\wamp\www\rugby\kernel\core\Router.class.php
2012-11-27 08:56:22|Type d'erreur inconnu : [2] require_once(\indexController.php): failed to open stream: No such file or directory - ligne 95 dans le fichier F:\wamp\www\rugby\kernel\core\Router.class.php
2012-11-27 08:56:19|Type d'erreur inconnu : [2] require_once(\indexController.php): failed to open stream: No such file or directory - ligne 95 dans le fichier F:\wamp\www\rugby\kernel\core\Router.class.php
2012-11-27 08:56:19|Type d'erreur inconnu : [2] Illegal string offset 'serie' - ligne 520 dans le fichier F:\wamp\www\rugby\app\controller\muscuController.php
2012-11-27 08:56:19|Type d'erreur inconnu : [2] Illegal string offset 'repetition' - ligne 520 dans le fichier F:\wamp\www\rugby\app\controller\muscuController.php
2012-11-27 08:56:19|Type d'erreur inconnu : [2] Illegal string offset 'poids' - ligne 520 dans le fichier F:\wamp\www\rugby\app\controller\muscuController.php
2012-11-27 08:56:19|Type d'erreur inconnu : [8] Undefined index: serie - ligne 520 dans le fichier F:\wamp\www\rugby\app\controller\muscuController.php
2012-11-27 08:56:19|Type d'erreur inconnu : [2] Illegal string offset 'serie' - ligne 520 dans le fichier F:\wamp\www\rugby\app\controller\muscuController.php
2012-11-27 08:56:19|Type d'erreur inconnu : [2] Illegal string offset 'repetition' - ligne 520 dans le fichier F:\wamp\www\rugby\app\controller\muscuController.php
2012-11-27 08:56:19|Type d'erreur inconnu : [2] Illegal string offset 'poids' - ligne 520 dans le fichier F:\wamp\www\rugby\app\controller\muscuController.php
2012-11-27 08:56:19|Type d'erreur inconnu : [8] Undefined index: serie - ligne 520 dans le fichier F:\wamp\www\rugby\app\controller\muscuController.php
2012-11-27 08:56:00|Type d'erreur inconnu : [2] require_once(\indexController.php): failed to open stream: No such file or directory - ligne 95 dans le fichier F:\wamp\www\rugby\kernel\core\Router.class.php
2012-11-27 08:55:43|Type d'erreur inconnu : [2] require_once(\indexController.php): failed to open stream: No such file or directory - ligne 95 dans le fichier F:\wamp\www\rugby\kernel\core\Router.class.php
2012-11-27 08:55:40|Type d'erreur inconnu : [2] require_once(\indexController.php): failed to open stream: No such file or directory - ligne 95 dans le fichier F:\wamp\www\rugby\kernel\core\Router.class.php
2012-11-27 08:55:10|Type d'erreur inconnu : [2] require_once(\indexController.php): failed to open stream: No such file or directory - ligne 95 dans le fichier F:\wamp\www\rugby\kernel\core\Router.class.php
2012-11-27 08:53:57|Type d'erreur inconnu : [2] require_once(\indexController.php): failed to open stream: No such file or directory - ligne 95 dans le fichier F:\wamp\www\rugby\kernel\core\Router.class.php
2012-11-27 08:53:51|Type d'erreur inconnu : [2] require_once(\indexController.php): failed to open stream: No such file or directory - ligne 95 dans le fichier F:\wamp\www\rugby\kernel\core\Router.class.php
2012-11-27 08:53:47|Type d'erreur inconnu : [2] require_once(\indexController.php): failed to open stream: No such file or directory - ligne 95 dans le fichier F:\wamp\www\rugby\kernel\core\Router.class.php
2012-11-27 08:53:14|Type d'erreur inconnu : [2] require_once(\indexController.php): failed to open stream: No such file or directory - ligne 95 dans le fichier F:\wamp\www\rugby\kernel\core\Router.class.php
2012-11-27 08:52:08|Type d'erreur inconnu : [2] require_once(\indexController.php): failed to open stream: No such file or directory - ligne 95 dans le fichier F:\wamp\www\rugby\kernel\core\Router.class.php
2012-11-27 08:39:19|Type d'erreur inconnu : [2] require_once(\indexController.php): failed to open stream: No such file or directory - ligne 95 dans le fichier F:\wamp\www\rugby\kernel\core\Router.class.php
2012-11-27 08:39:14|Type d'erreur inconnu : [2] require_once(\indexController.php): failed to open stream: No such file or directory - ligne 95 dans le fichier F:\wamp\www\rugby\kernel\core\Router.class.php
2012-11-27 08:39:08|Type d'erreur inconnu : [2] require_once(\indexController.php): failed to open stream: No such file or directory - ligne 95 dans le fichier F:\wamp\www\rugby\kernel\core\Router.class.php
2012-11-27 08:37:19|Type d'erreur inconnu : [2] require_once(\indexController.php): failed to open stream: No such file or directory - ligne 95 dans le fichier F:\wamp\www\rugby\kernel\core\Router.class.php
2012-11-27 08:37:19|Type d'erreur inconnu : [8] Undefined variable: Exercices - ligne 291 dans le fichier F:\wamp\www\rugby\kernel\lib\smarty\sysplugins\smarty_internal_data.php
2012-11-27 08:37:19|Type d'erreur inconnu : [8] Undefined variable: Exercices - ligne 291 dans le fichier F:\wamp\www\rugby\kernel\lib\smarty\sysplugins\smarty_internal_data.php
2012-11-27 08:35:19|Type d'erreur inconnu : [2] require_once(\indexController.php): failed to open stream: No such file or directory - ligne 95 dans le fichier F:\wamp\www\rugby\kernel\core\Router.class.php
2012-11-27 08:34:58|Type d'erreur inconnu : [8] Undefined variable: Ligne - ligne 291 dans le fichier F:\wamp\www\rugby\kernel\lib\smarty\sysplugins\smarty_internal_data.php
2012-11-27 08:34:58|Type d'erreur inconnu : [8] Undefined variable: Ligne - ligne 291 dans le fichier F:\wamp\www\rugby\kernel\lib\smarty\sysplugins\smarty_internal_data.php
2012-11-27 08:34:58|Type d'erreur inconnu : [8] Undefined variable: Ligne - ligne 291 dans le fichier F:\wamp\www\rugby\kernel\lib\smarty\sysplugins\smarty_internal_data.php
2012-11-27 08:34:58|Type d'erreur inconnu : [8] Undefined variable: Ligne - ligne 291 dans le fichier F:\wamp\www\rugby\kernel\lib\smarty\sysplugins\smarty_internal_data.php
2012-11-27 08:34:58|Type d'erreur inconnu : [8] Undefined variable: Ligne - ligne 291 dans le fichier F:\wamp\www\rugby\kernel\lib\smarty\sysplugins\smarty_internal_data.php
2012-11-27 08:34:58|Type d'erreur inconnu : [8] Undefined variable: Ligne - ligne 291 dans le fichier F:\wamp\www\rugby\kernel\lib\smarty\sysplugins\smarty_internal_data.php
2012-11-27 08:34:50|Type d'erreur inconnu : [2] require_once(\indexController.php): failed to open stream: No such file or directory - ligne 95 dans le fichier F:\wamp\www\rugby\kernel\core\Router.class.php
2012-11-27 08:34:50|Type d'erreur inconnu : [8] Undefined variable: Ligne - ligne 291 dans le fichier F:\wamp\www\rugby\kernel\lib\smarty\sysplugins\smarty_internal_data.php
2012-11-27 08:34:50|Type d'erreur inconnu : [8] Undefined variable: Ligne - ligne 291 dans le fichier F:\wamp\www\rugby\kernel\lib\smarty\sysplugins\smarty_internal_data.php
2012-11-27 08:34:50|Type d'erreur inconnu : [8] Undefined variable: Ligne - ligne 291 dans le fichier F:\wamp\www\rugby\kernel\lib\smarty\sysplugins\smarty_internal_data.php
2012-11-27 08:34:50|Type d'erreur inconnu : [8] Undefined variable: Ligne - ligne 291 dans le fichier F:\wamp\www\rugby\kernel\lib\smarty\sysplugins\smarty_internal_data.php
2012-11-27 08:34:50|Type d'erreur inconnu : [8] Undefined variable: Ligne - ligne 291 dans le fichier F:\wamp\www\rugby\kernel\lib\smarty\sysplugins\smarty_internal_data.php
2012-11-27 08:34:50|Type d'erreur inconnu : [8] Undefined variable: Ligne - ligne 291 dans le fichier F:\wamp\www\rugby\kernel\lib\smarty\sysplugins\smarty_internal_data.php
2012-11-27 08:34:47|Type d'erreur inconnu : [2] require_once(\indexController.php): failed to open stream: No such file or directory - ligne 95 dans le fichier F:\wamp\www\rugby\kernel\core\Router.class.php
2012-11-27 08:34:44|Type d'erreur inconnu : [2] require_once(\indexController.php): failed to open stream: No such file or directory - ligne 95 dans le fichier F:\wamp\www\rugby\kernel\core\Router.class.php
2012-11-27 08:34:41|Type d'erreur inconnu : [2] require_once(\indexController.php): failed to open stream: No such file or directory - ligne 95 dans le fichier F:\wamp\www\rugby\kernel\core\Router.class.php
2012-11-27 08:30:09|Type d'erreur inconnu : [8] Undefined index: club - ligne 91 dans le fichier F:\wamp\www\rugby\cache\83c5accc0c78f436a229b9595e05c750d4c8ce19.file.index.tpl.php
2012-11-27 08:30:09|Type d'erreur inconnu : [8] Undefined index: club - ligne 91 dans le fichier F:\wamp\www\rugby\cache\83c5accc0c78f436a229b9595e05c750d4c8ce19.file.index.tpl.php
2012-11-27 08:30:05|Type d'erreur inconnu : [2] require_once(\indexController.php): failed to open stream: No such file or directory - ligne 95 dans le fichier F:\wamp\www\rugby\kernel\core\Router.class.php
2012-11-27 06:46:42|Type d'erreur inconnu : [2] require_once(\indexController.php): failed to open stream: No such file or directory - ligne 95 dans le fichier F:\wamp\www\rugby\kernel\core\Router.class.php
2012-11-27 06:46:40|Type d'erreur inconnu : [2] require_once(\indexController.php): failed to open stream: No such file or directory - ligne 95 dans le fichier F:\wamp\www\rugby\kernel\core\Router.class.php
2012-11-27 06:46:25|Type d'erreur inconnu : [2] require_once(\indexController.php): failed to open stream: No such file or directory - ligne 95 dans le fichier F:\wamp\www\rugby\kernel\core\Router.class.php
2012-11-27 06:46:10|Type d'erreur inconnu : [2] require_once(\indexController.php): failed to open stream: No such file or directory - ligne 95 dans le fichier F:\wamp\www\rugby\kernel\core\Router.class.php
2012-11-27 06:46:04|Type d'erreur inconnu : [2] require_once(\indexController.php): failed to open stream: No such file or directory - ligne 95 dans le fichier F:\wamp\www\rugby\kernel\core\Router.class.php
2012-11-27 06:45:16|Type d'erreur inconnu : [2] require_once(\indexController.php): failed to open stream: No such file or directory - ligne 95 dans le fichier F:\wamp\www\rugby\kernel\core\Router.class.php
2012-11-27 06:38:43|Type d'erreur inconnu : [2] require_once(\indexController.php): failed to open stream: No such file or directory - ligne 95 dans le fichier F:\wamp\www\rugby\kernel\core\Router.class.php
2012-11-27 06:38:39|Type d'erreur inconnu : [2] require_once(\indexController.php): failed to open stream: No such file or directory - ligne 95 dans le fichier F:\wamp\www\rugby\kernel\core\Router.class.php
2012-11-27 06:38:37|Type d'erreur inconnu : [2] require_once(\indexController.php): failed to open stream: No such file or directory - ligne 95 dans le fichier F:\wamp\www\rugby\kernel\core\Router.class.php
2012-11-27 06:38:23|Type d'erreur inconnu : [2] require_once(\indexController.php): failed to open stream: No such file or directory - ligne 95 dans le fichier F:\wamp\www\rugby\kernel\core\Router.class.php
2012-11-27 06:37:45|Type d'erreur inconnu : [2] require_once(\indexController.php): failed to open stream: No such file or directory - ligne 95 dans le fichier F:\wamp\www\rugby\kernel\core\Router.class.php
2012-11-27 06:37:44|Type d'erreur inconnu : [8] Undefined index: club - ligne 91 dans le fichier F:\wamp\www\rugby\cache\83c5accc0c78f436a229b9595e05c750d4c8ce19.file.index.tpl.php
2012-11-27 06:37:44|Type d'erreur inconnu : [8] Undefined index: club - ligne 91 dans le fichier F:\wamp\www\rugby\cache\83c5accc0c78f436a229b9595e05c750d4c8ce19.file.index.tpl.php
2012-11-27 06:35:14|Type d'erreur inconnu : [2] require_once(\indexController.php): failed to open stream: No such file or directory - ligne 95 dans le fichier F:\wamp\www\rugby\kernel\core\Router.class.php
2012-11-27 06:35:10|Type d'erreur inconnu : [8] Undefined index: club - ligne 91 dans le fichier F:\wamp\www\rugby\cache\83c5accc0c78f436a229b9595e05c750d4c8ce19.file.index.tpl.php
2012-11-27 06:35:10|Type d'erreur inconnu : [8] Undefined index: club - ligne 91 dans le fichier F:\wamp\www\rugby\cache\83c5accc0c78f436a229b9595e05c750d4c8ce19.file.index.tpl.php
2012-11-27 06:35:08|Type d'erreur inconnu : [8] Undefined index: club - ligne 91 dans le fichier F:\wamp\www\rugby\cache\83c5accc0c78f436a229b9595e05c750d4c8ce19.file.index.tpl.php
2012-11-27 06:35:08|Type d'erreur inconnu : [8] Undefined index: club - ligne 91 dans le fichier F:\wamp\www\rugby\cache\83c5accc0c78f436a229b9595e05c750d4c8ce19.file.index.tpl.php
2012-11-27 06:35:00|Type d'erreur inconnu : [2] require_once(\indexController.php): failed to open stream: No such file or directory - ligne 95 dans le fichier F:\wamp\www\rugby\kernel\core\Router.class.php
2012-11-27 06:34:23|Type d'erreur inconnu : [2] require_once(\indexController.php): failed to open stream: No such file or directory - ligne 95 dans le fichier F:\wamp\www\rugby\kernel\core\Router.class.php
2012-11-27 06:32:42|Type d'erreur inconnu : [2] require_once(\indexController.php): failed to open stream: No such file or directory - ligne 95 dans le fichier F:\wamp\www\rugby\kernel\core\Router.class.php
2012-11-27 06:31:05|Type d'erreur inconnu : [2] require_once(\indexController.php): failed to open stream: No such file or directory - ligne 95 dans le fichier F:\wamp\www\rugby\kernel\core\Router.class.php
2012-11-27 06:30:53|Type d'erreur inconnu : [2] require_once(\indexController.php): failed to open stream: No such file or directory - ligne 95 dans le fichier F:\wamp\www\rugby\kernel\core\Router.class.php
2012-11-27 06:30:24|Type d'erreur inconnu : [2] require_once(\indexController.php): failed to open stream: No such file or directory - ligne 95 dans le fichier F:\wamp\www\rugby\kernel\core\Router.class.php
2012-11-27 06:30:12|Type d'erreur inconnu : [2] require_once(\indexController.php): failed to open stream: No such file or directory - ligne 95 dans le fichier F:\wamp\www\rugby\kernel\core\Router.class.php
2012-11-27 06:30:10|Type d'erreur inconnu : [8] Undefined index: club - ligne 91 dans le fichier F:\wamp\www\rugby\cache\83c5accc0c78f436a229b9595e05c750d4c8ce19.file.index.tpl.php
2012-11-27 06:30:10|Type d'erreur inconnu : [8] Undefined index: club - ligne 91 dans le fichier F:\wamp\www\rugby\cache\83c5accc0c78f436a229b9595e05c750d4c8ce19.file.index.tpl.php
2012-11-27 06:30:07|Type d'erreur inconnu : [2] require_once(\indexController.php): failed to open stream: No such file or directory - ligne 95 dans le fichier F:\wamp\www\rugby\kernel\core\Router.class.php
2012-11-27 06:25:19|Type d'erreur inconnu : [2] require_once(\indexController.php): failed to open stream: No such file or directory - ligne 95 dans le fichier F:\wamp\www\rugby\kernel\core\Router.class.php
2012-11-27 06:25:10|Type d'erreur inconnu : [2] require_once(\indexController.php): failed to open stream: No such file or directory - ligne 95 dans le fichier F:\wamp\www\rugby\kernel\core\Router.class.php
2012-11-27 06:25:01|Type d'erreur inconnu : [2] require_once(\indexController.php): failed to open stream: No such file or directory - ligne 95 dans le fichier F:\wamp\www\rugby\kernel\core\Router.class.php
2012-11-27 06:24:58|Type d'erreur inconnu : [2] require_once(\indexController.php): failed to open stream: No such file or directory - ligne 95 dans le fichier F:\wamp\www\rugby\kernel\core\Router.class.php
2012-11-27 06:24:46|Type d'erreur inconnu : [2] require_once(\indexController.php): failed to open stream: No such file or directory - ligne 95 dans le fichier F:\wamp\www\rugby\kernel\core\Router.class.php
2012-11-27 06:24:28|Type d'erreur inconnu : [2] require_once(\indexController.php): failed to open stream: No such file or directory - ligne 95 dans le fichier F:\wamp\www\rugby\kernel\core\Router.class.php
2012-11-27 06:20:10|Type d'erreur inconnu : [2] require_once(\indexController.php): failed to open stream: No such file or directory - ligne 95 dans le fichier F:\wamp\www\rugby\kernel\core\Router.class.php
2012-11-27 06:20:05|Type d'erreur inconnu : [2] require_once(\indexController.php): failed to open stream: No such file or directory - ligne 95 dans le fichier F:\wamp\www\rugby\kernel\core\Router.class.php
2012-11-27 06:20:01|Type d'erreur inconnu : [2] require_once(\indexController.php): failed to open stream: No such file or directory - ligne 95 dans le fichier F:\wamp\www\rugby\kernel\core\Router.class.php
2012-11-27 06:19:59|Type d'erreur inconnu : [2] require_once(\indexController.php): failed to open stream: No such file or directory - ligne 95 dans le fichier F:\wamp\www\rugby\kernel\core\Router.class.php
2012-11-27 06:17:12|Type d'erreur inconnu : [2] require_once(\indexController.php): failed to open stream: No such file or directory - ligne 95 dans le fichier F:\wamp\www\rugby\kernel\core\Router.class.php
2012-11-27 06:17:09|Type d'erreur inconnu : [2] require_once(\indexController.php): failed to open stream: No such file or directory - ligne 95 dans le fichier F:\wamp\www\rugby\kernel\core\Router.class.php
2012-11-27 06:17:05|Type d'erreur inconnu : [2] require_once(\indexController.php): failed to open stream: No such file or directory - ligne 95 dans le fichier F:\wamp\www\rugby\kernel\core\Router.class.php
2012-11-27 06:16:53|Type d'erreur inconnu : [2] require_once(\indexController.php): failed to open stream: No such file or directory - ligne 95 dans le fichier F:\wamp\www\rugby\kernel\core\Router.class.php
2012-11-27 06:16:42|Type d'erreur inconnu : [2] require_once(\indexController.php): failed to open stream: No such file or directory - ligne 95 dans le fichier F:\wamp\www\rugby\kernel\core\Router.class.php
2012-11-27 06:16:42|Type d'erreur inconnu : [2] require_once(\indexController.php): failed to open stream: No such file or directory - ligne 95 dans le fichier F:\wamp\www\rugby\kernel\core\Router.class.php
2012-11-27 06:16:42|Type d'erreur inconnu : [2] require_once(\indexController.php): failed to open stream: No such file or directory - ligne 95 dans le fichier F:\wamp\www\rugby\kernel\core\Router.class.php
2012-11-27 06:16:42|Type d'erreur inconnu : [2] require_once(\indexController.php): failed to open stream: No such file or directory - ligne 95 dans le fichier F:\wamp\www\rugby\kernel\core\Router.class.php
2012-11-27 06:16:42|Type d'erreur inconnu : [2] require_once(\indexController.php): failed to open stream: No such file or directory - ligne 95 dans le fichier F:\wamp\www\rugby\kernel\core\Router.class.php
2012-11-27 06:16:42|Type d'erreur inconnu : [2] require_once(\indexController.php): failed to open stream: No such file or directory - ligne 95 dans le fichier F:\wamp\www\rugby\kernel\core\Router.class.php
2012-11-27 06:16:42|Type d'erreur inconnu : [2] require_once(\indexController.php): failed to open stream: No such file or directory - ligne 95 dans le fichier F:\wamp\www\rugby\kernel\core\Router.class.php
2012-11-27 06:16:41|Type d'erreur inconnu : [2] require_once(\indexController.php): failed to open stream: No such file or directory - ligne 95 dans le fichier F:\wamp\www\rugby\kernel\core\Router.class.php
2012-11-27 06:16:41|Type d'erreur inconnu : [2] require_once(\indexController.php): failed to open stream: No such file or directory - ligne 95 dans le fichier F:\wamp\www\rugby\kernel\core\Router.class.php
2012-11-27 06:16:41|Type d'erreur inconnu : [2] require_once(\indexController.php): failed to open stream: No such file or directory - ligne 95 dans le fichier F:\wamp\www\rugby\kernel\core\Router.class.php
2012-11-27 06:16:39|Type d'erreur inconnu : [2] require_once(\indexController.php): failed to open stream: No such file or directory - ligne 95 dans le fichier F:\wamp\www\rugby\kernel\core\Router.class.php
2012-11-27 06:16:39|Type d'erreur inconnu : [2] require_once(\indexController.php): failed to open stream: No such file or directory - ligne 95 dans le fichier F:\wamp\www\rugby\kernel\core\Router.class.php
2012-11-27 06:16:39|Type d'erreur inconnu : [2] require_once(\indexController.php): failed to open stream: No such file or directory - ligne 95 dans le fichier F:\wamp\www\rugby\kernel\core\Router.class.php
2012-11-27 06:16:39|Type d'erreur inconnu : [2] require_once(\indexController.php): failed to open stream: No such file or directory - ligne 95 dans le fichier F:\wamp\www\rugby\kernel\core\Router.class.php
2012-11-27 06:16:39|Type d'erreur inconnu : [2] require_once(\indexController.php): failed to open stream: No such file or directory - ligne 95 dans le fichier F:\wamp\www\rugby\kernel\core\Router.class.php
2012-11-27 06:16:38|Type d'erreur inconnu : [2] require_once(\indexController.php): failed to open stream: No such file or directory - ligne 95 dans le fichier F:\wamp\www\rugby\kernel\core\Router.class.php
2012-11-27 06:16:36|Type d'erreur inconnu : [2] require_once(\indexController.php): failed to open stream: No such file or directory - ligne 95 dans le fichier F:\wamp\www\rugby\kernel\core\Router.class.php
2012-11-27 06:16:36|Type d'erreur inconnu : [2] require_once(\indexController.php): failed to open stream: No such file or directory - ligne 95 dans le fichier F:\wamp\www\rugby\kernel\core\Router.class.php
2012-11-27 06:16:35|Type d'erreur inconnu : [2] require_once(\indexController.php): failed to open stream: No such file or directory - ligne 95 dans le fichier F:\wamp\www\rugby\kernel\core\Router.class.php
2012-11-27 06:16:34|Type d'erreur inconnu : [2] require_once(\indexController.php): failed to open stream: No such file or directory - ligne 95 dans le fichier F:\wamp\www\rugby\kernel\core\Router.class.php
2012-11-27 06:16:33|Type d'erreur inconnu : [2] require_once(\indexController.php): failed to open stream: No such file or directory - ligne 95 dans le fichier F:\wamp\www\rugby\kernel\core\Router.class.php
2012-11-27 06:16:04|Type d'erreur inconnu : [2] require_once(\indexController.php): failed to open stream: No such file or directory - ligne 95 dans le fichier F:\wamp\www\rugby\kernel\core\Router.class.php
2012-11-27 06:16:04|Type d'erreur inconnu : [2] require_once(\indexController.php): failed to open stream: No such file or directory - ligne 95 dans le fichier F:\wamp\www\rugby\kernel\core\Router.class.php
2012-11-27 06:16:04|Type d'erreur inconnu : [2] require_once(\indexController.php): failed to open stream: No such file or directory - ligne 95 dans le fichier F:\wamp\www\rugby\kernel\core\Router.class.php
2012-11-27 06:16:04|Type d'erreur inconnu : [2] require_once(\indexController.php): failed to open stream: No such file or directory - ligne 95 dans le fichier F:\wamp\www\rugby\kernel\core\Router.class.php
2012-11-27 06:16:04|Type d'erreur inconnu : [2] require_once(\indexController.php): failed to open stream: No such file or directory - ligne 95 dans le fichier F:\wamp\www\rugby\kernel\core\Router.class.php
2012-11-27 06:16:03|Type d'erreur inconnu : [2] require_once(\indexController.php): failed to open stream: No such file or directory - ligne 95 dans le fichier F:\wamp\www\rugby\kernel\core\Router.class.php
2012-11-27 06:16:02|Type d'erreur inconnu : [2] require_once(\indexController.php): failed to open stream: No such file or directory - ligne 95 dans le fichier F:\wamp\www\rugby\kernel\core\Router.class.php
2012-11-27 06:16:01|Type d'erreur inconnu : [2] require_once(\indexController.php): failed to open stream: No such file or directory - ligne 95 dans le fichier F:\wamp\www\rugby\kernel\core\Router.class.php
2012-11-27 06:16:00|Type d'erreur inconnu : [2] require_once(\indexController.php): failed to open stream: No such file or directory - ligne 95 dans le fichier F:\wamp\www\rugby\kernel\core\Router.class.php
2012-11-27 06:15:45|Type d'erreur inconnu : [2] require_once(\indexController.php): failed to open stream: No such file or directory - ligne 95 dans le fichier F:\wamp\www\rugby\kernel\core\Router.class.php
2012-11-27 06:15:06|Type d'erreur inconnu : [2] require_once(\indexController.php): failed to open stream: No such file or directory - ligne 95 dans le fichier F:\wamp\www\rugby\kernel\core\Router.class.php
2012-11-27 06:07:55|Type d'erreur inconnu : [2] require_once(\indexController.php): failed to open stream: No such file or directory - ligne 95 dans le fichier F:\wamp\www\rugby\kernel\core\Router.class.php
2012-11-27 06:07:41|Type d'erreur inconnu : [2] require_once(\indexController.php): failed to open stream: No such file or directory - ligne 95 dans le fichier F:\wamp\www\rugby\kernel\core\Router.class.php
2012-11-27 06:05:18|Type d'erreur inconnu : [2] require_once(\indexController.php): failed to open stream: No such file or directory - ligne 95 dans le fichier F:\wamp\www\rugby\kernel\core\Router.class.php
2012-11-27 06:05:12|Type d'erreur inconnu : [2] require_once(\indexController.php): failed to open stream: No such file or directory - ligne 95 dans le fichier F:\wamp\www\rugby\kernel\core\Router.class.php
2012-11-27 06:05:04|Type d'erreur inconnu : [2] require_once(\indexController.php): failed to open stream: No such file or directory - ligne 95 dans le fichier F:\wamp\www\rugby\kernel\core\Router.class.php
2012-11-27 06:05:04|Type d'erreur inconnu : [2] require_once(\indexController.php): failed to open stream: No such file or directory - ligne 95 dans le fichier F:\wamp\www\rugby\kernel\core\Router.class.php
2012-11-27 06:05:04|Type d'erreur inconnu : [2] require_once(\indexController.php): failed to open stream: No such file or directory - ligne 95 dans le fichier F:\wamp\www\rugby\kernel\core\Router.class.php
2012-11-27 06:05:04|Type d'erreur inconnu : [2] require_once(\indexController.php): failed to open stream: No such file or directory - ligne 95 dans le fichier F:\wamp\www\rugby\kernel\core\Router.class.php
2012-11-27 06:05:04|Type d'erreur inconnu : [2] require_once(\indexController.php): failed to open stream: No such file or directory - ligne 95 dans le fichier F:\wamp\www\rugby\kernel\core\Router.class.php
2012-11-27 06:05:04|Type d'erreur inconnu : [2] require_once(\indexController.php): failed to open stream: No such file or directory - ligne 95 dans le fichier F:\wamp\www\rugby\kernel\core\Router.class.php
2012-11-27 06:05:04|Type d'erreur inconnu : [2] require_once(\indexController.php): failed to open stream: No such file or directory - ligne 95 dans le fichier F:\wamp\www\rugby\kernel\core\Router.class.php
2012-11-27 06:05:04|Type d'erreur inconnu : [2] require_once(\indexController.php): failed to open stream: No such file or directory - ligne 95 dans le fichier F:\wamp\www\rugby\kernel\core\Router.class.php
2012-11-27 06:05:04|Type d'erreur inconnu : [2] require_once(\indexController.php): failed to open stream: No such file or directory - ligne 95 dans le fichier F:\wamp\www\rugby\kernel\core\Router.class.php
2012-11-27 06:05:03|Type d'erreur inconnu : [2] require_once(\indexController.php): failed to open stream: No such file or directory - ligne 95 dans le fichier F:\wamp\www\rugby\kernel\core\Router.class.php
2012-11-27 06:05:03|Type d'erreur inconnu : [2] require_once(\indexController.php): failed to open stream: No such file or directory - ligne 95 dans le fichier F:\wamp\www\rugby\kernel\core\Router.class.php
2012-11-27 06:05:03|Type d'erreur inconnu : [2] require_once(\indexController.php): failed to open stream: No such file or directory - ligne 95 dans le fichier F:\wamp\www\rugby\kernel\core\Router.class.php
2012-11-27 06:05:03|Type d'erreur inconnu : [2] require_once(\indexController.php): failed to open stream: No such file or directory - ligne 95 dans le fichier F:\wamp\www\rugby\kernel\core\Router.class.php
2012-11-27 06:05:03|Type d'erreur inconnu : [2] require_once(\indexController.php): failed to open stream: No such file or directory - ligne 95 dans le fichier F:\wamp\www\rugby\kernel\core\Router.class.php
2012-11-27 06:05:03|Type d'erreur inconnu : [2] require_once(\indexController.php): failed to open stream: No such file or directory - ligne 95 dans le fichier F:\wamp\www\rugby\kernel\core\Router.class.php
2012-11-27 06:05:03|Type d'erreur inconnu : [2] require_once(\indexController.php): failed to open stream: No such file or directory - ligne 95 dans le fichier F:\wamp\www\rugby\kernel\core\Router.class.php
2012-11-27 06:05:03|Type d'erreur inconnu : [2] require_once(\indexController.php): failed to open stream: No such file or directory - ligne 95 dans le fichier F:\wamp\www\rugby\kernel\core\Router.class.php
2012-11-27 06:05:00|Type d'erreur inconnu : [2] require_once(\indexController.php): failed to open stream: No such file or directory - ligne 95 dans le fichier F:\wamp\www\rugby\kernel\core\Router.class.php
2012-11-27 06:05:00|Type d'erreur inconnu : [2] require_once(\indexController.php): failed to open stream: No such file or directory - ligne 95 dans le fichier F:\wamp\www\rugby\kernel\core\Router.class.php
2012-11-27 06:05:00|Type d'erreur inconnu : [2] require_once(\indexController.php): failed to open stream: No such file or directory - ligne 95 dans le fichier F:\wamp\www\rugby\kernel\core\Router.class.php
2012-11-27 06:04:59|Type d'erreur inconnu : [2] require_once(\indexController.php): failed to open stream: No such file or directory - ligne 95 dans le fichier F:\wamp\www\rugby\kernel\core\Router.class.php
2012-11-27 06:04:56|Type d'erreur inconnu : [2] require_once(\indexController.php): failed to open stream: No such file or directory - ligne 95 dans le fichier F:\wamp\www\rugby\kernel\core\Router.class.php
2012-11-27 06:04:30|Type d'erreur inconnu : [2] require_once(\indexController.php): failed to open stream: No such file or directory - ligne 95 dans le fichier F:\wamp\www\rugby\kernel\core\Router.class.php
2012-11-27 06:04:22|Type d'erreur inconnu : [2] require_once(\indexController.php): failed to open stream: No such file or directory - ligne 95 dans le fichier F:\wamp\www\rugby\kernel\core\Router.class.php
2012-11-27 06:03:55|Type d'erreur inconnu : [2] require_once(\indexController.php): failed to open stream: No such file or directory - ligne 95 dans le fichier F:\wamp\www\rugby\kernel\core\Router.class.php
2012-11-27 06:03:53|Type d'erreur inconnu : [2] require_once(\indexController.php): failed to open stream: No such file or directory - ligne 95 dans le fichier F:\wamp\www\rugby\kernel\core\Router.class.php
2012-11-27 06:03:53|Type d'erreur inconnu : [2] require_once(\indexController.php): failed to open stream: No such file or directory - ligne 95 dans le fichier F:\wamp\www\rugby\kernel\core\Router.class.php
2012-11-27 06:03:53|Type d'erreur inconnu : [2] require_once(\indexController.php): failed to open stream: No such file or directory - ligne 95 dans le fichier F:\wamp\www\rugby\kernel\core\Router.class.php
2012-11-27 06:03:53|Type d'erreur inconnu : [2] require_once(\indexController.php): failed to open stream: No such file or directory - ligne 95 dans le fichier F:\wamp\www\rugby\kernel\core\Router.class.php
2012-11-27 06:03:51|Type d'erreur inconnu : [2] require_once(\indexController.php): failed to open stream: No such file or directory - ligne 95 dans le fichier F:\wamp\www\rugby\kernel\core\Router.class.php
2012-11-27 06:03:45|Type d'erreur inconnu : [2] require_once(\indexController.php): failed to open stream: No such file or directory - ligne 95 dans le fichier F:\wamp\www\rugby\kernel\core\Router.class.php
2012-11-27 06:03:38|Type d'erreur inconnu : [2] require_once(\indexController.php): failed to open stream: No such file or directory - ligne 95 dans le fichier F:\wamp\www\rugby\kernel\core\Router.class.php
2012-11-27 06:03:37|Type d'erreur inconnu : [2] require_once(\indexController.php): failed to open stream: No such file or directory - ligne 95 dans le fichier F:\wamp\www\rugby\kernel\core\Router.class.php
2012-11-27 05:50:09|Type d'erreur inconnu : [2] require_once(\indexController.php): failed to open stream: No such file or directory - ligne 95 dans le fichier F:\wamp\www\rugby\kernel\core\Router.class.php
2012-11-27 12:20:58|Type d'erreur inconnu : [2] require_once(\indexController.php): failed to open stream: No such file or directory - ligne 95 dans le fichier F:\wamp\www\rugby\kernel\core\Router.class.php
2012-11-27 12:20:53|Type d'erreur inconnu : [2] require_once(\indexController.php): failed to open stream: No such file or directory - ligne 95 dans le fichier F:\wamp\www\rugby\kernel\core\Router.class.php
2012-11-27 12:20:25|Type d'erreur inconnu : [2] require_once(\indexController.php): failed to open stream: No such file or directory - ligne 95 dans le fichier F:\wamp\www\rugby\kernel\core\Router.class.php
2012-11-27 12:20:04|Type d'erreur inconnu : [2] require_once(\indexController.php): failed to open stream: No such file or directory - ligne 95 dans le fichier F:\wamp\www\rugby\kernel\core\Router.class.php
2012-11-27 12:19:55|Type d'erreur inconnu : [8] Undefined index: club - ligne 91 dans le fichier F:\wamp\www\rugby\cache\83c5accc0c78f436a229b9595e05c750d4c8ce19.file.index.tpl.php
2012-11-27 12:19:55|Type d'erreur inconnu : [8] Undefined index: club - ligne 91 dans le fichier F:\wamp\www\rugby\cache\83c5accc0c78f436a229b9595e05c750d4c8ce19.file.index.tpl.php
2012-11-27 12:19:48|Type d'erreur inconnu : [2] require_once(\indexController.php): failed to open stream: No such file or directory - ligne 95 dans le fichier F:\wamp\www\rugby\kernel\core\Router.class.php
2012-11-27 12:18:18|Type d'erreur inconnu : [2] require_once(\indexController.php): failed to open stream: No such file or directory - ligne 95 dans le fichier F:\wamp\www\rugby\kernel\core\Router.class.php
2012-11-27 12:18:06|Type d'erreur inconnu : [2] require_once(\indexController.php): failed to open stream: No such file or directory - ligne 95 dans le fichier F:\wamp\www\rugby\kernel\core\Router.class.php
2012-11-27 12:16:57|Type d'erreur inconnu : [2] require_once(\indexController.php): failed to open stream: No such file or directory - ligne 95 dans le fichier F:\wamp\www\rugby\kernel\core\Router.class.php
2012-11-27 12:16:51|Type d'erreur inconnu : [2] require_once(\indexController.php): failed to open stream: No such file or directory - ligne 95 dans le fichier F:\wamp\www\rugby\kernel\core\Router.class.php
2012-11-27 12:16:37|Type d'erreur inconnu : [2] require_once(\indexController.php): failed to open stream: No such file or directory - ligne 95 dans le fichier F:\wamp\www\rugby\kernel\core\Router.class.php
2012-11-27 12:15:09|Type d'erreur inconnu : [2] require_once(\indexController.php): failed to open stream: No such file or directory - ligne 95 dans le fichier F:\wamp\www\rugby\kernel\core\Router.class.php
2012-11-27 12:15:03|Type d'erreur inconnu : [2] require_once(\indexController.php): failed to open stream: No such file or directory - ligne 95 dans le fichier F:\wamp\www\rugby\kernel\core\Router.class.php
2012-11-27 12:14:58|Type d'erreur inconnu : [2] require_once(\indexController.php): failed to open stream: No such file or directory - ligne 95 dans le fichier F:\wamp\www\rugby\kernel\core\Router.class.php
2012-11-27 12:13:27|Type d'erreur inconnu : [2] require_once(\indexController.php): failed to open stream: No such file or directory - ligne 95 dans le fichier F:\wamp\www\rugby\kernel\core\Router.class.php
2012-11-27 12:04:33|Type d'erreur inconnu : [2] require_once(\indexController.php): failed to open stream: No such file or directory - ligne 95 dans le fichier F:\wamp\www\rugby\kernel\core\Router.class.php
2012-11-27 12:04:29|Type d'erreur inconnu : [2] require_once(\indexController.php): failed to open stream: No such file or directory - ligne 95 dans le fichier F:\wamp\www\rugby\kernel\core\Router.class.php
2012-11-27 12:04:25|Type d'erreur inconnu : [2] require_once(\indexController.php): failed to open stream: No such file or directory - ligne 95 dans le fichier F:\wamp\www\rugby\kernel\core\Router.class.php
2012-11-27 12:04:03|Type d'erreur inconnu : [2] require_once(\indexController.php): failed to open stream: No such file or directory - ligne 95 dans le fichier F:\wamp\www\rugby\kernel\core\Router.class.php
2012-11-27 11:54:14|Type d'erreur inconnu : [2] require_once(\indexController.php): failed to open stream: No such file or directory - ligne 95 dans le fichier F:\wamp\www\rugby\kernel\core\Router.class.php
2012-11-27 11:53:34|Type d'erreur inconnu : [2] require_once(\indexController.php): failed to open stream: No such file or directory - ligne 95 dans le fichier F:\wamp\www\rugby\kernel\core\Router.class.php
2012-11-27 11:53:32|Type d'erreur inconnu : [2] require_once(\indexController.php): failed to open stream: No such file or directory - ligne 95 dans le fichier F:\wamp\www\rugby\kernel\core\Router.class.php
2012-11-27 11:53:30|Type d'erreur inconnu : [2] require_once(\indexController.php): failed to open stream: No such file or directory - ligne 95 dans le fichier F:\wamp\www\rugby\kernel\core\Router.class.php
2012-11-27 11:52:42|Type d'erreur inconnu : [2] require_once(\indexController.php): failed to open stream: No such file or directory - ligne 95 dans le fichier F:\wamp\www\rugby\kernel\core\Router.class.php
2012-11-27 11:43:52|Type d'erreur inconnu : [2] require_once(\indexController.php): failed to open stream: No such file or directory - ligne 95 dans le fichier F:\wamp\www\rugby\kernel\core\Router.class.php
2012-11-27 11:42:57|Type d'erreur inconnu : [2] require_once(\indexController.php): failed to open stream: No such file or directory - ligne 95 dans le fichier F:\wamp\www\rugby\kernel\core\Router.class.php
2012-11-27 11:41:15|Type d'erreur inconnu : [2] require_once(\indexController.php): failed to open stream: No such file or directory - ligne 95 dans le fichier F:\wamp\www\rugby\kernel\core\Router.class.php
2012-11-27 11:41:15|Type d'erreur inconnu : [2] require_once(\indexController.php): failed to open stream: No such file or directory - ligne 95 dans le fichier F:\wamp\www\rugby\kernel\core\Router.class.php
2012-11-27 11:41:15|Type d'erreur inconnu : [2] require_once(\indexController.php): failed to open stream: No such file or directory - ligne 95 dans le fichier F:\wamp\www\rugby\kernel\core\Router.class.php
2012-11-27 11:22:41|Type d'erreur inconnu : [2] require_once(\indexController.php): failed to open stream: No such file or directory - ligne 95 dans le fichier F:\wamp\www\rugby\kernel\core\Router.class.php
2012-11-27 09:35:23|Type d'erreur inconnu : [2] require_once(\indexController.php): failed to open stream: No such file or directory - ligne 95 dans le fichier F:\wamp\www\rugby\kernel\core\Router.class.php
2012-11-27 09:35:03|Type d'erreur inconnu : [2] require_once(\indexController.php): failed to open stream: No such file or directory - ligne 95 dans le fichier F:\wamp\www\rugby\kernel\core\Router.class.php
2012-11-27 09:35:00|Type d'erreur inconnu : [8] Undefined index: club - ligne 91 dans le fichier F:\wamp\www\rugby\cache\83c5accc0c78f436a229b9595e05c750d4c8ce19.file.index.tpl.php
2012-11-27 09:35:00|Type d'erreur inconnu : [8] Undefined index: club - ligne 91 dans le fichier F:\wamp\www\rugby\cache\83c5accc0c78f436a229b9595e05c750d4c8ce19.file.index.tpl.php
2012-11-27 09:33:07|Type d'erreur inconnu : [2] require_once(\indexController.php): failed to open stream: No such file or directory - ligne 95 dans le fichier F:\wamp\www\rugby\kernel\core\Router.class.php
2012-11-27 09:32:49|Type d'erreur inconnu : [2] require_once(\indexController.php): failed to open stream: No such file or directory - ligne 95 dans le fichier F:\wamp\www\rugby\kernel\core\Router.class.php
2012-11-27 06:26:42|Type d'erreur inconnu : [2] require_once(\indexController.php): failed to open stream: No such file or directory - ligne 95 dans le fichier F:\wamp\www\rugby\kernel\core\Router.class.php
2012-11-27 06:24:18|Type d'erreur inconnu : [2] require_once(\indexController.php): failed to open stream: No such file or directory - ligne 95 dans le fichier F:\wamp\www\rugby\kernel\core\Router.class.php
2012-11-27 06:24:15|Type d'erreur inconnu : [2] require_once(\indexController.php): failed to open stream: No such file or directory - ligne 95 dans le fichier F:\wamp\www\rugby\kernel\core\Router.class.php
2012-11-27 06:23:50|Type d'erreur inconnu : [2] require_once(\indexController.php): failed to open stream: No such file or directory - ligne 95 dans le fichier F:\wamp\www\rugby\kernel\core\Router.class.php
2012-11-27 06:23:47|Type d'erreur inconnu : [2] require_once(\indexController.php): failed to open stream: No such file or directory - ligne 95 dans le fichier F:\wamp\www\rugby\kernel\core\Router.class.php
2012-11-27 06:23:35|Type d'erreur inconnu : [2] require_once(\indexController.php): failed to open stream: No such file or directory - ligne 95 dans le fichier F:\wamp\www\rugby\kernel\core\Router.class.php
2012-11-27 06:23:12|Type d'erreur inconnu : [2] require_once(\indexController.php): failed to open stream: No such file or directory - ligne 95 dans le fichier F:\wamp\www\rugby\kernel\core\Router.class.php
2012-11-27 06:22:55|Type d'erreur inconnu : [2] require_once(\indexController.php): failed to open stream: No such file or directory - ligne 95 dans le fichier F:\wamp\www\rugby\kernel\core\Router.class.php
2012-11-27 06:22:54|Type d'erreur inconnu : [2] require_once(\indexController.php): failed to open stream: No such file or directory - ligne 95 dans le fichier F:\wamp\www\rugby\kernel\core\Router.class.php
2012-11-27 06:22:53|Type d'erreur inconnu : [2] require_once(\indexController.php): failed to open stream: No such file or directory - ligne 95 dans le fichier F:\wamp\www\rugby\kernel\core\Router.class.php
2012-11-27 06:21:29|Type d'erreur inconnu : [2] require_once(\indexController.php): failed to open stream: No such file or directory - ligne 95 dans le fichier F:\wamp\www\rugby\kernel\core\Router.class.php
2012-11-27 06:21:27|Type d'erreur inconnu : [2] require_once(\indexController.php): failed to open stream: No such file or directory - ligne 95 dans le fichier F:\wamp\www\rugby\kernel\core\Router.class.php
2012-11-27 06:21:24|Type d'erreur inconnu : [2] require_once(\indexController.php): failed to open stream: No such file or directory - ligne 95 dans le fichier F:\wamp\www\rugby\kernel\core\Router.class.php
2012-11-27 06:21:21|Type d'erreur inconnu : [2] require_once(\indexController.php): failed to open stream: No such file or directory - ligne 95 dans le fichier F:\wamp\www\rugby\kernel\core\Router.class.php
2012-11-27 06:21:19|Type d'erreur inconnu : [8] Undefined index: club - ligne 91 dans le fichier F:\wamp\www\rugby\cache\83c5accc0c78f436a229b9595e05c750d4c8ce19.file.index.tpl.php
2012-11-27 06:21:19|Type d'erreur inconnu : [8] Undefined index: club - ligne 91 dans le fichier F:\wamp\www\rugby\cache\83c5accc0c78f436a229b9595e05c750d4c8ce19.file.index.tpl.php
2012-11-27 06:21:15|Type d'erreur inconnu : [2] require_once(\indexController.php): failed to open stream: No such file or directory - ligne 95 dans le fichier F:\wamp\www\rugby\kernel\core\Router.class.php
