2012-07-25 04:36:48|Type d'erreur inconnu : [8] Undefined index: lastBuildDate - ligne 159 dans le fichier F:\wamp\www\rugby\kernel\lib\lastRSS.php
2012-07-25 04:35:53|Type d'erreur inconnu : [2] Division by zero - ligne 1941 dans le fichier F:\wamp\www\rugby\kernel\lib\pChart\class\pDraw.class.php
2012-07-25 04:35:53|Type d'erreur inconnu : [8] Undefined index: Data - ligne 1913 dans le fichier F:\wamp\www\rugby\kernel\lib\pChart\class\pDraw.class.php
2012-07-25 04:35:53|Type d'erreur inconnu : [8] Undefined index: Data - ligne 100 dans le fichier F:\wamp\www\rugby\kernel\lib\pChart\class\pData.class.php
2012-07-25 04:35:53|Type d'erreur inconnu : [8] Undefined variable: data_img - ligne 370 dans le fichier F:\wamp\www\rugby\app\controller\joueurController.php
2012-07-25 05:53:08|Type d'erreur inconnu : [8] Undefined index: lastBuildDate - ligne 159 dans le fichier F:\wamp\www\rugby\kernel\lib\lastRSS.php
2012-07-25 05:53:03|Type d'erreur inconnu : [8] Undefined index: acl - ligne 67 dans le fichier F:\wamp\www\rugby\cache\6080e7834880724d43b11ab3afb5202132c93857.file.blokNavigation.tpl.php
2012-07-25 05:53:03|Type d'erreur inconnu : [8] Undefined index: acl - ligne 61 dans le fichier F:\wamp\www\rugby\cache\6080e7834880724d43b11ab3afb5202132c93857.file.blokNavigation.tpl.php
2012-07-25 05:53:03|Type d'erreur inconnu : [8] Undefined index: acl - ligne 33 dans le fichier F:\wamp\www\rugby\cache\6080e7834880724d43b11ab3afb5202132c93857.file.blokNavigation.tpl.php
2012-07-25 05:53:03|Type d'erreur inconnu : [8] Undefined index: acl - ligne 24 dans le fichier F:\wamp\www\rugby\cache\6080e7834880724d43b11ab3afb5202132c93857.file.blokNavigation.tpl.php
2012-07-25 05:53:03|Type d'erreur inconnu : [8] Undefined index: acl - ligne 67 dans le fichier F:\wamp\www\rugby\cache\6080e7834880724d43b11ab3afb5202132c93857.file.blokNavigation.tpl.php
2012-07-25 05:53:03|Type d'erreur inconnu : [8] Undefined index: acl - ligne 61 dans le fichier F:\wamp\www\rugby\cache\6080e7834880724d43b11ab3afb5202132c93857.file.blokNavigation.tpl.php
2012-07-25 05:53:03|Type d'erreur inconnu : [8] Undefined index: acl - ligne 33 dans le fichier F:\wamp\www\rugby\cache\6080e7834880724d43b11ab3afb5202132c93857.file.blokNavigation.tpl.php
2012-07-25 05:53:03|Type d'erreur inconnu : [8] Undefined index: acl - ligne 24 dans le fichier F:\wamp\www\rugby\cache\6080e7834880724d43b11ab3afb5202132c93857.file.blokNavigation.tpl.php
2012-07-25 05:52:33|Type d'erreur inconnu : [8] Undefined index: acl - ligne 67 dans le fichier F:\wamp\www\rugby\cache\6080e7834880724d43b11ab3afb5202132c93857.file.blokNavigation.tpl.php
2012-07-25 05:52:33|Type d'erreur inconnu : [8] Undefined index: acl - ligne 61 dans le fichier F:\wamp\www\rugby\cache\6080e7834880724d43b11ab3afb5202132c93857.file.blokNavigation.tpl.php
2012-07-25 05:52:33|Type d'erreur inconnu : [8] Undefined index: acl - ligne 33 dans le fichier F:\wamp\www\rugby\cache\6080e7834880724d43b11ab3afb5202132c93857.file.blokNavigation.tpl.php
2012-07-25 05:52:33|Type d'erreur inconnu : [8] Undefined index: acl - ligne 24 dans le fichier F:\wamp\www\rugby\cache\6080e7834880724d43b11ab3afb5202132c93857.file.blokNavigation.tpl.php
2012-07-25 05:52:33|Type d'erreur inconnu : [8] Undefined index: acl - ligne 67 dans le fichier F:\wamp\www\rugby\cache\6080e7834880724d43b11ab3afb5202132c93857.file.blokNavigation.tpl.php
2012-07-25 05:52:33|Type d'erreur inconnu : [8] Undefined index: acl - ligne 61 dans le fichier F:\wamp\www\rugby\cache\6080e7834880724d43b11ab3afb5202132c93857.file.blokNavigation.tpl.php
2012-07-25 05:52:33|Type d'erreur inconnu : [8] Undefined index: acl - ligne 33 dans le fichier F:\wamp\www\rugby\cache\6080e7834880724d43b11ab3afb5202132c93857.file.blokNavigation.tpl.php
2012-07-25 05:52:33|Type d'erreur inconnu : [8] Undefined index: acl - ligne 24 dans le fichier F:\wamp\www\rugby\cache\6080e7834880724d43b11ab3afb5202132c93857.file.blokNavigation.tpl.php
2012-07-25 05:52:07|Type d'erreur inconnu : [8] Undefined index: acl - ligne 67 dans le fichier F:\wamp\www\rugby\cache\6080e7834880724d43b11ab3afb5202132c93857.file.blokNavigation.tpl.php
2012-07-25 05:52:07|Type d'erreur inconnu : [8] Undefined index: acl - ligne 61 dans le fichier F:\wamp\www\rugby\cache\6080e7834880724d43b11ab3afb5202132c93857.file.blokNavigation.tpl.php
2012-07-25 05:52:07|Type d'erreur inconnu : [8] Undefined index: acl - ligne 33 dans le fichier F:\wamp\www\rugby\cache\6080e7834880724d43b11ab3afb5202132c93857.file.blokNavigation.tpl.php
2012-07-25 05:52:07|Type d'erreur inconnu : [8] Undefined index: acl - ligne 24 dans le fichier F:\wamp\www\rugby\cache\6080e7834880724d43b11ab3afb5202132c93857.file.blokNavigation.tpl.php
2012-07-25 05:52:07|Type d'erreur inconnu : [8] Undefined index: acl - ligne 67 dans le fichier F:\wamp\www\rugby\cache\6080e7834880724d43b11ab3afb5202132c93857.file.blokNavigation.tpl.php
2012-07-25 05:52:07|Type d'erreur inconnu : [8] Undefined index: acl - ligne 61 dans le fichier F:\wamp\www\rugby\cache\6080e7834880724d43b11ab3afb5202132c93857.file.blokNavigation.tpl.php
2012-07-25 05:52:07|Type d'erreur inconnu : [8] Undefined index: acl - ligne 33 dans le fichier F:\wamp\www\rugby\cache\6080e7834880724d43b11ab3afb5202132c93857.file.blokNavigation.tpl.php
2012-07-25 05:52:07|Type d'erreur inconnu : [8] Undefined index: acl - ligne 24 dans le fichier F:\wamp\www\rugby\cache\6080e7834880724d43b11ab3afb5202132c93857.file.blokNavigation.tpl.php
2012-07-25 05:49:56|Type d'erreur inconnu : [2] PDO::query(): SQLSTATE[00000]: No error: PDO constructor was not called - ligne 21 dans le fichier F:\wamp\www\rugby\kernel\core\DB\EPDO.php
2012-07-25 05:49:56|Type d'erreur inconnu : [2] PDO::quote(): SQLSTATE[00000]: No error: PDO constructor was not called - ligne 203 dans le fichier F:\wamp\www\rugby\kernel\core\DB\Db.class.php
2012-07-25 05:49:41|Type d'erreur inconnu : [2] PDO::query(): SQLSTATE[00000]: No error: PDO constructor was not called - ligne 21 dans le fichier F:\wamp\www\rugby\kernel\core\DB\EPDO.php
2012-07-25 05:49:41|Type d'erreur inconnu : [2] PDO::quote(): SQLSTATE[00000]: No error: PDO constructor was not called - ligne 203 dans le fichier F:\wamp\www\rugby\kernel\core\DB\Db.class.php
2012-07-25 05:49:28|Type d'erreur inconnu : [2] PDO::query(): SQLSTATE[00000]: No error: PDO constructor was not called - ligne 21 dans le fichier F:\wamp\www\rugby\kernel\core\DB\EPDO.php
2012-07-25 05:49:28|Type d'erreur inconnu : [2] PDO::quote(): SQLSTATE[00000]: No error: PDO constructor was not called - ligne 203 dans le fichier F:\wamp\www\rugby\kernel\core\DB\Db.class.php
