2012-11-02 04:33:44|Type d'erreur inconnu : [2048] Non-static method Registry::addJS() should not be called statically, assuming $this from incompatible context - ligne 84 dans le fichier F:\wamp\www\rugby\app\controller\musculationController.php
2012-11-02 04:33:43|Type d'erreur inconnu : [2048] Non-static method Registry::addJS() should not be called statically, assuming $this from incompatible context - ligne 84 dans le fichier F:\wamp\www\rugby\app\controller\musculationController.php
2012-11-02 03:28:55|Type d'erreur inconnu : [8] Undefined index: Confirm_suppression_etablissement - ligne 23 dans le fichier F:\wamp\www\rugby\cache\d85e1b5758d60c7f18d892e3fefb945c14c63cf8.file.etab_scolaire_index.tpl.php
2012-11-02 01:12:06|Type d'erreur inconnu : [8] Undefined index: Logiciel_suivi_note - ligne 33 dans le fichier F:\wamp\www\rugby\cache\d85e1b5758d60c7f18d892e3fefb945c14c63cf8.file.etab_scolaire_index.tpl.php
2012-11-02 01:11:16|Type d'erreur inconnu : [8] Undefined index: Logiciel_suivi_note - ligne 33 dans le fichier F:\wamp\www\rugby\cache\d85e1b5758d60c7f18d892e3fefb945c14c63cf8.file.etab_scolaire_index.tpl.php
2012-11-02 01:11:16|Type d'erreur inconnu : [8] Undefined index: Etablissiment - ligne 27 dans le fichier F:\wamp\www\rugby\cache\d85e1b5758d60c7f18d892e3fefb945c14c63cf8.file.etab_scolaire_index.tpl.php
2012-11-02 01:11:16|Type d'erreur inconnu : [8] Undefined index: Etablissement_scolaire - ligne 20 dans le fichier F:\wamp\www\rugby\cache\d85e1b5758d60c7f18d892e3fefb945c14c63cf8.file.etab_scolaire_index.tpl.php
2012-11-02 01:11:00|Type d'erreur inconnu : [8] Undefined index: Logiciel_suivi_note - ligne 33 dans le fichier F:\wamp\www\rugby\cache\d85e1b5758d60c7f18d892e3fefb945c14c63cf8.file.etab_scolaire_index.tpl.php
2012-11-02 01:11:00|Type d'erreur inconnu : [8] Undefined index: Etablissiment - ligne 27 dans le fichier F:\wamp\www\rugby\cache\d85e1b5758d60c7f18d892e3fefb945c14c63cf8.file.etab_scolaire_index.tpl.php
2012-11-02 01:11:00|Type d'erreur inconnu : [8] Undefined index: Etablissement_scolaire - ligne 20 dans le fichier F:\wamp\www\rugby\cache\d85e1b5758d60c7f18d892e3fefb945c14c63cf8.file.etab_scolaire_index.tpl.php
2012-11-02 11:20:46|Type d'erreur inconnu : [8] Use of undefined constant url_dir - assumed 'url_dir' - ligne 27 dans le fichier F:\wamp\www\rugby\app\controller\widgetController.php
2012-11-02 11:20:46|Type d'erreur inconnu : [8] Undefined variable: config - ligne 27 dans le fichier F:\wamp\www\rugby\app\controller\widgetController.php
2012-11-02 11:20:46|Type d'erreur inconnu : [8] Use of undefined constant url - assumed 'url' - ligne 27 dans le fichier F:\wamp\www\rugby\app\controller\widgetController.php
2012-11-02 11:20:46|Type d'erreur inconnu : [8] Undefined variable: config - ligne 27 dans le fichier F:\wamp\www\rugby\app\controller\widgetController.php
2012-11-02 11:20:46|Type d'erreur inconnu : [8] Use of undefined constant url_dir - assumed 'url_dir' - ligne 27 dans le fichier F:\wamp\www\rugby\app\controller\widgetController.php
2012-11-02 11:20:46|Type d'erreur inconnu : [8] Undefined variable: config - ligne 27 dans le fichier F:\wamp\www\rugby\app\controller\widgetController.php
2012-11-02 11:20:46|Type d'erreur inconnu : [8] Use of undefined constant url - assumed 'url' - ligne 27 dans le fichier F:\wamp\www\rugby\app\controller\widgetController.php
2012-11-02 11:20:46|Type d'erreur inconnu : [8] Undefined variable: config - ligne 27 dans le fichier F:\wamp\www\rugby\app\controller\widgetController.php
2012-11-02 11:20:46|Type d'erreur inconnu : [8] Use of undefined constant url_dir - assumed 'url_dir' - ligne 27 dans le fichier F:\wamp\www\rugby\app\controller\widgetController.php
2012-11-02 11:20:46|Type d'erreur inconnu : [8] Undefined variable: config - ligne 27 dans le fichier F:\wamp\www\rugby\app\controller\widgetController.php
2012-11-02 11:20:46|Type d'erreur inconnu : [8] Use of undefined constant url - assumed 'url' - ligne 27 dans le fichier F:\wamp\www\rugby\app\controller\widgetController.php
2012-11-02 11:20:46|Type d'erreur inconnu : [8] Undefined variable: config - ligne 27 dans le fichier F:\wamp\www\rugby\app\controller\widgetController.php
2012-11-02 11:20:46|Type d'erreur inconnu : [8] Use of undefined constant url_dir - assumed 'url_dir' - ligne 27 dans le fichier F:\wamp\www\rugby\app\controller\widgetController.php
2012-11-02 11:20:46|Type d'erreur inconnu : [8] Undefined variable: config - ligne 27 dans le fichier F:\wamp\www\rugby\app\controller\widgetController.php
2012-11-02 11:20:46|Type d'erreur inconnu : [8] Use of undefined constant url - assumed 'url' - ligne 27 dans le fichier F:\wamp\www\rugby\app\controller\widgetController.php
2012-11-02 11:20:46|Type d'erreur inconnu : [8] Undefined variable: config - ligne 27 dans le fichier F:\wamp\www\rugby\app\controller\widgetController.php
2012-11-02 11:20:46|Type d'erreur inconnu : [8] Use of undefined constant url_dir - assumed 'url_dir' - ligne 27 dans le fichier F:\wamp\www\rugby\app\controller\widgetController.php
2012-11-02 11:20:46|Type d'erreur inconnu : [8] Undefined variable: config - ligne 27 dans le fichier F:\wamp\www\rugby\app\controller\widgetController.php
2012-11-02 11:20:46|Type d'erreur inconnu : [8] Use of undefined constant url - assumed 'url' - ligne 27 dans le fichier F:\wamp\www\rugby\app\controller\widgetController.php
2012-11-02 11:20:46|Type d'erreur inconnu : [8] Undefined variable: config - ligne 27 dans le fichier F:\wamp\www\rugby\app\controller\widgetController.php
2012-11-02 11:20:46|Type d'erreur inconnu : [8] Use of undefined constant url_dir - assumed 'url_dir' - ligne 27 dans le fichier F:\wamp\www\rugby\app\controller\widgetController.php
2012-11-02 11:20:46|Type d'erreur inconnu : [8] Undefined variable: config - ligne 27 dans le fichier F:\wamp\www\rugby\app\controller\widgetController.php
2012-11-02 11:20:46|Type d'erreur inconnu : [8] Use of undefined constant url - assumed 'url' - ligne 27 dans le fichier F:\wamp\www\rugby\app\controller\widgetController.php
2012-11-02 11:20:46|Type d'erreur inconnu : [8] Undefined variable: config - ligne 27 dans le fichier F:\wamp\www\rugby\app\controller\widgetController.php
2012-11-02 11:20:46|Type d'erreur inconnu : [8] Use of undefined constant url_dir - assumed 'url_dir' - ligne 27 dans le fichier F:\wamp\www\rugby\app\controller\widgetController.php
2012-11-02 11:20:46|Type d'erreur inconnu : [8] Undefined variable: config - ligne 27 dans le fichier F:\wamp\www\rugby\app\controller\widgetController.php
2012-11-02 11:20:46|Type d'erreur inconnu : [8] Use of undefined constant url - assumed 'url' - ligne 27 dans le fichier F:\wamp\www\rugby\app\controller\widgetController.php
2012-11-02 11:20:46|Type d'erreur inconnu : [8] Undefined variable: config - ligne 27 dans le fichier F:\wamp\www\rugby\app\controller\widgetController.php
2012-11-02 11:20:46|Type d'erreur inconnu : [8] Use of undefined constant url_dir - assumed 'url_dir' - ligne 27 dans le fichier F:\wamp\www\rugby\app\controller\widgetController.php
2012-11-02 11:20:46|Type d'erreur inconnu : [8] Undefined variable: config - ligne 27 dans le fichier F:\wamp\www\rugby\app\controller\widgetController.php
2012-11-02 11:20:46|Type d'erreur inconnu : [8] Use of undefined constant url - assumed 'url' - ligne 27 dans le fichier F:\wamp\www\rugby\app\controller\widgetController.php
2012-11-02 11:20:46|Type d'erreur inconnu : [8] Undefined variable: config - ligne 27 dans le fichier F:\wamp\www\rugby\app\controller\widgetController.php
2012-11-02 11:20:46|Type d'erreur inconnu : [8] Use of undefined constant url_dir - assumed 'url_dir' - ligne 27 dans le fichier F:\wamp\www\rugby\app\controller\widgetController.php
2012-11-02 11:20:46|Type d'erreur inconnu : [8] Undefined variable: config - ligne 27 dans le fichier F:\wamp\www\rugby\app\controller\widgetController.php
2012-11-02 11:20:46|Type d'erreur inconnu : [8] Use of undefined constant url - assumed 'url' - ligne 27 dans le fichier F:\wamp\www\rugby\app\controller\widgetController.php
2012-11-02 11:20:46|Type d'erreur inconnu : [8] Undefined variable: config - ligne 27 dans le fichier F:\wamp\www\rugby\app\controller\widgetController.php
2012-11-02 11:20:46|Type d'erreur inconnu : [8] Use of undefined constant url_dir - assumed 'url_dir' - ligne 27 dans le fichier F:\wamp\www\rugby\app\controller\widgetController.php
2012-11-02 11:20:46|Type d'erreur inconnu : [8] Undefined variable: config - ligne 27 dans le fichier F:\wamp\www\rugby\app\controller\widgetController.php
2012-11-02 11:20:46|Type d'erreur inconnu : [8] Use of undefined constant url - assumed 'url' - ligne 27 dans le fichier F:\wamp\www\rugby\app\controller\widgetController.php
2012-11-02 11:20:46|Type d'erreur inconnu : [8] Undefined variable: config - ligne 27 dans le fichier F:\wamp\www\rugby\app\controller\widgetController.php
2012-11-02 11:19:34|Type d'erreur inconnu : [8] Undefined variable: html - ligne 27 dans le fichier F:\wamp\www\rugby\app\controller\widgetController.php
2012-11-02 11:16:11|Type d'erreur inconnu : [2] Division by zero - ligne 1941 dans le fichier F:\wamp\www\rugby\kernel\lib\pChart\class\pDraw.class.php
2012-11-02 11:16:11|Type d'erreur inconnu : [8] Undefined index: Data - ligne 1913 dans le fichier F:\wamp\www\rugby\kernel\lib\pChart\class\pDraw.class.php
2012-11-02 11:16:11|Type d'erreur inconnu : [8] Undefined index: Data - ligne 100 dans le fichier F:\wamp\www\rugby\kernel\lib\pChart\class\pData.class.php
2012-11-02 11:16:11|Type d'erreur inconnu : [8] Undefined variable: data_img - ligne 473 dans le fichier F:\wamp\www\rugby\app\controller\joueurController.php
2012-11-02 11:16:11|Type d'erreur inconnu : [8] Undefined index: Data - ligne 3775 dans le fichier F:\wamp\www\rugby\kernel\lib\pChart\class\pDraw.class.php
2012-11-02 11:16:11|Type d'erreur inconnu : [8] Undefined index: Data - ligne 3774 dans le fichier F:\wamp\www\rugby\kernel\lib\pChart\class\pDraw.class.php
2012-11-02 11:16:11|Type d'erreur inconnu : [8] Undefined index: Data - ligne 3772 dans le fichier F:\wamp\www\rugby\kernel\lib\pChart\class\pDraw.class.php
2012-11-02 11:16:11|Type d'erreur inconnu : [8] Undefined index: Data - ligne 3759 dans le fichier F:\wamp\www\rugby\kernel\lib\pChart\class\pDraw.class.php
2012-11-02 11:16:11|Type d'erreur inconnu : [2] Division by zero - ligne 1941 dans le fichier F:\wamp\www\rugby\kernel\lib\pChart\class\pDraw.class.php
2012-11-02 11:16:11|Type d'erreur inconnu : [8] Undefined index: Data - ligne 1913 dans le fichier F:\wamp\www\rugby\kernel\lib\pChart\class\pDraw.class.php
2012-11-02 11:16:11|Type d'erreur inconnu : [8] Undefined index: Data - ligne 100 dans le fichier F:\wamp\www\rugby\kernel\lib\pChart\class\pData.class.php
2012-11-02 11:16:11|Type d'erreur inconnu : [8] Undefined index: Data - ligne 100 dans le fichier F:\wamp\www\rugby\kernel\lib\pChart\class\pData.class.php
2012-11-02 11:15:09|Type d'erreur inconnu : [2] Division by zero - ligne 1941 dans le fichier F:\wamp\www\rugby\kernel\lib\pChart\class\pDraw.class.php
2012-11-02 11:15:09|Type d'erreur inconnu : [8] Undefined index: Data - ligne 1913 dans le fichier F:\wamp\www\rugby\kernel\lib\pChart\class\pDraw.class.php
2012-11-02 11:15:09|Type d'erreur inconnu : [8] Undefined index: Data - ligne 100 dans le fichier F:\wamp\www\rugby\kernel\lib\pChart\class\pData.class.php
2012-11-02 11:15:09|Type d'erreur inconnu : [8] Undefined variable: data_img - ligne 473 dans le fichier F:\wamp\www\rugby\app\controller\joueurController.php
2012-11-02 11:15:09|Type d'erreur inconnu : [8] Undefined index: Data - ligne 3775 dans le fichier F:\wamp\www\rugby\kernel\lib\pChart\class\pDraw.class.php
2012-11-02 11:15:09|Type d'erreur inconnu : [8] Undefined index: Data - ligne 3774 dans le fichier F:\wamp\www\rugby\kernel\lib\pChart\class\pDraw.class.php
2012-11-02 11:15:09|Type d'erreur inconnu : [8] Undefined index: Data - ligne 3772 dans le fichier F:\wamp\www\rugby\kernel\lib\pChart\class\pDraw.class.php
2012-11-02 11:15:09|Type d'erreur inconnu : [8] Undefined index: Data - ligne 3759 dans le fichier F:\wamp\www\rugby\kernel\lib\pChart\class\pDraw.class.php
2012-11-02 11:15:09|Type d'erreur inconnu : [2] Division by zero - ligne 1941 dans le fichier F:\wamp\www\rugby\kernel\lib\pChart\class\pDraw.class.php
2012-11-02 11:15:09|Type d'erreur inconnu : [8] Undefined index: Data - ligne 1913 dans le fichier F:\wamp\www\rugby\kernel\lib\pChart\class\pDraw.class.php
2012-11-02 11:15:09|Type d'erreur inconnu : [8] Undefined index: Data - ligne 100 dans le fichier F:\wamp\www\rugby\kernel\lib\pChart\class\pData.class.php
2012-11-02 11:15:09|Type d'erreur inconnu : [8] Undefined index: Data - ligne 100 dans le fichier F:\wamp\www\rugby\kernel\lib\pChart\class\pData.class.php
2012-11-02 10:46:07|Type d'erreur inconnu : [8] Trying to get property of non-object - ligne 24 dans le fichier F:\wamp\www\rugby\cache\4f8b4c043d9627a753d1278e787f7beac43b33b1.file.detail_in_fiche.tpl.php
2012-11-02 10:46:07|Type d'erreur inconnu : [8] Undefined variable: projet - ligne 291 dans le fichier F:\wamp\www\rugby\kernel\lib\smarty\sysplugins\smarty_internal_data.php
2012-11-02 10:45:53|Type d'erreur inconnu : [8] Trying to get property of non-object - ligne 24 dans le fichier F:\wamp\www\rugby\cache\4f8b4c043d9627a753d1278e787f7beac43b33b1.file.detail_in_fiche.tpl.php
2012-11-02 10:45:53|Type d'erreur inconnu : [8] Undefined variable: projet - ligne 291 dans le fichier F:\wamp\www\rugby\kernel\lib\smarty\sysplugins\smarty_internal_data.php
2012-11-02 10:45:53|Type d'erreur inconnu : [8] Undefined index: Confirm_suppression_projet - ligne 22 dans le fichier F:\wamp\www\rugby\cache\4f8b4c043d9627a753d1278e787f7beac43b33b1.file.detail_in_fiche.tpl.php
2012-11-02 10:31:28|Type d'erreur inconnu : [2] PDOStatement::execute(): SQLSTATE[42000]: Syntax error or access violation: 1064 You have an error in your SQL syntax; check the manual that corresponds to your MySQL server version for the right syntax to use near '' at line 1 - ligne 34 dans le fichier F:\wamp\www\rugby\kernel\core\DB\EPDO.php
2012-11-02 10:31:28|Type d'erreur inconnu : [2] PDO::quote() expects parameter 1 to be string, array given - ligne 49 dans le fichier F:\wamp\www\rugby\kernel\core\DB\Db.class.php
2012-11-02 10:31:28|Type d'erreur inconnu : [2] PDOStatement::execute(): SQLSTATE[42000]: Syntax error or access violation: 1064 You have an error in your SQL syntax; check the manual that corresponds to your MySQL server version for the right syntax to use near 'LIMIT 1' at line 3 - ligne 34 dans le fichier F:\wamp\www\rugby\kernel\core\DB\EPDO.php
2012-11-02 10:31:28|Type d'erreur inconnu : [2] PDO::quote() expects parameter 1 to be string, array given - ligne 130 dans le fichier F:\wamp\www\rugby\kernel\core\DB\Db.class.php
2012-11-02 10:31:28|Type d'erreur inconnu : [2] PDOStatement::execute(): SQLSTATE[42000]: Syntax error or access violation: 1064 You have an error in your SQL syntax; check the manual that corresponds to your MySQL server version for the right syntax to use near '' at line 1 - ligne 34 dans le fichier F:\wamp\www\rugby\kernel\core\DB\EPDO.php
2012-11-02 10:31:28|Type d'erreur inconnu : [2] PDO::quote() expects parameter 1 to be string, array given - ligne 49 dans le fichier F:\wamp\www\rugby\kernel\core\DB\Db.class.php
2012-11-02 10:31:28|Type d'erreur inconnu : [2] PDOStatement::execute(): SQLSTATE[42000]: Syntax error or access violation: 1064 You have an error in your SQL syntax; check the manual that corresponds to your MySQL server version for the right syntax to use near 'LIMIT 1' at line 3 - ligne 34 dans le fichier F:\wamp\www\rugby\kernel\core\DB\EPDO.php
2012-11-02 10:31:28|Type d'erreur inconnu : [2] PDO::quote() expects parameter 1 to be string, array given - ligne 130 dans le fichier F:\wamp\www\rugby\kernel\core\DB\Db.class.php
2012-11-02 10:31:25|Type d'erreur inconnu : [8] Undefined variable: joueur_id - ligne 53 dans le fichier F:\wamp\www\rugby\app\controller\projetFormationController.php
2012-11-02 10:15:38|Type d'erreur inconnu : [8] Trying to get property of non-object - ligne 103 dans le fichier F:\wamp\www\rugby\cache\63792a207589110b04bff47bed4d2b588273515d.file.edit.tpl.php
2012-11-02 10:15:38|Type d'erreur inconnu : [8] Undefined variable: projet - ligne 291 dans le fichier F:\wamp\www\rugby\kernel\lib\smarty\sysplugins\smarty_internal_data.php
2012-11-02 10:15:38|Type d'erreur inconnu : [8] Trying to get property of non-object - ligne 101 dans le fichier F:\wamp\www\rugby\cache\63792a207589110b04bff47bed4d2b588273515d.file.edit.tpl.php
2012-11-02 10:15:38|Type d'erreur inconnu : [8] Undefined variable: projet - ligne 291 dans le fichier F:\wamp\www\rugby\kernel\lib\smarty\sysplugins\smarty_internal_data.php
2012-11-02 10:15:38|Type d'erreur inconnu : [8] Trying to get property of non-object - ligne 99 dans le fichier F:\wamp\www\rugby\cache\63792a207589110b04bff47bed4d2b588273515d.file.edit.tpl.php
2012-11-02 10:15:38|Type d'erreur inconnu : [8] Undefined variable: projet - ligne 291 dans le fichier F:\wamp\www\rugby\kernel\lib\smarty\sysplugins\smarty_internal_data.php
2012-11-02 10:15:38|Type d'erreur inconnu : [8] Trying to get property of non-object - ligne 94 dans le fichier F:\wamp\www\rugby\cache\63792a207589110b04bff47bed4d2b588273515d.file.edit.tpl.php
2012-11-02 10:15:38|Type d'erreur inconnu : [8] Undefined variable: projet - ligne 291 dans le fichier F:\wamp\www\rugby\kernel\lib\smarty\sysplugins\smarty_internal_data.php
2012-11-02 10:15:38|Type d'erreur inconnu : [8] Trying to get property of non-object - ligne 87 dans le fichier F:\wamp\www\rugby\cache\63792a207589110b04bff47bed4d2b588273515d.file.edit.tpl.php
2012-11-02 10:15:38|Type d'erreur inconnu : [8] Undefined variable: projet - ligne 291 dans le fichier F:\wamp\www\rugby\kernel\lib\smarty\sysplugins\smarty_internal_data.php
2012-11-02 10:15:38|Type d'erreur inconnu : [8] Trying to get property of non-object - ligne 80 dans le fichier F:\wamp\www\rugby\cache\63792a207589110b04bff47bed4d2b588273515d.file.edit.tpl.php
2012-11-02 10:15:38|Type d'erreur inconnu : [8] Undefined variable: projet - ligne 291 dans le fichier F:\wamp\www\rugby\kernel\lib\smarty\sysplugins\smarty_internal_data.php
2012-11-02 10:15:38|Type d'erreur inconnu : [8] Trying to get property of non-object - ligne 71 dans le fichier F:\wamp\www\rugby\cache\63792a207589110b04bff47bed4d2b588273515d.file.edit.tpl.php
2012-11-02 10:15:38|Type d'erreur inconnu : [8] Undefined variable: projet - ligne 291 dans le fichier F:\wamp\www\rugby\kernel\lib\smarty\sysplugins\smarty_internal_data.php
2012-11-02 10:15:38|Type d'erreur inconnu : [8] Trying to get property of non-object - ligne 69 dans le fichier F:\wamp\www\rugby\cache\63792a207589110b04bff47bed4d2b588273515d.file.edit.tpl.php
2012-11-02 10:15:38|Type d'erreur inconnu : [8] Undefined variable: projet - ligne 291 dans le fichier F:\wamp\www\rugby\kernel\lib\smarty\sysplugins\smarty_internal_data.php
2012-11-02 10:15:38|Type d'erreur inconnu : [8] Trying to get property of non-object - ligne 67 dans le fichier F:\wamp\www\rugby\cache\63792a207589110b04bff47bed4d2b588273515d.file.edit.tpl.php
2012-11-02 10:15:38|Type d'erreur inconnu : [8] Undefined variable: projet - ligne 291 dans le fichier F:\wamp\www\rugby\kernel\lib\smarty\sysplugins\smarty_internal_data.php
2012-11-02 10:15:38|Type d'erreur inconnu : [8] Trying to get property of non-object - ligne 56 dans le fichier F:\wamp\www\rugby\cache\63792a207589110b04bff47bed4d2b588273515d.file.edit.tpl.php
2012-11-02 10:15:38|Type d'erreur inconnu : [8] Undefined variable: projet - ligne 291 dans le fichier F:\wamp\www\rugby\kernel\lib\smarty\sysplugins\smarty_internal_data.php
2012-11-02 10:15:38|Type d'erreur inconnu : [8] Trying to get property of non-object - ligne 55 dans le fichier F:\wamp\www\rugby\cache\63792a207589110b04bff47bed4d2b588273515d.file.edit.tpl.php
2012-11-02 10:15:38|Type d'erreur inconnu : [8] Undefined variable: projet - ligne 291 dans le fichier F:\wamp\www\rugby\kernel\lib\smarty\sysplugins\smarty_internal_data.php
2012-11-02 10:15:38|Type d'erreur inconnu : [8] Trying to get property of non-object - ligne 54 dans le fichier F:\wamp\www\rugby\cache\63792a207589110b04bff47bed4d2b588273515d.file.edit.tpl.php
2012-11-02 10:15:38|Type d'erreur inconnu : [8] Undefined variable: projet - ligne 291 dans le fichier F:\wamp\www\rugby\kernel\lib\smarty\sysplugins\smarty_internal_data.php
2012-11-02 10:01:02|Type d'erreur inconnu : [8] Undefined index: annee - ligne 27 dans le fichier F:\wamp\www\rugby\cache\4f8b4c043d9627a753d1278e787f7beac43b33b1.file.detail_in_fiche.tpl.php
2012-11-02 10:00:38|Type d'erreur inconnu : [8] Trying to get property of non-object - ligne 75 dans le fichier F:\wamp\www\rugby\app\controller\projetFormationController.php
2012-11-02 10:00:38|Type d'erreur inconnu : [8] Undefined index: manager - ligne 42 dans le fichier F:\wamp\www\rugby\kernel\core\Registry.class.php
2012-11-02 10:00:02|Type d'erreur inconnu : [8] Undefined variable: Projet - ligne 291 dans le fichier F:\wamp\www\rugby\kernel\lib\smarty\sysplugins\smarty_internal_data.php
2012-11-02 09:36:52|Type d'erreur inconnu : [8] Undefined index: Troisieme_annee - ligne 28 dans le fichier F:\wamp\www\rugby\cache\83478ba951ee27531836e9818a9be2cceaf48d62.file.tab_fiche.tpl.php
2012-11-02 09:36:52|Type d'erreur inconnu : [8] Undefined index: Deuxieme_annee - ligne 26 dans le fichier F:\wamp\www\rugby\cache\83478ba951ee27531836e9818a9be2cceaf48d62.file.tab_fiche.tpl.php
2012-11-02 09:36:52|Type d'erreur inconnu : [8] Undefined index: Premiere_annee - ligne 24 dans le fichier F:\wamp\www\rugby\cache\83478ba951ee27531836e9818a9be2cceaf48d62.file.tab_fiche.tpl.php
2012-11-02 09:36:18|Type d'erreur inconnu : [8] Undefined index: Court_terme - ligne 33 dans le fichier F:\wamp\www\rugby\cache\83478ba951ee27531836e9818a9be2cceaf48d62.file.tab_fiche.tpl.php
2012-11-02 09:36:18|Type d'erreur inconnu : [8] Undefined index: Troisieme_annee - ligne 28 dans le fichier F:\wamp\www\rugby\cache\83478ba951ee27531836e9818a9be2cceaf48d62.file.tab_fiche.tpl.php
2012-11-02 09:36:18|Type d'erreur inconnu : [8] Undefined index: Deuxieme_annee - ligne 26 dans le fichier F:\wamp\www\rugby\cache\83478ba951ee27531836e9818a9be2cceaf48d62.file.tab_fiche.tpl.php
2012-11-02 09:36:18|Type d'erreur inconnu : [8] Undefined index: Premiere_annee - ligne 24 dans le fichier F:\wamp\www\rugby\cache\83478ba951ee27531836e9818a9be2cceaf48d62.file.tab_fiche.tpl.php
2012-11-02 09:31:05|Type d'erreur inconnu : [2] PDOStatement::execute(): SQLSTATE[42000]: Syntax error or access violation: 1064 You have an error in your SQL syntax; check the manual that corresponds to your MySQL server version for the right syntax to use near 'AND pj.terme = '3'  AND pj.year = '3'' at line 1 - ligne 34 dans le fichier F:\wamp\www\rugby\kernel\core\DB\EPDO.php
2012-11-02 09:31:05|Type d'erreur inconnu : [2] PDO::quote() expects parameter 1 to be string, array given - ligne 130 dans le fichier F:\wamp\www\rugby\kernel\core\DB\Db.class.php
2012-11-02 09:31:05|Type d'erreur inconnu : [2] PDOStatement::execute(): SQLSTATE[42000]: Syntax error or access violation: 1064 You have an error in your SQL syntax; check the manual that corresponds to your MySQL server version for the right syntax to use near 'AND pj.terme = '3'  AND pj.year = '2'' at line 1 - ligne 34 dans le fichier F:\wamp\www\rugby\kernel\core\DB\EPDO.php
2012-11-02 09:31:05|Type d'erreur inconnu : [2] PDO::quote() expects parameter 1 to be string, array given - ligne 130 dans le fichier F:\wamp\www\rugby\kernel\core\DB\Db.class.php
2012-11-02 09:31:05|Type d'erreur inconnu : [2] PDOStatement::execute(): SQLSTATE[42000]: Syntax error or access violation: 1064 You have an error in your SQL syntax; check the manual that corresponds to your MySQL server version for the right syntax to use near 'AND pj.terme = '3'  AND pj.year = '1'' at line 1 - ligne 34 dans le fichier F:\wamp\www\rugby\kernel\core\DB\EPDO.php
2012-11-02 09:31:05|Type d'erreur inconnu : [2] PDO::quote() expects parameter 1 to be string, array given - ligne 130 dans le fichier F:\wamp\www\rugby\kernel\core\DB\Db.class.php
2012-11-02 09:31:05|Type d'erreur inconnu : [2] PDOStatement::execute(): SQLSTATE[42000]: Syntax error or access violation: 1064 You have an error in your SQL syntax; check the manual that corresponds to your MySQL server version for the right syntax to use near 'AND pj.terme = '2'  AND pj.year = '3'' at line 1 - ligne 34 dans le fichier F:\wamp\www\rugby\kernel\core\DB\EPDO.php
2012-11-02 09:31:05|Type d'erreur inconnu : [2] PDO::quote() expects parameter 1 to be string, array given - ligne 130 dans le fichier F:\wamp\www\rugby\kernel\core\DB\Db.class.php
2012-11-02 09:31:05|Type d'erreur inconnu : [2] PDOStatement::execute(): SQLSTATE[42000]: Syntax error or access violation: 1064 You have an error in your SQL syntax; check the manual that corresponds to your MySQL server version for the right syntax to use near 'AND pj.terme = '2'  AND pj.year = '2'' at line 1 - ligne 34 dans le fichier F:\wamp\www\rugby\kernel\core\DB\EPDO.php
2012-11-02 09:31:05|Type d'erreur inconnu : [2] PDO::quote() expects parameter 1 to be string, array given - ligne 130 dans le fichier F:\wamp\www\rugby\kernel\core\DB\Db.class.php
2012-11-02 09:31:05|Type d'erreur inconnu : [2] PDOStatement::execute(): SQLSTATE[42000]: Syntax error or access violation: 1064 You have an error in your SQL syntax; check the manual that corresponds to your MySQL server version for the right syntax to use near 'AND pj.terme = '2'  AND pj.year = '1'' at line 1 - ligne 34 dans le fichier F:\wamp\www\rugby\kernel\core\DB\EPDO.php
2012-11-02 09:31:05|Type d'erreur inconnu : [2] PDO::quote() expects parameter 1 to be string, array given - ligne 130 dans le fichier F:\wamp\www\rugby\kernel\core\DB\Db.class.php
2012-11-02 09:31:05|Type d'erreur inconnu : [2] PDOStatement::execute(): SQLSTATE[42000]: Syntax error or access violation: 1064 You have an error in your SQL syntax; check the manual that corresponds to your MySQL server version for the right syntax to use near 'AND pj.terme = '1'  AND pj.year = '3'' at line 1 - ligne 34 dans le fichier F:\wamp\www\rugby\kernel\core\DB\EPDO.php
2012-11-02 09:31:05|Type d'erreur inconnu : [2] PDO::quote() expects parameter 1 to be string, array given - ligne 130 dans le fichier F:\wamp\www\rugby\kernel\core\DB\Db.class.php
2012-11-02 09:31:05|Type d'erreur inconnu : [2] PDOStatement::execute(): SQLSTATE[42000]: Syntax error or access violation: 1064 You have an error in your SQL syntax; check the manual that corresponds to your MySQL server version for the right syntax to use near 'AND pj.terme = '1'  AND pj.year = '2'' at line 1 - ligne 34 dans le fichier F:\wamp\www\rugby\kernel\core\DB\EPDO.php
2012-11-02 09:31:05|Type d'erreur inconnu : [2] PDO::quote() expects parameter 1 to be string, array given - ligne 130 dans le fichier F:\wamp\www\rugby\kernel\core\DB\Db.class.php
2012-11-02 09:31:05|Type d'erreur inconnu : [2] PDOStatement::execute(): SQLSTATE[42000]: Syntax error or access violation: 1064 You have an error in your SQL syntax; check the manual that corresponds to your MySQL server version for the right syntax to use near 'AND pj.terme = '1'  AND pj.year = '1'' at line 1 - ligne 34 dans le fichier F:\wamp\www\rugby\kernel\core\DB\EPDO.php
2012-11-02 09:31:05|Type d'erreur inconnu : [2] PDO::quote() expects parameter 1 to be string, array given - ligne 130 dans le fichier F:\wamp\www\rugby\kernel\core\DB\Db.class.php
2012-11-02 09:30:15|Type d'erreur inconnu : [2] PDOStatement::execute(): SQLSTATE[42000]: Syntax error or access violation: 1064 You have an error in your SQL syntax; check the manual that corresponds to your MySQL server version for the right syntax to use near 'AND pj.terme = '3'  AND pj.year = '3'' at line 1 - ligne 34 dans le fichier F:\wamp\www\rugby\kernel\core\DB\EPDO.php
2012-11-02 09:30:15|Type d'erreur inconnu : [2] PDO::quote() expects parameter 1 to be string, array given - ligne 130 dans le fichier F:\wamp\www\rugby\kernel\core\DB\Db.class.php
2012-11-02 09:30:15|Type d'erreur inconnu : [2] PDOStatement::execute(): SQLSTATE[42000]: Syntax error or access violation: 1064 You have an error in your SQL syntax; check the manual that corresponds to your MySQL server version for the right syntax to use near 'AND pj.terme = '3'  AND pj.year = '2'' at line 1 - ligne 34 dans le fichier F:\wamp\www\rugby\kernel\core\DB\EPDO.php
2012-11-02 09:30:15|Type d'erreur inconnu : [2] PDO::quote() expects parameter 1 to be string, array given - ligne 130 dans le fichier F:\wamp\www\rugby\kernel\core\DB\Db.class.php
2012-11-02 09:30:15|Type d'erreur inconnu : [2] PDOStatement::execute(): SQLSTATE[42000]: Syntax error or access violation: 1064 You have an error in your SQL syntax; check the manual that corresponds to your MySQL server version for the right syntax to use near 'AND pj.terme = '3'  AND pj.year = '1'' at line 1 - ligne 34 dans le fichier F:\wamp\www\rugby\kernel\core\DB\EPDO.php
2012-11-02 09:30:15|Type d'erreur inconnu : [2] PDO::quote() expects parameter 1 to be string, array given - ligne 130 dans le fichier F:\wamp\www\rugby\kernel\core\DB\Db.class.php
2012-11-02 09:30:15|Type d'erreur inconnu : [2] PDOStatement::execute(): SQLSTATE[42000]: Syntax error or access violation: 1064 You have an error in your SQL syntax; check the manual that corresponds to your MySQL server version for the right syntax to use near 'AND pj.terme = '2'  AND pj.year = '3'' at line 1 - ligne 34 dans le fichier F:\wamp\www\rugby\kernel\core\DB\EPDO.php
2012-11-02 09:30:15|Type d'erreur inconnu : [2] PDO::quote() expects parameter 1 to be string, array given - ligne 130 dans le fichier F:\wamp\www\rugby\kernel\core\DB\Db.class.php
2012-11-02 09:30:15|Type d'erreur inconnu : [2] PDOStatement::execute(): SQLSTATE[42000]: Syntax error or access violation: 1064 You have an error in your SQL syntax; check the manual that corresponds to your MySQL server version for the right syntax to use near 'AND pj.terme = '2'  AND pj.year = '2'' at line 1 - ligne 34 dans le fichier F:\wamp\www\rugby\kernel\core\DB\EPDO.php
2012-11-02 09:30:15|Type d'erreur inconnu : [2] PDO::quote() expects parameter 1 to be string, array given - ligne 130 dans le fichier F:\wamp\www\rugby\kernel\core\DB\Db.class.php
2012-11-02 09:30:15|Type d'erreur inconnu : [2] PDOStatement::execute(): SQLSTATE[42000]: Syntax error or access violation: 1064 You have an error in your SQL syntax; check the manual that corresponds to your MySQL server version for the right syntax to use near 'AND pj.terme = '2'  AND pj.year = '1'' at line 1 - ligne 34 dans le fichier F:\wamp\www\rugby\kernel\core\DB\EPDO.php
2012-11-02 09:30:15|Type d'erreur inconnu : [2] PDO::quote() expects parameter 1 to be string, array given - ligne 130 dans le fichier F:\wamp\www\rugby\kernel\core\DB\Db.class.php
2012-11-02 09:30:15|Type d'erreur inconnu : [2] PDOStatement::execute(): SQLSTATE[42000]: Syntax error or access violation: 1064 You have an error in your SQL syntax; check the manual that corresponds to your MySQL server version for the right syntax to use near 'AND pj.terme = '1'  AND pj.year = '3'' at line 1 - ligne 34 dans le fichier F:\wamp\www\rugby\kernel\core\DB\EPDO.php
2012-11-02 09:30:15|Type d'erreur inconnu : [2] PDO::quote() expects parameter 1 to be string, array given - ligne 130 dans le fichier F:\wamp\www\rugby\kernel\core\DB\Db.class.php
2012-11-02 09:30:15|Type d'erreur inconnu : [2] PDOStatement::execute(): SQLSTATE[42000]: Syntax error or access violation: 1064 You have an error in your SQL syntax; check the manual that corresponds to your MySQL server version for the right syntax to use near 'AND pj.terme = '1'  AND pj.year = '2'' at line 1 - ligne 34 dans le fichier F:\wamp\www\rugby\kernel\core\DB\EPDO.php
2012-11-02 09:30:15|Type d'erreur inconnu : [2] PDO::quote() expects parameter 1 to be string, array given - ligne 130 dans le fichier F:\wamp\www\rugby\kernel\core\DB\Db.class.php
2012-11-02 09:30:15|Type d'erreur inconnu : [2] PDOStatement::execute(): SQLSTATE[42000]: Syntax error or access violation: 1064 You have an error in your SQL syntax; check the manual that corresponds to your MySQL server version for the right syntax to use near 'AND pj.terme = '1'  AND pj.year = '1'' at line 1 - ligne 34 dans le fichier F:\wamp\www\rugby\kernel\core\DB\EPDO.php
2012-11-02 09:30:15|Type d'erreur inconnu : [2] PDO::quote() expects parameter 1 to be string, array given - ligne 130 dans le fichier F:\wamp\www\rugby\kernel\core\DB\Db.class.php
2012-11-02 09:28:34|Type d'erreur inconnu : [2] PDOStatement::execute(): SQLSTATE[42000]: Syntax error or access violation: 1064 You have an error in your SQL syntax; check the manual that corresponds to your MySQL server version for the right syntax to use near 'AND pj.terme = '3'  AND year = '3'' at line 1 - ligne 34 dans le fichier F:\wamp\www\rugby\kernel\core\DB\EPDO.php
2012-11-02 09:28:34|Type d'erreur inconnu : [2] PDO::quote() expects parameter 1 to be string, array given - ligne 130 dans le fichier F:\wamp\www\rugby\kernel\core\DB\Db.class.php
2012-11-02 09:28:34|Type d'erreur inconnu : [2] PDOStatement::execute(): SQLSTATE[42000]: Syntax error or access violation: 1064 You have an error in your SQL syntax; check the manual that corresponds to your MySQL server version for the right syntax to use near 'AND pj.terme = '3'  AND year = '2'' at line 1 - ligne 34 dans le fichier F:\wamp\www\rugby\kernel\core\DB\EPDO.php
2012-11-02 09:28:34|Type d'erreur inconnu : [2] PDO::quote() expects parameter 1 to be string, array given - ligne 130 dans le fichier F:\wamp\www\rugby\kernel\core\DB\Db.class.php
2012-11-02 09:28:34|Type d'erreur inconnu : [2] PDOStatement::execute(): SQLSTATE[42000]: Syntax error or access violation: 1064 You have an error in your SQL syntax; check the manual that corresponds to your MySQL server version for the right syntax to use near 'AND pj.terme = '3'  AND year = '1'' at line 1 - ligne 34 dans le fichier F:\wamp\www\rugby\kernel\core\DB\EPDO.php
2012-11-02 09:28:34|Type d'erreur inconnu : [2] PDO::quote() expects parameter 1 to be string, array given - ligne 130 dans le fichier F:\wamp\www\rugby\kernel\core\DB\Db.class.php
2012-11-02 09:28:34|Type d'erreur inconnu : [2] PDOStatement::execute(): SQLSTATE[42000]: Syntax error or access violation: 1064 You have an error in your SQL syntax; check the manual that corresponds to your MySQL server version for the right syntax to use near 'AND pj.terme = '2'  AND year = '3'' at line 1 - ligne 34 dans le fichier F:\wamp\www\rugby\kernel\core\DB\EPDO.php
2012-11-02 09:28:34|Type d'erreur inconnu : [2] PDO::quote() expects parameter 1 to be string, array given - ligne 130 dans le fichier F:\wamp\www\rugby\kernel\core\DB\Db.class.php
2012-11-02 09:28:34|Type d'erreur inconnu : [2] PDOStatement::execute(): SQLSTATE[42000]: Syntax error or access violation: 1064 You have an error in your SQL syntax; check the manual that corresponds to your MySQL server version for the right syntax to use near 'AND pj.terme = '2'  AND year = '2'' at line 1 - ligne 34 dans le fichier F:\wamp\www\rugby\kernel\core\DB\EPDO.php
2012-11-02 09:28:34|Type d'erreur inconnu : [2] PDO::quote() expects parameter 1 to be string, array given - ligne 130 dans le fichier F:\wamp\www\rugby\kernel\core\DB\Db.class.php
2012-11-02 09:28:34|Type d'erreur inconnu : [2] PDOStatement::execute(): SQLSTATE[42000]: Syntax error or access violation: 1064 You have an error in your SQL syntax; check the manual that corresponds to your MySQL server version for the right syntax to use near 'AND pj.terme = '2'  AND year = '1'' at line 1 - ligne 34 dans le fichier F:\wamp\www\rugby\kernel\core\DB\EPDO.php
2012-11-02 09:28:34|Type d'erreur inconnu : [2] PDO::quote() expects parameter 1 to be string, array given - ligne 130 dans le fichier F:\wamp\www\rugby\kernel\core\DB\Db.class.php
2012-11-02 09:28:34|Type d'erreur inconnu : [2] PDOStatement::execute(): SQLSTATE[42000]: Syntax error or access violation: 1064 You have an error in your SQL syntax; check the manual that corresponds to your MySQL server version for the right syntax to use near 'AND pj.terme = '1'  AND year = '3'' at line 1 - ligne 34 dans le fichier F:\wamp\www\rugby\kernel\core\DB\EPDO.php
2012-11-02 09:28:34|Type d'erreur inconnu : [2] PDO::quote() expects parameter 1 to be string, array given - ligne 130 dans le fichier F:\wamp\www\rugby\kernel\core\DB\Db.class.php
2012-11-02 09:28:34|Type d'erreur inconnu : [2] PDOStatement::execute(): SQLSTATE[42000]: Syntax error or access violation: 1064 You have an error in your SQL syntax; check the manual that corresponds to your MySQL server version for the right syntax to use near 'AND pj.terme = '1'  AND year = '2'' at line 1 - ligne 34 dans le fichier F:\wamp\www\rugby\kernel\core\DB\EPDO.php
2012-11-02 09:28:34|Type d'erreur inconnu : [2] PDO::quote() expects parameter 1 to be string, array given - ligne 130 dans le fichier F:\wamp\www\rugby\kernel\core\DB\Db.class.php
2012-11-02 09:28:34|Type d'erreur inconnu : [2] PDOStatement::execute(): SQLSTATE[42000]: Syntax error or access violation: 1064 You have an error in your SQL syntax; check the manual that corresponds to your MySQL server version for the right syntax to use near 'AND pj.terme = '1'  AND year = '1'' at line 1 - ligne 34 dans le fichier F:\wamp\www\rugby\kernel\core\DB\EPDO.php
2012-11-02 09:28:34|Type d'erreur inconnu : [2] PDO::quote() expects parameter 1 to be string, array given - ligne 130 dans le fichier F:\wamp\www\rugby\kernel\core\DB\Db.class.php
2012-11-02 09:27:52|Type d'erreur inconnu : [8] Undefined variable: id - ligne 33 dans le fichier F:\wamp\www\rugby\app\model\projetFormationManager.php
2012-11-02 09:27:52|Type d'erreur inconnu : [8] Undefined variable: id - ligne 33 dans le fichier F:\wamp\www\rugby\app\model\projetFormationManager.php
2012-11-02 09:27:52|Type d'erreur inconnu : [8] Undefined variable: id - ligne 33 dans le fichier F:\wamp\www\rugby\app\model\projetFormationManager.php
2012-11-02 09:27:52|Type d'erreur inconnu : [8] Undefined variable: id - ligne 33 dans le fichier F:\wamp\www\rugby\app\model\projetFormationManager.php
2012-11-02 09:27:52|Type d'erreur inconnu : [8] Undefined variable: id - ligne 33 dans le fichier F:\wamp\www\rugby\app\model\projetFormationManager.php
2012-11-02 09:27:52|Type d'erreur inconnu : [8] Undefined variable: id - ligne 33 dans le fichier F:\wamp\www\rugby\app\model\projetFormationManager.php
2012-11-02 09:27:52|Type d'erreur inconnu : [8] Undefined variable: id - ligne 33 dans le fichier F:\wamp\www\rugby\app\model\projetFormationManager.php
2012-11-02 09:27:52|Type d'erreur inconnu : [8] Undefined variable: id - ligne 33 dans le fichier F:\wamp\www\rugby\app\model\projetFormationManager.php
2012-11-02 09:27:52|Type d'erreur inconnu : [8] Undefined variable: id - ligne 33 dans le fichier F:\wamp\www\rugby\app\model\projetFormationManager.php
2012-11-02 09:27:18|Type d'erreur inconnu : [8] Undefined property: stdClass::$projetFormation - ligne 47 dans le fichier F:\wamp\www\rugby\app\controller\projetFormationController.php
