2012-10-04 10:34:11|Type d'erreur inconnu : [8] Undefined index: musculation_exercice_add - ligne 22 dans le fichier F:\wamp\www\rugby\app\controller\musculationController.php
2012-10-04 10:34:09|Type d'erreur inconnu : [8] Undefined index: musculation_exercice_add - ligne 22 dans le fichier F:\wamp\www\rugby\app\controller\musculationController.php
2012-10-04 10:30:19|Type d'erreur inconnu : [8] Undefined index: musculation_exercice_edit - ligne 81 dans le fichier F:\wamp\www\rugby\cache\8c87efa98417c7609779172dfeed62abbf3fe7c5.file.index.tpl.php
2012-10-04 10:30:19|Type d'erreur inconnu : [8] Undefined index: musculation_exercice_edit - ligne 81 dans le fichier F:\wamp\www\rugby\cache\8c87efa98417c7609779172dfeed62abbf3fe7c5.file.index.tpl.php
2012-10-04 10:30:19|Type d'erreur inconnu : [8] Undefined index: musculation_exercice_edit - ligne 81 dans le fichier F:\wamp\www\rugby\cache\8c87efa98417c7609779172dfeed62abbf3fe7c5.file.index.tpl.php
2012-10-04 10:30:19|Type d'erreur inconnu : [8] Undefined index: musculation_exercice_add - ligne 43 dans le fichier F:\wamp\www\rugby\cache\8c87efa98417c7609779172dfeed62abbf3fe7c5.file.index.tpl.php
2012-10-04 10:30:16|Type d'erreur inconnu : [8] Undefined index: club_view - ligne 6 dans le fichier F:\wamp\www\rugby\app\controller\clubController.php
2012-10-04 10:11:33|Type d'erreur inconnu : [8] Undefined index: joueur_documents - ligne 77 dans le fichier F:\wamp\www\rugby\cache\b415c07a6526fd474484ca3eda6211bc9aab6d38.file.fiche_tab_documents.tpl.php
2012-10-04 10:04:49|Type d'erreur inconnu : [8] Undefined index: joueur_documents - ligne 77 dans le fichier F:\wamp\www\rugby\cache\b415c07a6526fd474484ca3eda6211bc9aab6d38.file.fiche_tab_documents.tpl.php
2012-10-04 10:01:35|Type d'erreur inconnu : [8] Undefined index: musculation_seance_delete - ligne 114 dans le fichier F:\wamp\www\rugby\cache\1118409be1b2d76713d63afc9268e5b5445af366.file.fiche_tab_muscu.tpl.php
2012-10-04 10:00:35|Type d'erreur inconnu : [8] Undefined index: musculation_seance_delete - ligne 134 dans le fichier F:\wamp\www\rugby\cache\1118409be1b2d76713d63afc9268e5b5445af366.file.fiche_tab_muscu.tpl.php
2012-10-04 10:00:35|Type d'erreur inconnu : [8] Undefined index: musculation_seance_delete - ligne 134 dans le fichier F:\wamp\www\rugby\cache\1118409be1b2d76713d63afc9268e5b5445af366.file.fiche_tab_muscu.tpl.php
2012-10-04 10:00:35|Type d'erreur inconnu : [8] Undefined index: musculation_seance_delete - ligne 114 dans le fichier F:\wamp\www\rugby\cache\1118409be1b2d76713d63afc9268e5b5445af366.file.fiche_tab_muscu.tpl.php
2012-10-04 09:58:35|Type d'erreur inconnu : [8] Undefined index: musculation_seance_delete - ligne 133 dans le fichier F:\wamp\www\rugby\cache\1118409be1b2d76713d63afc9268e5b5445af366.file.fiche_tab_muscu.tpl.php
2012-10-04 09:58:35|Type d'erreur inconnu : [8] Undefined index: musculation_seance_delete - ligne 133 dans le fichier F:\wamp\www\rugby\cache\1118409be1b2d76713d63afc9268e5b5445af366.file.fiche_tab_muscu.tpl.php
2012-10-04 09:58:35|Type d'erreur inconnu : [8] Undefined index: musculation_seance_delete - ligne 113 dans le fichier F:\wamp\www\rugby\cache\1118409be1b2d76713d63afc9268e5b5445af366.file.fiche_tab_muscu.tpl.php
2012-10-04 09:58:35|Type d'erreur inconnu : [8] Undefined index: musculation_seance_add - ligne 94 dans le fichier F:\wamp\www\rugby\cache\1118409be1b2d76713d63afc9268e5b5445af366.file.fiche_tab_muscu.tpl.php
2012-10-04 09:53:00|Type d'erreur inconnu : [8] Undefined index: musculation_seance_delete - ligne 129 dans le fichier F:\wamp\www\rugby\cache\1118409be1b2d76713d63afc9268e5b5445af366.file.fiche_tab_muscu.tpl.php
2012-10-04 09:53:00|Type d'erreur inconnu : [8] Undefined index: musculation_seance_delete - ligne 129 dans le fichier F:\wamp\www\rugby\cache\1118409be1b2d76713d63afc9268e5b5445af366.file.fiche_tab_muscu.tpl.php
2012-10-04 09:53:00|Type d'erreur inconnu : [8] Undefined index: musculation_seance_delete - ligne 109 dans le fichier F:\wamp\www\rugby\cache\1118409be1b2d76713d63afc9268e5b5445af366.file.fiche_tab_muscu.tpl.php
2012-10-04 09:53:00|Type d'erreur inconnu : [8] Undefined index: musculation_seance_add - ligne 90 dans le fichier F:\wamp\www\rugby\cache\1118409be1b2d76713d63afc9268e5b5445af366.file.fiche_tab_muscu.tpl.php
2012-10-04 09:51:26|Type d'erreur inconnu : [8] Undefined index: musculation_seance_delete - ligne 129 dans le fichier F:\wamp\www\rugby\cache\1118409be1b2d76713d63afc9268e5b5445af366.file.fiche_tab_muscu.tpl.php
2012-10-04 09:51:26|Type d'erreur inconnu : [8] Undefined index: musculation_seance_delete - ligne 129 dans le fichier F:\wamp\www\rugby\cache\1118409be1b2d76713d63afc9268e5b5445af366.file.fiche_tab_muscu.tpl.php
2012-10-04 09:51:26|Type d'erreur inconnu : [8] Undefined index: musculation_seance_delete - ligne 109 dans le fichier F:\wamp\www\rugby\cache\1118409be1b2d76713d63afc9268e5b5445af366.file.fiche_tab_muscu.tpl.php
2012-10-04 09:51:26|Type d'erreur inconnu : [8] Undefined index: musculation_seance_add - ligne 90 dans le fichier F:\wamp\www\rugby\cache\1118409be1b2d76713d63afc9268e5b5445af366.file.fiche_tab_muscu.tpl.php
2012-10-04 09:49:28|Type d'erreur inconnu : [8] Undefined index: musculation_seance_delete - ligne 129 dans le fichier F:\wamp\www\rugby\cache\1118409be1b2d76713d63afc9268e5b5445af366.file.fiche_tab_muscu.tpl.php
2012-10-04 09:49:28|Type d'erreur inconnu : [8] Undefined index: musculation_seance_delete - ligne 129 dans le fichier F:\wamp\www\rugby\cache\1118409be1b2d76713d63afc9268e5b5445af366.file.fiche_tab_muscu.tpl.php
2012-10-04 09:49:28|Type d'erreur inconnu : [8] Undefined index: musculation_seance_delete - ligne 109 dans le fichier F:\wamp\www\rugby\cache\1118409be1b2d76713d63afc9268e5b5445af366.file.fiche_tab_muscu.tpl.php
2012-10-04 09:49:28|Type d'erreur inconnu : [8] Undefined index: musculation_seance_add - ligne 90 dans le fichier F:\wamp\www\rugby\cache\1118409be1b2d76713d63afc9268e5b5445af366.file.fiche_tab_muscu.tpl.php
2012-10-04 09:48:25|Type d'erreur inconnu : [8] Undefined index: musculation_seance_delete - ligne 129 dans le fichier F:\wamp\www\rugby\cache\1118409be1b2d76713d63afc9268e5b5445af366.file.fiche_tab_muscu.tpl.php
2012-10-04 09:48:25|Type d'erreur inconnu : [8] Undefined index: musculation_seance_delete - ligne 129 dans le fichier F:\wamp\www\rugby\cache\1118409be1b2d76713d63afc9268e5b5445af366.file.fiche_tab_muscu.tpl.php
2012-10-04 09:48:25|Type d'erreur inconnu : [8] Undefined index: musculation_seance_delete - ligne 109 dans le fichier F:\wamp\www\rugby\cache\1118409be1b2d76713d63afc9268e5b5445af366.file.fiche_tab_muscu.tpl.php
2012-10-04 09:48:25|Type d'erreur inconnu : [8] Undefined index: musculation_seance_add - ligne 90 dans le fichier F:\wamp\www\rugby\cache\1118409be1b2d76713d63afc9268e5b5445af366.file.fiche_tab_muscu.tpl.php
2012-10-04 09:28:45|Type d'erreur inconnu : [8] Undefined variable: entrainement - ligne 291 dans le fichier F:\wamp\www\rugby\kernel\lib\smarty\sysplugins\smarty_internal_data.php
2012-10-04 09:28:45|Type d'erreur inconnu : [8] Undefined variable: entrainement - ligne 291 dans le fichier F:\wamp\www\rugby\kernel\lib\smarty\sysplugins\smarty_internal_data.php
2012-10-04 09:26:52|Type d'erreur inconnu : [8] Undefined variable: entrainement - ligne 291 dans le fichier F:\wamp\www\rugby\kernel\lib\smarty\sysplugins\smarty_internal_data.php
2012-10-04 09:26:52|Type d'erreur inconnu : [8] Undefined variable: entrainement - ligne 291 dans le fichier F:\wamp\www\rugby\kernel\lib\smarty\sysplugins\smarty_internal_data.php
2012-10-04 09:15:23|Type d'erreur inconnu : [2] PDOStatement::execute(): SQLSTATE[42S22]: Column not found: 1054 Unknown column 'cl.type' in 'where clause' - ligne 34 dans le fichier F:\wamp\www\rugby\kernel\core\DB\EPDO.php
2012-10-04 09:15:14|Type d'erreur inconnu : [2] PDOStatement::execute(): SQLSTATE[42S02]: Base table or view not found: 1051 Unknown table 'e' - ligne 34 dans le fichier F:\wamp\www\rugby\kernel\core\DB\EPDO.php
2012-10-04 09:06:12|Type d'erreur inconnu : [8] Undefined index: entrainement_view - ligne 6 dans le fichier F:\wamp\www\rugby\app\controller\entrainementController.php
2012-10-04 08:47:50|Type d'erreur inconnu : [8] Undefined index: entrainement_add - ligne 75 dans le fichier F:\wamp\www\rugby\app\controller\entrainementController.php
2012-10-04 06:50:30|Type d'erreur inconnu : [8] Undefined index: only_index - ligne 65 dans le fichier F:\wamp\www\rugby\kernel\core\Registry.class.php
2012-10-04 06:50:28|Type d'erreur inconnu : [8] Undefined index: only_index - ligne 65 dans le fichier F:\wamp\www\rugby\kernel\core\Registry.class.php
2012-10-04 06:50:26|Type d'erreur inconnu : [8] Undefined index: only_index - ligne 65 dans le fichier F:\wamp\www\rugby\kernel\core\Registry.class.php
2012-10-04 06:50:26|Type d'erreur inconnu : [8] Undefined index: musculation_exercice_edit - ligne 81 dans le fichier F:\wamp\www\rugby\cache\8c87efa98417c7609779172dfeed62abbf3fe7c5.file.index.tpl.php
2012-10-04 06:50:26|Type d'erreur inconnu : [8] Undefined index: musculation_exercice_edit - ligne 81 dans le fichier F:\wamp\www\rugby\cache\8c87efa98417c7609779172dfeed62abbf3fe7c5.file.index.tpl.php
2012-10-04 06:50:26|Type d'erreur inconnu : [8] Undefined index: musculation_exercice_edit - ligne 81 dans le fichier F:\wamp\www\rugby\cache\8c87efa98417c7609779172dfeed62abbf3fe7c5.file.index.tpl.php
2012-10-04 06:50:26|Type d'erreur inconnu : [8] Undefined index: musculation_exercice_add - ligne 43 dans le fichier F:\wamp\www\rugby\cache\8c87efa98417c7609779172dfeed62abbf3fe7c5.file.index.tpl.php
2012-10-04 06:50:25|Type d'erreur inconnu : [8] Undefined index: only_index - ligne 65 dans le fichier F:\wamp\www\rugby\kernel\core\Registry.class.php
2012-10-04 06:50:24|Type d'erreur inconnu : [8] Undefined index: only_index - ligne 65 dans le fichier F:\wamp\www\rugby\kernel\core\Registry.class.php
2012-10-04 06:50:22|Type d'erreur inconnu : [8] Undefined index: only_index - ligne 65 dans le fichier F:\wamp\www\rugby\kernel\core\Registry.class.php
2012-10-04 06:50:02|Type d'erreur inconnu : [8] Undefined index: only_index - ligne 65 dans le fichier F:\wamp\www\rugby\kernel\core\Registry.class.php
2012-10-04 06:31:12|Type d'erreur inconnu : [8] Undefined index: test_delete - ligne 76 dans le fichier F:\wamp\www\rugby\cache\132898aa3ab27062183ba17bcdb2611516bf17ff.file.index.tpl.php
2012-10-04 06:31:12|Type d'erreur inconnu : [8] Undefined index: test_delete - ligne 76 dans le fichier F:\wamp\www\rugby\cache\132898aa3ab27062183ba17bcdb2611516bf17ff.file.index.tpl.php
2012-10-04 06:31:12|Type d'erreur inconnu : [8] Undefined index: test_delete - ligne 76 dans le fichier F:\wamp\www\rugby\cache\132898aa3ab27062183ba17bcdb2611516bf17ff.file.index.tpl.php
2012-10-04 06:31:12|Type d'erreur inconnu : [8] Undefined index: test_delete - ligne 76 dans le fichier F:\wamp\www\rugby\cache\132898aa3ab27062183ba17bcdb2611516bf17ff.file.index.tpl.php
2012-10-04 06:31:12|Type d'erreur inconnu : [8] Undefined index: test_delete - ligne 76 dans le fichier F:\wamp\www\rugby\cache\132898aa3ab27062183ba17bcdb2611516bf17ff.file.index.tpl.php
2012-10-04 06:31:12|Type d'erreur inconnu : [8] Undefined index: test_add - ligne 42 dans le fichier F:\wamp\www\rugby\cache\132898aa3ab27062183ba17bcdb2611516bf17ff.file.index.tpl.php
2012-10-04 06:30:45|Type d'erreur inconnu : [2] Division by zero - ligne 1941 dans le fichier F:\wamp\www\rugby\kernel\lib\pChart\class\pDraw.class.php
2012-10-04 06:30:45|Type d'erreur inconnu : [8] Undefined index: Data - ligne 1913 dans le fichier F:\wamp\www\rugby\kernel\lib\pChart\class\pDraw.class.php
2012-10-04 06:30:45|Type d'erreur inconnu : [8] Undefined index: Data - ligne 100 dans le fichier F:\wamp\www\rugby\kernel\lib\pChart\class\pData.class.php
2012-10-04 06:30:45|Type d'erreur inconnu : [8] Undefined variable: data_img - ligne 446 dans le fichier F:\wamp\www\rugby\app\controller\joueurController.php
2012-10-04 06:29:29|Type d'erreur inconnu : [2] Division by zero - ligne 1941 dans le fichier F:\wamp\www\rugby\kernel\lib\pChart\class\pDraw.class.php
2012-10-04 06:29:29|Type d'erreur inconnu : [8] Undefined index: Data - ligne 1913 dans le fichier F:\wamp\www\rugby\kernel\lib\pChart\class\pDraw.class.php
2012-10-04 06:29:29|Type d'erreur inconnu : [8] Undefined index: Data - ligne 100 dans le fichier F:\wamp\www\rugby\kernel\lib\pChart\class\pData.class.php
2012-10-04 06:29:29|Type d'erreur inconnu : [8] Undefined variable: data_img - ligne 446 dans le fichier F:\wamp\www\rugby\app\controller\joueurController.php
2012-10-04 06:29:29|Type d'erreur inconnu : [8] Undefined index: Data - ligne 3775 dans le fichier F:\wamp\www\rugby\kernel\lib\pChart\class\pDraw.class.php
2012-10-04 06:29:29|Type d'erreur inconnu : [8] Undefined index: Data - ligne 3774 dans le fichier F:\wamp\www\rugby\kernel\lib\pChart\class\pDraw.class.php
2012-10-04 06:29:29|Type d'erreur inconnu : [8] Undefined index: Data - ligne 3772 dans le fichier F:\wamp\www\rugby\kernel\lib\pChart\class\pDraw.class.php
2012-10-04 06:29:29|Type d'erreur inconnu : [8] Undefined index: Data - ligne 3759 dans le fichier F:\wamp\www\rugby\kernel\lib\pChart\class\pDraw.class.php
2012-10-04 06:29:29|Type d'erreur inconnu : [2] Division by zero - ligne 1941 dans le fichier F:\wamp\www\rugby\kernel\lib\pChart\class\pDraw.class.php
2012-10-04 06:29:29|Type d'erreur inconnu : [8] Undefined index: Data - ligne 1913 dans le fichier F:\wamp\www\rugby\kernel\lib\pChart\class\pDraw.class.php
2012-10-04 06:29:29|Type d'erreur inconnu : [8] Undefined index: Data - ligne 100 dans le fichier F:\wamp\www\rugby\kernel\lib\pChart\class\pData.class.php
2012-10-04 06:29:29|Type d'erreur inconnu : [8] Undefined index: Data - ligne 100 dans le fichier F:\wamp\www\rugby\kernel\lib\pChart\class\pData.class.php
