2012-12-23 10:02:28|Type d'erreur inconnu : [8] Undefined index: Data - ligne 3775 dans le fichier D:\wamp\www\rugby\kernel\lib\pChart\class\pDraw.class.php
2012-12-23 10:02:28|Type d'erreur inconnu : [8] Undefined index: Data - ligne 3774 dans le fichier D:\wamp\www\rugby\kernel\lib\pChart\class\pDraw.class.php
2012-12-23 10:02:28|Type d'erreur inconnu : [8] Undefined index: Data - ligne 3772 dans le fichier D:\wamp\www\rugby\kernel\lib\pChart\class\pDraw.class.php
2012-12-23 10:02:28|Type d'erreur inconnu : [8] Undefined index: Data - ligne 3759 dans le fichier D:\wamp\www\rugby\kernel\lib\pChart\class\pDraw.class.php
2012-12-23 10:02:28|Type d'erreur inconnu : [2] Division by zero - ligne 1941 dans le fichier D:\wamp\www\rugby\kernel\lib\pChart\class\pDraw.class.php
2012-12-23 10:02:28|Type d'erreur inconnu : [8] Undefined index: Data - ligne 1913 dans le fichier D:\wamp\www\rugby\kernel\lib\pChart\class\pDraw.class.php
2012-12-23 10:02:28|Type d'erreur inconnu : [8] Undefined index: Data - ligne 100 dans le fichier D:\wamp\www\rugby\kernel\lib\pChart\class\pData.class.php
2012-12-23 10:02:28|Type d'erreur inconnu : [8] Undefined index: Data - ligne 100 dans le fichier D:\wamp\www\rugby\kernel\lib\pChart\class\pData.class.php
2012-12-23 10:02:28|Type d'erreur inconnu : [2] Division by zero - ligne 1941 dans le fichier D:\wamp\www\rugby\kernel\lib\pChart\class\pDraw.class.php
2012-12-23 10:02:28|Type d'erreur inconnu : [8] Undefined index: Data - ligne 1913 dans le fichier D:\wamp\www\rugby\kernel\lib\pChart\class\pDraw.class.php
2012-12-23 10:02:28|Type d'erreur inconnu : [8] Undefined index: Data - ligne 100 dans le fichier D:\wamp\www\rugby\kernel\lib\pChart\class\pData.class.php
2012-12-23 10:02:28|Type d'erreur inconnu : [8] Undefined variable: data_img - ligne 562 dans le fichier D:\wamp\www\rugby\app\controller\joueurController.php
2012-12-23 10:00:10|Type d'erreur inconnu : [8] Undefined index: Plan_n - ligne 139 dans le fichier D:\wamp\www\rugby\cache\d9439bab12f9d1de48835dc5a77e0e18afcc3330.file.dpp_ajax_form_add.tpl.php
2012-12-23 10:00:10|Type d'erreur inconnu : [8] Undefined index: Plan_n - ligne 132 dans le fichier D:\wamp\www\rugby\cache\d9439bab12f9d1de48835dc5a77e0e18afcc3330.file.dpp_ajax_form_add.tpl.php
2012-12-23 10:00:10|Type d'erreur inconnu : [8] Undefined index: Definition_du_projet - ligne 118 dans le fichier D:\wamp\www\rugby\cache\d9439bab12f9d1de48835dc5a77e0e18afcc3330.file.dpp_ajax_form_add.tpl.php
2012-12-23 09:56:28|Type d'erreur inconnu : [8] Undefined index: Definition_du_projet - ligne 118 dans le fichier D:\wamp\www\rugby\cache\d9439bab12f9d1de48835dc5a77e0e18afcc3330.file.dpp_ajax_form_add.tpl.php
2012-12-23 06:31:28|Type d'erreur inconnu : [8] Undefined index: Personnes_rencontrees_cf - ligne 35 dans le fichier D:\wamp\www\rugby\cache\d9439bab12f9d1de48835dc5a77e0e18afcc3330.file.dpp_ajax_form_add.tpl.php
2012-12-23 06:31:09|Type d'erreur inconnu : [2] PDOStatement::execute(): SQLSTATE[42S02]: Base table or view not found: 1146 Table 'rugby.pefixorganigramme_personne' doesn't exist - ligne 34 dans le fichier D:\wamp\www\rugby\kernel\core\DB\EPDO.php
2012-12-23 06:31:09|Type d'erreur inconnu : [8] Use of undefined constant PEFIX - assumed 'PEFIX' - ligne 80 dans le fichier D:\wamp\www\rugby\app\controller\scolaireController.php
2012-12-23 04:04:28|Type d'erreur inconnu : [8] Undefined index: Data - ligne 3775 dans le fichier D:\wamp\www\rugby\kernel\lib\pChart\class\pDraw.class.php
2012-12-23 04:04:28|Type d'erreur inconnu : [8] Undefined index: Data - ligne 3774 dans le fichier D:\wamp\www\rugby\kernel\lib\pChart\class\pDraw.class.php
2012-12-23 04:04:28|Type d'erreur inconnu : [8] Undefined index: Data - ligne 3772 dans le fichier D:\wamp\www\rugby\kernel\lib\pChart\class\pDraw.class.php
2012-12-23 04:04:28|Type d'erreur inconnu : [8] Undefined index: Data - ligne 3759 dans le fichier D:\wamp\www\rugby\kernel\lib\pChart\class\pDraw.class.php
2012-12-23 04:04:28|Type d'erreur inconnu : [2] Division by zero - ligne 1941 dans le fichier D:\wamp\www\rugby\kernel\lib\pChart\class\pDraw.class.php
2012-12-23 04:04:28|Type d'erreur inconnu : [8] Undefined index: Data - ligne 1913 dans le fichier D:\wamp\www\rugby\kernel\lib\pChart\class\pDraw.class.php
2012-12-23 04:04:28|Type d'erreur inconnu : [8] Undefined index: Data - ligne 100 dans le fichier D:\wamp\www\rugby\kernel\lib\pChart\class\pData.class.php
2012-12-23 04:04:28|Type d'erreur inconnu : [8] Undefined index: Data - ligne 100 dans le fichier D:\wamp\www\rugby\kernel\lib\pChart\class\pData.class.php
2012-12-23 04:04:28|Type d'erreur inconnu : [2] Division by zero - ligne 1941 dans le fichier D:\wamp\www\rugby\kernel\lib\pChart\class\pDraw.class.php
2012-12-23 04:04:28|Type d'erreur inconnu : [8] Undefined index: Data - ligne 1913 dans le fichier D:\wamp\www\rugby\kernel\lib\pChart\class\pDraw.class.php
2012-12-23 04:04:28|Type d'erreur inconnu : [8] Undefined index: Data - ligne 100 dans le fichier D:\wamp\www\rugby\kernel\lib\pChart\class\pData.class.php
2012-12-23 04:04:28|Type d'erreur inconnu : [8] Undefined variable: data_img - ligne 562 dans le fichier D:\wamp\www\rugby\app\controller\joueurController.php
2012-12-23 03:57:15|Type d'erreur inconnu : [8] Undefined index: Edition_boc - ligne 23 dans le fichier D:\wamp\www\rugby\cache\2f61f72f035a7a112f6a6edcee7372f81bd00e3d.file.boc_ajax_form_edit.tpl.php
2012-12-23 03:55:05|Type d'erreur inconnu : [8] Undefined index: Edition_boc - ligne 23 dans le fichier D:\wamp\www\rugby\cache\2f61f72f035a7a112f6a6edcee7372f81bd00e3d.file.boc_ajax_form_edit.tpl.php
2012-12-23 03:54:48|Type d'erreur inconnu : [8] Undefined variable: sportif_id - ligne 46 dans le fichier D:\wamp\www\rugby\app\controller\scolaireController.php
2012-12-23 03:52:57|Type d'erreur inconnu : [8] Undefined variable: sportif_id - ligne 45 dans le fichier D:\wamp\www\rugby\app\controller\scolaireController.php
2012-12-23 03:52:57|Type d'erreur inconnu : [8] Undefined variable: sportif_id - ligne 44 dans le fichier D:\wamp\www\rugby\app\controller\scolaireController.php
2012-12-23 01:01:08|Type d'erreur inconnu : [2] Division by zero - ligne 1941 dans le fichier D:\wamp\www\rugby\kernel\lib\pChart\class\pDraw.class.php
2012-12-23 01:01:08|Type d'erreur inconnu : [8] Undefined index: Data - ligne 1913 dans le fichier D:\wamp\www\rugby\kernel\lib\pChart\class\pDraw.class.php
2012-12-23 01:01:08|Type d'erreur inconnu : [8] Undefined index: Data - ligne 100 dans le fichier D:\wamp\www\rugby\kernel\lib\pChart\class\pData.class.php
2012-12-23 01:01:08|Type d'erreur inconnu : [8] Undefined variable: data_img - ligne 562 dans le fichier D:\wamp\www\rugby\app\controller\joueurController.php
2012-12-23 01:01:08|Type d'erreur inconnu : [8] Undefined index: Data - ligne 3775 dans le fichier D:\wamp\www\rugby\kernel\lib\pChart\class\pDraw.class.php
2012-12-23 01:01:08|Type d'erreur inconnu : [8] Undefined index: Data - ligne 3774 dans le fichier D:\wamp\www\rugby\kernel\lib\pChart\class\pDraw.class.php
2012-12-23 01:01:08|Type d'erreur inconnu : [8] Undefined index: Data - ligne 3772 dans le fichier D:\wamp\www\rugby\kernel\lib\pChart\class\pDraw.class.php
2012-12-23 01:01:08|Type d'erreur inconnu : [8] Undefined index: Data - ligne 3759 dans le fichier D:\wamp\www\rugby\kernel\lib\pChart\class\pDraw.class.php
2012-12-23 01:01:08|Type d'erreur inconnu : [2] Division by zero - ligne 1941 dans le fichier D:\wamp\www\rugby\kernel\lib\pChart\class\pDraw.class.php
2012-12-23 01:01:08|Type d'erreur inconnu : [8] Undefined index: Data - ligne 1913 dans le fichier D:\wamp\www\rugby\kernel\lib\pChart\class\pDraw.class.php
2012-12-23 01:01:07|Type d'erreur inconnu : [8] Undefined index: Data - ligne 100 dans le fichier D:\wamp\www\rugby\kernel\lib\pChart\class\pData.class.php
2012-12-23 01:01:07|Type d'erreur inconnu : [8] Undefined index: Data - ligne 100 dans le fichier D:\wamp\www\rugby\kernel\lib\pChart\class\pData.class.php
2012-12-23 12:23:35|Type d'erreur inconnu : [8] Undefined index: Data - ligne 3775 dans le fichier D:\wamp\www\rugby\kernel\lib\pChart\class\pDraw.class.php
2012-12-23 12:23:35|Type d'erreur inconnu : [8] Undefined index: Data - ligne 3774 dans le fichier D:\wamp\www\rugby\kernel\lib\pChart\class\pDraw.class.php
2012-12-23 12:23:35|Type d'erreur inconnu : [8] Undefined index: Data - ligne 3772 dans le fichier D:\wamp\www\rugby\kernel\lib\pChart\class\pDraw.class.php
2012-12-23 12:23:35|Type d'erreur inconnu : [8] Undefined index: Data - ligne 3759 dans le fichier D:\wamp\www\rugby\kernel\lib\pChart\class\pDraw.class.php
2012-12-23 12:23:35|Type d'erreur inconnu : [2] Division by zero - ligne 1941 dans le fichier D:\wamp\www\rugby\kernel\lib\pChart\class\pDraw.class.php
2012-12-23 12:23:35|Type d'erreur inconnu : [8] Undefined index: Data - ligne 1913 dans le fichier D:\wamp\www\rugby\kernel\lib\pChart\class\pDraw.class.php
2012-12-23 12:23:35|Type d'erreur inconnu : [8] Undefined index: Data - ligne 100 dans le fichier D:\wamp\www\rugby\kernel\lib\pChart\class\pData.class.php
2012-12-23 12:23:35|Type d'erreur inconnu : [8] Undefined index: Data - ligne 100 dans le fichier D:\wamp\www\rugby\kernel\lib\pChart\class\pData.class.php
2012-12-23 12:23:35|Type d'erreur inconnu : [2] Division by zero - ligne 1941 dans le fichier D:\wamp\www\rugby\kernel\lib\pChart\class\pDraw.class.php
2012-12-23 12:23:35|Type d'erreur inconnu : [8] Undefined index: Data - ligne 1913 dans le fichier D:\wamp\www\rugby\kernel\lib\pChart\class\pDraw.class.php
2012-12-23 12:23:35|Type d'erreur inconnu : [8] Undefined index: Data - ligne 100 dans le fichier D:\wamp\www\rugby\kernel\lib\pChart\class\pData.class.php
2012-12-23 12:23:35|Type d'erreur inconnu : [8] Undefined variable: data_img - ligne 562 dans le fichier D:\wamp\www\rugby\app\controller\joueurController.php
2012-12-23 10:16:42|Type d'erreur inconnu : [8] Undefined index: Data - ligne 3775 dans le fichier D:\wamp\www\rugby\kernel\lib\pChart\class\pDraw.class.php
2012-12-23 10:16:42|Type d'erreur inconnu : [8] Undefined index: Data - ligne 3774 dans le fichier D:\wamp\www\rugby\kernel\lib\pChart\class\pDraw.class.php
2012-12-23 10:16:42|Type d'erreur inconnu : [8] Undefined index: Data - ligne 3772 dans le fichier D:\wamp\www\rugby\kernel\lib\pChart\class\pDraw.class.php
2012-12-23 10:16:42|Type d'erreur inconnu : [8] Undefined index: Data - ligne 3759 dans le fichier D:\wamp\www\rugby\kernel\lib\pChart\class\pDraw.class.php
2012-12-23 10:16:42|Type d'erreur inconnu : [2] Division by zero - ligne 1941 dans le fichier D:\wamp\www\rugby\kernel\lib\pChart\class\pDraw.class.php
2012-12-23 10:16:42|Type d'erreur inconnu : [8] Undefined index: Data - ligne 1913 dans le fichier D:\wamp\www\rugby\kernel\lib\pChart\class\pDraw.class.php
2012-12-23 10:16:42|Type d'erreur inconnu : [8] Undefined index: Data - ligne 100 dans le fichier D:\wamp\www\rugby\kernel\lib\pChart\class\pData.class.php
2012-12-23 10:16:42|Type d'erreur inconnu : [8] Undefined index: Data - ligne 100 dans le fichier D:\wamp\www\rugby\kernel\lib\pChart\class\pData.class.php
2012-12-23 10:16:42|Type d'erreur inconnu : [2] Division by zero - ligne 1941 dans le fichier D:\wamp\www\rugby\kernel\lib\pChart\class\pDraw.class.php
2012-12-23 10:16:42|Type d'erreur inconnu : [8] Undefined index: Data - ligne 1913 dans le fichier D:\wamp\www\rugby\kernel\lib\pChart\class\pDraw.class.php
2012-12-23 10:16:42|Type d'erreur inconnu : [8] Undefined index: Data - ligne 100 dans le fichier D:\wamp\www\rugby\kernel\lib\pChart\class\pData.class.php
2012-12-23 10:16:42|Type d'erreur inconnu : [8] Undefined variable: data_img - ligne 562 dans le fichier D:\wamp\www\rugby\app\controller\joueurController.php
2012-12-23 09:47:37|Type d'erreur inconnu : [8] Undefined index: Data - ligne 3775 dans le fichier D:\wamp\www\rugby\kernel\lib\pChart\class\pDraw.class.php
2012-12-23 09:47:37|Type d'erreur inconnu : [8] Undefined index: Data - ligne 3774 dans le fichier D:\wamp\www\rugby\kernel\lib\pChart\class\pDraw.class.php
2012-12-23 09:47:37|Type d'erreur inconnu : [8] Undefined index: Data - ligne 3772 dans le fichier D:\wamp\www\rugby\kernel\lib\pChart\class\pDraw.class.php
2012-12-23 09:47:37|Type d'erreur inconnu : [8] Undefined index: Data - ligne 3759 dans le fichier D:\wamp\www\rugby\kernel\lib\pChart\class\pDraw.class.php
2012-12-23 09:47:37|Type d'erreur inconnu : [2] Division by zero - ligne 1941 dans le fichier D:\wamp\www\rugby\kernel\lib\pChart\class\pDraw.class.php
2012-12-23 09:47:37|Type d'erreur inconnu : [8] Undefined index: Data - ligne 1913 dans le fichier D:\wamp\www\rugby\kernel\lib\pChart\class\pDraw.class.php
2012-12-23 09:47:37|Type d'erreur inconnu : [8] Undefined index: Data - ligne 100 dans le fichier D:\wamp\www\rugby\kernel\lib\pChart\class\pData.class.php
2012-12-23 09:47:37|Type d'erreur inconnu : [8] Undefined index: Data - ligne 100 dans le fichier D:\wamp\www\rugby\kernel\lib\pChart\class\pData.class.php
2012-12-23 09:47:37|Type d'erreur inconnu : [2] Division by zero - ligne 1941 dans le fichier D:\wamp\www\rugby\kernel\lib\pChart\class\pDraw.class.php
2012-12-23 09:47:37|Type d'erreur inconnu : [8] Undefined index: Data - ligne 1913 dans le fichier D:\wamp\www\rugby\kernel\lib\pChart\class\pDraw.class.php
2012-12-23 09:47:37|Type d'erreur inconnu : [8] Undefined index: Data - ligne 100 dans le fichier D:\wamp\www\rugby\kernel\lib\pChart\class\pData.class.php
2012-12-23 09:47:37|Type d'erreur inconnu : [8] Undefined variable: data_img - ligne 562 dans le fichier D:\wamp\www\rugby\app\controller\joueurController.php
