2012-11-26 09:46:46|Type d'erreur inconnu : [2] require_once(\indexController.php): failed to open stream: No such file or directory - ligne 95 dans le fichier F:\wamp\www\rugby\kernel\core\Router.class.php
2012-11-26 09:43:06|Type d'erreur inconnu : [2] require_once(\indexController.php): failed to open stream: No such file or directory - ligne 95 dans le fichier F:\wamp\www\rugby\kernel\core\Router.class.php
2012-11-26 09:43:04|Type d'erreur inconnu : [2] require_once(\indexController.php): failed to open stream: No such file or directory - ligne 95 dans le fichier F:\wamp\www\rugby\kernel\core\Router.class.php
2012-11-26 09:43:01|Type d'erreur inconnu : [2] require_once(\indexController.php): failed to open stream: No such file or directory - ligne 95 dans le fichier F:\wamp\www\rugby\kernel\core\Router.class.php
2012-11-26 09:42:58|Type d'erreur inconnu : [2] require_once(\indexController.php): failed to open stream: No such file or directory - ligne 95 dans le fichier F:\wamp\www\rugby\kernel\core\Router.class.php
2012-11-26 09:41:56|Type d'erreur inconnu : [2] require_once(\indexController.php): failed to open stream: No such file or directory - ligne 95 dans le fichier F:\wamp\www\rugby\kernel\core\Router.class.php
2012-11-26 09:41:54|Type d'erreur inconnu : [2] require_once(\indexController.php): failed to open stream: No such file or directory - ligne 95 dans le fichier F:\wamp\www\rugby\kernel\core\Router.class.php
2012-11-26 08:52:45|Type d'erreur inconnu : [2] require_once(\indexController.php): failed to open stream: No such file or directory - ligne 95 dans le fichier F:\wamp\www\rugby\kernel\core\Router.class.php
2012-11-26 08:52:38|Type d'erreur inconnu : [2] require_once(\indexController.php): failed to open stream: No such file or directory - ligne 95 dans le fichier F:\wamp\www\rugby\kernel\core\Router.class.php
2012-11-26 08:52:35|Type d'erreur inconnu : [2] require_once(\indexController.php): failed to open stream: No such file or directory - ligne 95 dans le fichier F:\wamp\www\rugby\kernel\core\Router.class.php
2012-11-26 08:52:29|Type d'erreur inconnu : [2] require_once(\indexController.php): failed to open stream: No such file or directory - ligne 95 dans le fichier F:\wamp\www\rugby\kernel\core\Router.class.php
2012-11-26 08:52:25|Type d'erreur inconnu : [2] require_once(\indexController.php): failed to open stream: No such file or directory - ligne 95 dans le fichier F:\wamp\www\rugby\kernel\core\Router.class.php
2012-11-26 08:52:21|Type d'erreur inconnu : [2] require_once(\indexController.php): failed to open stream: No such file or directory - ligne 95 dans le fichier F:\wamp\www\rugby\kernel\core\Router.class.php
2012-11-26 08:52:08|Type d'erreur inconnu : [2] require_once(\indexController.php): failed to open stream: No such file or directory - ligne 95 dans le fichier F:\wamp\www\rugby\kernel\core\Router.class.php
2012-11-26 08:51:11|Type d'erreur inconnu : [2] require_once(\indexController.php): failed to open stream: No such file or directory - ligne 95 dans le fichier F:\wamp\www\rugby\kernel\core\Router.class.php
2012-11-26 08:51:07|Type d'erreur inconnu : [2] require_once(\indexController.php): failed to open stream: No such file or directory - ligne 95 dans le fichier F:\wamp\www\rugby\kernel\core\Router.class.php
2012-11-26 08:50:58|Type d'erreur inconnu : [2] require_once(\indexController.php): failed to open stream: No such file or directory - ligne 95 dans le fichier F:\wamp\www\rugby\kernel\core\Router.class.php
2012-11-26 08:46:36|Type d'erreur inconnu : [2] require_once(\indexController.php): failed to open stream: No such file or directory - ligne 95 dans le fichier F:\wamp\www\rugby\kernel\core\Router.class.php
2012-11-26 08:46:26|Type d'erreur inconnu : [2] require_once(\indexController.php): failed to open stream: No such file or directory - ligne 95 dans le fichier F:\wamp\www\rugby\kernel\core\Router.class.php
2012-11-26 08:45:54|Type d'erreur inconnu : [2] require_once(\indexController.php): failed to open stream: No such file or directory - ligne 95 dans le fichier F:\wamp\www\rugby\kernel\core\Router.class.php
2012-11-26 08:45:34|Type d'erreur inconnu : [2] require_once(\indexController.php): failed to open stream: No such file or directory - ligne 95 dans le fichier F:\wamp\www\rugby\kernel\core\Router.class.php
2012-11-26 08:45:28|Type d'erreur inconnu : [2] require_once(\indexController.php): failed to open stream: No such file or directory - ligne 95 dans le fichier F:\wamp\www\rugby\kernel\core\Router.class.php
2012-11-26 08:45:25|Type d'erreur inconnu : [2] require_once(\indexController.php): failed to open stream: No such file or directory - ligne 95 dans le fichier F:\wamp\www\rugby\kernel\core\Router.class.php
2012-11-26 08:45:23|Type d'erreur inconnu : [2] require_once(\indexController.php): failed to open stream: No such file or directory - ligne 95 dans le fichier F:\wamp\www\rugby\kernel\core\Router.class.php
2012-11-26 08:44:03|Type d'erreur inconnu : [2] require_once(\indexController.php): failed to open stream: No such file or directory - ligne 95 dans le fichier F:\wamp\www\rugby\kernel\core\Router.class.php
2012-11-26 08:43:58|Type d'erreur inconnu : [2] require_once(\indexController.php): failed to open stream: No such file or directory - ligne 95 dans le fichier F:\wamp\www\rugby\kernel\core\Router.class.php
2012-11-26 08:43:06|Type d'erreur inconnu : [2] require_once(\indexController.php): failed to open stream: No such file or directory - ligne 95 dans le fichier F:\wamp\www\rugby\kernel\core\Router.class.php
2012-11-26 08:41:20|Type d'erreur inconnu : [2] require_once(\indexController.php): failed to open stream: No such file or directory - ligne 95 dans le fichier F:\wamp\www\rugby\kernel\core\Router.class.php
2012-11-26 08:41:18|Type d'erreur inconnu : [2] require_once(\indexController.php): failed to open stream: No such file or directory - ligne 95 dans le fichier F:\wamp\www\rugby\kernel\core\Router.class.php
2012-11-26 08:40:55|Type d'erreur inconnu : [2] require_once(\indexController.php): failed to open stream: No such file or directory - ligne 95 dans le fichier F:\wamp\www\rugby\kernel\core\Router.class.php
2012-11-26 08:40:48|Type d'erreur inconnu : [2] require_once(\indexController.php): failed to open stream: No such file or directory - ligne 95 dans le fichier F:\wamp\www\rugby\kernel\core\Router.class.php
2012-11-26 08:40:34|Type d'erreur inconnu : [2] require_once(\indexController.php): failed to open stream: No such file or directory - ligne 95 dans le fichier F:\wamp\www\rugby\kernel\core\Router.class.php
2012-11-26 08:40:12|Type d'erreur inconnu : [2] require_once(\indexController.php): failed to open stream: No such file or directory - ligne 95 dans le fichier F:\wamp\www\rugby\kernel\core\Router.class.php
2012-11-26 08:40:11|Type d'erreur inconnu : [8] Undefined index: Zones - ligne 112 dans le fichier F:\wamp\www\rugby\cache\c433da3ff078d6d2a33a82c30e0bab546e74e3ab.file.exercice_fiche.tpl.php
2012-11-26 08:38:37|Type d'erreur inconnu : [2] require_once(\indexController.php): failed to open stream: No such file or directory - ligne 95 dans le fichier F:\wamp\www\rugby\kernel\core\Router.class.php
2012-11-26 08:38:37|Type d'erreur inconnu : [8] Undefined index: Zones - ligne 112 dans le fichier F:\wamp\www\rugby\cache\c433da3ff078d6d2a33a82c30e0bab546e74e3ab.file.exercice_fiche.tpl.php
2012-11-26 08:37:50|Type d'erreur inconnu : [2] require_once(\indexController.php): failed to open stream: No such file or directory - ligne 95 dans le fichier F:\wamp\www\rugby\kernel\core\Router.class.php
2012-11-26 08:36:29|Type d'erreur inconnu : [2] require_once(\indexController.php): failed to open stream: No such file or directory - ligne 95 dans le fichier F:\wamp\www\rugby\kernel\core\Router.class.php
2012-11-26 08:35:31|Type d'erreur inconnu : [2] require_once(\indexController.php): failed to open stream: No such file or directory - ligne 95 dans le fichier F:\wamp\www\rugby\kernel\core\Router.class.php
2012-11-26 08:35:28|Type d'erreur inconnu : [2] require_once(\indexController.php): failed to open stream: No such file or directory - ligne 95 dans le fichier F:\wamp\www\rugby\kernel\core\Router.class.php
2012-11-26 08:34:58|Type d'erreur inconnu : [2] require_once(\indexController.php): failed to open stream: No such file or directory - ligne 95 dans le fichier F:\wamp\www\rugby\kernel\core\Router.class.php
2012-11-26 08:34:55|Type d'erreur inconnu : [2] require_once(\indexController.php): failed to open stream: No such file or directory - ligne 95 dans le fichier F:\wamp\www\rugby\kernel\core\Router.class.php
2012-11-26 08:34:55|Type d'erreur inconnu : [2] Invalid argument supplied for foreach() - ligne 231 dans le fichier F:\wamp\www\rugby\kernel\core\DB\Db.class.php
2012-11-26 08:34:55|Type d'erreur inconnu : [2] Invalid argument supplied for foreach() - ligne 224 dans le fichier F:\wamp\www\rugby\kernel\core\DB\Db.class.php
2012-11-26 08:34:55|Type d'erreur inconnu : [2] Invalid argument supplied for foreach() - ligne 231 dans le fichier F:\wamp\www\rugby\kernel\core\DB\Db.class.php
2012-11-26 08:34:55|Type d'erreur inconnu : [2] Invalid argument supplied for foreach() - ligne 224 dans le fichier F:\wamp\www\rugby\kernel\core\DB\Db.class.php
2012-11-26 08:34:48|Type d'erreur inconnu : [2] require_once(\indexController.php): failed to open stream: No such file or directory - ligne 95 dans le fichier F:\wamp\www\rugby\kernel\core\Router.class.php
2012-11-26 08:34:46|Type d'erreur inconnu : [2] require_once(\indexController.php): failed to open stream: No such file or directory - ligne 95 dans le fichier F:\wamp\www\rugby\kernel\core\Router.class.php
2012-11-26 08:34:32|Type d'erreur inconnu : [2] require_once(\indexController.php): failed to open stream: No such file or directory - ligne 95 dans le fichier F:\wamp\www\rugby\kernel\core\Router.class.php
2012-11-26 08:34:28|Type d'erreur inconnu : [2] require_once(\indexController.php): failed to open stream: No such file or directory - ligne 95 dans le fichier F:\wamp\www\rugby\kernel\core\Router.class.php
2012-11-26 08:34:28|Type d'erreur inconnu : [2] Invalid argument supplied for foreach() - ligne 231 dans le fichier F:\wamp\www\rugby\kernel\core\DB\Db.class.php
2012-11-26 08:34:28|Type d'erreur inconnu : [2] Invalid argument supplied for foreach() - ligne 224 dans le fichier F:\wamp\www\rugby\kernel\core\DB\Db.class.php
2012-11-26 08:34:28|Type d'erreur inconnu : [2] Invalid argument supplied for foreach() - ligne 231 dans le fichier F:\wamp\www\rugby\kernel\core\DB\Db.class.php
2012-11-26 08:34:28|Type d'erreur inconnu : [2] Invalid argument supplied for foreach() - ligne 224 dans le fichier F:\wamp\www\rugby\kernel\core\DB\Db.class.php
2012-11-26 08:34:20|Type d'erreur inconnu : [2] require_once(\indexController.php): failed to open stream: No such file or directory - ligne 95 dans le fichier F:\wamp\www\rugby\kernel\core\Router.class.php
2012-11-26 08:34:18|Type d'erreur inconnu : [2] require_once(\indexController.php): failed to open stream: No such file or directory - ligne 95 dans le fichier F:\wamp\www\rugby\kernel\core\Router.class.php
2012-11-26 08:34:14|Type d'erreur inconnu : [2] require_once(\indexController.php): failed to open stream: No such file or directory - ligne 95 dans le fichier F:\wamp\www\rugby\kernel\core\Router.class.php
2012-11-26 08:34:02|Type d'erreur inconnu : [2] require_once(\indexController.php): failed to open stream: No such file or directory - ligne 95 dans le fichier F:\wamp\www\rugby\kernel\core\Router.class.php
2012-11-26 08:32:42|Type d'erreur inconnu : [2] require_once(\indexController.php): failed to open stream: No such file or directory - ligne 95 dans le fichier F:\wamp\www\rugby\kernel\core\Router.class.php
2012-11-26 08:31:49|Type d'erreur inconnu : [2] require_once(\indexController.php): failed to open stream: No such file or directory - ligne 95 dans le fichier F:\wamp\www\rugby\kernel\core\Router.class.php
2012-11-26 08:31:47|Type d'erreur inconnu : [2] require_once(\indexController.php): failed to open stream: No such file or directory - ligne 95 dans le fichier F:\wamp\www\rugby\kernel\core\Router.class.php
2012-11-26 08:31:45|Type d'erreur inconnu : [2] require_once(\indexController.php): failed to open stream: No such file or directory - ligne 95 dans le fichier F:\wamp\www\rugby\kernel\core\Router.class.php
2012-11-26 08:31:43|Type d'erreur inconnu : [2] require_once(\indexController.php): failed to open stream: No such file or directory - ligne 95 dans le fichier F:\wamp\www\rugby\kernel\core\Router.class.php
2012-11-26 08:31:38|Type d'erreur inconnu : [2] require_once(\indexController.php): failed to open stream: No such file or directory - ligne 95 dans le fichier F:\wamp\www\rugby\kernel\core\Router.class.php
2012-11-26 08:31:04|Type d'erreur inconnu : [2] require_once(\indexController.php): failed to open stream: No such file or directory - ligne 95 dans le fichier F:\wamp\www\rugby\kernel\core\Router.class.php
2012-11-26 08:31:02|Type d'erreur inconnu : [2] require_once(\indexController.php): failed to open stream: No such file or directory - ligne 95 dans le fichier F:\wamp\www\rugby\kernel\core\Router.class.php
2012-11-26 08:25:00|Type d'erreur inconnu : [2] require_once(\indexController.php): failed to open stream: No such file or directory - ligne 95 dans le fichier F:\wamp\www\rugby\kernel\core\Router.class.php
2012-11-26 08:24:37|Type d'erreur inconnu : [2] require_once(\indexController.php): failed to open stream: No such file or directory - ligne 95 dans le fichier F:\wamp\www\rugby\kernel\core\Router.class.php
2012-11-26 08:24:37|Type d'erreur inconnu : [8] Undefined index: zone_id - ligne 56 dans le fichier F:\wamp\www\rugby\cache\8c87efa98417c7609779172dfeed62abbf3fe7c5.file.index.tpl.php
2012-11-26 08:24:37|Type d'erreur inconnu : [8] Undefined index: zone_id - ligne 56 dans le fichier F:\wamp\www\rugby\cache\8c87efa98417c7609779172dfeed62abbf3fe7c5.file.index.tpl.php
2012-11-26 08:24:37|Type d'erreur inconnu : [8] Undefined index: zone_id - ligne 56 dans le fichier F:\wamp\www\rugby\cache\8c87efa98417c7609779172dfeed62abbf3fe7c5.file.index.tpl.php
2012-11-26 08:24:37|Type d'erreur inconnu : [8] Undefined index: zone_id - ligne 56 dans le fichier F:\wamp\www\rugby\cache\8c87efa98417c7609779172dfeed62abbf3fe7c5.file.index.tpl.php
2012-11-26 08:24:37|Type d'erreur inconnu : [8] Undefined index: zone_id - ligne 56 dans le fichier F:\wamp\www\rugby\cache\8c87efa98417c7609779172dfeed62abbf3fe7c5.file.index.tpl.php
2012-11-26 08:24:37|Type d'erreur inconnu : [8] Undefined index: zone_id - ligne 56 dans le fichier F:\wamp\www\rugby\cache\8c87efa98417c7609779172dfeed62abbf3fe7c5.file.index.tpl.php
2012-11-26 08:24:37|Type d'erreur inconnu : [8] Undefined index: zone_id - ligne 56 dans le fichier F:\wamp\www\rugby\cache\8c87efa98417c7609779172dfeed62abbf3fe7c5.file.index.tpl.php
2012-11-26 08:24:37|Type d'erreur inconnu : [8] Undefined index: zone_id - ligne 56 dans le fichier F:\wamp\www\rugby\cache\8c87efa98417c7609779172dfeed62abbf3fe7c5.file.index.tpl.php
2012-11-26 08:24:37|Type d'erreur inconnu : [8] Undefined index: zone_id - ligne 56 dans le fichier F:\wamp\www\rugby\cache\8c87efa98417c7609779172dfeed62abbf3fe7c5.file.index.tpl.php
2012-11-26 08:24:11|Type d'erreur inconnu : [2] require_once(\indexController.php): failed to open stream: No such file or directory - ligne 95 dans le fichier F:\wamp\www\rugby\kernel\core\Router.class.php
2012-11-26 08:24:11|Type d'erreur inconnu : [8] Undefined index: muscle_travail - ligne 58 dans le fichier F:\wamp\www\rugby\cache\8c87efa98417c7609779172dfeed62abbf3fe7c5.file.index.tpl.php
2012-11-26 08:24:11|Type d'erreur inconnu : [8] Undefined index: zone - ligne 57 dans le fichier F:\wamp\www\rugby\cache\8c87efa98417c7609779172dfeed62abbf3fe7c5.file.index.tpl.php
2012-11-26 08:24:11|Type d'erreur inconnu : [8] Undefined index: zone_id - ligne 56 dans le fichier F:\wamp\www\rugby\cache\8c87efa98417c7609779172dfeed62abbf3fe7c5.file.index.tpl.php
2012-11-26 08:24:11|Type d'erreur inconnu : [8] Undefined index: muscle_travail - ligne 58 dans le fichier F:\wamp\www\rugby\cache\8c87efa98417c7609779172dfeed62abbf3fe7c5.file.index.tpl.php
2012-11-26 08:24:11|Type d'erreur inconnu : [8] Undefined index: zone - ligne 57 dans le fichier F:\wamp\www\rugby\cache\8c87efa98417c7609779172dfeed62abbf3fe7c5.file.index.tpl.php
2012-11-26 08:24:11|Type d'erreur inconnu : [8] Undefined index: zone_id - ligne 56 dans le fichier F:\wamp\www\rugby\cache\8c87efa98417c7609779172dfeed62abbf3fe7c5.file.index.tpl.php
2012-11-26 08:24:11|Type d'erreur inconnu : [8] Undefined index: muscle_travail - ligne 58 dans le fichier F:\wamp\www\rugby\cache\8c87efa98417c7609779172dfeed62abbf3fe7c5.file.index.tpl.php
2012-11-26 08:24:11|Type d'erreur inconnu : [8] Undefined index: zone - ligne 57 dans le fichier F:\wamp\www\rugby\cache\8c87efa98417c7609779172dfeed62abbf3fe7c5.file.index.tpl.php
2012-11-26 08:24:11|Type d'erreur inconnu : [8] Undefined index: zone_id - ligne 56 dans le fichier F:\wamp\www\rugby\cache\8c87efa98417c7609779172dfeed62abbf3fe7c5.file.index.tpl.php
2012-11-26 08:24:11|Type d'erreur inconnu : [8] Undefined index: muscle_travail - ligne 58 dans le fichier F:\wamp\www\rugby\cache\8c87efa98417c7609779172dfeed62abbf3fe7c5.file.index.tpl.php
2012-11-26 08:24:11|Type d'erreur inconnu : [8] Undefined index: zone - ligne 57 dans le fichier F:\wamp\www\rugby\cache\8c87efa98417c7609779172dfeed62abbf3fe7c5.file.index.tpl.php
2012-11-26 08:24:11|Type d'erreur inconnu : [8] Undefined index: zone_id - ligne 56 dans le fichier F:\wamp\www\rugby\cache\8c87efa98417c7609779172dfeed62abbf3fe7c5.file.index.tpl.php
2012-11-26 08:24:11|Type d'erreur inconnu : [8] Undefined index: muscle_travail - ligne 58 dans le fichier F:\wamp\www\rugby\cache\8c87efa98417c7609779172dfeed62abbf3fe7c5.file.index.tpl.php
2012-11-26 08:24:11|Type d'erreur inconnu : [8] Undefined index: zone - ligne 57 dans le fichier F:\wamp\www\rugby\cache\8c87efa98417c7609779172dfeed62abbf3fe7c5.file.index.tpl.php
2012-11-26 08:24:11|Type d'erreur inconnu : [8] Undefined index: zone_id - ligne 56 dans le fichier F:\wamp\www\rugby\cache\8c87efa98417c7609779172dfeed62abbf3fe7c5.file.index.tpl.php
2012-11-26 08:24:11|Type d'erreur inconnu : [8] Undefined index: muscle_travail - ligne 58 dans le fichier F:\wamp\www\rugby\cache\8c87efa98417c7609779172dfeed62abbf3fe7c5.file.index.tpl.php
2012-11-26 08:24:11|Type d'erreur inconnu : [8] Undefined index: zone - ligne 57 dans le fichier F:\wamp\www\rugby\cache\8c87efa98417c7609779172dfeed62abbf3fe7c5.file.index.tpl.php
2012-11-26 08:24:11|Type d'erreur inconnu : [8] Undefined index: zone_id - ligne 56 dans le fichier F:\wamp\www\rugby\cache\8c87efa98417c7609779172dfeed62abbf3fe7c5.file.index.tpl.php
2012-11-26 08:24:11|Type d'erreur inconnu : [8] Undefined index: muscle_travail - ligne 58 dans le fichier F:\wamp\www\rugby\cache\8c87efa98417c7609779172dfeed62abbf3fe7c5.file.index.tpl.php
2012-11-26 08:24:11|Type d'erreur inconnu : [8] Undefined index: zone - ligne 57 dans le fichier F:\wamp\www\rugby\cache\8c87efa98417c7609779172dfeed62abbf3fe7c5.file.index.tpl.php
2012-11-26 08:24:11|Type d'erreur inconnu : [8] Undefined index: zone_id - ligne 56 dans le fichier F:\wamp\www\rugby\cache\8c87efa98417c7609779172dfeed62abbf3fe7c5.file.index.tpl.php
2012-11-26 08:24:11|Type d'erreur inconnu : [8] Undefined index: muscle_travail - ligne 58 dans le fichier F:\wamp\www\rugby\cache\8c87efa98417c7609779172dfeed62abbf3fe7c5.file.index.tpl.php
2012-11-26 08:24:11|Type d'erreur inconnu : [8] Undefined index: zone - ligne 57 dans le fichier F:\wamp\www\rugby\cache\8c87efa98417c7609779172dfeed62abbf3fe7c5.file.index.tpl.php
2012-11-26 08:24:11|Type d'erreur inconnu : [8] Undefined index: zone_id - ligne 56 dans le fichier F:\wamp\www\rugby\cache\8c87efa98417c7609779172dfeed62abbf3fe7c5.file.index.tpl.php
2012-11-26 08:24:11|Type d'erreur inconnu : [8] Undefined index: muscle_travail - ligne 58 dans le fichier F:\wamp\www\rugby\cache\8c87efa98417c7609779172dfeed62abbf3fe7c5.file.index.tpl.php
2012-11-26 08:24:11|Type d'erreur inconnu : [8] Undefined index: zone - ligne 57 dans le fichier F:\wamp\www\rugby\cache\8c87efa98417c7609779172dfeed62abbf3fe7c5.file.index.tpl.php
2012-11-26 08:24:11|Type d'erreur inconnu : [8] Undefined index: zone_id - ligne 56 dans le fichier F:\wamp\www\rugby\cache\8c87efa98417c7609779172dfeed62abbf3fe7c5.file.index.tpl.php
2012-11-26 08:23:14|Type d'erreur inconnu : [2] require_once(\indexController.php): failed to open stream: No such file or directory - ligne 95 dans le fichier F:\wamp\www\rugby\kernel\core\Router.class.php
2012-11-26 08:23:14|Type d'erreur inconnu : [8] Undefined index: muscle_travail - ligne 58 dans le fichier F:\wamp\www\rugby\cache\8c87efa98417c7609779172dfeed62abbf3fe7c5.file.index.tpl.php
2012-11-26 08:23:14|Type d'erreur inconnu : [8] Undefined index: zone - ligne 57 dans le fichier F:\wamp\www\rugby\cache\8c87efa98417c7609779172dfeed62abbf3fe7c5.file.index.tpl.php
2012-11-26 08:23:14|Type d'erreur inconnu : [8] Undefined index: zone_id - ligne 56 dans le fichier F:\wamp\www\rugby\cache\8c87efa98417c7609779172dfeed62abbf3fe7c5.file.index.tpl.php
2012-11-26 08:23:14|Type d'erreur inconnu : [8] Undefined index: muscle_travail - ligne 58 dans le fichier F:\wamp\www\rugby\cache\8c87efa98417c7609779172dfeed62abbf3fe7c5.file.index.tpl.php
2012-11-26 08:23:14|Type d'erreur inconnu : [8] Undefined index: zone - ligne 57 dans le fichier F:\wamp\www\rugby\cache\8c87efa98417c7609779172dfeed62abbf3fe7c5.file.index.tpl.php
2012-11-26 08:23:14|Type d'erreur inconnu : [8] Undefined index: zone_id - ligne 56 dans le fichier F:\wamp\www\rugby\cache\8c87efa98417c7609779172dfeed62abbf3fe7c5.file.index.tpl.php
2012-11-26 08:23:14|Type d'erreur inconnu : [8] Undefined index: muscle_travail - ligne 58 dans le fichier F:\wamp\www\rugby\cache\8c87efa98417c7609779172dfeed62abbf3fe7c5.file.index.tpl.php
2012-11-26 08:23:14|Type d'erreur inconnu : [8] Undefined index: zone - ligne 57 dans le fichier F:\wamp\www\rugby\cache\8c87efa98417c7609779172dfeed62abbf3fe7c5.file.index.tpl.php
2012-11-26 08:23:14|Type d'erreur inconnu : [8] Undefined index: zone_id - ligne 56 dans le fichier F:\wamp\www\rugby\cache\8c87efa98417c7609779172dfeed62abbf3fe7c5.file.index.tpl.php
2012-11-26 08:23:14|Type d'erreur inconnu : [8] Undefined index: muscle_travail - ligne 58 dans le fichier F:\wamp\www\rugby\cache\8c87efa98417c7609779172dfeed62abbf3fe7c5.file.index.tpl.php
2012-11-26 08:23:14|Type d'erreur inconnu : [8] Undefined index: zone - ligne 57 dans le fichier F:\wamp\www\rugby\cache\8c87efa98417c7609779172dfeed62abbf3fe7c5.file.index.tpl.php
2012-11-26 08:23:14|Type d'erreur inconnu : [8] Undefined index: zone_id - ligne 56 dans le fichier F:\wamp\www\rugby\cache\8c87efa98417c7609779172dfeed62abbf3fe7c5.file.index.tpl.php
2012-11-26 08:23:14|Type d'erreur inconnu : [8] Undefined index: muscle_travail - ligne 58 dans le fichier F:\wamp\www\rugby\cache\8c87efa98417c7609779172dfeed62abbf3fe7c5.file.index.tpl.php
2012-11-26 08:23:14|Type d'erreur inconnu : [8] Undefined index: zone - ligne 57 dans le fichier F:\wamp\www\rugby\cache\8c87efa98417c7609779172dfeed62abbf3fe7c5.file.index.tpl.php
2012-11-26 08:23:14|Type d'erreur inconnu : [8] Undefined index: zone_id - ligne 56 dans le fichier F:\wamp\www\rugby\cache\8c87efa98417c7609779172dfeed62abbf3fe7c5.file.index.tpl.php
2012-11-26 08:23:14|Type d'erreur inconnu : [8] Undefined index: muscle_travail - ligne 58 dans le fichier F:\wamp\www\rugby\cache\8c87efa98417c7609779172dfeed62abbf3fe7c5.file.index.tpl.php
2012-11-26 08:23:14|Type d'erreur inconnu : [8] Undefined index: zone - ligne 57 dans le fichier F:\wamp\www\rugby\cache\8c87efa98417c7609779172dfeed62abbf3fe7c5.file.index.tpl.php
2012-11-26 08:23:14|Type d'erreur inconnu : [8] Undefined index: zone_id - ligne 56 dans le fichier F:\wamp\www\rugby\cache\8c87efa98417c7609779172dfeed62abbf3fe7c5.file.index.tpl.php
2012-11-26 08:23:14|Type d'erreur inconnu : [8] Undefined index: muscle_travail - ligne 58 dans le fichier F:\wamp\www\rugby\cache\8c87efa98417c7609779172dfeed62abbf3fe7c5.file.index.tpl.php
2012-11-26 08:23:14|Type d'erreur inconnu : [8] Undefined index: zone - ligne 57 dans le fichier F:\wamp\www\rugby\cache\8c87efa98417c7609779172dfeed62abbf3fe7c5.file.index.tpl.php
2012-11-26 08:23:14|Type d'erreur inconnu : [8] Undefined index: zone_id - ligne 56 dans le fichier F:\wamp\www\rugby\cache\8c87efa98417c7609779172dfeed62abbf3fe7c5.file.index.tpl.php
2012-11-26 08:23:14|Type d'erreur inconnu : [8] Undefined index: muscle_travail - ligne 58 dans le fichier F:\wamp\www\rugby\cache\8c87efa98417c7609779172dfeed62abbf3fe7c5.file.index.tpl.php
2012-11-26 08:23:14|Type d'erreur inconnu : [8] Undefined index: zone - ligne 57 dans le fichier F:\wamp\www\rugby\cache\8c87efa98417c7609779172dfeed62abbf3fe7c5.file.index.tpl.php
2012-11-26 08:23:14|Type d'erreur inconnu : [8] Undefined index: zone_id - ligne 56 dans le fichier F:\wamp\www\rugby\cache\8c87efa98417c7609779172dfeed62abbf3fe7c5.file.index.tpl.php
2012-11-26 08:23:14|Type d'erreur inconnu : [8] Undefined index: muscle_travail - ligne 58 dans le fichier F:\wamp\www\rugby\cache\8c87efa98417c7609779172dfeed62abbf3fe7c5.file.index.tpl.php
2012-11-26 08:23:14|Type d'erreur inconnu : [8] Undefined index: zone - ligne 57 dans le fichier F:\wamp\www\rugby\cache\8c87efa98417c7609779172dfeed62abbf3fe7c5.file.index.tpl.php
2012-11-26 08:23:14|Type d'erreur inconnu : [8] Undefined index: zone_id - ligne 56 dans le fichier F:\wamp\www\rugby\cache\8c87efa98417c7609779172dfeed62abbf3fe7c5.file.index.tpl.php
2012-11-26 08:22:49|Type d'erreur inconnu : [2] require_once(\indexController.php): failed to open stream: No such file or directory - ligne 95 dans le fichier F:\wamp\www\rugby\kernel\core\Router.class.php
2012-11-26 08:22:49|Type d'erreur inconnu : [2] PDOStatement::execute(): SQLSTATE[42000]: Syntax error or access violation: 1305 FUNCTION rugby.GROUP_CONTACT does not exist - ligne 34 dans le fichier F:\wamp\www\rugby\kernel\core\DB\EPDO.php
2012-11-26 08:22:22|Type d'erreur inconnu : [2] require_once(\indexController.php): failed to open stream: No such file or directory - ligne 95 dans le fichier F:\wamp\www\rugby\kernel\core\Router.class.php
2012-11-26 08:22:22|Type d'erreur inconnu : [2] PDOStatement::execute(): SQLSTATE[42S22]: Column not found: 1054 Unknown column 'm' in 'field list' - ligne 34 dans le fichier F:\wamp\www\rugby\kernel\core\DB\EPDO.php
2012-11-26 08:05:56|Type d'erreur inconnu : [2] require_once(\indexController.php): failed to open stream: No such file or directory - ligne 95 dans le fichier F:\wamp\www\rugby\kernel\core\Router.class.php
2012-11-26 08:00:38|Type d'erreur inconnu : [2] require_once(\indexController.php): failed to open stream: No such file or directory - ligne 95 dans le fichier F:\wamp\www\rugby\kernel\core\Router.class.php
2012-11-26 08:00:33|Type d'erreur inconnu : [2] require_once(\indexController.php): failed to open stream: No such file or directory - ligne 95 dans le fichier F:\wamp\www\rugby\kernel\core\Router.class.php
2012-11-26 08:00:30|Type d'erreur inconnu : [2] require_once(\indexController.php): failed to open stream: No such file or directory - ligne 95 dans le fichier F:\wamp\www\rugby\kernel\core\Router.class.php
2012-11-26 08:00:27|Type d'erreur inconnu : [2] require_once(\indexController.php): failed to open stream: No such file or directory - ligne 95 dans le fichier F:\wamp\www\rugby\kernel\core\Router.class.php
2012-11-26 07:59:02|Type d'erreur inconnu : [2] require_once(\indexController.php): failed to open stream: No such file or directory - ligne 95 dans le fichier F:\wamp\www\rugby\kernel\core\Router.class.php
2012-11-26 07:58:59|Type d'erreur inconnu : [2] require_once(\indexController.php): failed to open stream: No such file or directory - ligne 95 dans le fichier F:\wamp\www\rugby\kernel\core\Router.class.php
2012-11-26 07:58:59|Type d'erreur inconnu : [2] PDOStatement::execute(): SQLSTATE[42S02]: Base table or view not found: 1146 Table 'rugby.musculation_exercice_zone' doesn't exist - ligne 34 dans le fichier F:\wamp\www\rugby\kernel\core\DB\EPDO.php
2012-11-26 07:58:59|Type d'erreur inconnu : [2] PDOStatement::execute(): SQLSTATE[42S02]: Base table or view not found: 1146 Table 'rugby.musculation_exercice_zone' doesn't exist - ligne 34 dans le fichier F:\wamp\www\rugby\kernel\core\DB\EPDO.php
2012-11-26 07:50:52|Type d'erreur inconnu : [2] require_once(\indexController.php): failed to open stream: No such file or directory - ligne 95 dans le fichier F:\wamp\www\rugby\kernel\core\Router.class.php
2012-11-26 06:51:56|Type d'erreur inconnu : [2] require_once(\indexController.php): failed to open stream: No such file or directory - ligne 95 dans le fichier F:\wamp\www\rugby\kernel\core\Router.class.php
2012-11-26 06:51:06|Type d'erreur inconnu : [2] require_once(\indexController.php): failed to open stream: No such file or directory - ligne 95 dans le fichier F:\wamp\www\rugby\kernel\core\Router.class.php
2012-11-26 06:49:33|Type d'erreur inconnu : [2] require_once(\indexController.php): failed to open stream: No such file or directory - ligne 95 dans le fichier F:\wamp\www\rugby\kernel\core\Router.class.php
2012-11-26 06:48:47|Type d'erreur inconnu : [2] require_once(\indexController.php): failed to open stream: No such file or directory - ligne 95 dans le fichier F:\wamp\www\rugby\kernel\core\Router.class.php
2012-11-26 06:48:42|Type d'erreur inconnu : [2] require_once(\indexController.php): failed to open stream: No such file or directory - ligne 95 dans le fichier F:\wamp\www\rugby\kernel\core\Router.class.php
2012-11-26 06:44:46|Type d'erreur inconnu : [2] require_once(\indexController.php): failed to open stream: No such file or directory - ligne 95 dans le fichier F:\wamp\www\rugby\kernel\core\Router.class.php
2012-11-26 06:44:38|Type d'erreur inconnu : [2] require_once(\indexController.php): failed to open stream: No such file or directory - ligne 95 dans le fichier F:\wamp\www\rugby\kernel\core\Router.class.php
2012-11-26 06:44:36|Type d'erreur inconnu : [8] Undefined index: club - ligne 91 dans le fichier F:\wamp\www\rugby\cache\83c5accc0c78f436a229b9595e05c750d4c8ce19.file.index.tpl.php
2012-11-26 06:44:36|Type d'erreur inconnu : [8] Undefined index: club - ligne 91 dans le fichier F:\wamp\www\rugby\cache\83c5accc0c78f436a229b9595e05c750d4c8ce19.file.index.tpl.php
2012-11-26 06:44:33|Type d'erreur inconnu : [2] require_once(\indexController.php): failed to open stream: No such file or directory - ligne 95 dans le fichier F:\wamp\www\rugby\kernel\core\Router.class.php
2012-11-26 06:44:31|Type d'erreur inconnu : [2] require_once(\indexController.php): failed to open stream: No such file or directory - ligne 95 dans le fichier F:\wamp\www\rugby\kernel\core\Router.class.php
2012-11-26 06:44:29|Type d'erreur inconnu : [2] require_once(\indexController.php): failed to open stream: No such file or directory - ligne 95 dans le fichier F:\wamp\www\rugby\kernel\core\Router.class.php
2012-11-26 06:43:36|Type d'erreur inconnu : [2] require_once(\indexController.php): failed to open stream: No such file or directory - ligne 95 dans le fichier F:\wamp\www\rugby\kernel\core\Router.class.php
2012-11-26 06:43:35|Type d'erreur inconnu : [2] require_once(\indexController.php): failed to open stream: No such file or directory - ligne 95 dans le fichier F:\wamp\www\rugby\kernel\core\Router.class.php
2012-11-26 06:43:28|Type d'erreur inconnu : [2] require_once(\indexController.php): failed to open stream: No such file or directory - ligne 95 dans le fichier F:\wamp\www\rugby\kernel\core\Router.class.php
2012-11-26 06:43:27|Type d'erreur inconnu : [2] require_once(\indexController.php): failed to open stream: No such file or directory - ligne 95 dans le fichier F:\wamp\www\rugby\kernel\core\Router.class.php
2012-11-26 06:43:15|Type d'erreur inconnu : [2] require_once(\indexController.php): failed to open stream: No such file or directory - ligne 95 dans le fichier F:\wamp\www\rugby\kernel\core\Router.class.php
2012-11-26 06:43:13|Type d'erreur inconnu : [2] require_once(\indexController.php): failed to open stream: No such file or directory - ligne 95 dans le fichier F:\wamp\www\rugby\kernel\core\Router.class.php
2012-11-26 06:43:12|Type d'erreur inconnu : [2] require_once(\indexController.php): failed to open stream: No such file or directory - ligne 95 dans le fichier F:\wamp\www\rugby\kernel\core\Router.class.php
2012-11-26 06:41:33|Type d'erreur inconnu : [2] require_once(\indexController.php): failed to open stream: No such file or directory - ligne 95 dans le fichier F:\wamp\www\rugby\kernel\core\Router.class.php
2012-11-26 06:41:18|Type d'erreur inconnu : [2] require_once(\indexController.php): failed to open stream: No such file or directory - ligne 95 dans le fichier F:\wamp\www\rugby\kernel\core\Router.class.php
2012-11-26 06:41:16|Type d'erreur inconnu : [2] require_once(\indexController.php): failed to open stream: No such file or directory - ligne 95 dans le fichier F:\wamp\www\rugby\kernel\core\Router.class.php
2012-11-26 06:41:12|Type d'erreur inconnu : [2] require_once(\indexController.php): failed to open stream: No such file or directory - ligne 95 dans le fichier F:\wamp\www\rugby\kernel\core\Router.class.php
2012-11-26 06:41:00|Type d'erreur inconnu : [2] Division by zero - ligne 1941 dans le fichier F:\wamp\www\rugby\kernel\lib\pChart\class\pDraw.class.php
2012-11-26 06:41:00|Type d'erreur inconnu : [8] Undefined index: Data - ligne 1913 dans le fichier F:\wamp\www\rugby\kernel\lib\pChart\class\pDraw.class.php
2012-11-26 06:41:00|Type d'erreur inconnu : [8] Undefined index: Data - ligne 100 dans le fichier F:\wamp\www\rugby\kernel\lib\pChart\class\pData.class.php
2012-11-26 06:41:00|Type d'erreur inconnu : [8] Undefined variable: data_img - ligne 554 dans le fichier F:\wamp\www\rugby\app\controller\joueurController.php
2012-11-26 06:41:00|Type d'erreur inconnu : [8] Undefined index: Data - ligne 3775 dans le fichier F:\wamp\www\rugby\kernel\lib\pChart\class\pDraw.class.php
2012-11-26 06:41:00|Type d'erreur inconnu : [8] Undefined index: Data - ligne 3774 dans le fichier F:\wamp\www\rugby\kernel\lib\pChart\class\pDraw.class.php
2012-11-26 06:41:00|Type d'erreur inconnu : [8] Undefined index: Data - ligne 3772 dans le fichier F:\wamp\www\rugby\kernel\lib\pChart\class\pDraw.class.php
2012-11-26 06:41:00|Type d'erreur inconnu : [8] Undefined index: Data - ligne 3759 dans le fichier F:\wamp\www\rugby\kernel\lib\pChart\class\pDraw.class.php
2012-11-26 06:41:00|Type d'erreur inconnu : [2] Division by zero - ligne 1941 dans le fichier F:\wamp\www\rugby\kernel\lib\pChart\class\pDraw.class.php
2012-11-26 06:41:00|Type d'erreur inconnu : [8] Undefined index: Data - ligne 1913 dans le fichier F:\wamp\www\rugby\kernel\lib\pChart\class\pDraw.class.php
2012-11-26 06:41:00|Type d'erreur inconnu : [8] Undefined index: Data - ligne 100 dans le fichier F:\wamp\www\rugby\kernel\lib\pChart\class\pData.class.php
2012-11-26 06:41:00|Type d'erreur inconnu : [8] Undefined index: Data - ligne 100 dans le fichier F:\wamp\www\rugby\kernel\lib\pChart\class\pData.class.php
2012-11-26 06:31:06|Type d'erreur inconnu : [2] PDOStatement::execute(): SQLSTATE[23000]: Integrity constraint violation: 1052 Column 'id' in where clause is ambiguous - ligne 34 dans le fichier F:\wamp\www\rugby\kernel\core\DB\EPDO.php
2012-11-26 06:31:02|Type d'erreur inconnu : [2] require_once(\indexController.php): failed to open stream: No such file or directory - ligne 95 dans le fichier F:\wamp\www\rugby\kernel\core\Router.class.php
2012-11-26 06:31:01|Type d'erreur inconnu : [2] require_once(\indexController.php): failed to open stream: No such file or directory - ligne 95 dans le fichier F:\wamp\www\rugby\kernel\core\Router.class.php
2012-11-26 06:30:58|Type d'erreur inconnu : [2] require_once(\indexController.php): failed to open stream: No such file or directory - ligne 95 dans le fichier F:\wamp\www\rugby\kernel\core\Router.class.php
2012-11-26 06:29:30|Type d'erreur inconnu : [2] require_once(\indexController.php): failed to open stream: No such file or directory - ligne 95 dans le fichier F:\wamp\www\rugby\kernel\core\Router.class.php
2012-11-26 06:29:27|Type d'erreur inconnu : [2] require_once(\indexController.php): failed to open stream: No such file or directory - ligne 95 dans le fichier F:\wamp\www\rugby\kernel\core\Router.class.php
2012-11-26 06:29:03|Type d'erreur inconnu : [2] require_once(\indexController.php): failed to open stream: No such file or directory - ligne 95 dans le fichier F:\wamp\www\rugby\kernel\core\Router.class.php
2012-11-26 06:26:58|Type d'erreur inconnu : [2] require_once(\indexController.php): failed to open stream: No such file or directory - ligne 95 dans le fichier F:\wamp\www\rugby\kernel\core\Router.class.php
2012-11-26 06:26:46|Type d'erreur inconnu : [2] require_once(\indexController.php): failed to open stream: No such file or directory - ligne 95 dans le fichier F:\wamp\www\rugby\kernel\core\Router.class.php
2012-11-26 06:26:31|Type d'erreur inconnu : [2] require_once(\indexController.php): failed to open stream: No such file or directory - ligne 95 dans le fichier F:\wamp\www\rugby\kernel\core\Router.class.php
2012-11-26 06:25:53|Type d'erreur inconnu : [2] require_once(\indexController.php): failed to open stream: No such file or directory - ligne 95 dans le fichier F:\wamp\www\rugby\kernel\core\Router.class.php
2012-11-26 06:25:24|Type d'erreur inconnu : [2] require_once(\indexController.php): failed to open stream: No such file or directory - ligne 95 dans le fichier F:\wamp\www\rugby\kernel\core\Router.class.php
2012-11-26 06:24:36|Type d'erreur inconnu : [2] require_once(\indexController.php): failed to open stream: No such file or directory - ligne 95 dans le fichier F:\wamp\www\rugby\kernel\core\Router.class.php
2012-11-26 06:24:04|Type d'erreur inconnu : [2] require_once(\indexController.php): failed to open stream: No such file or directory - ligne 95 dans le fichier F:\wamp\www\rugby\kernel\core\Router.class.php
2012-11-26 06:22:55|Type d'erreur inconnu : [2] require_once(\indexController.php): failed to open stream: No such file or directory - ligne 95 dans le fichier F:\wamp\www\rugby\kernel\core\Router.class.php
2012-11-26 06:22:26|Type d'erreur inconnu : [8] Undefined index: avg_essai - ligne 93 dans le fichier F:\wamp\www\rugby\cache\ffc567d3fdbc22b721d50b6a1d850c4ec301ea8e.file.fiche_tab.tpl.php
2012-11-26 06:22:02|Type d'erreur inconnu : [8] Undefined index: avg_essai - ligne 93 dans le fichier F:\wamp\www\rugby\cache\ffc567d3fdbc22b721d50b6a1d850c4ec301ea8e.file.fiche_tab.tpl.php
2012-11-26 06:22:02|Type d'erreur inconnu : [8] Undefined index: Stats - ligne 88 dans le fichier F:\wamp\www\rugby\cache\ffc567d3fdbc22b721d50b6a1d850c4ec301ea8e.file.fiche_tab.tpl.php
2012-11-26 06:22:00|Type d'erreur inconnu : [2] require_once(\indexController.php): failed to open stream: No such file or directory - ligne 95 dans le fichier F:\wamp\www\rugby\kernel\core\Router.class.php
2012-11-26 06:21:54|Type d'erreur inconnu : [8] Undefined index: avg_essai - ligne 93 dans le fichier F:\wamp\www\rugby\cache\ffc567d3fdbc22b721d50b6a1d850c4ec301ea8e.file.fiche_tab.tpl.php
2012-11-26 06:21:54|Type d'erreur inconnu : [8] Undefined index: Stat - ligne 88 dans le fichier F:\wamp\www\rugby\cache\ffc567d3fdbc22b721d50b6a1d850c4ec301ea8e.file.fiche_tab.tpl.php
2012-11-26 06:21:30|Type d'erreur inconnu : [2] require_once(\indexController.php): failed to open stream: No such file or directory - ligne 95 dans le fichier F:\wamp\www\rugby\kernel\core\Router.class.php
2012-11-26 06:17:33|Type d'erreur inconnu : [2] Division by zero - ligne 1941 dans le fichier F:\wamp\www\rugby\kernel\lib\pChart\class\pDraw.class.php
2012-11-26 06:17:33|Type d'erreur inconnu : [8] Undefined index: Data - ligne 1913 dans le fichier F:\wamp\www\rugby\kernel\lib\pChart\class\pDraw.class.php
2012-11-26 06:17:33|Type d'erreur inconnu : [8] Undefined index: Data - ligne 100 dans le fichier F:\wamp\www\rugby\kernel\lib\pChart\class\pData.class.php
2012-11-26 06:17:33|Type d'erreur inconnu : [8] Undefined variable: data_img - ligne 554 dans le fichier F:\wamp\www\rugby\app\controller\joueurController.php
2012-11-26 06:17:33|Type d'erreur inconnu : [8] Undefined index: Data - ligne 3775 dans le fichier F:\wamp\www\rugby\kernel\lib\pChart\class\pDraw.class.php
2012-11-26 06:17:33|Type d'erreur inconnu : [8] Undefined index: Data - ligne 3774 dans le fichier F:\wamp\www\rugby\kernel\lib\pChart\class\pDraw.class.php
2012-11-26 06:17:33|Type d'erreur inconnu : [8] Undefined index: Data - ligne 3772 dans le fichier F:\wamp\www\rugby\kernel\lib\pChart\class\pDraw.class.php
2012-11-26 06:17:33|Type d'erreur inconnu : [8] Undefined index: Data - ligne 3759 dans le fichier F:\wamp\www\rugby\kernel\lib\pChart\class\pDraw.class.php
2012-11-26 06:17:33|Type d'erreur inconnu : [2] Division by zero - ligne 1941 dans le fichier F:\wamp\www\rugby\kernel\lib\pChart\class\pDraw.class.php
2012-11-26 06:17:33|Type d'erreur inconnu : [8] Undefined index: Data - ligne 1913 dans le fichier F:\wamp\www\rugby\kernel\lib\pChart\class\pDraw.class.php
2012-11-26 06:17:33|Type d'erreur inconnu : [8] Undefined index: Data - ligne 100 dans le fichier F:\wamp\www\rugby\kernel\lib\pChart\class\pData.class.php
2012-11-26 06:17:33|Type d'erreur inconnu : [8] Undefined index: Data - ligne 100 dans le fichier F:\wamp\www\rugby\kernel\lib\pChart\class\pData.class.php
2012-11-26 06:17:25|Type d'erreur inconnu : [2] PDOStatement::execute(): SQLSTATE[42S22]: Column not found: 1054 Unknown column 'mrj.essai' in 'field list' - ligne 34 dans le fichier F:\wamp\www\rugby\kernel\core\DB\EPDO.php
2012-11-26 06:16:01|Type d'erreur inconnu : [2] require_once(\indexController.php): failed to open stream: No such file or directory - ligne 95 dans le fichier F:\wamp\www\rugby\kernel\core\Router.class.php
2012-11-26 06:15:59|Type d'erreur inconnu : [2] require_once(\indexController.php): failed to open stream: No such file or directory - ligne 95 dans le fichier F:\wamp\www\rugby\kernel\core\Router.class.php
2012-11-26 06:15:57|Type d'erreur inconnu : [2] require_once(\indexController.php): failed to open stream: No such file or directory - ligne 95 dans le fichier F:\wamp\www\rugby\kernel\core\Router.class.php
2012-11-26 06:15:46|Type d'erreur inconnu : [2] require_once(\indexController.php): failed to open stream: No such file or directory - ligne 95 dans le fichier F:\wamp\www\rugby\kernel\core\Router.class.php
2012-11-26 06:15:41|Type d'erreur inconnu : [2] require_once(\indexController.php): failed to open stream: No such file or directory - ligne 95 dans le fichier F:\wamp\www\rugby\kernel\core\Router.class.php
2012-11-26 06:13:54|Type d'erreur inconnu : [2] require_once(\indexController.php): failed to open stream: No such file or directory - ligne 95 dans le fichier F:\wamp\www\rugby\kernel\core\Router.class.php
2012-11-26 06:13:01|Type d'erreur inconnu : [2] require_once(\indexController.php): failed to open stream: No such file or directory - ligne 95 dans le fichier F:\wamp\www\rugby\kernel\core\Router.class.php
2012-11-26 06:12:59|Type d'erreur inconnu : [2] require_once(\indexController.php): failed to open stream: No such file or directory - ligne 95 dans le fichier F:\wamp\www\rugby\kernel\core\Router.class.php
2012-11-26 06:09:13|Type d'erreur inconnu : [2] require_once(\indexController.php): failed to open stream: No such file or directory - ligne 95 dans le fichier F:\wamp\www\rugby\kernel\core\Router.class.php
2012-11-26 06:08:53|Type d'erreur inconnu : [2] require_once(\indexController.php): failed to open stream: No such file or directory - ligne 95 dans le fichier F:\wamp\www\rugby\kernel\core\Router.class.php
2012-11-26 06:08:34|Type d'erreur inconnu : [2] require_once(\indexController.php): failed to open stream: No such file or directory - ligne 95 dans le fichier F:\wamp\www\rugby\kernel\core\Router.class.php
2012-11-26 06:08:02|Type d'erreur inconnu : [2] require_once(\indexController.php): failed to open stream: No such file or directory - ligne 95 dans le fichier F:\wamp\www\rugby\kernel\core\Router.class.php
2012-11-26 06:05:02|Type d'erreur inconnu : [2] require_once(\indexController.php): failed to open stream: No such file or directory - ligne 95 dans le fichier F:\wamp\www\rugby\kernel\core\Router.class.php
2012-11-26 06:04:52|Type d'erreur inconnu : [2] require_once(\indexController.php): failed to open stream: No such file or directory - ligne 95 dans le fichier F:\wamp\www\rugby\kernel\core\Router.class.php
2012-11-26 06:04:49|Type d'erreur inconnu : [2] require_once(\indexController.php): failed to open stream: No such file or directory - ligne 95 dans le fichier F:\wamp\www\rugby\kernel\core\Router.class.php
2012-11-26 06:02:24|Type d'erreur inconnu : [2] require_once(\indexController.php): failed to open stream: No such file or directory - ligne 95 dans le fichier F:\wamp\www\rugby\kernel\core\Router.class.php
2012-11-26 06:02:18|Type d'erreur inconnu : [2] require_once(\indexController.php): failed to open stream: No such file or directory - ligne 95 dans le fichier F:\wamp\www\rugby\kernel\core\Router.class.php
2012-11-26 06:02:13|Type d'erreur inconnu : [2] require_once(\indexController.php): failed to open stream: No such file or directory - ligne 95 dans le fichier F:\wamp\www\rugby\kernel\core\Router.class.php
2012-11-26 06:02:11|Type d'erreur inconnu : [2] require_once(\indexController.php): failed to open stream: No such file or directory - ligne 95 dans le fichier F:\wamp\www\rugby\kernel\core\Router.class.php
2012-11-26 06:02:09|Type d'erreur inconnu : [2] require_once(\indexController.php): failed to open stream: No such file or directory - ligne 95 dans le fichier F:\wamp\www\rugby\kernel\core\Router.class.php
2012-11-26 06:01:19|Type d'erreur inconnu : [2] require_once(\indexController.php): failed to open stream: No such file or directory - ligne 95 dans le fichier F:\wamp\www\rugby\kernel\core\Router.class.php
2012-11-26 06:01:17|Type d'erreur inconnu : [2] require_once(\indexController.php): failed to open stream: No such file or directory - ligne 95 dans le fichier F:\wamp\www\rugby\kernel\core\Router.class.php
2012-11-26 06:00:40|Type d'erreur inconnu : [2] require_once(\indexController.php): failed to open stream: No such file or directory - ligne 95 dans le fichier F:\wamp\www\rugby\kernel\core\Router.class.php
2012-11-26 05:59:38|Type d'erreur inconnu : [2] require_once(\indexController.php): failed to open stream: No such file or directory - ligne 95 dans le fichier F:\wamp\www\rugby\kernel\core\Router.class.php
2012-11-26 05:59:09|Type d'erreur inconnu : [2] require_once(\indexController.php): failed to open stream: No such file or directory - ligne 95 dans le fichier F:\wamp\www\rugby\kernel\core\Router.class.php
2012-11-26 05:57:52|Type d'erreur inconnu : [2] require_once(\indexController.php): failed to open stream: No such file or directory - ligne 95 dans le fichier F:\wamp\www\rugby\kernel\core\Router.class.php
2012-11-26 05:57:17|Type d'erreur inconnu : [2] require_once(\indexController.php): failed to open stream: No such file or directory - ligne 95 dans le fichier F:\wamp\www\rugby\kernel\core\Router.class.php
2012-11-26 05:57:17|Type d'erreur inconnu : [8] Undefined variable: Row - ligne 291 dans le fichier F:\wamp\www\rugby\kernel\lib\smarty\sysplugins\smarty_internal_data.php
2012-11-26 05:57:17|Type d'erreur inconnu : [8] Undefined variable: Row - ligne 291 dans le fichier F:\wamp\www\rugby\kernel\lib\smarty\sysplugins\smarty_internal_data.php
2012-11-26 05:57:17|Type d'erreur inconnu : [8] Undefined variable: Row - ligne 291 dans le fichier F:\wamp\www\rugby\kernel\lib\smarty\sysplugins\smarty_internal_data.php
2012-11-26 05:57:17|Type d'erreur inconnu : [8] Undefined variable: Row - ligne 291 dans le fichier F:\wamp\www\rugby\kernel\lib\smarty\sysplugins\smarty_internal_data.php
2012-11-26 05:57:17|Type d'erreur inconnu : [8] Undefined variable: Row - ligne 291 dans le fichier F:\wamp\www\rugby\kernel\lib\smarty\sysplugins\smarty_internal_data.php
2012-11-26 05:57:17|Type d'erreur inconnu : [8] Undefined variable: Row - ligne 291 dans le fichier F:\wamp\www\rugby\kernel\lib\smarty\sysplugins\smarty_internal_data.php
2012-11-26 05:57:17|Type d'erreur inconnu : [8] Undefined variable: Row - ligne 291 dans le fichier F:\wamp\www\rugby\kernel\lib\smarty\sysplugins\smarty_internal_data.php
2012-11-26 05:57:17|Type d'erreur inconnu : [8] Undefined variable: Row - ligne 291 dans le fichier F:\wamp\www\rugby\kernel\lib\smarty\sysplugins\smarty_internal_data.php
2012-11-26 05:41:39|Type d'erreur inconnu : [2] require_once(\indexController.php): failed to open stream: No such file or directory - ligne 95 dans le fichier F:\wamp\www\rugby\kernel\core\Router.class.php
2012-11-26 05:37:40|Type d'erreur inconnu : [2] require_once(\indexController.php): failed to open stream: No such file or directory - ligne 95 dans le fichier F:\wamp\www\rugby\kernel\core\Router.class.php
2012-11-26 05:17:37|Type d'erreur inconnu : [2] require_once(\indexController.php): failed to open stream: No such file or directory - ligne 95 dans le fichier F:\wamp\www\rugby\kernel\core\Router.class.php
2012-11-26 05:17:02|Type d'erreur inconnu : [2] require_once(\indexController.php): failed to open stream: No such file or directory - ligne 95 dans le fichier F:\wamp\www\rugby\kernel\core\Router.class.php
2012-11-26 05:17:02|Type d'erreur inconnu : [8] Undefined variable: Joueurs - ligne 291 dans le fichier F:\wamp\www\rugby\kernel\lib\smarty\sysplugins\smarty_internal_data.php
2012-11-26 05:15:46|Type d'erreur inconnu : [2] require_once(\indexController.php): failed to open stream: No such file or directory - ligne 95 dans le fichier F:\wamp\www\rugby\kernel\core\Router.class.php
2012-11-26 05:15:15|Type d'erreur inconnu : [2] require_once(\indexController.php): failed to open stream: No such file or directory - ligne 95 dans le fichier F:\wamp\www\rugby\kernel\core\Router.class.php
2012-11-26 05:14:49|Type d'erreur inconnu : [2] require_once(\indexController.php): failed to open stream: No such file or directory - ligne 95 dans le fichier F:\wamp\www\rugby\kernel\core\Router.class.php
2012-11-26 05:10:51|Type d'erreur inconnu : [2] require_once(\indexController.php): failed to open stream: No such file or directory - ligne 95 dans le fichier F:\wamp\www\rugby\kernel\core\Router.class.php
2012-11-26 05:10:33|Type d'erreur inconnu : [2] require_once(\indexController.php): failed to open stream: No such file or directory - ligne 95 dans le fichier F:\wamp\www\rugby\kernel\core\Router.class.php
2012-11-26 06:36:00|Type d'erreur inconnu : [2] require_once(\indexController.php): failed to open stream: No such file or directory - ligne 95 dans le fichier F:\wamp\www\rugby\kernel\core\Router.class.php
2012-11-26 06:35:46|Type d'erreur inconnu : [2] require_once(\indexController.php): failed to open stream: No such file or directory - ligne 95 dans le fichier F:\wamp\www\rugby\kernel\core\Router.class.php
2012-11-26 06:35:29|Type d'erreur inconnu : [2] require_once(\indexController.php): failed to open stream: No such file or directory - ligne 95 dans le fichier F:\wamp\www\rugby\kernel\core\Router.class.php
2012-11-26 06:35:26|Type d'erreur inconnu : [2] require_once(\indexController.php): failed to open stream: No such file or directory - ligne 95 dans le fichier F:\wamp\www\rugby\kernel\core\Router.class.php
