2012-10-05 06:15:14|Type d'erreur inconnu : [8] Undefined index: entrainement_delete - ligne 39 dans le fichier F:\wamp\www\rugby\cache\0bd5d785a1d7f85b6e3add9e0280a36f306f2ee7.file.cycle_detail.tpl.php
2012-10-05 06:14:53|Type d'erreur inconnu : [8] Undefined index: entrainement_delete - ligne 39 dans le fichier F:\wamp\www\rugby\cache\0bd5d785a1d7f85b6e3add9e0280a36f306f2ee7.file.cycle_detail.tpl.php
2012-10-05 06:14:53|Type d'erreur inconnu : [8] Undefined index: gest_entrainementt - ligne 35 dans le fichier F:\wamp\www\rugby\cache\0bd5d785a1d7f85b6e3add9e0280a36f306f2ee7.file.cycle_detail.tpl.php
2012-10-05 06:14:43|Type d'erreur inconnu : [8] Undefined index: entrainement_delete - ligne 39 dans le fichier F:\wamp\www\rugby\cache\0bd5d785a1d7f85b6e3add9e0280a36f306f2ee7.file.cycle_detail.tpl.php
2012-10-05 06:14:43|Type d'erreur inconnu : [8] Undefined index: gest_entrainementt - ligne 35 dans le fichier F:\wamp\www\rugby\cache\0bd5d785a1d7f85b6e3add9e0280a36f306f2ee7.file.cycle_detail.tpl.php
2012-10-05 06:07:37|Type d'erreur inconnu : [8] Undefined index: entrainement_delete - ligne 33 dans le fichier F:\wamp\www\rugby\cache\0bd5d785a1d7f85b6e3add9e0280a36f306f2ee7.file.cycle_detail.tpl.php
2012-10-05 06:07:37|Type d'erreur inconnu : [8] Undefined index: entrainement_edit - ligne 33 dans le fichier F:\wamp\www\rugby\cache\0bd5d785a1d7f85b6e3add9e0280a36f306f2ee7.file.cycle_detail.tpl.php
2012-10-05 06:07:37|Type d'erreur inconnu : [8] Undefined index: entrainement_delete - ligne 21 dans le fichier F:\wamp\www\rugby\cache\0bd5d785a1d7f85b6e3add9e0280a36f306f2ee7.file.cycle_detail.tpl.php
2012-10-05 06:02:36|Type d'erreur inconnu : [2] Division by zero - ligne 1941 dans le fichier F:\wamp\www\rugby\kernel\lib\pChart\class\pDraw.class.php
2012-10-05 06:02:36|Type d'erreur inconnu : [8] Undefined index: Data - ligne 1913 dans le fichier F:\wamp\www\rugby\kernel\lib\pChart\class\pDraw.class.php
2012-10-05 06:02:36|Type d'erreur inconnu : [8] Undefined index: Data - ligne 100 dans le fichier F:\wamp\www\rugby\kernel\lib\pChart\class\pData.class.php
2012-10-05 06:02:36|Type d'erreur inconnu : [8] Undefined variable: data_img - ligne 447 dans le fichier F:\wamp\www\rugby\app\controller\joueurController.php
2012-10-05 06:02:35|Type d'erreur inconnu : [8] Undefined index: Data - ligne 3775 dans le fichier F:\wamp\www\rugby\kernel\lib\pChart\class\pDraw.class.php
2012-10-05 06:02:35|Type d'erreur inconnu : [8] Undefined index: Data - ligne 3774 dans le fichier F:\wamp\www\rugby\kernel\lib\pChart\class\pDraw.class.php
2012-10-05 06:02:35|Type d'erreur inconnu : [8] Undefined index: Data - ligne 3772 dans le fichier F:\wamp\www\rugby\kernel\lib\pChart\class\pDraw.class.php
2012-10-05 06:02:35|Type d'erreur inconnu : [8] Undefined index: Data - ligne 3759 dans le fichier F:\wamp\www\rugby\kernel\lib\pChart\class\pDraw.class.php
2012-10-05 06:02:35|Type d'erreur inconnu : [2] Division by zero - ligne 1941 dans le fichier F:\wamp\www\rugby\kernel\lib\pChart\class\pDraw.class.php
2012-10-05 06:02:35|Type d'erreur inconnu : [8] Undefined index: Data - ligne 1913 dans le fichier F:\wamp\www\rugby\kernel\lib\pChart\class\pDraw.class.php
2012-10-05 06:02:35|Type d'erreur inconnu : [8] Undefined index: Data - ligne 100 dans le fichier F:\wamp\www\rugby\kernel\lib\pChart\class\pData.class.php
2012-10-05 06:02:35|Type d'erreur inconnu : [8] Undefined index: Data - ligne 100 dans le fichier F:\wamp\www\rugby\kernel\lib\pChart\class\pData.class.php
2012-10-05 04:40:31|Type d'erreur inconnu : [8] Undefined index: club_delete - ligne 20 dans le fichier F:\wamp\www\rugby\cache\18c276fe3efda1e0d0952f7f813ec7f18127e4a0.file.index.tpl.php
2012-10-05 01:24:17|Type d'erreur inconnu : [8] Undefined index: club_view - ligne 6 dans le fichier F:\wamp\www\rugby\app\controller\clubController.php
2012-10-05 12:44:11|Type d'erreur inconnu : [8] Undefined index: acl - ligne 20 dans le fichier F:\wamp\www\rugby\app\controller\testController.php
2012-10-05 12:43:47|Type d'erreur inconnu : [8] Undefined index: acl - ligne 20 dans le fichier F:\wamp\www\rugby\app\controller\testController.php
2012-10-05 12:38:15|Type d'erreur inconnu : [8] Undefined index: test_delete - ligne 76 dans le fichier F:\wamp\www\rugby\cache\132898aa3ab27062183ba17bcdb2611516bf17ff.file.index.tpl.php
2012-10-05 12:38:15|Type d'erreur inconnu : [8] Undefined index: test_delete - ligne 76 dans le fichier F:\wamp\www\rugby\cache\132898aa3ab27062183ba17bcdb2611516bf17ff.file.index.tpl.php
2012-10-05 12:38:15|Type d'erreur inconnu : [8] Undefined index: test_delete - ligne 76 dans le fichier F:\wamp\www\rugby\cache\132898aa3ab27062183ba17bcdb2611516bf17ff.file.index.tpl.php
2012-10-05 12:38:15|Type d'erreur inconnu : [8] Undefined index: test_delete - ligne 76 dans le fichier F:\wamp\www\rugby\cache\132898aa3ab27062183ba17bcdb2611516bf17ff.file.index.tpl.php
2012-10-05 12:38:15|Type d'erreur inconnu : [8] Undefined index: test_delete - ligne 76 dans le fichier F:\wamp\www\rugby\cache\132898aa3ab27062183ba17bcdb2611516bf17ff.file.index.tpl.php
2012-10-05 12:38:15|Type d'erreur inconnu : [8] Undefined index: test_add - ligne 42 dans le fichier F:\wamp\www\rugby\cache\132898aa3ab27062183ba17bcdb2611516bf17ff.file.index.tpl.php
2012-10-05 12:29:53|Type d'erreur inconnu : [8] Trying to get property of non-object - ligne 20 dans le fichier F:\wamp\www\rugby\kernel\rugby\function_rugby.php
2012-10-05 12:29:53|Type d'erreur inconnu : [2] PDOStatement::execute(): SQLSTATE[23000]: Integrity constraint violation: 1048 Column 'user_id' cannot be null - ligne 34 dans le fichier F:\wamp\www\rugby\kernel\core\DB\EPDO.php
2012-10-05 12:29:53|Type d'erreur inconnu : [8] Trying to get property of non-object - ligne 15 dans le fichier F:\wamp\www\rugby\kernel\rugby\function_rugby.php
2012-10-05 12:29:53|Type d'erreur inconnu : [8] Trying to get property of non-object - ligne 11 dans le fichier F:\wamp\www\rugby\kernel\rugby\function_rugby.php
2012-10-05 12:29:53|Type d'erreur inconnu : [8] Trying to get property of non-object - ligne 7 dans le fichier F:\wamp\www\rugby\kernel\rugby\function_rugby.php
2012-10-05 12:29:53|Type d'erreur inconnu : [8] Trying to get property of non-object - ligne 20 dans le fichier F:\wamp\www\rugby\kernel\rugby\function_rugby.php
2012-10-05 12:29:53|Type d'erreur inconnu : [2] PDOStatement::execute(): SQLSTATE[23000]: Integrity constraint violation: 1048 Column 'user_id' cannot be null - ligne 34 dans le fichier F:\wamp\www\rugby\kernel\core\DB\EPDO.php
2012-10-05 12:29:53|Type d'erreur inconnu : [8] Trying to get property of non-object - ligne 15 dans le fichier F:\wamp\www\rugby\kernel\rugby\function_rugby.php
2012-10-05 12:29:53|Type d'erreur inconnu : [8] Trying to get property of non-object - ligne 11 dans le fichier F:\wamp\www\rugby\kernel\rugby\function_rugby.php
2012-10-05 12:29:53|Type d'erreur inconnu : [8] Trying to get property of non-object - ligne 7 dans le fichier F:\wamp\www\rugby\kernel\rugby\function_rugby.php
2012-10-05 12:27:20|Type d'erreur inconnu : [8] Undefined index: acl - ligne 71 dans le fichier F:\wamp\www\rugby\cache\6080e7834880724d43b11ab3afb5202132c93857.file.blokNavigation.tpl.php
2012-10-05 12:27:20|Type d'erreur inconnu : [8] Undefined index: acl - ligne 68 dans le fichier F:\wamp\www\rugby\cache\6080e7834880724d43b11ab3afb5202132c93857.file.blokNavigation.tpl.php
2012-10-05 12:27:20|Type d'erreur inconnu : [8] Undefined index: acl - ligne 65 dans le fichier F:\wamp\www\rugby\cache\6080e7834880724d43b11ab3afb5202132c93857.file.blokNavigation.tpl.php
2012-10-05 12:27:20|Type d'erreur inconnu : [8] Undefined index: acl - ligne 47 dans le fichier F:\wamp\www\rugby\cache\6080e7834880724d43b11ab3afb5202132c93857.file.blokNavigation.tpl.php
2012-10-05 12:27:20|Type d'erreur inconnu : [8] Undefined index: acl - ligne 38 dans le fichier F:\wamp\www\rugby\cache\6080e7834880724d43b11ab3afb5202132c93857.file.blokNavigation.tpl.php
2012-10-05 12:27:20|Type d'erreur inconnu : [8] Undefined index: acl - ligne 24 dans le fichier F:\wamp\www\rugby\cache\6080e7834880724d43b11ab3afb5202132c93857.file.blokNavigation.tpl.php
2012-10-05 12:26:59|Type d'erreur inconnu : [8] Undefined index: acl - ligne 71 dans le fichier F:\wamp\www\rugby\cache\6080e7834880724d43b11ab3afb5202132c93857.file.blokNavigation.tpl.php
2012-10-05 12:26:59|Type d'erreur inconnu : [8] Undefined index: acl - ligne 68 dans le fichier F:\wamp\www\rugby\cache\6080e7834880724d43b11ab3afb5202132c93857.file.blokNavigation.tpl.php
2012-10-05 12:26:59|Type d'erreur inconnu : [8] Undefined index: acl - ligne 65 dans le fichier F:\wamp\www\rugby\cache\6080e7834880724d43b11ab3afb5202132c93857.file.blokNavigation.tpl.php
2012-10-05 12:26:59|Type d'erreur inconnu : [8] Undefined index: acl - ligne 47 dans le fichier F:\wamp\www\rugby\cache\6080e7834880724d43b11ab3afb5202132c93857.file.blokNavigation.tpl.php
2012-10-05 12:26:59|Type d'erreur inconnu : [8] Undefined index: acl - ligne 38 dans le fichier F:\wamp\www\rugby\cache\6080e7834880724d43b11ab3afb5202132c93857.file.blokNavigation.tpl.php
2012-10-05 12:26:59|Type d'erreur inconnu : [8] Undefined index: acl - ligne 24 dans le fichier F:\wamp\www\rugby\cache\6080e7834880724d43b11ab3afb5202132c93857.file.blokNavigation.tpl.php
2012-10-05 12:25:00|Type d'erreur inconnu : [8] Undefined index: flux_rss_2 - ligne 96 dans le fichier F:\wamp\www\rugby\cache\4990ccf0230818d28c23d8036d3ffcbd36a6ea40.file.index.tpl.php
2012-10-05 12:25:00|Type d'erreur inconnu : [8] Undefined index: flux_rss_1 - ligne 95 dans le fichier F:\wamp\www\rugby\cache\4990ccf0230818d28c23d8036d3ffcbd36a6ea40.file.index.tpl.php
2012-10-05 12:25:00|Type d'erreur inconnu : [8] Undefined index: widget_index_rss - ligne 74 dans le fichier F:\wamp\www\rugby\cache\4990ccf0230818d28c23d8036d3ffcbd36a6ea40.file.index.tpl.php
2012-10-05 12:24:22|Type d'erreur inconnu : [8] Undefined index: flux_rss_2 - ligne 96 dans le fichier F:\wamp\www\rugby\cache\4990ccf0230818d28c23d8036d3ffcbd36a6ea40.file.index.tpl.php
2012-10-05 12:24:22|Type d'erreur inconnu : [8] Undefined index: flux_rss_1 - ligne 95 dans le fichier F:\wamp\www\rugby\cache\4990ccf0230818d28c23d8036d3ffcbd36a6ea40.file.index.tpl.php
2012-10-05 12:24:22|Type d'erreur inconnu : [8] Undefined index: widget_index_rss - ligne 74 dans le fichier F:\wamp\www\rugby\cache\4990ccf0230818d28c23d8036d3ffcbd36a6ea40.file.index.tpl.php
2012-10-05 12:24:18|Type d'erreur inconnu : [8] Undefined index: acl - ligne 382 dans le fichier F:\wamp\www\rugby\cache\a58f417de916a0fef906a03402b26b244af81b9f.file.fiche.tpl.php
2012-10-05 12:24:18|Type d'erreur inconnu : [8] Undefined index: acl - ligne 381 dans le fichier F:\wamp\www\rugby\cache\a58f417de916a0fef906a03402b26b244af81b9f.file.fiche.tpl.php
2012-10-05 12:24:18|Type d'erreur inconnu : [8] Undefined index: acl - ligne 292 dans le fichier F:\wamp\www\rugby\cache\a58f417de916a0fef906a03402b26b244af81b9f.file.fiche.tpl.php
2012-10-05 12:24:18|Type d'erreur inconnu : [8] Undefined index: acl - ligne 114 dans le fichier F:\wamp\www\rugby\cache\a58f417de916a0fef906a03402b26b244af81b9f.file.fiche.tpl.php
2012-10-05 12:24:18|Type d'erreur inconnu : [8] Undefined index: acl - ligne 86 dans le fichier F:\wamp\www\rugby\cache\a58f417de916a0fef906a03402b26b244af81b9f.file.fiche.tpl.php
2012-10-05 12:24:18|Type d'erreur inconnu : [8] Undefined index: acl - ligne 76 dans le fichier F:\wamp\www\rugby\cache\a58f417de916a0fef906a03402b26b244af81b9f.file.fiche.tpl.php
2012-10-05 12:24:18|Type d'erreur inconnu : [8] Undefined index: acl - ligne 59 dans le fichier F:\wamp\www\rugby\cache\a58f417de916a0fef906a03402b26b244af81b9f.file.fiche.tpl.php
2012-10-05 12:24:18|Type d'erreur inconnu : [8] Undefined index: acl - ligne 43 dans le fichier F:\wamp\www\rugby\cache\a58f417de916a0fef906a03402b26b244af81b9f.file.fiche.tpl.php
2012-10-05 12:24:18|Type d'erreur inconnu : [8] Undefined index: type - ligne 268 dans le fichier F:\wamp\www\rugby\app\controller\joueurController.php
2012-10-05 12:24:10|Type d'erreur inconnu : [8] Undefined index: flux_rss_2 - ligne 96 dans le fichier F:\wamp\www\rugby\cache\4990ccf0230818d28c23d8036d3ffcbd36a6ea40.file.index.tpl.php
2012-10-05 12:24:10|Type d'erreur inconnu : [8] Undefined index: flux_rss_1 - ligne 95 dans le fichier F:\wamp\www\rugby\cache\4990ccf0230818d28c23d8036d3ffcbd36a6ea40.file.index.tpl.php
2012-10-05 12:24:10|Type d'erreur inconnu : [8] Undefined index: widget_index_rss - ligne 74 dans le fichier F:\wamp\www\rugby\cache\4990ccf0230818d28c23d8036d3ffcbd36a6ea40.file.index.tpl.php
2012-10-05 12:24:07|Type d'erreur inconnu : [8] Undefined index: flux_rss_2 - ligne 96 dans le fichier F:\wamp\www\rugby\cache\4990ccf0230818d28c23d8036d3ffcbd36a6ea40.file.index.tpl.php
2012-10-05 12:24:07|Type d'erreur inconnu : [8] Undefined index: flux_rss_1 - ligne 95 dans le fichier F:\wamp\www\rugby\cache\4990ccf0230818d28c23d8036d3ffcbd36a6ea40.file.index.tpl.php
2012-10-05 12:24:07|Type d'erreur inconnu : [8] Undefined index: widget_index_rss - ligne 74 dans le fichier F:\wamp\www\rugby\cache\4990ccf0230818d28c23d8036d3ffcbd36a6ea40.file.index.tpl.php
2012-10-05 12:23:59|Type d'erreur inconnu : [8] Undefined index: flux_rss_2 - ligne 96 dans le fichier F:\wamp\www\rugby\cache\4990ccf0230818d28c23d8036d3ffcbd36a6ea40.file.index.tpl.php
2012-10-05 12:23:59|Type d'erreur inconnu : [8] Undefined index: flux_rss_1 - ligne 95 dans le fichier F:\wamp\www\rugby\cache\4990ccf0230818d28c23d8036d3ffcbd36a6ea40.file.index.tpl.php
2012-10-05 12:23:59|Type d'erreur inconnu : [8] Undefined index: widget_index_rss - ligne 74 dans le fichier F:\wamp\www\rugby\cache\4990ccf0230818d28c23d8036d3ffcbd36a6ea40.file.index.tpl.php
