2012-12-13 09:44:55|Type d'erreur inconnu : [2] PDOStatement::execute(): SQLSTATE[42000]: Syntax error or access violation: 1064 You have an error in your SQL syntax; check the manual that corresponds to your MySQL server version for the right syntax to use near '' at line 1 - ligne 34 dans le fichier D:\wamp\www\rugby\kernel\core\DB\EPDO.php
2012-12-13 09:44:55|Type d'erreur inconnu : [2] PDO::quote() expects parameter 1 to be string, array given - ligne 49 dans le fichier D:\wamp\www\rugby\kernel\core\DB\Db.class.php
2012-12-13 09:44:55|Type d'erreur inconnu : [2] PDOStatement::execute(): SQLSTATE[42000]: Syntax error or access violation: 1064 You have an error in your SQL syntax; check the manual that corresponds to your MySQL server version for the right syntax to use near 'LIMIT 1' at line 3 - ligne 34 dans le fichier D:\wamp\www\rugby\kernel\core\DB\EPDO.php
2012-12-13 09:44:55|Type d'erreur inconnu : [2] PDO::quote() expects parameter 1 to be string, array given - ligne 130 dans le fichier D:\wamp\www\rugby\kernel\core\DB\Db.class.php
2012-12-13 09:44:55|Type d'erreur inconnu : [2] PDOStatement::execute(): SQLSTATE[42000]: Syntax error or access violation: 1064 You have an error in your SQL syntax; check the manual that corresponds to your MySQL server version for the right syntax to use near '' at line 1 - ligne 34 dans le fichier D:\wamp\www\rugby\kernel\core\DB\EPDO.php
2012-12-13 09:44:55|Type d'erreur inconnu : [2] PDO::quote() expects parameter 1 to be string, array given - ligne 49 dans le fichier D:\wamp\www\rugby\kernel\core\DB\Db.class.php
2012-12-13 09:44:55|Type d'erreur inconnu : [2] PDOStatement::execute(): SQLSTATE[42000]: Syntax error or access violation: 1064 You have an error in your SQL syntax; check the manual that corresponds to your MySQL server version for the right syntax to use near 'LIMIT 1' at line 3 - ligne 34 dans le fichier D:\wamp\www\rugby\kernel\core\DB\EPDO.php
2012-12-13 09:44:55|Type d'erreur inconnu : [2] PDO::quote() expects parameter 1 to be string, array given - ligne 130 dans le fichier D:\wamp\www\rugby\kernel\core\DB\Db.class.php
2012-12-13 09:44:51|Type d'erreur inconnu : [8] Undefined variable: Suivi - ligne 223 dans le fichier D:\wamp\www\rugby\app\controller\bulletinController.php
2012-12-13 09:44:51|Type d'erreur inconnu : [8] Undefined variable: Suivi - ligne 223 dans le fichier D:\wamp\www\rugby\app\controller\bulletinController.php
2012-12-13 09:44:05|Type d'erreur inconnu : [8] Undefined index: Confirm_suppression_suivi - ligne 39 dans le fichier D:\wamp\www\rugby\cache\f7a16615bbbf6806ace8bf82bd17aba32f77aaa0.file.suivi_detail.tpl.php
2012-12-13 09:37:34|Type d'erreur inconnu : [2] Division by zero - ligne 1941 dans le fichier D:\wamp\www\rugby\kernel\lib\pChart\class\pDraw.class.php
2012-12-13 09:37:34|Type d'erreur inconnu : [8] Undefined index: Data - ligne 1913 dans le fichier D:\wamp\www\rugby\kernel\lib\pChart\class\pDraw.class.php
2012-12-13 09:37:34|Type d'erreur inconnu : [8] Undefined index: Data - ligne 100 dans le fichier D:\wamp\www\rugby\kernel\lib\pChart\class\pData.class.php
2012-12-13 09:37:34|Type d'erreur inconnu : [8] Undefined variable: data_img - ligne 559 dans le fichier D:\wamp\www\rugby\app\controller\joueurController.php
2012-12-13 09:37:34|Type d'erreur inconnu : [8] Undefined index: Data - ligne 3775 dans le fichier D:\wamp\www\rugby\kernel\lib\pChart\class\pDraw.class.php
2012-12-13 09:37:34|Type d'erreur inconnu : [8] Undefined index: Data - ligne 3774 dans le fichier D:\wamp\www\rugby\kernel\lib\pChart\class\pDraw.class.php
2012-12-13 09:37:34|Type d'erreur inconnu : [8] Undefined index: Data - ligne 3772 dans le fichier D:\wamp\www\rugby\kernel\lib\pChart\class\pDraw.class.php
2012-12-13 09:37:34|Type d'erreur inconnu : [8] Undefined index: Data - ligne 3759 dans le fichier D:\wamp\www\rugby\kernel\lib\pChart\class\pDraw.class.php
2012-12-13 09:37:34|Type d'erreur inconnu : [2] Division by zero - ligne 1941 dans le fichier D:\wamp\www\rugby\kernel\lib\pChart\class\pDraw.class.php
2012-12-13 09:37:34|Type d'erreur inconnu : [8] Undefined index: Data - ligne 1913 dans le fichier D:\wamp\www\rugby\kernel\lib\pChart\class\pDraw.class.php
2012-12-13 09:37:34|Type d'erreur inconnu : [8] Undefined index: Data - ligne 100 dans le fichier D:\wamp\www\rugby\kernel\lib\pChart\class\pData.class.php
2012-12-13 09:37:34|Type d'erreur inconnu : [8] Undefined index: Data - ligne 100 dans le fichier D:\wamp\www\rugby\kernel\lib\pChart\class\pData.class.php
2012-12-13 09:37:06|Type d'erreur inconnu : [8] Undefined index: Data - ligne 3775 dans le fichier D:\wamp\www\rugby\kernel\lib\pChart\class\pDraw.class.php
2012-12-13 09:37:06|Type d'erreur inconnu : [8] Undefined index: Data - ligne 3774 dans le fichier D:\wamp\www\rugby\kernel\lib\pChart\class\pDraw.class.php
2012-12-13 09:37:06|Type d'erreur inconnu : [8] Undefined index: Data - ligne 3772 dans le fichier D:\wamp\www\rugby\kernel\lib\pChart\class\pDraw.class.php
2012-12-13 09:37:06|Type d'erreur inconnu : [8] Undefined index: Data - ligne 3759 dans le fichier D:\wamp\www\rugby\kernel\lib\pChart\class\pDraw.class.php
2012-12-13 09:37:06|Type d'erreur inconnu : [2] Division by zero - ligne 1941 dans le fichier D:\wamp\www\rugby\kernel\lib\pChart\class\pDraw.class.php
2012-12-13 09:37:06|Type d'erreur inconnu : [8] Undefined index: Data - ligne 1913 dans le fichier D:\wamp\www\rugby\kernel\lib\pChart\class\pDraw.class.php
2012-12-13 09:37:06|Type d'erreur inconnu : [8] Undefined index: Data - ligne 100 dans le fichier D:\wamp\www\rugby\kernel\lib\pChart\class\pData.class.php
2012-12-13 09:37:06|Type d'erreur inconnu : [8] Undefined index: Data - ligne 100 dans le fichier D:\wamp\www\rugby\kernel\lib\pChart\class\pData.class.php
2012-12-13 09:37:06|Type d'erreur inconnu : [2] Division by zero - ligne 1941 dans le fichier D:\wamp\www\rugby\kernel\lib\pChart\class\pDraw.class.php
2012-12-13 09:37:06|Type d'erreur inconnu : [8] Undefined index: Data - ligne 1913 dans le fichier D:\wamp\www\rugby\kernel\lib\pChart\class\pDraw.class.php
2012-12-13 09:37:06|Type d'erreur inconnu : [8] Undefined index: Data - ligne 100 dans le fichier D:\wamp\www\rugby\kernel\lib\pChart\class\pData.class.php
2012-12-13 09:37:06|Type d'erreur inconnu : [8] Undefined variable: data_img - ligne 559 dans le fichier D:\wamp\www\rugby\app\controller\joueurController.php
2012-12-13 09:36:53|Type d'erreur inconnu : [8] Undefined index: Data - ligne 3775 dans le fichier D:\wamp\www\rugby\kernel\lib\pChart\class\pDraw.class.php
2012-12-13 09:36:53|Type d'erreur inconnu : [8] Undefined index: Data - ligne 3774 dans le fichier D:\wamp\www\rugby\kernel\lib\pChart\class\pDraw.class.php
2012-12-13 09:36:53|Type d'erreur inconnu : [8] Undefined index: Data - ligne 3772 dans le fichier D:\wamp\www\rugby\kernel\lib\pChart\class\pDraw.class.php
2012-12-13 09:36:53|Type d'erreur inconnu : [8] Undefined index: Data - ligne 3759 dans le fichier D:\wamp\www\rugby\kernel\lib\pChart\class\pDraw.class.php
2012-12-13 09:36:53|Type d'erreur inconnu : [2] Division by zero - ligne 1941 dans le fichier D:\wamp\www\rugby\kernel\lib\pChart\class\pDraw.class.php
2012-12-13 09:36:53|Type d'erreur inconnu : [8] Undefined index: Data - ligne 1913 dans le fichier D:\wamp\www\rugby\kernel\lib\pChart\class\pDraw.class.php
2012-12-13 09:36:53|Type d'erreur inconnu : [8] Undefined index: Data - ligne 100 dans le fichier D:\wamp\www\rugby\kernel\lib\pChart\class\pData.class.php
2012-12-13 09:36:53|Type d'erreur inconnu : [8] Undefined index: Data - ligne 100 dans le fichier D:\wamp\www\rugby\kernel\lib\pChart\class\pData.class.php
2012-12-13 09:36:53|Type d'erreur inconnu : [2] Division by zero - ligne 1941 dans le fichier D:\wamp\www\rugby\kernel\lib\pChart\class\pDraw.class.php
2012-12-13 09:36:53|Type d'erreur inconnu : [8] Undefined index: Data - ligne 1913 dans le fichier D:\wamp\www\rugby\kernel\lib\pChart\class\pDraw.class.php
2012-12-13 09:36:53|Type d'erreur inconnu : [8] Undefined index: Data - ligne 100 dans le fichier D:\wamp\www\rugby\kernel\lib\pChart\class\pData.class.php
2012-12-13 09:36:53|Type d'erreur inconnu : [8] Undefined variable: data_img - ligne 559 dans le fichier D:\wamp\www\rugby\app\controller\joueurController.php
2012-12-13 09:24:11|Type d'erreur inconnu : [8] Undefined index: Edition_suivi - ligne 30 dans le fichier D:\wamp\www\rugby\cache\8121487a612d2169fe39bf58522fc3d41d73a0e9.file.suivi_edit.tpl.php
2012-12-13 09:23:52|Type d'erreur inconnu : [8] Undefined index: Edition_suivi - ligne 30 dans le fichier D:\wamp\www\rugby\cache\8121487a612d2169fe39bf58522fc3d41d73a0e9.file.suivi_edit.tpl.php
2012-12-13 09:23:47|Type d'erreur inconnu : [8] Undefined index: Edition_suivi - ligne 30 dans le fichier D:\wamp\www\rugby\cache\8121487a612d2169fe39bf58522fc3d41d73a0e9.file.suivi_edit.tpl.php
2012-12-13 08:32:10|Type d'erreur inconnu : [8] Undefined index: obsertation_structure - ligne 37 dans le fichier D:\wamp\www\rugby\cache\f7a16615bbbf6806ace8bf82bd17aba32f77aaa0.file.suivi_detail.tpl.php
2012-12-13 08:32:10|Type d'erreur inconnu : [8] Undefined index: obsertation_etablissement - ligne 30 dans le fichier D:\wamp\www\rugby\cache\f7a16615bbbf6806ace8bf82bd17aba32f77aaa0.file.suivi_detail.tpl.php
2012-12-13 08:29:32|Type d'erreur inconnu : [8] Undefined variable: Suvi - ligne 291 dans le fichier D:\wamp\www\rugby\kernel\lib\smarty\sysplugins\smarty_internal_data.php
2012-12-13 08:27:29|Type d'erreur inconnu : [8] Undefined variable: Suvi - ligne 291 dans le fichier D:\wamp\www\rugby\kernel\lib\smarty\sysplugins\smarty_internal_data.php
2012-12-13 08:12:00|Type d'erreur inconnu : [2] PDOStatement::execute(): SQLSTATE[42000]: Syntax error or access violation: 1327 Undeclared variable: timestamp_suivi - ligne 34 dans le fichier D:\wamp\www\rugby\kernel\core\DB\EPDO.php
2012-12-13 08:12:00|Type d'erreur inconnu : [2] PDOStatement::execute(): SQLSTATE[42000]: Syntax error or access violation: 1327 Undeclared variable: timestamp_suivi - ligne 34 dans le fichier D:\wamp\www\rugby\kernel\core\DB\EPDO.php
2012-12-13 08:12:00|Type d'erreur inconnu : [2] PDOStatement::execute(): SQLSTATE[42000]: Syntax error or access violation: 1327 Undeclared variable: timestamp_suivi - ligne 34 dans le fichier D:\wamp\www\rugby\kernel\core\DB\EPDO.php
2012-12-13 08:12:00|Type d'erreur inconnu : [2] PDOStatement::execute(): SQLSTATE[42000]: Syntax error or access violation: 1327 Undeclared variable: timestamp_suivi - ligne 34 dans le fichier D:\wamp\www\rugby\kernel\core\DB\EPDO.php
2012-12-13 08:09:21|Type d'erreur inconnu : [8] Undefined index: id - ligne 156 dans le fichier D:\wamp\www\rugby\cache\01395465276b795c3ae3cac04e72c09342153301.file.fiche_tab_etab.tpl.php
2012-12-13 08:09:21|Type d'erreur inconnu : [8] Undefined index: annee - ligne 155 dans le fichier D:\wamp\www\rugby\cache\01395465276b795c3ae3cac04e72c09342153301.file.fiche_tab_etab.tpl.php
2012-12-13 08:09:21|Type d'erreur inconnu : [8] Undefined index: number - ligne 154 dans le fichier D:\wamp\www\rugby\cache\01395465276b795c3ae3cac04e72c09342153301.file.fiche_tab_etab.tpl.php
2012-12-13 08:09:21|Type d'erreur inconnu : [8] Undefined index: id - ligne 152 dans le fichier D:\wamp\www\rugby\cache\01395465276b795c3ae3cac04e72c09342153301.file.fiche_tab_etab.tpl.php
2012-12-13 08:09:21|Type d'erreur inconnu : [2] Division by zero - ligne 1941 dans le fichier D:\wamp\www\rugby\kernel\lib\pChart\class\pDraw.class.php
2012-12-13 08:09:21|Type d'erreur inconnu : [8] Undefined index: Data - ligne 1913 dans le fichier D:\wamp\www\rugby\kernel\lib\pChart\class\pDraw.class.php
2012-12-13 08:09:21|Type d'erreur inconnu : [8] Undefined index: Data - ligne 100 dans le fichier D:\wamp\www\rugby\kernel\lib\pChart\class\pData.class.php
2012-12-13 08:09:21|Type d'erreur inconnu : [8] Undefined variable: data_img - ligne 559 dans le fichier D:\wamp\www\rugby\app\controller\joueurController.php
2012-12-13 08:09:21|Type d'erreur inconnu : [8] Undefined index: Data - ligne 3775 dans le fichier D:\wamp\www\rugby\kernel\lib\pChart\class\pDraw.class.php
2012-12-13 08:09:21|Type d'erreur inconnu : [8] Undefined index: Data - ligne 3774 dans le fichier D:\wamp\www\rugby\kernel\lib\pChart\class\pDraw.class.php
2012-12-13 08:09:21|Type d'erreur inconnu : [8] Undefined index: Data - ligne 3772 dans le fichier D:\wamp\www\rugby\kernel\lib\pChart\class\pDraw.class.php
2012-12-13 08:09:21|Type d'erreur inconnu : [8] Undefined index: Data - ligne 3759 dans le fichier D:\wamp\www\rugby\kernel\lib\pChart\class\pDraw.class.php
2012-12-13 08:09:21|Type d'erreur inconnu : [2] Division by zero - ligne 1941 dans le fichier D:\wamp\www\rugby\kernel\lib\pChart\class\pDraw.class.php
2012-12-13 08:09:21|Type d'erreur inconnu : [8] Undefined index: Data - ligne 1913 dans le fichier D:\wamp\www\rugby\kernel\lib\pChart\class\pDraw.class.php
2012-12-13 08:09:21|Type d'erreur inconnu : [8] Undefined index: Data - ligne 100 dans le fichier D:\wamp\www\rugby\kernel\lib\pChart\class\pData.class.php
2012-12-13 08:09:21|Type d'erreur inconnu : [8] Undefined index: Data - ligne 100 dans le fichier D:\wamp\www\rugby\kernel\lib\pChart\class\pData.class.php
2012-12-13 08:08:37|Type d'erreur inconnu : [8] Undefined index: id - ligne 156 dans le fichier D:\wamp\www\rugby\cache\01395465276b795c3ae3cac04e72c09342153301.file.fiche_tab_etab.tpl.php
2012-12-13 08:08:37|Type d'erreur inconnu : [8] Undefined index: annee - ligne 155 dans le fichier D:\wamp\www\rugby\cache\01395465276b795c3ae3cac04e72c09342153301.file.fiche_tab_etab.tpl.php
2012-12-13 08:08:37|Type d'erreur inconnu : [8] Undefined index: number - ligne 154 dans le fichier D:\wamp\www\rugby\cache\01395465276b795c3ae3cac04e72c09342153301.file.fiche_tab_etab.tpl.php
2012-12-13 08:08:37|Type d'erreur inconnu : [8] Undefined index: id - ligne 152 dans le fichier D:\wamp\www\rugby\cache\01395465276b795c3ae3cac04e72c09342153301.file.fiche_tab_etab.tpl.php
2012-12-13 08:08:37|Type d'erreur inconnu : [8] Undefined index: suivis - ligne 162 dans le fichier D:\wamp\www\rugby\cache\01395465276b795c3ae3cac04e72c09342153301.file.fiche_tab_etab.tpl.php
2012-12-13 08:08:37|Type d'erreur inconnu : [2] Division by zero - ligne 1941 dans le fichier D:\wamp\www\rugby\kernel\lib\pChart\class\pDraw.class.php
2012-12-13 08:08:37|Type d'erreur inconnu : [8] Undefined index: Data - ligne 1913 dans le fichier D:\wamp\www\rugby\kernel\lib\pChart\class\pDraw.class.php
2012-12-13 08:08:37|Type d'erreur inconnu : [8] Undefined index: Data - ligne 100 dans le fichier D:\wamp\www\rugby\kernel\lib\pChart\class\pData.class.php
2012-12-13 08:08:37|Type d'erreur inconnu : [8] Undefined variable: data_img - ligne 559 dans le fichier D:\wamp\www\rugby\app\controller\joueurController.php
2012-12-13 08:08:37|Type d'erreur inconnu : [8] Undefined index: Data - ligne 3775 dans le fichier D:\wamp\www\rugby\kernel\lib\pChart\class\pDraw.class.php
2012-12-13 08:08:37|Type d'erreur inconnu : [8] Undefined index: Data - ligne 3774 dans le fichier D:\wamp\www\rugby\kernel\lib\pChart\class\pDraw.class.php
2012-12-13 08:08:37|Type d'erreur inconnu : [8] Undefined index: Data - ligne 3772 dans le fichier D:\wamp\www\rugby\kernel\lib\pChart\class\pDraw.class.php
2012-12-13 08:08:37|Type d'erreur inconnu : [8] Undefined index: Data - ligne 3759 dans le fichier D:\wamp\www\rugby\kernel\lib\pChart\class\pDraw.class.php
2012-12-13 08:08:37|Type d'erreur inconnu : [2] Division by zero - ligne 1941 dans le fichier D:\wamp\www\rugby\kernel\lib\pChart\class\pDraw.class.php
2012-12-13 08:08:37|Type d'erreur inconnu : [8] Undefined index: Data - ligne 1913 dans le fichier D:\wamp\www\rugby\kernel\lib\pChart\class\pDraw.class.php
2012-12-13 08:08:37|Type d'erreur inconnu : [8] Undefined index: Data - ligne 100 dans le fichier D:\wamp\www\rugby\kernel\lib\pChart\class\pData.class.php
2012-12-13 08:08:37|Type d'erreur inconnu : [8] Undefined index: Data - ligne 100 dans le fichier D:\wamp\www\rugby\kernel\lib\pChart\class\pData.class.php
2012-12-13 08:08:22|Type d'erreur inconnu : [8] Undefined index: suivi - ligne 162 dans le fichier D:\wamp\www\rugby\cache\01395465276b795c3ae3cac04e72c09342153301.file.fiche_tab_etab.tpl.php
2012-12-13 08:08:22|Type d'erreur inconnu : [8] Undefined index: id - ligne 156 dans le fichier D:\wamp\www\rugby\cache\01395465276b795c3ae3cac04e72c09342153301.file.fiche_tab_etab.tpl.php
2012-12-13 08:08:22|Type d'erreur inconnu : [8] Undefined index: annee - ligne 155 dans le fichier D:\wamp\www\rugby\cache\01395465276b795c3ae3cac04e72c09342153301.file.fiche_tab_etab.tpl.php
2012-12-13 08:08:22|Type d'erreur inconnu : [8] Undefined index: number - ligne 154 dans le fichier D:\wamp\www\rugby\cache\01395465276b795c3ae3cac04e72c09342153301.file.fiche_tab_etab.tpl.php
2012-12-13 08:08:22|Type d'erreur inconnu : [8] Undefined index: id - ligne 152 dans le fichier D:\wamp\www\rugby\cache\01395465276b795c3ae3cac04e72c09342153301.file.fiche_tab_etab.tpl.php
2012-12-13 08:08:22|Type d'erreur inconnu : [8] Undefined index: suivi - ligne 162 dans le fichier D:\wamp\www\rugby\cache\01395465276b795c3ae3cac04e72c09342153301.file.fiche_tab_etab.tpl.php
2012-12-13 08:08:22|Type d'erreur inconnu : [8] Undefined index: suivi - ligne 162 dans le fichier D:\wamp\www\rugby\cache\01395465276b795c3ae3cac04e72c09342153301.file.fiche_tab_etab.tpl.php
2012-12-13 08:08:22|Type d'erreur inconnu : [8] Undefined index: suivi - ligne 162 dans le fichier D:\wamp\www\rugby\cache\01395465276b795c3ae3cac04e72c09342153301.file.fiche_tab_etab.tpl.php
2012-12-13 08:08:22|Type d'erreur inconnu : [8] Undefined index: suivi - ligne 162 dans le fichier D:\wamp\www\rugby\cache\01395465276b795c3ae3cac04e72c09342153301.file.fiche_tab_etab.tpl.php
2012-12-13 08:08:22|Type d'erreur inconnu : [8] Undefined index: Data - ligne 3775 dans le fichier D:\wamp\www\rugby\kernel\lib\pChart\class\pDraw.class.php
2012-12-13 08:08:22|Type d'erreur inconnu : [8] Undefined index: Data - ligne 3774 dans le fichier D:\wamp\www\rugby\kernel\lib\pChart\class\pDraw.class.php
2012-12-13 08:08:22|Type d'erreur inconnu : [8] Undefined index: Data - ligne 3772 dans le fichier D:\wamp\www\rugby\kernel\lib\pChart\class\pDraw.class.php
2012-12-13 08:08:22|Type d'erreur inconnu : [8] Undefined index: Data - ligne 3759 dans le fichier D:\wamp\www\rugby\kernel\lib\pChart\class\pDraw.class.php
2012-12-13 08:08:22|Type d'erreur inconnu : [2] Division by zero - ligne 1941 dans le fichier D:\wamp\www\rugby\kernel\lib\pChart\class\pDraw.class.php
2012-12-13 08:08:22|Type d'erreur inconnu : [8] Undefined index: Data - ligne 1913 dans le fichier D:\wamp\www\rugby\kernel\lib\pChart\class\pDraw.class.php
2012-12-13 08:08:22|Type d'erreur inconnu : [8] Undefined index: Data - ligne 100 dans le fichier D:\wamp\www\rugby\kernel\lib\pChart\class\pData.class.php
2012-12-13 08:08:22|Type d'erreur inconnu : [8] Undefined index: Data - ligne 100 dans le fichier D:\wamp\www\rugby\kernel\lib\pChart\class\pData.class.php
2012-12-13 08:08:21|Type d'erreur inconnu : [2] Division by zero - ligne 1941 dans le fichier D:\wamp\www\rugby\kernel\lib\pChart\class\pDraw.class.php
2012-12-13 08:08:21|Type d'erreur inconnu : [8] Undefined index: Data - ligne 1913 dans le fichier D:\wamp\www\rugby\kernel\lib\pChart\class\pDraw.class.php
2012-12-13 08:08:21|Type d'erreur inconnu : [8] Undefined index: Data - ligne 100 dans le fichier D:\wamp\www\rugby\kernel\lib\pChart\class\pData.class.php
2012-12-13 08:08:21|Type d'erreur inconnu : [8] Undefined variable: data_img - ligne 559 dans le fichier D:\wamp\www\rugby\app\controller\joueurController.php
2012-12-13 07:58:20|Type d'erreur inconnu : [8] Undefined index: suivi - ligne 161 dans le fichier D:\wamp\www\rugby\cache\01395465276b795c3ae3cac04e72c09342153301.file.fiche_tab_etab.tpl.php
2012-12-13 07:58:20|Type d'erreur inconnu : [8] Undefined index: id - ligne 155 dans le fichier D:\wamp\www\rugby\cache\01395465276b795c3ae3cac04e72c09342153301.file.fiche_tab_etab.tpl.php
2012-12-13 07:58:20|Type d'erreur inconnu : [8] Undefined index: annee - ligne 154 dans le fichier D:\wamp\www\rugby\cache\01395465276b795c3ae3cac04e72c09342153301.file.fiche_tab_etab.tpl.php
2012-12-13 07:58:20|Type d'erreur inconnu : [8] Undefined index: number - ligne 153 dans le fichier D:\wamp\www\rugby\cache\01395465276b795c3ae3cac04e72c09342153301.file.fiche_tab_etab.tpl.php
2012-12-13 07:58:20|Type d'erreur inconnu : [8] Undefined index: id - ligne 151 dans le fichier D:\wamp\www\rugby\cache\01395465276b795c3ae3cac04e72c09342153301.file.fiche_tab_etab.tpl.php
2012-12-13 07:58:20|Type d'erreur inconnu : [8] Undefined index: suivi - ligne 161 dans le fichier D:\wamp\www\rugby\cache\01395465276b795c3ae3cac04e72c09342153301.file.fiche_tab_etab.tpl.php
2012-12-13 07:58:20|Type d'erreur inconnu : [8] Undefined index: suivi - ligne 161 dans le fichier D:\wamp\www\rugby\cache\01395465276b795c3ae3cac04e72c09342153301.file.fiche_tab_etab.tpl.php
2012-12-13 07:58:20|Type d'erreur inconnu : [8] Undefined index: suivi - ligne 161 dans le fichier D:\wamp\www\rugby\cache\01395465276b795c3ae3cac04e72c09342153301.file.fiche_tab_etab.tpl.php
2012-12-13 07:58:20|Type d'erreur inconnu : [8] Undefined index: suivi - ligne 161 dans le fichier D:\wamp\www\rugby\cache\01395465276b795c3ae3cac04e72c09342153301.file.fiche_tab_etab.tpl.php
2012-12-13 07:58:05|Type d'erreur inconnu : [8] Undefined index: Data - ligne 3775 dans le fichier D:\wamp\www\rugby\kernel\lib\pChart\class\pDraw.class.php
2012-12-13 07:58:05|Type d'erreur inconnu : [8] Undefined index: Data - ligne 3774 dans le fichier D:\wamp\www\rugby\kernel\lib\pChart\class\pDraw.class.php
2012-12-13 07:58:05|Type d'erreur inconnu : [8] Undefined index: Data - ligne 3772 dans le fichier D:\wamp\www\rugby\kernel\lib\pChart\class\pDraw.class.php
2012-12-13 07:58:05|Type d'erreur inconnu : [8] Undefined index: Data - ligne 3759 dans le fichier D:\wamp\www\rugby\kernel\lib\pChart\class\pDraw.class.php
2012-12-13 07:58:04|Type d'erreur inconnu : [2] Division by zero - ligne 1941 dans le fichier D:\wamp\www\rugby\kernel\lib\pChart\class\pDraw.class.php
2012-12-13 07:58:04|Type d'erreur inconnu : [8] Undefined index: Data - ligne 1913 dans le fichier D:\wamp\www\rugby\kernel\lib\pChart\class\pDraw.class.php
2012-12-13 07:58:04|Type d'erreur inconnu : [8] Undefined index: Data - ligne 100 dans le fichier D:\wamp\www\rugby\kernel\lib\pChart\class\pData.class.php
2012-12-13 07:58:04|Type d'erreur inconnu : [8] Undefined index: Data - ligne 100 dans le fichier D:\wamp\www\rugby\kernel\lib\pChart\class\pData.class.php
2012-12-13 07:58:04|Type d'erreur inconnu : [2] Division by zero - ligne 1941 dans le fichier D:\wamp\www\rugby\kernel\lib\pChart\class\pDraw.class.php
2012-12-13 07:58:04|Type d'erreur inconnu : [8] Undefined index: Data - ligne 1913 dans le fichier D:\wamp\www\rugby\kernel\lib\pChart\class\pDraw.class.php
2012-12-13 07:58:04|Type d'erreur inconnu : [8] Undefined index: Data - ligne 100 dans le fichier D:\wamp\www\rugby\kernel\lib\pChart\class\pData.class.php
2012-12-13 07:58:04|Type d'erreur inconnu : [8] Undefined variable: data_img - ligne 559 dans le fichier D:\wamp\www\rugby\app\controller\joueurController.php
2012-12-13 07:51:06|Type d'erreur inconnu : [2] PDOStatement::execute(): SQLSTATE[42S22]: Column not found: 1054 Unknown column 'trimestre_id' in 'field list' - ligne 34 dans le fichier D:\wamp\www\rugby\kernel\core\DB\EPDO.php
2012-12-13 07:50:13|Type d'erreur inconnu : [2] PDOStatement::execute(): SQLSTATE[42S22]: Column not found: 1054 Unknown column 'creat_by' in 'field list' - ligne 34 dans le fichier D:\wamp\www\rugby\kernel\core\DB\EPDO.php
2012-12-13 07:40:13|Type d'erreur inconnu : [2] PDOStatement::execute(): SQLSTATE[42000]: Syntax error or access violation: 1064 You have an error in your SQL syntax; check the manual that corresponds to your MySQL server version for the right syntax to use near '' at line 1 - ligne 34 dans le fichier D:\wamp\www\rugby\kernel\core\DB\EPDO.php
2012-12-13 07:40:13|Type d'erreur inconnu : [2] PDO::quote() expects parameter 1 to be string, array given - ligne 49 dans le fichier D:\wamp\www\rugby\kernel\core\DB\Db.class.php
2012-12-13 07:40:13|Type d'erreur inconnu : [2] PDOStatement::execute(): SQLSTATE[42000]: Syntax error or access violation: 1064 You have an error in your SQL syntax; check the manual that corresponds to your MySQL server version for the right syntax to use near 'LIMIT 1' at line 3 - ligne 34 dans le fichier D:\wamp\www\rugby\kernel\core\DB\EPDO.php
2012-12-13 07:40:13|Type d'erreur inconnu : [2] PDO::quote() expects parameter 1 to be string, array given - ligne 130 dans le fichier D:\wamp\www\rugby\kernel\core\DB\Db.class.php
2012-12-13 07:40:13|Type d'erreur inconnu : [2] PDOStatement::execute(): SQLSTATE[42000]: Syntax error or access violation: 1064 You have an error in your SQL syntax; check the manual that corresponds to your MySQL server version for the right syntax to use near '' at line 1 - ligne 34 dans le fichier D:\wamp\www\rugby\kernel\core\DB\EPDO.php
2012-12-13 07:40:13|Type d'erreur inconnu : [2] PDO::quote() expects parameter 1 to be string, array given - ligne 49 dans le fichier D:\wamp\www\rugby\kernel\core\DB\Db.class.php
2012-12-13 07:40:13|Type d'erreur inconnu : [2] PDOStatement::execute(): SQLSTATE[42000]: Syntax error or access violation: 1064 You have an error in your SQL syntax; check the manual that corresponds to your MySQL server version for the right syntax to use near 'LIMIT 1' at line 3 - ligne 34 dans le fichier D:\wamp\www\rugby\kernel\core\DB\EPDO.php
2012-12-13 07:40:13|Type d'erreur inconnu : [2] PDO::quote() expects parameter 1 to be string, array given - ligne 130 dans le fichier D:\wamp\www\rugby\kernel\core\DB\Db.class.php
2012-12-13 07:40:09|Type d'erreur inconnu : [8] Undefined variable: jid - ligne 157 dans le fichier D:\wamp\www\rugby\app\controller\bulletinController.php
2012-12-13 07:40:09|Type d'erreur inconnu : [2] PDOStatement::execute(): SQLSTATE[42S22]: Column not found: 1054 Unknown column 'creat_by' in 'field list' - ligne 34 dans le fichier D:\wamp\www\rugby\kernel\core\DB\EPDO.php
2012-12-13 07:40:09|Type d'erreur inconnu : [8] Undefined offset: 1 - ligne 512 dans le fichier D:\wamp\www\rugby\kernel\core\functions.php
2012-12-13 07:40:09|Type d'erreur inconnu : [8] Undefined offset: 2 - ligne 512 dans le fichier D:\wamp\www\rugby\kernel\core\functions.php
2012-12-13 07:40:09|Type d'erreur inconnu : [8] Undefined index: date_suivi - ligne 153 dans le fichier D:\wamp\www\rugby\app\controller\bulletinController.php
2012-12-13 07:40:09|Type d'erreur inconnu : [2] mktime() expects parameter 5 to be long, string given - ligne 507 dans le fichier D:\wamp\www\rugby\kernel\core\functions.php
2012-12-13 07:40:09|Type d'erreur inconnu : [8] Undefined offset: 2 - ligne 507 dans le fichier D:\wamp\www\rugby\kernel\core\functions.php
2012-12-13 07:40:09|Type d'erreur inconnu : [8] Undefined offset: 1 - ligne 507 dans le fichier D:\wamp\www\rugby\kernel\core\functions.php
2012-12-13 07:40:09|Type d'erreur inconnu : [8] Undefined index: date_suivi - ligne 152 dans le fichier D:\wamp\www\rugby\app\controller\bulletinController.php
2012-12-13 07:00:09|Type d'erreur inconnu : [8] Undefined index: annee - ligne 30 dans le fichier D:\wamp\www\rugby\cache\d395ea8e6c1382ca271b18577545c845ab4cd8ca.file.suivi_add.tpl.php
2012-12-13 07:00:09|Type d'erreur inconnu : [8] Undefined index: num - ligne 29 dans le fichier D:\wamp\www\rugby\cache\d395ea8e6c1382ca271b18577545c845ab4cd8ca.file.suivi_add.tpl.php
2012-12-13 06:59:04|Type d'erreur inconnu : [8] Undefined index: Remarque - ligne 48 dans le fichier D:\wamp\www\rugby\cache\d395ea8e6c1382ca271b18577545c845ab4cd8ca.file.suivi_add.tpl.php
2012-12-13 06:59:04|Type d'erreur inconnu : [8] Undefined index: annee - ligne 30 dans le fichier D:\wamp\www\rugby\cache\d395ea8e6c1382ca271b18577545c845ab4cd8ca.file.suivi_add.tpl.php
2012-12-13 06:59:04|Type d'erreur inconnu : [8] Undefined index: num - ligne 29 dans le fichier D:\wamp\www\rugby\cache\d395ea8e6c1382ca271b18577545c845ab4cd8ca.file.suivi_add.tpl.php
2012-12-13 06:59:04|Type d'erreur inconnu : [8] Undefined index: Nouveau_suivi - ligne 28 dans le fichier D:\wamp\www\rugby\cache\d395ea8e6c1382ca271b18577545c845ab4cd8ca.file.suivi_add.tpl.php
2012-12-13 06:48:07|Type d'erreur inconnu : [2] Division by zero - ligne 1941 dans le fichier D:\wamp\www\rugby\kernel\lib\pChart\class\pDraw.class.php
2012-12-13 06:48:07|Type d'erreur inconnu : [8] Undefined index: Data - ligne 1913 dans le fichier D:\wamp\www\rugby\kernel\lib\pChart\class\pDraw.class.php
2012-12-13 06:48:07|Type d'erreur inconnu : [8] Undefined index: Data - ligne 100 dans le fichier D:\wamp\www\rugby\kernel\lib\pChart\class\pData.class.php
2012-12-13 06:48:07|Type d'erreur inconnu : [8] Undefined variable: data_img - ligne 555 dans le fichier D:\wamp\www\rugby\app\controller\joueurController.php
2012-12-13 06:48:06|Type d'erreur inconnu : [8] Undefined index: Data - ligne 3775 dans le fichier D:\wamp\www\rugby\kernel\lib\pChart\class\pDraw.class.php
2012-12-13 06:48:06|Type d'erreur inconnu : [8] Undefined index: Data - ligne 3774 dans le fichier D:\wamp\www\rugby\kernel\lib\pChart\class\pDraw.class.php
2012-12-13 06:48:06|Type d'erreur inconnu : [8] Undefined index: Data - ligne 3772 dans le fichier D:\wamp\www\rugby\kernel\lib\pChart\class\pDraw.class.php
2012-12-13 06:48:06|Type d'erreur inconnu : [8] Undefined index: Data - ligne 3759 dans le fichier D:\wamp\www\rugby\kernel\lib\pChart\class\pDraw.class.php
2012-12-13 06:48:06|Type d'erreur inconnu : [2] Division by zero - ligne 1941 dans le fichier D:\wamp\www\rugby\kernel\lib\pChart\class\pDraw.class.php
2012-12-13 06:48:06|Type d'erreur inconnu : [8] Undefined index: Data - ligne 1913 dans le fichier D:\wamp\www\rugby\kernel\lib\pChart\class\pDraw.class.php
2012-12-13 06:48:06|Type d'erreur inconnu : [8] Undefined index: Data - ligne 100 dans le fichier D:\wamp\www\rugby\kernel\lib\pChart\class\pData.class.php
2012-12-13 06:48:06|Type d'erreur inconnu : [8] Undefined index: Data - ligne 100 dans le fichier D:\wamp\www\rugby\kernel\lib\pChart\class\pData.class.php
