2012-10-10 06:55:26|Type d'erreur inconnu : [8] Undefined index: Commentaire - ligne 70 dans le fichier F:\wamp\www\rugby\cache\77ae42afb5b9d36f11cf0d3c713b6081afb3bf60.file.tab_fiche.tpl.php
2012-10-10 06:48:25|Type d'erreur inconnu : [8] Undefined index: tps - ligne 24 dans le fichier F:\wamp\www\rugby\cache\77ae42afb5b9d36f11cf0d3c713b6081afb3bf60.file.tab_fiche.tpl.php
2012-10-10 06:48:08|Type d'erreur inconnu : [8] Undefined index: tps - ligne 24 dans le fichier F:\wamp\www\rugby\cache\77ae42afb5b9d36f11cf0d3c713b6081afb3bf60.file.tab_fiche.tpl.php
2012-10-10 06:48:08|Type d'erreur inconnu : [8] Undefined index: Temps_de_jeu_mois_en_cour - ligne 23 dans le fichier F:\wamp\www\rugby\cache\77ae42afb5b9d36f11cf0d3c713b6081afb3bf60.file.tab_fiche.tpl.php
2012-10-10 06:47:19|Type d'erreur inconnu : [8] Undefined index: tps - ligne 24 dans le fichier F:\wamp\www\rugby\cache\77ae42afb5b9d36f11cf0d3c713b6081afb3bf60.file.tab_fiche.tpl.php
2012-10-10 06:47:19|Type d'erreur inconnu : [8] Undefined index: Temps_de_jeu_mois_en_cour - ligne 23 dans le fichier F:\wamp\www\rugby\cache\77ae42afb5b9d36f11cf0d3c713b6081afb3bf60.file.tab_fiche.tpl.php
2012-10-10 06:04:55|Type d'erreur inconnu : [8] Undefined index: Data - ligne 3775 dans le fichier F:\wamp\www\rugby\kernel\lib\pChart\class\pDraw.class.php
2012-10-10 06:04:55|Type d'erreur inconnu : [8] Undefined index: Data - ligne 3774 dans le fichier F:\wamp\www\rugby\kernel\lib\pChart\class\pDraw.class.php
2012-10-10 06:04:55|Type d'erreur inconnu : [8] Undefined index: Data - ligne 3772 dans le fichier F:\wamp\www\rugby\kernel\lib\pChart\class\pDraw.class.php
2012-10-10 06:04:55|Type d'erreur inconnu : [8] Undefined index: Data - ligne 3759 dans le fichier F:\wamp\www\rugby\kernel\lib\pChart\class\pDraw.class.php
2012-10-10 06:04:55|Type d'erreur inconnu : [2] Division by zero - ligne 1941 dans le fichier F:\wamp\www\rugby\kernel\lib\pChart\class\pDraw.class.php
2012-10-10 06:04:55|Type d'erreur inconnu : [8] Undefined index: Data - ligne 1913 dans le fichier F:\wamp\www\rugby\kernel\lib\pChart\class\pDraw.class.php
2012-10-10 06:04:55|Type d'erreur inconnu : [8] Undefined index: Data - ligne 100 dans le fichier F:\wamp\www\rugby\kernel\lib\pChart\class\pData.class.php
2012-10-10 06:04:55|Type d'erreur inconnu : [8] Undefined index: Data - ligne 100 dans le fichier F:\wamp\www\rugby\kernel\lib\pChart\class\pData.class.php
2012-10-10 06:04:55|Type d'erreur inconnu : [2] Division by zero - ligne 1941 dans le fichier F:\wamp\www\rugby\kernel\lib\pChart\class\pDraw.class.php
2012-10-10 06:04:55|Type d'erreur inconnu : [8] Undefined index: Data - ligne 1913 dans le fichier F:\wamp\www\rugby\kernel\lib\pChart\class\pDraw.class.php
2012-10-10 06:04:55|Type d'erreur inconnu : [8] Undefined index: Data - ligne 100 dans le fichier F:\wamp\www\rugby\kernel\lib\pChart\class\pData.class.php
2012-10-10 06:04:55|Type d'erreur inconnu : [8] Undefined variable: data_img - ligne 455 dans le fichier F:\wamp\www\rugby\app\controller\joueurController.php
2012-10-10 05:57:59|Type d'erreur inconnu : [8] Undefined variable: Matchs - ligne 291 dans le fichier F:\wamp\www\rugby\kernel\lib\smarty\sysplugins\smarty_internal_data.php
2012-10-10 05:23:35|Type d'erreur inconnu : [8] Undefined variable: Match_equipe_b - ligne 291 dans le fichier F:\wamp\www\rugby\kernel\lib\smarty\sysplugins\smarty_internal_data.php
