2012-10-24 08:41:43|Type d'erreur inconnu : [8] Undefined index: Configuration_enregistree - ligne 282 dans le fichier F:\wamp\www\rugby\app\controller\administrationController.php
2012-10-24 08:40:57|Type d'erreur inconnu : [8] Undefined index: sport_champ_entraineur - ligne 71 dans le fichier F:\wamp\www\rugby\cache\6080e7834880724d43b11ab3afb5202132c93857.file.blokNavigation.tpl.php
2012-10-24 08:36:49|Type d'erreur inconnu : [8] Undefined index: Configuration_enregistree - ligne 282 dans le fichier F:\wamp\www\rugby\app\controller\administrationController.php
2012-10-24 08:31:32|Type d'erreur inconnu : [8] Undefined index: Configuration_enregistree - ligne 282 dans le fichier F:\wamp\www\rugby\app\controller\administrationController.php
2012-10-24 08:31:08|Type d'erreur inconnu : [8] Undefined index: Configuration_enregistree - ligne 282 dans le fichier F:\wamp\www\rugby\app\controller\administrationController.php
2012-10-24 08:27:44|Type d'erreur inconnu : [8] Undefined index: sport_champ_poste - ligne 51 dans le fichier F:\wamp\www\rugby\cache\705c6204108e777b46d99aa77db07ff11e174451.file.setting.tpl.php
2012-10-24 08:27:44|Type d'erreur inconnu : [8] Undefined index: sport_champ_poste - ligne 49 dans le fichier F:\wamp\www\rugby\cache\705c6204108e777b46d99aa77db07ff11e174451.file.setting.tpl.php
2012-10-24 08:27:44|Type d'erreur inconnu : [8] Undefined index: sport_champ_selection - ligne 38 dans le fichier F:\wamp\www\rugby\cache\705c6204108e777b46d99aa77db07ff11e174451.file.setting.tpl.php
2012-10-24 08:27:44|Type d'erreur inconnu : [8] Undefined index: sport_champ_selection - ligne 36 dans le fichier F:\wamp\www\rugby\cache\705c6204108e777b46d99aa77db07ff11e174451.file.setting.tpl.php
2012-10-24 08:23:22|Type d'erreur inconnu : [8] Undefined index: sport_champ_poste - ligne 51 dans le fichier F:\wamp\www\rugby\cache\705c6204108e777b46d99aa77db07ff11e174451.file.setting.tpl.php
2012-10-24 08:23:22|Type d'erreur inconnu : [8] Undefined index: sport_champ_poste - ligne 49 dans le fichier F:\wamp\www\rugby\cache\705c6204108e777b46d99aa77db07ff11e174451.file.setting.tpl.php
2012-10-24 08:23:22|Type d'erreur inconnu : [8] Undefined index: Champ_poste - ligne 45 dans le fichier F:\wamp\www\rugby\cache\705c6204108e777b46d99aa77db07ff11e174451.file.setting.tpl.php
2012-10-24 08:23:22|Type d'erreur inconnu : [8] Undefined index: sport_champ_selection - ligne 38 dans le fichier F:\wamp\www\rugby\cache\705c6204108e777b46d99aa77db07ff11e174451.file.setting.tpl.php
2012-10-24 08:23:22|Type d'erreur inconnu : [8] Undefined index: sport_champ_selection - ligne 36 dans le fichier F:\wamp\www\rugby\cache\705c6204108e777b46d99aa77db07ff11e174451.file.setting.tpl.php
2012-10-24 08:23:22|Type d'erreur inconnu : [8] Undefined index: Champ_selection - ligne 32 dans le fichier F:\wamp\www\rugby\cache\705c6204108e777b46d99aa77db07ff11e174451.file.setting.tpl.php
2012-10-24 08:11:37|Type d'erreur inconnu : [8] Undefined index: Configuration_enregistree - ligne 282 dans le fichier F:\wamp\www\rugby\app\controller\administrationController.php
2012-10-24 08:06:45|Type d'erreur inconnu : [8] Undefined index: joueur_entraineur - ligne 52 dans le fichier F:\wamp\www\rugby\cache\705c6204108e777b46d99aa77db07ff11e174451.file.setting.tpl.php
2012-10-24 08:06:45|Type d'erreur inconnu : [8] Undefined index: joueur_entraineur - ligne 50 dans le fichier F:\wamp\www\rugby\cache\705c6204108e777b46d99aa77db07ff11e174451.file.setting.tpl.php
2012-10-24 08:06:45|Type d'erreur inconnu : [8] Undefined index: joueur_suivi_scolaire - ligne 40 dans le fichier F:\wamp\www\rugby\cache\705c6204108e777b46d99aa77db07ff11e174451.file.setting.tpl.php
2012-10-24 08:06:45|Type d'erreur inconnu : [8] Undefined index: joueur_suivi_scolaire - ligne 38 dans le fichier F:\wamp\www\rugby\cache\705c6204108e777b46d99aa77db07ff11e174451.file.setting.tpl.php
2012-10-24 08:06:45|Type d'erreur inconnu : [8] Undefined index: sport - ligne 27 dans le fichier F:\wamp\www\rugby\cache\705c6204108e777b46d99aa77db07ff11e174451.file.setting.tpl.php
2012-10-24 08:03:31|Type d'erreur inconnu : [8] Undefined index: joueur_entraineur - ligne 52 dans le fichier F:\wamp\www\rugby\cache\705c6204108e777b46d99aa77db07ff11e174451.file.setting.tpl.php
2012-10-24 08:03:31|Type d'erreur inconnu : [8] Undefined index: joueur_entraineur - ligne 50 dans le fichier F:\wamp\www\rugby\cache\705c6204108e777b46d99aa77db07ff11e174451.file.setting.tpl.php
2012-10-24 08:03:31|Type d'erreur inconnu : [8] Undefined index: joueur_suivi_scolaire - ligne 40 dans le fichier F:\wamp\www\rugby\cache\705c6204108e777b46d99aa77db07ff11e174451.file.setting.tpl.php
2012-10-24 08:03:31|Type d'erreur inconnu : [8] Undefined index: joueur_suivi_scolaire - ligne 38 dans le fichier F:\wamp\www\rugby\cache\705c6204108e777b46d99aa77db07ff11e174451.file.setting.tpl.php
2012-10-24 08:03:31|Type d'erreur inconnu : [8] Undefined index: sport - ligne 27 dans le fichier F:\wamp\www\rugby\cache\705c6204108e777b46d99aa77db07ff11e174451.file.setting.tpl.php
2012-10-24 08:00:53|Type d'erreur inconnu : [8] Undefined index: joueur_entraineur - ligne 52 dans le fichier F:\wamp\www\rugby\cache\705c6204108e777b46d99aa77db07ff11e174451.file.setting.tpl.php
2012-10-24 08:00:53|Type d'erreur inconnu : [8] Undefined index: joueur_entraineur - ligne 50 dans le fichier F:\wamp\www\rugby\cache\705c6204108e777b46d99aa77db07ff11e174451.file.setting.tpl.php
2012-10-24 08:00:53|Type d'erreur inconnu : [8] Undefined index: joueur_suivi_scolaire - ligne 40 dans le fichier F:\wamp\www\rugby\cache\705c6204108e777b46d99aa77db07ff11e174451.file.setting.tpl.php
2012-10-24 08:00:53|Type d'erreur inconnu : [8] Undefined index: joueur_suivi_scolaire - ligne 38 dans le fichier F:\wamp\www\rugby\cache\705c6204108e777b46d99aa77db07ff11e174451.file.setting.tpl.php
2012-10-24 08:00:53|Type d'erreur inconnu : [8] Undefined index: sport - ligne 27 dans le fichier F:\wamp\www\rugby\cache\705c6204108e777b46d99aa77db07ff11e174451.file.setting.tpl.php
2012-10-24 08:00:17|Type d'erreur inconnu : [8] Undefined index: joueur_entraineur - ligne 52 dans le fichier F:\wamp\www\rugby\cache\705c6204108e777b46d99aa77db07ff11e174451.file.setting.tpl.php
2012-10-24 08:00:17|Type d'erreur inconnu : [8] Undefined index: joueur_entraineur - ligne 50 dans le fichier F:\wamp\www\rugby\cache\705c6204108e777b46d99aa77db07ff11e174451.file.setting.tpl.php
2012-10-24 08:00:17|Type d'erreur inconnu : [8] Undefined index: joueur_suivi_scolaire - ligne 40 dans le fichier F:\wamp\www\rugby\cache\705c6204108e777b46d99aa77db07ff11e174451.file.setting.tpl.php
2012-10-24 08:00:17|Type d'erreur inconnu : [8] Undefined index: joueur_suivi_scolaire - ligne 38 dans le fichier F:\wamp\www\rugby\cache\705c6204108e777b46d99aa77db07ff11e174451.file.setting.tpl.php
2012-10-24 08:00:17|Type d'erreur inconnu : [8] Undefined index: sport - ligne 27 dans le fichier F:\wamp\www\rugby\cache\705c6204108e777b46d99aa77db07ff11e174451.file.setting.tpl.php
2012-10-24 08:00:17|Type d'erreur inconnu : [8] Undefined index: valeur - ligne 9 dans le fichier F:\wamp\www\rugby\kernel\core\functions.php
2012-10-24 08:00:17|Type d'erreur inconnu : [8] Undefined index: cle - ligne 9 dans le fichier F:\wamp\www\rugby\kernel\core\functions.php
2012-10-24 08:00:17|Type d'erreur inconnu : [8] Undefined index: valeur - ligne 9 dans le fichier F:\wamp\www\rugby\kernel\core\functions.php
2012-10-24 08:00:17|Type d'erreur inconnu : [8] Undefined index: cle - ligne 9 dans le fichier F:\wamp\www\rugby\kernel\core\functions.php
2012-10-24 08:00:17|Type d'erreur inconnu : [8] Undefined index: valeur - ligne 9 dans le fichier F:\wamp\www\rugby\kernel\core\functions.php
2012-10-24 08:00:17|Type d'erreur inconnu : [8] Undefined index: cle - ligne 9 dans le fichier F:\wamp\www\rugby\kernel\core\functions.php
2012-10-24 07:59:48|Type d'erreur inconnu : [8] Undefined index: joueur_entraineur - ligne 52 dans le fichier F:\wamp\www\rugby\cache\705c6204108e777b46d99aa77db07ff11e174451.file.setting.tpl.php
2012-10-24 07:59:48|Type d'erreur inconnu : [8] Undefined index: joueur_entraineur - ligne 50 dans le fichier F:\wamp\www\rugby\cache\705c6204108e777b46d99aa77db07ff11e174451.file.setting.tpl.php
2012-10-24 07:59:48|Type d'erreur inconnu : [8] Undefined index: joueur_suivi_scolaire - ligne 40 dans le fichier F:\wamp\www\rugby\cache\705c6204108e777b46d99aa77db07ff11e174451.file.setting.tpl.php
2012-10-24 07:59:48|Type d'erreur inconnu : [8] Undefined index: joueur_suivi_scolaire - ligne 38 dans le fichier F:\wamp\www\rugby\cache\705c6204108e777b46d99aa77db07ff11e174451.file.setting.tpl.php
2012-10-24 07:59:48|Type d'erreur inconnu : [8] Undefined index: sport - ligne 27 dans le fichier F:\wamp\www\rugby\cache\705c6204108e777b46d99aa77db07ff11e174451.file.setting.tpl.php
2012-10-24 07:59:38|Type d'erreur inconnu : [8] Undefined index: joueur_entraineur - ligne 52 dans le fichier F:\wamp\www\rugby\cache\705c6204108e777b46d99aa77db07ff11e174451.file.setting.tpl.php
2012-10-24 07:59:38|Type d'erreur inconnu : [8] Undefined index: joueur_entraineur - ligne 50 dans le fichier F:\wamp\www\rugby\cache\705c6204108e777b46d99aa77db07ff11e174451.file.setting.tpl.php
2012-10-24 07:59:38|Type d'erreur inconnu : [8] Undefined index: joueur_suivi_scolaire - ligne 40 dans le fichier F:\wamp\www\rugby\cache\705c6204108e777b46d99aa77db07ff11e174451.file.setting.tpl.php
2012-10-24 07:59:38|Type d'erreur inconnu : [8] Undefined index: joueur_suivi_scolaire - ligne 38 dans le fichier F:\wamp\www\rugby\cache\705c6204108e777b46d99aa77db07ff11e174451.file.setting.tpl.php
2012-10-24 07:59:38|Type d'erreur inconnu : [8] Undefined index: sport - ligne 27 dans le fichier F:\wamp\www\rugby\cache\705c6204108e777b46d99aa77db07ff11e174451.file.setting.tpl.php
2012-10-24 07:59:04|Type d'erreur inconnu : [8] Undefined index: joueur_entraineur - ligne 52 dans le fichier F:\wamp\www\rugby\cache\705c6204108e777b46d99aa77db07ff11e174451.file.setting.tpl.php
2012-10-24 07:59:04|Type d'erreur inconnu : [8] Undefined index: joueur_entraineur - ligne 50 dans le fichier F:\wamp\www\rugby\cache\705c6204108e777b46d99aa77db07ff11e174451.file.setting.tpl.php
2012-10-24 07:59:04|Type d'erreur inconnu : [8] Undefined index: joueur_suivi_scolaire - ligne 40 dans le fichier F:\wamp\www\rugby\cache\705c6204108e777b46d99aa77db07ff11e174451.file.setting.tpl.php
2012-10-24 07:59:04|Type d'erreur inconnu : [8] Undefined index: joueur_suivi_scolaire - ligne 38 dans le fichier F:\wamp\www\rugby\cache\705c6204108e777b46d99aa77db07ff11e174451.file.setting.tpl.php
2012-10-24 07:59:04|Type d'erreur inconnu : [8] Undefined index: sport - ligne 27 dans le fichier F:\wamp\www\rugby\cache\705c6204108e777b46d99aa77db07ff11e174451.file.setting.tpl.php
2012-10-24 07:55:31|Type d'erreur inconnu : [8] Undefined index: joueur_entraineur - ligne 52 dans le fichier F:\wamp\www\rugby\cache\705c6204108e777b46d99aa77db07ff11e174451.file.setting.tpl.php
2012-10-24 07:55:31|Type d'erreur inconnu : [8] Undefined index: joueur_entraineur - ligne 50 dans le fichier F:\wamp\www\rugby\cache\705c6204108e777b46d99aa77db07ff11e174451.file.setting.tpl.php
2012-10-24 07:55:31|Type d'erreur inconnu : [8] Undefined index: joueur_suivi_scolaire - ligne 40 dans le fichier F:\wamp\www\rugby\cache\705c6204108e777b46d99aa77db07ff11e174451.file.setting.tpl.php
2012-10-24 07:55:31|Type d'erreur inconnu : [8] Undefined index: joueur_suivi_scolaire - ligne 38 dans le fichier F:\wamp\www\rugby\cache\705c6204108e777b46d99aa77db07ff11e174451.file.setting.tpl.php
2012-10-24 07:55:31|Type d'erreur inconnu : [8] Undefined index: sport - ligne 27 dans le fichier F:\wamp\www\rugby\cache\705c6204108e777b46d99aa77db07ff11e174451.file.setting.tpl.php
2012-10-24 07:55:03|Type d'erreur inconnu : [8] Undefined index: joueur_suivi_scolaire - ligne 52 dans le fichier F:\wamp\www\rugby\cache\705c6204108e777b46d99aa77db07ff11e174451.file.setting.tpl.php
2012-10-24 07:55:03|Type d'erreur inconnu : [8] Undefined index: joueur_suivi_scolaire - ligne 50 dans le fichier F:\wamp\www\rugby\cache\705c6204108e777b46d99aa77db07ff11e174451.file.setting.tpl.php
2012-10-24 07:55:03|Type d'erreur inconnu : [8] Undefined index: Entrainteur - ligne 46 dans le fichier F:\wamp\www\rugby\cache\705c6204108e777b46d99aa77db07ff11e174451.file.setting.tpl.php
2012-10-24 07:55:03|Type d'erreur inconnu : [8] Undefined index: joueur_suivi_scolaire - ligne 40 dans le fichier F:\wamp\www\rugby\cache\705c6204108e777b46d99aa77db07ff11e174451.file.setting.tpl.php
2012-10-24 07:55:03|Type d'erreur inconnu : [8] Undefined index: joueur_suivi_scolaire - ligne 38 dans le fichier F:\wamp\www\rugby\cache\705c6204108e777b46d99aa77db07ff11e174451.file.setting.tpl.php
2012-10-24 07:55:03|Type d'erreur inconnu : [8] Undefined index: sport - ligne 27 dans le fichier F:\wamp\www\rugby\cache\705c6204108e777b46d99aa77db07ff11e174451.file.setting.tpl.php
2012-10-24 07:53:22|Type d'erreur inconnu : [8] Undefined index: joueur_suivi_scolaire - ligne 52 dans le fichier F:\wamp\www\rugby\cache\705c6204108e777b46d99aa77db07ff11e174451.file.setting.tpl.php
2012-10-24 07:53:22|Type d'erreur inconnu : [8] Undefined index: joueur_suivi_scolaire - ligne 50 dans le fichier F:\wamp\www\rugby\cache\705c6204108e777b46d99aa77db07ff11e174451.file.setting.tpl.php
2012-10-24 07:53:22|Type d'erreur inconnu : [8] Undefined index: Entrainteur - ligne 46 dans le fichier F:\wamp\www\rugby\cache\705c6204108e777b46d99aa77db07ff11e174451.file.setting.tpl.php
2012-10-24 07:53:22|Type d'erreur inconnu : [8] Undefined index: joueur_suivi_scolaire - ligne 40 dans le fichier F:\wamp\www\rugby\cache\705c6204108e777b46d99aa77db07ff11e174451.file.setting.tpl.php
2012-10-24 07:53:22|Type d'erreur inconnu : [8] Undefined index: joueur_suivi_scolaire - ligne 38 dans le fichier F:\wamp\www\rugby\cache\705c6204108e777b46d99aa77db07ff11e174451.file.setting.tpl.php
2012-10-24 07:53:22|Type d'erreur inconnu : [8] Undefined index: Suivi_scolaire - ligne 34 dans le fichier F:\wamp\www\rugby\cache\705c6204108e777b46d99aa77db07ff11e174451.file.setting.tpl.php
2012-10-24 07:53:22|Type d'erreur inconnu : [8] Undefined index: sport - ligne 27 dans le fichier F:\wamp\www\rugby\cache\705c6204108e777b46d99aa77db07ff11e174451.file.setting.tpl.php
2012-10-24 07:53:22|Type d'erreur inconnu : [8] Undefined index: Sport - ligne 25 dans le fichier F:\wamp\www\rugby\cache\705c6204108e777b46d99aa77db07ff11e174451.file.setting.tpl.php
2012-10-24 07:53:22|Type d'erreur inconnu : [8] Undefined index: Generale - ligne 22 dans le fichier F:\wamp\www\rugby\cache\705c6204108e777b46d99aa77db07ff11e174451.file.setting.tpl.php
2012-10-24 06:00:00|Type d'erreur inconnu : [2] PDOStatement::execute(): SQLSTATE[42S22]: Column not found: 1054 Unknown column 't.id' in 'on clause' - ligne 34 dans le fichier F:\wamp\www\rugby\kernel\core\DB\EPDO.php
2012-10-24 05:59:38|Type d'erreur inconnu : [2] PDOStatement::execute(): SQLSTATE[42S22]: Column not found: 1054 Unknown column 't.id' in 'on clause' - ligne 34 dans le fichier F:\wamp\www\rugby\kernel\core\DB\EPDO.php
2012-10-24 05:59:38|Type d'erreur inconnu : [2] PDOStatement::execute(): SQLSTATE[42S22]: Column not found: 1054 Unknown column 'tj.test_id' in 'where clause' - ligne 34 dans le fichier F:\wamp\www\rugby\kernel\core\DB\EPDO.php
