2012-12-15 10:38:26|Type d'erreur inconnu : [2] Division by zero - ligne 1941 dans le fichier D:\wamp\www\rugby\kernel\lib\pChart\class\pDraw.class.php
2012-12-15 10:38:26|Type d'erreur inconnu : [8] Undefined index: Data - ligne 1913 dans le fichier D:\wamp\www\rugby\kernel\lib\pChart\class\pDraw.class.php
2012-12-15 10:38:26|Type d'erreur inconnu : [8] Undefined index: Data - ligne 100 dans le fichier D:\wamp\www\rugby\kernel\lib\pChart\class\pData.class.php
2012-12-15 10:38:26|Type d'erreur inconnu : [8] Undefined variable: data_img - ligne 562 dans le fichier D:\wamp\www\rugby\app\controller\joueurController.php
2012-12-15 10:38:26|Type d'erreur inconnu : [8] Undefined index: Data - ligne 3775 dans le fichier D:\wamp\www\rugby\kernel\lib\pChart\class\pDraw.class.php
2012-12-15 10:38:26|Type d'erreur inconnu : [8] Undefined index: Data - ligne 3774 dans le fichier D:\wamp\www\rugby\kernel\lib\pChart\class\pDraw.class.php
2012-12-15 10:38:26|Type d'erreur inconnu : [8] Undefined index: Data - ligne 3772 dans le fichier D:\wamp\www\rugby\kernel\lib\pChart\class\pDraw.class.php
2012-12-15 10:38:26|Type d'erreur inconnu : [8] Undefined index: Data - ligne 3759 dans le fichier D:\wamp\www\rugby\kernel\lib\pChart\class\pDraw.class.php
2012-12-15 10:38:26|Type d'erreur inconnu : [2] Division by zero - ligne 1941 dans le fichier D:\wamp\www\rugby\kernel\lib\pChart\class\pDraw.class.php
2012-12-15 10:38:26|Type d'erreur inconnu : [8] Undefined index: Data - ligne 1913 dans le fichier D:\wamp\www\rugby\kernel\lib\pChart\class\pDraw.class.php
2012-12-15 10:38:26|Type d'erreur inconnu : [8] Undefined index: Data - ligne 100 dans le fichier D:\wamp\www\rugby\kernel\lib\pChart\class\pData.class.php
2012-12-15 10:38:26|Type d'erreur inconnu : [8] Undefined index: Data - ligne 100 dans le fichier D:\wamp\www\rugby\kernel\lib\pChart\class\pData.class.php
2012-12-15 10:23:43|Type d'erreur inconnu : [8] Undefined index: Statut - ligne 164 dans le fichier D:\wamp\www\rugby\cache\01395465276b795c3ae3cac04e72c09342153301.file.fiche_tab_etab.tpl.php
2012-12-15 10:05:46|Type d'erreur inconnu : [2] Division by zero - ligne 1941 dans le fichier D:\wamp\www\rugby\kernel\lib\pChart\class\pDraw.class.php
2012-12-15 10:05:46|Type d'erreur inconnu : [8] Undefined index: Data - ligne 1913 dans le fichier D:\wamp\www\rugby\kernel\lib\pChart\class\pDraw.class.php
2012-12-15 10:05:46|Type d'erreur inconnu : [8] Undefined index: Data - ligne 100 dans le fichier D:\wamp\www\rugby\kernel\lib\pChart\class\pData.class.php
2012-12-15 10:05:46|Type d'erreur inconnu : [8] Undefined variable: data_img - ligne 562 dans le fichier D:\wamp\www\rugby\app\controller\joueurController.php
2012-12-15 10:05:46|Type d'erreur inconnu : [8] Undefined index: Data - ligne 3775 dans le fichier D:\wamp\www\rugby\kernel\lib\pChart\class\pDraw.class.php
2012-12-15 10:05:46|Type d'erreur inconnu : [8] Undefined index: Data - ligne 3774 dans le fichier D:\wamp\www\rugby\kernel\lib\pChart\class\pDraw.class.php
2012-12-15 10:05:46|Type d'erreur inconnu : [8] Undefined index: Data - ligne 3772 dans le fichier D:\wamp\www\rugby\kernel\lib\pChart\class\pDraw.class.php
2012-12-15 10:05:46|Type d'erreur inconnu : [8] Undefined index: Data - ligne 3759 dans le fichier D:\wamp\www\rugby\kernel\lib\pChart\class\pDraw.class.php
2012-12-15 10:05:46|Type d'erreur inconnu : [2] Division by zero - ligne 1941 dans le fichier D:\wamp\www\rugby\kernel\lib\pChart\class\pDraw.class.php
2012-12-15 10:05:46|Type d'erreur inconnu : [8] Undefined index: Data - ligne 1913 dans le fichier D:\wamp\www\rugby\kernel\lib\pChart\class\pDraw.class.php
2012-12-15 10:05:46|Type d'erreur inconnu : [8] Undefined index: Data - ligne 100 dans le fichier D:\wamp\www\rugby\kernel\lib\pChart\class\pData.class.php
2012-12-15 10:05:46|Type d'erreur inconnu : [8] Undefined index: Data - ligne 100 dans le fichier D:\wamp\www\rugby\kernel\lib\pChart\class\pData.class.php
2012-12-15 01:34:00|Type d'erreur inconnu : [2] PDOStatement::execute(): SQLSTATE[42000]: Syntax error or access violation: 1064 You have an error in your SQL syntax; check the manual that corresponds to your MySQL server version for the right syntax to use near '' at line 1 - ligne 34 dans le fichier D:\wamp\www\rugby\kernel\core\DB\EPDO.php
2012-12-15 01:34:00|Type d'erreur inconnu : [2] PDO::quote() expects parameter 1 to be string, array given - ligne 49 dans le fichier D:\wamp\www\rugby\kernel\core\DB\Db.class.php
2012-12-15 01:34:00|Type d'erreur inconnu : [2] PDOStatement::execute(): SQLSTATE[42000]: Syntax error or access violation: 1064 You have an error in your SQL syntax; check the manual that corresponds to your MySQL server version for the right syntax to use near 'LIMIT 1' at line 3 - ligne 34 dans le fichier D:\wamp\www\rugby\kernel\core\DB\EPDO.php
2012-12-15 01:34:00|Type d'erreur inconnu : [2] PDO::quote() expects parameter 1 to be string, array given - ligne 130 dans le fichier D:\wamp\www\rugby\kernel\core\DB\Db.class.php
2012-12-15 01:27:02|Type d'erreur inconnu : [2] PDOStatement::execute(): SQLSTATE[23000]: Integrity constraint violation: 1052 Column 'id' in where clause is ambiguous - ligne 34 dans le fichier D:\wamp\www\rugby\kernel\core\DB\EPDO.php
