2012-09-28 01:15:09|Type d'erreur inconnu : [8] Undefined index: show_all_fiche - ligne 157 dans le fichier F:\wamp\www\rugby\cache\486609753fbf53fee56b7571a8fa94c44e77e676.file.fiche_tab_etab.tpl.php
2012-09-28 01:15:09|Type d'erreur inconnu : [8] Undefined index: show_all_fiche - ligne 155 dans le fichier F:\wamp\www\rugby\cache\486609753fbf53fee56b7571a8fa94c44e77e676.file.fiche_tab_etab.tpl.php
2012-09-28 01:15:09|Type d'erreur inconnu : [8] Undefined index: show_all_fiche - ligne 157 dans le fichier F:\wamp\www\rugby\cache\486609753fbf53fee56b7571a8fa94c44e77e676.file.fiche_tab_etab.tpl.php
2012-09-28 01:15:09|Type d'erreur inconnu : [8] Undefined index: show_all_fiche - ligne 155 dans le fichier F:\wamp\www\rugby\cache\486609753fbf53fee56b7571a8fa94c44e77e676.file.fiche_tab_etab.tpl.php
2012-09-28 01:15:09|Type d'erreur inconnu : [8] Undefined index: show_all_fiche - ligne 157 dans le fichier F:\wamp\www\rugby\cache\486609753fbf53fee56b7571a8fa94c44e77e676.file.fiche_tab_etab.tpl.php
2012-09-28 01:15:09|Type d'erreur inconnu : [8] Undefined index: show_all_fiche - ligne 155 dans le fichier F:\wamp\www\rugby\cache\486609753fbf53fee56b7571a8fa94c44e77e676.file.fiche_tab_etab.tpl.php
2012-09-28 01:15:09|Type d'erreur inconnu : [8] Undefined index: show_all_fiche - ligne 157 dans le fichier F:\wamp\www\rugby\cache\486609753fbf53fee56b7571a8fa94c44e77e676.file.fiche_tab_etab.tpl.php
2012-09-28 01:15:09|Type d'erreur inconnu : [8] Undefined index: show_all_fiche - ligne 155 dans le fichier F:\wamp\www\rugby\cache\486609753fbf53fee56b7571a8fa94c44e77e676.file.fiche_tab_etab.tpl.php
2012-09-28 01:15:09|Type d'erreur inconnu : [8] Undefined index: show_all_fiche - ligne 157 dans le fichier F:\wamp\www\rugby\cache\486609753fbf53fee56b7571a8fa94c44e77e676.file.fiche_tab_etab.tpl.php
2012-09-28 01:15:09|Type d'erreur inconnu : [8] Undefined index: show_all_fiche - ligne 155 dans le fichier F:\wamp\www\rugby\cache\486609753fbf53fee56b7571a8fa94c44e77e676.file.fiche_tab_etab.tpl.php
2012-09-28 01:15:09|Type d'erreur inconnu : [8] Undefined index: bulletin_view - ligne 108 dans le fichier F:\wamp\www\rugby\cache\486609753fbf53fee56b7571a8fa94c44e77e676.file.fiche_tab_etab.tpl.php
2012-09-28 01:13:48|Type d'erreur inconnu : [8] Undefined index: show_all_fiche - ligne 81 dans le fichier F:\wamp\www\rugby\cache\6a4ca9a4d016133c4731cdd9914be5f532ec6c71.file.fiche_tab_club.tpl.php
2012-09-28 01:13:48|Type d'erreur inconnu : [8] Undefined index: show_all_fiche - ligne 79 dans le fichier F:\wamp\www\rugby\cache\6a4ca9a4d016133c4731cdd9914be5f532ec6c71.file.fiche_tab_club.tpl.php
2012-09-28 01:13:48|Type d'erreur inconnu : [8] Undefined index: show_all_fiche - ligne 81 dans le fichier F:\wamp\www\rugby\cache\6a4ca9a4d016133c4731cdd9914be5f532ec6c71.file.fiche_tab_club.tpl.php
2012-09-28 01:13:48|Type d'erreur inconnu : [8] Undefined index: show_all_fiche - ligne 79 dans le fichier F:\wamp\www\rugby\cache\6a4ca9a4d016133c4731cdd9914be5f532ec6c71.file.fiche_tab_club.tpl.php
2012-09-28 01:13:48|Type d'erreur inconnu : [8] Undefined index: show_all_fiche - ligne 81 dans le fichier F:\wamp\www\rugby\cache\6a4ca9a4d016133c4731cdd9914be5f532ec6c71.file.fiche_tab_club.tpl.php
2012-09-28 01:13:48|Type d'erreur inconnu : [8] Undefined index: show_all_fiche - ligne 79 dans le fichier F:\wamp\www\rugby\cache\6a4ca9a4d016133c4731cdd9914be5f532ec6c71.file.fiche_tab_club.tpl.php
2012-09-28 01:13:48|Type d'erreur inconnu : [8] Undefined index: show_all_fiche - ligne 81 dans le fichier F:\wamp\www\rugby\cache\6a4ca9a4d016133c4731cdd9914be5f532ec6c71.file.fiche_tab_club.tpl.php
2012-09-28 01:13:48|Type d'erreur inconnu : [8] Undefined index: show_all_fiche - ligne 79 dans le fichier F:\wamp\www\rugby\cache\6a4ca9a4d016133c4731cdd9914be5f532ec6c71.file.fiche_tab_club.tpl.php
2012-09-28 01:13:48|Type d'erreur inconnu : [8] Undefined index: show_all_fiche - ligne 81 dans le fichier F:\wamp\www\rugby\cache\6a4ca9a4d016133c4731cdd9914be5f532ec6c71.file.fiche_tab_club.tpl.php
2012-09-28 01:13:48|Type d'erreur inconnu : [8] Undefined index: show_all_fiche - ligne 79 dans le fichier F:\wamp\www\rugby\cache\6a4ca9a4d016133c4731cdd9914be5f532ec6c71.file.fiche_tab_club.tpl.php
2012-09-28 01:08:31|Type d'erreur inconnu : [8] Undefined index: delete_joueur - ligne 86 dans le fichier F:\wamp\www\rugby\cache\a58f417de916a0fef906a03402b26b244af81b9f.file.fiche.tpl.php
2012-09-28 01:08:25|Type d'erreur inconnu : [8] Undefined index: delete_joueur - ligne 86 dans le fichier F:\wamp\www\rugby\cache\a58f417de916a0fef906a03402b26b244af81b9f.file.fiche.tpl.php
2012-09-28 01:07:28|Type d'erreur inconnu : [8] Undefined index: delete_joueur - ligne 86 dans le fichier F:\wamp\www\rugby\cache\a58f417de916a0fef906a03402b26b244af81b9f.file.fiche.tpl.php
2012-09-28 01:07:28|Type d'erreur inconnu : [8] Undefined index: parent_delete - ligne 76 dans le fichier F:\wamp\www\rugby\cache\a58f417de916a0fef906a03402b26b244af81b9f.file.fiche.tpl.php
2012-09-28 01:07:28|Type d'erreur inconnu : [8] Undefined index: parent_edit - ligne 59 dans le fichier F:\wamp\www\rugby\cache\a58f417de916a0fef906a03402b26b244af81b9f.file.fiche.tpl.php
2012-09-28 01:07:20|Type d'erreur inconnu : [8] Undefined index: delete_joueur - ligne 86 dans le fichier F:\wamp\www\rugby\cache\a58f417de916a0fef906a03402b26b244af81b9f.file.fiche.tpl.php
2012-09-28 01:07:20|Type d'erreur inconnu : [8] Undefined index: parent_delete - ligne 76 dans le fichier F:\wamp\www\rugby\cache\a58f417de916a0fef906a03402b26b244af81b9f.file.fiche.tpl.php
2012-09-28 01:07:20|Type d'erreur inconnu : [8] Undefined index: parent_edit - ligne 59 dans le fichier F:\wamp\www\rugby\cache\a58f417de916a0fef906a03402b26b244af81b9f.file.fiche.tpl.php
2012-09-28 12:58:52|Type d'erreur inconnu : [8] Undefined index: delete_joueur - ligne 86 dans le fichier F:\wamp\www\rugby\cache\a58f417de916a0fef906a03402b26b244af81b9f.file.fiche.tpl.php
2012-09-28 12:58:52|Type d'erreur inconnu : [8] Undefined index: parent_delete - ligne 76 dans le fichier F:\wamp\www\rugby\cache\a58f417de916a0fef906a03402b26b244af81b9f.file.fiche.tpl.php
2012-09-28 12:58:52|Type d'erreur inconnu : [8] Undefined index: parent_edit - ligne 59 dans le fichier F:\wamp\www\rugby\cache\a58f417de916a0fef906a03402b26b244af81b9f.file.fiche.tpl.php
2012-09-28 12:58:49|Type d'erreur inconnu : [8] Undefined index: delete_joueur - ligne 86 dans le fichier F:\wamp\www\rugby\cache\a58f417de916a0fef906a03402b26b244af81b9f.file.fiche.tpl.php
2012-09-28 12:58:49|Type d'erreur inconnu : [8] Undefined index: parent_delete - ligne 76 dans le fichier F:\wamp\www\rugby\cache\a58f417de916a0fef906a03402b26b244af81b9f.file.fiche.tpl.php
2012-09-28 12:58:49|Type d'erreur inconnu : [8] Undefined index: parent_edit - ligne 59 dans le fichier F:\wamp\www\rugby\cache\a58f417de916a0fef906a03402b26b244af81b9f.file.fiche.tpl.php
2012-09-28 12:58:46|Type d'erreur inconnu : [8] Undefined index: show_all_fiche - ligne 81 dans le fichier F:\wamp\www\rugby\cache\6a4ca9a4d016133c4731cdd9914be5f532ec6c71.file.fiche_tab_club.tpl.php
2012-09-28 12:58:46|Type d'erreur inconnu : [8] Undefined index: show_all_fiche - ligne 79 dans le fichier F:\wamp\www\rugby\cache\6a4ca9a4d016133c4731cdd9914be5f532ec6c71.file.fiche_tab_club.tpl.php
2012-09-28 12:58:46|Type d'erreur inconnu : [8] Undefined index: show_all_fiche - ligne 81 dans le fichier F:\wamp\www\rugby\cache\6a4ca9a4d016133c4731cdd9914be5f532ec6c71.file.fiche_tab_club.tpl.php
2012-09-28 12:58:46|Type d'erreur inconnu : [8] Undefined index: show_all_fiche - ligne 79 dans le fichier F:\wamp\www\rugby\cache\6a4ca9a4d016133c4731cdd9914be5f532ec6c71.file.fiche_tab_club.tpl.php
2012-09-28 12:58:46|Type d'erreur inconnu : [8] Undefined index: show_all_fiche - ligne 81 dans le fichier F:\wamp\www\rugby\cache\6a4ca9a4d016133c4731cdd9914be5f532ec6c71.file.fiche_tab_club.tpl.php
2012-09-28 12:58:46|Type d'erreur inconnu : [8] Undefined index: show_all_fiche - ligne 79 dans le fichier F:\wamp\www\rugby\cache\6a4ca9a4d016133c4731cdd9914be5f532ec6c71.file.fiche_tab_club.tpl.php
2012-09-28 12:58:46|Type d'erreur inconnu : [8] Undefined index: show_all_fiche - ligne 81 dans le fichier F:\wamp\www\rugby\cache\6a4ca9a4d016133c4731cdd9914be5f532ec6c71.file.fiche_tab_club.tpl.php
2012-09-28 12:58:46|Type d'erreur inconnu : [8] Undefined index: show_all_fiche - ligne 79 dans le fichier F:\wamp\www\rugby\cache\6a4ca9a4d016133c4731cdd9914be5f532ec6c71.file.fiche_tab_club.tpl.php
2012-09-28 12:58:46|Type d'erreur inconnu : [8] Undefined index: show_all_fiche - ligne 81 dans le fichier F:\wamp\www\rugby\cache\6a4ca9a4d016133c4731cdd9914be5f532ec6c71.file.fiche_tab_club.tpl.php
2012-09-28 12:58:46|Type d'erreur inconnu : [8] Undefined index: show_all_fiche - ligne 79 dans le fichier F:\wamp\www\rugby\cache\6a4ca9a4d016133c4731cdd9914be5f532ec6c71.file.fiche_tab_club.tpl.php
2012-09-28 12:58:44|Type d'erreur inconnu : [8] Undefined index: delete_joueur - ligne 86 dans le fichier F:\wamp\www\rugby\cache\a58f417de916a0fef906a03402b26b244af81b9f.file.fiche.tpl.php
2012-09-28 12:58:44|Type d'erreur inconnu : [8] Undefined index: parent_delete - ligne 76 dans le fichier F:\wamp\www\rugby\cache\a58f417de916a0fef906a03402b26b244af81b9f.file.fiche.tpl.php
2012-09-28 12:58:44|Type d'erreur inconnu : [8] Undefined index: parent_edit - ligne 59 dans le fichier F:\wamp\www\rugby\cache\a58f417de916a0fef906a03402b26b244af81b9f.file.fiche.tpl.php
2012-09-28 12:58:21|Type d'erreur inconnu : [8] Undefined index: delete_joueur - ligne 86 dans le fichier F:\wamp\www\rugby\cache\a58f417de916a0fef906a03402b26b244af81b9f.file.fiche.tpl.php
2012-09-28 12:58:21|Type d'erreur inconnu : [8] Undefined index: parent_delete - ligne 76 dans le fichier F:\wamp\www\rugby\cache\a58f417de916a0fef906a03402b26b244af81b9f.file.fiche.tpl.php
2012-09-28 12:58:21|Type d'erreur inconnu : [8] Undefined index: parent_edit - ligne 59 dans le fichier F:\wamp\www\rugby\cache\a58f417de916a0fef906a03402b26b244af81b9f.file.fiche.tpl.php
2012-09-28 12:55:26|Type d'erreur inconnu : [8] Undefined index: parent_edit - ligne 376 dans le fichier F:\wamp\www\rugby\cache\a58f417de916a0fef906a03402b26b244af81b9f.file.fiche.tpl.php
2012-09-28 12:55:26|Type d'erreur inconnu : [8] Undefined index: parent_delete - ligne 303 dans le fichier F:\wamp\www\rugby\cache\a58f417de916a0fef906a03402b26b244af81b9f.file.fiche.tpl.php
2012-09-28 12:55:26|Type d'erreur inconnu : [8] Undefined index: parent_edit - ligne 299 dans le fichier F:\wamp\www\rugby\cache\a58f417de916a0fef906a03402b26b244af81b9f.file.fiche.tpl.php
2012-09-28 12:55:26|Type d'erreur inconnu : [8] Undefined index: parent_delete - ligne 289 dans le fichier F:\wamp\www\rugby\cache\a58f417de916a0fef906a03402b26b244af81b9f.file.fiche.tpl.php
2012-09-28 12:55:26|Type d'erreur inconnu : [8] Undefined index: parent_edit - ligne 285 dans le fichier F:\wamp\www\rugby\cache\a58f417de916a0fef906a03402b26b244af81b9f.file.fiche.tpl.php
2012-09-28 12:55:26|Type d'erreur inconnu : [8] Undefined index: delete_joueur - ligne 86 dans le fichier F:\wamp\www\rugby\cache\a58f417de916a0fef906a03402b26b244af81b9f.file.fiche.tpl.php
2012-09-28 12:55:26|Type d'erreur inconnu : [8] Undefined index: parent_delete - ligne 76 dans le fichier F:\wamp\www\rugby\cache\a58f417de916a0fef906a03402b26b244af81b9f.file.fiche.tpl.php
2012-09-28 12:55:26|Type d'erreur inconnu : [8] Undefined index: parent_edit - ligne 59 dans le fichier F:\wamp\www\rugby\cache\a58f417de916a0fef906a03402b26b244af81b9f.file.fiche.tpl.php
2012-09-28 12:42:45|Type d'erreur inconnu : [8] Undefined index: add_joueur - ligne 23 dans le fichier F:\wamp\www\rugby\cache\9e70d3f2e1ba2b7ff0e6dcf6ee65cbf58693cee3.file.index.tpl.php
2012-09-28 12:39:38|Type d'erreur inconnu : [8] Undefined index: add_joueur - ligne 68 dans le fichier F:\wamp\www\rugby\app\controller\joueurController.php
2012-09-28 12:38:53|Type d'erreur inconnu : [8] Undefined index: show_all_fiche - ligne 24 dans le fichier F:\wamp\www\rugby\cache\6080e7834880724d43b11ab3afb5202132c93857.file.blokNavigation.tpl.php
2012-09-28 12:32:58|Type d'erreur inconnu : [8] Undefined index: club_view - ligne 71 dans le fichier F:\wamp\www\rugby\cache\6080e7834880724d43b11ab3afb5202132c93857.file.blokNavigation.tpl.php
2012-09-28 12:32:58|Type d'erreur inconnu : [8] Undefined index: entrainement_view - ligne 62 dans le fichier F:\wamp\www\rugby\cache\6080e7834880724d43b11ab3afb5202132c93857.file.blokNavigation.tpl.php
2012-09-28 12:32:58|Type d'erreur inconnu : [8] Undefined index: musculation_cycle_template_view - ligne 34 dans le fichier F:\wamp\www\rugby\cache\6080e7834880724d43b11ab3afb5202132c93857.file.blokNavigation.tpl.php
2012-09-28 12:32:58|Type d'erreur inconnu : [8] Undefined index: show_all_fiche - ligne 24 dans le fichier F:\wamp\www\rugby\cache\6080e7834880724d43b11ab3afb5202132c93857.file.blokNavigation.tpl.php
2012-09-28 12:31:51|Type d'erreur inconnu : [2] PDOStatement::execute(): SQLSTATE[42S22]: Column not found: 1054 Unknown column 'gest_entraineur' in 'field list' - ligne 34 dans le fichier F:\wamp\www\rugby\kernel\core\DB\EPDO.php
