2012-11-06 07:16:19|Type d'erreur inconnu : [2] require_once(\indexController.php): failed to open stream: No such file or directory - ligne 95 dans le fichier F:\wamp\www\rugby\kernel\core\Router.class.php
2012-11-06 07:16:19|Type d'erreur inconnu : [2] require_once(\indexController.php): failed to open stream: No such file or directory - ligne 95 dans le fichier F:\wamp\www\rugby\kernel\core\Router.class.php
2012-11-06 07:16:18|Type d'erreur inconnu : [2] require_once(\indexController.php): failed to open stream: No such file or directory - ligne 95 dans le fichier F:\wamp\www\rugby\kernel\core\Router.class.php
2012-11-06 07:16:05|Type d'erreur inconnu : [2] require_once(\indexController.php): failed to open stream: No such file or directory - ligne 95 dans le fichier F:\wamp\www\rugby\kernel\core\Router.class.php
2012-11-06 07:15:25|Type d'erreur inconnu : [2] require_once(\indexController.php): failed to open stream: No such file or directory - ligne 95 dans le fichier F:\wamp\www\rugby\kernel\core\Router.class.php
2012-11-06 07:14:19|Type d'erreur inconnu : [2] require_once(\indexController.php): failed to open stream: No such file or directory - ligne 95 dans le fichier F:\wamp\www\rugby\kernel\core\Router.class.php
2012-11-06 07:08:11|Type d'erreur inconnu : [2] require_once(\indexController.php): failed to open stream: No such file or directory - ligne 91 dans le fichier F:\wamp\www\rugby\kernel\core\Router.class.php
2012-11-06 07:07:59|Type d'erreur inconnu : [2] require_once(\indexController.php): failed to open stream: No such file or directory - ligne 91 dans le fichier F:\wamp\www\rugby\kernel\core\Router.class.php
2012-11-06 07:06:51|Type d'erreur inconnu : [8] Array to string conversion - ligne 60 dans le fichier F:\wamp\www\rugby\kernel\core\Router.class.php
2012-11-06 07:06:51|Type d'erreur inconnu : [2] is_dir() expects parameter 1 to be a valid path, array given - ligne 58 dans le fichier F:\wamp\www\rugby\kernel\core\Router.class.php
2012-11-06 07:06:04|Type d'erreur inconnu : [8] Undefined offset: 2 - ligne 32 dans le fichier F:\wamp\www\rugby\cache\0b11ee58a535497f64b2f5aaf8b1f82f2f8afb43.file.error_php_in_file.tpl.php
2012-11-06 07:06:04|Type d'erreur inconnu : [8] Undefined offset: 2 - ligne 32 dans le fichier F:\wamp\www\rugby\cache\0b11ee58a535497f64b2f5aaf8b1f82f2f8afb43.file.error_php_in_file.tpl.php
2012-11-06 07:06:04|Type d'erreur inconnu : [8] Undefined offset: 2 - ligne 32 dans le fichier F:\wamp\www\rugby\cache\0b11ee58a535497f64b2f5aaf8b1f82f2f8afb43.file.error_php_in_file.tpl.php
2012-11-06 07:06:04|Type d'erreur inconnu : [8] Undefined offset: 2 - ligne 32 dans le fichier F:\wamp\www\rugby\cache\0b11ee58a535497f64b2f5aaf8b1f82f2f8afb43.file.error_php_in_file.tpl.php
2012-11-06 07:06:04|Type d'erreur inconnu : [8] Undefined offset: 2 - ligne 32 dans le fichier F:\wamp\www\rugby\cache\0b11ee58a535497f64b2f5aaf8b1f82f2f8afb43.file.error_php_in_file.tpl.php
2012-11-06 07:06:04|Type d'erreur inconnu : [8] Undefined offset: 2 - ligne 32 dans le fichier F:\wamp\www\rugby\cache\0b11ee58a535497f64b2f5aaf8b1f82f2f8afb43.file.error_php_in_file.tpl.php
2012-11-06 07:06:04|Type d'erreur inconnu : [8] Undefined offset: 2 - ligne 32 dans le fichier F:\wamp\www\rugby\cache\0b11ee58a535497f64b2f5aaf8b1f82f2f8afb43.file.error_php_in_file.tpl.php
2012-11-06 07:06:04|Type d'erreur inconnu : [8] Undefined offset: 2 - ligne 32 dans le fichier F:\wamp\www\rugby\cache\0b11ee58a535497f64b2f5aaf8b1f82f2f8afb43.file.error_php_in_file.tpl.php
2012-11-06 07:06:04|Type d'erreur inconnu : [8] Undefined offset: 2 - ligne 32 dans le fichier F:\wamp\www\rugby\cache\0b11ee58a535497f64b2f5aaf8b1f82f2f8afb43.file.error_php_in_file.tpl.php
2012-11-06 07:06:04|Type d'erreur inconnu : [8] Undefined offset: 2 - ligne 32 dans le fichier F:\wamp\www\rugby\cache\0b11ee58a535497f64b2f5aaf8b1f82f2f8afb43.file.error_php_in_file.tpl.php
2012-11-06 07:06:04|Type d'erreur inconnu : [8] Undefined offset: 2 - ligne 32 dans le fichier F:\wamp\www\rugby\cache\0b11ee58a535497f64b2f5aaf8b1f82f2f8afb43.file.error_php_in_file.tpl.php
2012-11-06 07:06:04|Type d'erreur inconnu : [8] Undefined offset: 2 - ligne 32 dans le fichier F:\wamp\www\rugby\cache\0b11ee58a535497f64b2f5aaf8b1f82f2f8afb43.file.error_php_in_file.tpl.php
2012-11-06 07:06:04|Type d'erreur inconnu : [8] Undefined offset: 2 - ligne 32 dans le fichier F:\wamp\www\rugby\cache\0b11ee58a535497f64b2f5aaf8b1f82f2f8afb43.file.error_php_in_file.tpl.php
2012-11-06 07:06:04|Type d'erreur inconnu : [8] Undefined offset: 2 - ligne 32 dans le fichier F:\wamp\www\rugby\cache\0b11ee58a535497f64b2f5aaf8b1f82f2f8afb43.file.error_php_in_file.tpl.php
2012-11-06 07:06:04|Type d'erreur inconnu : [8] Undefined offset: 2 - ligne 32 dans le fichier F:\wamp\www\rugby\cache\0b11ee58a535497f64b2f5aaf8b1f82f2f8afb43.file.error_php_in_file.tpl.php
2012-11-06 07:06:04|Type d'erreur inconnu : [8] Undefined offset: 2 - ligne 32 dans le fichier F:\wamp\www\rugby\cache\0b11ee58a535497f64b2f5aaf8b1f82f2f8afb43.file.error_php_in_file.tpl.php
2012-11-06 07:06:04|Type d'erreur inconnu : [8] Undefined offset: 2 - ligne 32 dans le fichier F:\wamp\www\rugby\cache\0b11ee58a535497f64b2f5aaf8b1f82f2f8afb43.file.error_php_in_file.tpl.php
2012-11-06 07:06:04|Type d'erreur inconnu : [8] Undefined offset: 2 - ligne 32 dans le fichier F:\wamp\www\rugby\cache\0b11ee58a535497f64b2f5aaf8b1f82f2f8afb43.file.error_php_in_file.tpl.php
2012-11-06 07:06:04|Type d'erreur inconnu : [8] Undefined offset: 2 - ligne 32 dans le fichier F:\wamp\www\rugby\cache\0b11ee58a535497f64b2f5aaf8b1f82f2f8afb43.file.error_php_in_file.tpl.php
2012-11-06 07:06:04|Type d'erreur inconnu : [8] Undefined offset: 2 - ligne 32 dans le fichier F:\wamp\www\rugby\cache\0b11ee58a535497f64b2f5aaf8b1f82f2f8afb43.file.error_php_in_file.tpl.php
2012-11-06 07:06:04|Type d'erreur inconnu : [8] Undefined offset: 2 - ligne 32 dans le fichier F:\wamp\www\rugby\cache\0b11ee58a535497f64b2f5aaf8b1f82f2f8afb43.file.error_php_in_file.tpl.php
2012-11-06 07:06:04|Type d'erreur inconnu : [8] Undefined offset: 2 - ligne 32 dans le fichier F:\wamp\www\rugby\cache\0b11ee58a535497f64b2f5aaf8b1f82f2f8afb43.file.error_php_in_file.tpl.php
2012-11-06 07:06:04|Type d'erreur inconnu : [8] Undefined offset: 2 - ligne 32 dans le fichier F:\wamp\www\rugby\cache\0b11ee58a535497f64b2f5aaf8b1f82f2f8afb43.file.error_php_in_file.tpl.php
2012-11-06 07:06:04|Type d'erreur inconnu : [8] Undefined offset: 2 - ligne 32 dans le fichier F:\wamp\www\rugby\cache\0b11ee58a535497f64b2f5aaf8b1f82f2f8afb43.file.error_php_in_file.tpl.php
2012-11-06 07:06:04|Type d'erreur inconnu : [8] Undefined offset: 2 - ligne 32 dans le fichier F:\wamp\www\rugby\cache\0b11ee58a535497f64b2f5aaf8b1f82f2f8afb43.file.error_php_in_file.tpl.php
2012-11-06 07:06:04|Type d'erreur inconnu : [8] Undefined offset: 2 - ligne 32 dans le fichier F:\wamp\www\rugby\cache\0b11ee58a535497f64b2f5aaf8b1f82f2f8afb43.file.error_php_in_file.tpl.php
2012-11-06 07:06:04|Type d'erreur inconnu : [8] Undefined offset: 2 - ligne 32 dans le fichier F:\wamp\www\rugby\cache\0b11ee58a535497f64b2f5aaf8b1f82f2f8afb43.file.error_php_in_file.tpl.php
2012-11-06 07:06:04|Type d'erreur inconnu : [8] Undefined offset: 2 - ligne 32 dans le fichier F:\wamp\www\rugby\cache\0b11ee58a535497f64b2f5aaf8b1f82f2f8afb43.file.error_php_in_file.tpl.php
2012-11-06 07:06:04|Type d'erreur inconnu : [8] Undefined offset: 2 - ligne 32 dans le fichier F:\wamp\www\rugby\cache\0b11ee58a535497f64b2f5aaf8b1f82f2f8afb43.file.error_php_in_file.tpl.php
2012-11-06 07:06:04|Type d'erreur inconnu : [8] Undefined offset: 2 - ligne 32 dans le fichier F:\wamp\www\rugby\cache\0b11ee58a535497f64b2f5aaf8b1f82f2f8afb43.file.error_php_in_file.tpl.php
2012-11-06 07:06:04|Type d'erreur inconnu : [8] Undefined offset: 2 - ligne 32 dans le fichier F:\wamp\www\rugby\cache\0b11ee58a535497f64b2f5aaf8b1f82f2f8afb43.file.error_php_in_file.tpl.php
2012-11-06 07:06:04|Type d'erreur inconnu : [8] Undefined offset: 2 - ligne 32 dans le fichier F:\wamp\www\rugby\cache\0b11ee58a535497f64b2f5aaf8b1f82f2f8afb43.file.error_php_in_file.tpl.php
2012-11-06 07:06:04|Type d'erreur inconnu : [8] Undefined offset: 2 - ligne 32 dans le fichier F:\wamp\www\rugby\cache\0b11ee58a535497f64b2f5aaf8b1f82f2f8afb43.file.error_php_in_file.tpl.php
2012-11-06 07:06:04|Type d'erreur inconnu : [8] Undefined offset: 2 - ligne 32 dans le fichier F:\wamp\www\rugby\cache\0b11ee58a535497f64b2f5aaf8b1f82f2f8afb43.file.error_php_in_file.tpl.php
2012-11-06 07:06:04|Type d'erreur inconnu : [8] Undefined offset: 2 - ligne 32 dans le fichier F:\wamp\www\rugby\cache\0b11ee58a535497f64b2f5aaf8b1f82f2f8afb43.file.error_php_in_file.tpl.php
2012-11-06 07:06:04|Type d'erreur inconnu : [8] Undefined offset: 2 - ligne 32 dans le fichier F:\wamp\www\rugby\cache\0b11ee58a535497f64b2f5aaf8b1f82f2f8afb43.file.error_php_in_file.tpl.php
2012-11-06 07:05:34|Type d'erreur inconnu : [8] Undefined variable: Row - ligne 291 dans le fichier F:\wamp\www\rugby\kernel\lib\smarty\sysplugins\smarty_internal_data.php
2012-11-06 07:05:34|Type d'erreur inconnu : [8] Undefined variable: Row - ligne 291 dans le fichier F:\wamp\www\rugby\kernel\lib\smarty\sysplugins\smarty_internal_data.php
2012-11-06 07:05:34|Type d'erreur inconnu : [8] Undefined variable: Row - ligne 291 dans le fichier F:\wamp\www\rugby\kernel\lib\smarty\sysplugins\smarty_internal_data.php
2012-11-06 07:05:34|Type d'erreur inconnu : [8] Undefined variable: Row - ligne 291 dans le fichier F:\wamp\www\rugby\kernel\lib\smarty\sysplugins\smarty_internal_data.php
2012-11-06 07:05:34|Type d'erreur inconnu : [8] Undefined variable: Row - ligne 291 dans le fichier F:\wamp\www\rugby\kernel\lib\smarty\sysplugins\smarty_internal_data.php
2012-11-06 07:05:34|Type d'erreur inconnu : [8] Undefined variable: Row - ligne 291 dans le fichier F:\wamp\www\rugby\kernel\lib\smarty\sysplugins\smarty_internal_data.php
2012-11-06 07:05:34|Type d'erreur inconnu : [8] Undefined variable: Row - ligne 291 dans le fichier F:\wamp\www\rugby\kernel\lib\smarty\sysplugins\smarty_internal_data.php
2012-11-06 07:05:34|Type d'erreur inconnu : [8] Undefined variable: Row - ligne 291 dans le fichier F:\wamp\www\rugby\kernel\lib\smarty\sysplugins\smarty_internal_data.php
2012-11-06 07:05:34|Type d'erreur inconnu : [8] Undefined variable: Row - ligne 291 dans le fichier F:\wamp\www\rugby\kernel\lib\smarty\sysplugins\smarty_internal_data.php
2012-11-06 07:05:34|Type d'erreur inconnu : [8] Undefined variable: Row - ligne 291 dans le fichier F:\wamp\www\rugby\kernel\lib\smarty\sysplugins\smarty_internal_data.php
2012-11-06 07:05:34|Type d'erreur inconnu : [8] Undefined variable: Row - ligne 291 dans le fichier F:\wamp\www\rugby\kernel\lib\smarty\sysplugins\smarty_internal_data.php
2012-11-06 07:05:34|Type d'erreur inconnu : [8] Undefined variable: Row - ligne 291 dans le fichier F:\wamp\www\rugby\kernel\lib\smarty\sysplugins\smarty_internal_data.php
2012-11-06 07:05:34|Type d'erreur inconnu : [8] Undefined variable: Row - ligne 291 dans le fichier F:\wamp\www\rugby\kernel\lib\smarty\sysplugins\smarty_internal_data.php
2012-11-06 07:05:34|Type d'erreur inconnu : [8] Undefined variable: Row - ligne 291 dans le fichier F:\wamp\www\rugby\kernel\lib\smarty\sysplugins\smarty_internal_data.php
2012-11-06 07:05:34|Type d'erreur inconnu : [8] Undefined variable: Row - ligne 291 dans le fichier F:\wamp\www\rugby\kernel\lib\smarty\sysplugins\smarty_internal_data.php
2012-11-06 07:05:34|Type d'erreur inconnu : [8] Undefined variable: Row - ligne 291 dans le fichier F:\wamp\www\rugby\kernel\lib\smarty\sysplugins\smarty_internal_data.php
2012-11-06 07:05:34|Type d'erreur inconnu : [8] Undefined variable: Row - ligne 291 dans le fichier F:\wamp\www\rugby\kernel\lib\smarty\sysplugins\smarty_internal_data.php
2012-11-06 07:05:34|Type d'erreur inconnu : [8] Undefined variable: Row - ligne 291 dans le fichier F:\wamp\www\rugby\kernel\lib\smarty\sysplugins\smarty_internal_data.php
2012-11-06 07:05:34|Type d'erreur inconnu : [8] Undefined variable: Row - ligne 291 dans le fichier F:\wamp\www\rugby\kernel\lib\smarty\sysplugins\smarty_internal_data.php
2012-11-06 07:05:34|Type d'erreur inconnu : [8] Undefined variable: Row - ligne 291 dans le fichier F:\wamp\www\rugby\kernel\lib\smarty\sysplugins\smarty_internal_data.php
2012-11-06 07:05:34|Type d'erreur inconnu : [8] Undefined variable: Row - ligne 291 dans le fichier F:\wamp\www\rugby\kernel\lib\smarty\sysplugins\smarty_internal_data.php
2012-11-06 07:05:34|Type d'erreur inconnu : [8] Undefined variable: Row - ligne 291 dans le fichier F:\wamp\www\rugby\kernel\lib\smarty\sysplugins\smarty_internal_data.php
2012-11-06 07:05:34|Type d'erreur inconnu : [8] Undefined variable: Row - ligne 291 dans le fichier F:\wamp\www\rugby\kernel\lib\smarty\sysplugins\smarty_internal_data.php
2012-11-06 07:05:34|Type d'erreur inconnu : [8] Undefined variable: Row - ligne 291 dans le fichier F:\wamp\www\rugby\kernel\lib\smarty\sysplugins\smarty_internal_data.php
2012-11-06 07:05:34|Type d'erreur inconnu : [8] Undefined variable: Row - ligne 291 dans le fichier F:\wamp\www\rugby\kernel\lib\smarty\sysplugins\smarty_internal_data.php
2012-11-06 07:05:34|Type d'erreur inconnu : [8] Undefined variable: Row - ligne 291 dans le fichier F:\wamp\www\rugby\kernel\lib\smarty\sysplugins\smarty_internal_data.php
2012-11-06 07:05:34|Type d'erreur inconnu : [8] Undefined variable: Row - ligne 291 dans le fichier F:\wamp\www\rugby\kernel\lib\smarty\sysplugins\smarty_internal_data.php
2012-11-06 07:05:34|Type d'erreur inconnu : [8] Undefined variable: Row - ligne 291 dans le fichier F:\wamp\www\rugby\kernel\lib\smarty\sysplugins\smarty_internal_data.php
2012-11-06 07:05:34|Type d'erreur inconnu : [8] Undefined variable: Row - ligne 291 dans le fichier F:\wamp\www\rugby\kernel\lib\smarty\sysplugins\smarty_internal_data.php
2012-11-06 07:05:34|Type d'erreur inconnu : [8] Undefined variable: Row - ligne 291 dans le fichier F:\wamp\www\rugby\kernel\lib\smarty\sysplugins\smarty_internal_data.php
2012-11-06 07:05:34|Type d'erreur inconnu : [8] Undefined variable: Row - ligne 291 dans le fichier F:\wamp\www\rugby\kernel\lib\smarty\sysplugins\smarty_internal_data.php
2012-11-06 07:05:34|Type d'erreur inconnu : [8] Undefined variable: Row - ligne 291 dans le fichier F:\wamp\www\rugby\kernel\lib\smarty\sysplugins\smarty_internal_data.php
2012-11-06 07:05:34|Type d'erreur inconnu : [8] Undefined variable: Row - ligne 291 dans le fichier F:\wamp\www\rugby\kernel\lib\smarty\sysplugins\smarty_internal_data.php
2012-11-06 07:05:34|Type d'erreur inconnu : [8] Undefined variable: Row - ligne 291 dans le fichier F:\wamp\www\rugby\kernel\lib\smarty\sysplugins\smarty_internal_data.php
2012-11-06 07:05:34|Type d'erreur inconnu : [8] Undefined variable: Row - ligne 291 dans le fichier F:\wamp\www\rugby\kernel\lib\smarty\sysplugins\smarty_internal_data.php
2012-11-06 07:05:34|Type d'erreur inconnu : [8] Undefined variable: Row - ligne 291 dans le fichier F:\wamp\www\rugby\kernel\lib\smarty\sysplugins\smarty_internal_data.php
2012-11-06 07:05:34|Type d'erreur inconnu : [8] Undefined variable: Row - ligne 291 dans le fichier F:\wamp\www\rugby\kernel\lib\smarty\sysplugins\smarty_internal_data.php
2012-11-06 07:05:34|Type d'erreur inconnu : [8] Undefined variable: Row - ligne 291 dans le fichier F:\wamp\www\rugby\kernel\lib\smarty\sysplugins\smarty_internal_data.php
2012-11-06 07:05:34|Type d'erreur inconnu : [8] Undefined variable: Row - ligne 291 dans le fichier F:\wamp\www\rugby\kernel\lib\smarty\sysplugins\smarty_internal_data.php
2012-11-06 07:05:34|Type d'erreur inconnu : [8] Undefined variable: Row - ligne 291 dans le fichier F:\wamp\www\rugby\kernel\lib\smarty\sysplugins\smarty_internal_data.php
2012-11-06 07:05:34|Type d'erreur inconnu : [8] Undefined variable: Row - ligne 291 dans le fichier F:\wamp\www\rugby\kernel\lib\smarty\sysplugins\smarty_internal_data.php
2012-11-06 07:05:34|Type d'erreur inconnu : [8] Undefined variable: Row - ligne 291 dans le fichier F:\wamp\www\rugby\kernel\lib\smarty\sysplugins\smarty_internal_data.php
2012-11-06 07:05:34|Type d'erreur inconnu : [8] Undefined variable: Row - ligne 291 dans le fichier F:\wamp\www\rugby\kernel\lib\smarty\sysplugins\smarty_internal_data.php
2012-11-06 07:05:34|Type d'erreur inconnu : [8] Undefined variable: Row - ligne 291 dans le fichier F:\wamp\www\rugby\kernel\lib\smarty\sysplugins\smarty_internal_data.php
2012-11-06 07:05:34|Type d'erreur inconnu : [8] Undefined variable: Row - ligne 291 dans le fichier F:\wamp\www\rugby\kernel\lib\smarty\sysplugins\smarty_internal_data.php
2012-11-06 07:05:34|Type d'erreur inconnu : [8] Undefined variable: Row - ligne 291 dans le fichier F:\wamp\www\rugby\kernel\lib\smarty\sysplugins\smarty_internal_data.php
2012-11-06 07:05:34|Type d'erreur inconnu : [8] Undefined variable: Row - ligne 291 dans le fichier F:\wamp\www\rugby\kernel\lib\smarty\sysplugins\smarty_internal_data.php
2012-11-06 07:05:34|Type d'erreur inconnu : [8] Undefined variable: Row - ligne 291 dans le fichier F:\wamp\www\rugby\kernel\lib\smarty\sysplugins\smarty_internal_data.php
2012-11-06 07:05:34|Type d'erreur inconnu : [8] Undefined variable: Row - ligne 291 dans le fichier F:\wamp\www\rugby\kernel\lib\smarty\sysplugins\smarty_internal_data.php
2012-11-06 07:05:34|Type d'erreur inconnu : [8] Undefined variable: Row - ligne 291 dans le fichier F:\wamp\www\rugby\kernel\lib\smarty\sysplugins\smarty_internal_data.php
2012-11-06 07:05:34|Type d'erreur inconnu : [8] Undefined variable: Row - ligne 291 dans le fichier F:\wamp\www\rugby\kernel\lib\smarty\sysplugins\smarty_internal_data.php
2012-11-06 07:05:34|Type d'erreur inconnu : [8] Undefined variable: Row - ligne 291 dans le fichier F:\wamp\www\rugby\kernel\lib\smarty\sysplugins\smarty_internal_data.php
2012-11-06 07:05:34|Type d'erreur inconnu : [8] Undefined variable: Row - ligne 291 dans le fichier F:\wamp\www\rugby\kernel\lib\smarty\sysplugins\smarty_internal_data.php
2012-11-06 07:05:34|Type d'erreur inconnu : [8] Undefined variable: Row - ligne 291 dans le fichier F:\wamp\www\rugby\kernel\lib\smarty\sysplugins\smarty_internal_data.php
2012-11-06 07:05:34|Type d'erreur inconnu : [8] Undefined variable: Row - ligne 291 dans le fichier F:\wamp\www\rugby\kernel\lib\smarty\sysplugins\smarty_internal_data.php
2012-11-06 07:05:34|Type d'erreur inconnu : [8] Undefined variable: Row - ligne 291 dans le fichier F:\wamp\www\rugby\kernel\lib\smarty\sysplugins\smarty_internal_data.php
2012-11-06 07:05:34|Type d'erreur inconnu : [8] Undefined variable: Row - ligne 291 dans le fichier F:\wamp\www\rugby\kernel\lib\smarty\sysplugins\smarty_internal_data.php
2012-11-06 07:05:34|Type d'erreur inconnu : [8] Undefined variable: Row - ligne 291 dans le fichier F:\wamp\www\rugby\kernel\lib\smarty\sysplugins\smarty_internal_data.php
2012-11-06 07:05:34|Type d'erreur inconnu : [8] Undefined variable: Row - ligne 291 dans le fichier F:\wamp\www\rugby\kernel\lib\smarty\sysplugins\smarty_internal_data.php
2012-11-06 07:05:34|Type d'erreur inconnu : [8] Undefined variable: Row - ligne 291 dans le fichier F:\wamp\www\rugby\kernel\lib\smarty\sysplugins\smarty_internal_data.php
2012-11-06 07:05:34|Type d'erreur inconnu : [8] Undefined variable: Row - ligne 291 dans le fichier F:\wamp\www\rugby\kernel\lib\smarty\sysplugins\smarty_internal_data.php
2012-11-06 07:05:34|Type d'erreur inconnu : [8] Undefined variable: Row - ligne 291 dans le fichier F:\wamp\www\rugby\kernel\lib\smarty\sysplugins\smarty_internal_data.php
2012-11-06 07:05:34|Type d'erreur inconnu : [8] Undefined variable: Row - ligne 291 dans le fichier F:\wamp\www\rugby\kernel\lib\smarty\sysplugins\smarty_internal_data.php
2012-11-06 07:05:34|Type d'erreur inconnu : [8] Undefined variable: Row - ligne 291 dans le fichier F:\wamp\www\rugby\kernel\lib\smarty\sysplugins\smarty_internal_data.php
2012-11-06 07:05:34|Type d'erreur inconnu : [8] Undefined variable: Row - ligne 291 dans le fichier F:\wamp\www\rugby\kernel\lib\smarty\sysplugins\smarty_internal_data.php
2012-11-06 07:05:34|Type d'erreur inconnu : [8] Undefined variable: Row - ligne 291 dans le fichier F:\wamp\www\rugby\kernel\lib\smarty\sysplugins\smarty_internal_data.php
2012-11-06 07:05:34|Type d'erreur inconnu : [8] Undefined variable: Row - ligne 291 dans le fichier F:\wamp\www\rugby\kernel\lib\smarty\sysplugins\smarty_internal_data.php
2012-11-06 07:05:34|Type d'erreur inconnu : [8] Undefined variable: Row - ligne 291 dans le fichier F:\wamp\www\rugby\kernel\lib\smarty\sysplugins\smarty_internal_data.php
2012-11-06 07:05:34|Type d'erreur inconnu : [8] Undefined variable: Row - ligne 291 dans le fichier F:\wamp\www\rugby\kernel\lib\smarty\sysplugins\smarty_internal_data.php
2012-11-06 07:05:34|Type d'erreur inconnu : [8] Undefined variable: Row - ligne 291 dans le fichier F:\wamp\www\rugby\kernel\lib\smarty\sysplugins\smarty_internal_data.php
2012-11-06 07:05:34|Type d'erreur inconnu : [8] Undefined variable: Row - ligne 291 dans le fichier F:\wamp\www\rugby\kernel\lib\smarty\sysplugins\smarty_internal_data.php
2012-11-06 07:05:34|Type d'erreur inconnu : [8] Undefined variable: Row - ligne 291 dans le fichier F:\wamp\www\rugby\kernel\lib\smarty\sysplugins\smarty_internal_data.php
2012-11-06 07:05:34|Type d'erreur inconnu : [8] Undefined variable: Row - ligne 291 dans le fichier F:\wamp\www\rugby\kernel\lib\smarty\sysplugins\smarty_internal_data.php
2012-11-06 07:05:34|Type d'erreur inconnu : [8] Undefined variable: Row - ligne 291 dans le fichier F:\wamp\www\rugby\kernel\lib\smarty\sysplugins\smarty_internal_data.php
2012-11-06 07:05:34|Type d'erreur inconnu : [8] Undefined variable: Row - ligne 291 dans le fichier F:\wamp\www\rugby\kernel\lib\smarty\sysplugins\smarty_internal_data.php
2012-11-06 07:05:34|Type d'erreur inconnu : [8] Undefined variable: Row - ligne 291 dans le fichier F:\wamp\www\rugby\kernel\lib\smarty\sysplugins\smarty_internal_data.php
2012-11-06 07:05:34|Type d'erreur inconnu : [8] Undefined variable: Row - ligne 291 dans le fichier F:\wamp\www\rugby\kernel\lib\smarty\sysplugins\smarty_internal_data.php
2012-11-06 07:05:34|Type d'erreur inconnu : [8] Undefined variable: Row - ligne 291 dans le fichier F:\wamp\www\rugby\kernel\lib\smarty\sysplugins\smarty_internal_data.php
2012-11-06 07:05:34|Type d'erreur inconnu : [8] Undefined variable: Row - ligne 291 dans le fichier F:\wamp\www\rugby\kernel\lib\smarty\sysplugins\smarty_internal_data.php
2012-11-06 07:05:34|Type d'erreur inconnu : [8] Undefined variable: Row - ligne 291 dans le fichier F:\wamp\www\rugby\kernel\lib\smarty\sysplugins\smarty_internal_data.php
2012-11-06 07:05:34|Type d'erreur inconnu : [8] Undefined variable: Row - ligne 291 dans le fichier F:\wamp\www\rugby\kernel\lib\smarty\sysplugins\smarty_internal_data.php
2012-11-06 07:05:34|Type d'erreur inconnu : [8] Undefined variable: Row - ligne 291 dans le fichier F:\wamp\www\rugby\kernel\lib\smarty\sysplugins\smarty_internal_data.php
2012-11-06 07:05:34|Type d'erreur inconnu : [8] Undefined variable: Row - ligne 291 dans le fichier F:\wamp\www\rugby\kernel\lib\smarty\sysplugins\smarty_internal_data.php
2012-11-06 07:05:34|Type d'erreur inconnu : [8] Undefined variable: Row - ligne 291 dans le fichier F:\wamp\www\rugby\kernel\lib\smarty\sysplugins\smarty_internal_data.php
2012-11-06 07:05:34|Type d'erreur inconnu : [8] Undefined variable: Row - ligne 291 dans le fichier F:\wamp\www\rugby\kernel\lib\smarty\sysplugins\smarty_internal_data.php
2012-11-06 07:05:34|Type d'erreur inconnu : [8] Undefined variable: Row - ligne 291 dans le fichier F:\wamp\www\rugby\kernel\lib\smarty\sysplugins\smarty_internal_data.php
2012-11-06 07:05:34|Type d'erreur inconnu : [8] Undefined variable: Row - ligne 291 dans le fichier F:\wamp\www\rugby\kernel\lib\smarty\sysplugins\smarty_internal_data.php
2012-11-06 07:05:34|Type d'erreur inconnu : [8] Undefined variable: Row - ligne 291 dans le fichier F:\wamp\www\rugby\kernel\lib\smarty\sysplugins\smarty_internal_data.php
2012-11-06 07:05:34|Type d'erreur inconnu : [8] Undefined variable: Row - ligne 291 dans le fichier F:\wamp\www\rugby\kernel\lib\smarty\sysplugins\smarty_internal_data.php
2012-11-06 07:05:34|Type d'erreur inconnu : [8] Undefined variable: Row - ligne 291 dans le fichier F:\wamp\www\rugby\kernel\lib\smarty\sysplugins\smarty_internal_data.php
2012-11-06 07:05:34|Type d'erreur inconnu : [8] Undefined variable: Row - ligne 291 dans le fichier F:\wamp\www\rugby\kernel\lib\smarty\sysplugins\smarty_internal_data.php
2012-11-06 07:05:34|Type d'erreur inconnu : [8] Undefined variable: Row - ligne 291 dans le fichier F:\wamp\www\rugby\kernel\lib\smarty\sysplugins\smarty_internal_data.php
2012-11-06 07:05:34|Type d'erreur inconnu : [8] Undefined variable: Row - ligne 291 dans le fichier F:\wamp\www\rugby\kernel\lib\smarty\sysplugins\smarty_internal_data.php
2012-11-06 07:05:34|Type d'erreur inconnu : [8] Undefined variable: Row - ligne 291 dans le fichier F:\wamp\www\rugby\kernel\lib\smarty\sysplugins\smarty_internal_data.php
2012-11-06 07:05:34|Type d'erreur inconnu : [8] Undefined variable: Row - ligne 291 dans le fichier F:\wamp\www\rugby\kernel\lib\smarty\sysplugins\smarty_internal_data.php
2012-11-06 07:05:34|Type d'erreur inconnu : [8] Undefined variable: Row - ligne 291 dans le fichier F:\wamp\www\rugby\kernel\lib\smarty\sysplugins\smarty_internal_data.php
2012-11-06 07:05:22|Type d'erreur inconnu : [8] Undefined variable: Errors - ligne 291 dans le fichier F:\wamp\www\rugby\kernel\lib\smarty\sysplugins\smarty_internal_data.php
2012-11-06 07:05:11|Type d'erreur inconnu : [8] Undefined variable: errors - ligne 291 dans le fichier F:\wamp\www\rugby\kernel\lib\smarty\sysplugins\smarty_internal_data.php
