2012-12-07 04:26:00|Type d'erreur inconnu : [8] Undefined index: Voir_toute_les_fiches - ligne 39 dans le fichier D:\wamp\www\rugby\cache\7110a385b01b0678a24931fd6cfe6d4274af93cb.file.acl_index.tpl.php
2012-12-07 04:26:00|Type d'erreur inconnu : [8] Undefined index: Gestion_match - ligne 37 dans le fichier D:\wamp\www\rugby\cache\7110a385b01b0678a24931fd6cfe6d4274af93cb.file.acl_index.tpl.php
2012-12-07 04:26:00|Type d'erreur inconnu : [8] Undefined index: Gestion_structure - ligne 35 dans le fichier D:\wamp\www\rugby\cache\7110a385b01b0678a24931fd6cfe6d4274af93cb.file.acl_index.tpl.php
2012-12-07 04:26:00|Type d'erreur inconnu : [8] Undefined index: Gestion_entrainement - ligne 33 dans le fichier D:\wamp\www\rugby\cache\7110a385b01b0678a24931fd6cfe6d4274af93cb.file.acl_index.tpl.php
2012-12-07 04:26:00|Type d'erreur inconnu : [8] Undefined index: Gestion_club - ligne 31 dans le fichier D:\wamp\www\rugby\cache\7110a385b01b0678a24931fd6cfe6d4274af93cb.file.acl_index.tpl.php
2012-12-07 04:26:00|Type d'erreur inconnu : [8] Undefined index: Gestion_muscu - ligne 29 dans le fichier D:\wamp\www\rugby\cache\7110a385b01b0678a24931fd6cfe6d4274af93cb.file.acl_index.tpl.php
2012-12-07 04:26:00|Type d'erreur inconnu : [8] Undefined index: Gestion_joueur - ligne 27 dans le fichier D:\wamp\www\rugby\cache\7110a385b01b0678a24931fd6cfe6d4274af93cb.file.acl_index.tpl.php
2012-12-07 03:29:33|Type d'erreur inconnu : [8] Undefined index: club - ligne 91 dans le fichier D:\wamp\www\rugby\cache\0ca15167968fe536388a08fbd4ef28f38b5c5171.file.index.tpl.php
2012-12-07 03:29:33|Type d'erreur inconnu : [8] Undefined index: club - ligne 91 dans le fichier D:\wamp\www\rugby\cache\0ca15167968fe536388a08fbd4ef28f38b5c5171.file.index.tpl.php
2012-12-07 03:10:13|Type d'erreur inconnu : [8] Undefined variable: Sporif_id - ligne 222 dans le fichier D:\wamp\www\rugby\app\controller\administrationController.php
2012-12-07 03:10:05|Type d'erreur inconnu : [8] Undefined variable: Sporif_id - ligne 222 dans le fichier D:\wamp\www\rugby\app\controller\administrationController.php
2012-12-07 03:09:57|Type d'erreur inconnu : [8] Undefined variable: Sporif_id - ligne 222 dans le fichier D:\wamp\www\rugby\app\controller\administrationController.php
2012-12-07 03:09:02|Type d'erreur inconnu : [8] Undefined variable: Sporif_id - ligne 222 dans le fichier D:\wamp\www\rugby\app\controller\administrationController.php
2012-12-07 03:09:02|Type d'erreur inconnu : [2] substr() expects at least 2 parameters, 1 given - ligne 213 dans le fichier D:\wamp\www\rugby\app\controller\administrationController.php
2012-12-07 03:09:02|Type d'erreur inconnu : [2] strtolower() expects exactly 1 parameter, 3 given - ligne 213 dans le fichier D:\wamp\www\rugby\app\controller\administrationController.php
2012-12-07 03:07:46|Type d'erreur inconnu : [8] Undefined variable: Sporif_id - ligne 222 dans le fichier D:\wamp\www\rugby\app\controller\administrationController.php
2012-12-07 12:45:50|Type d'erreur inconnu : [8] Undefined index: club - ligne 91 dans le fichier D:\wamp\www\rugby\cache\0ca15167968fe536388a08fbd4ef28f38b5c5171.file.index.tpl.php
2012-12-07 12:45:50|Type d'erreur inconnu : [8] Undefined index: club - ligne 91 dans le fichier D:\wamp\www\rugby\cache\0ca15167968fe536388a08fbd4ef28f38b5c5171.file.index.tpl.php
2012-12-07 12:44:16|Type d'erreur inconnu : [8] Undefined variable: Dimanche - ligne 291 dans le fichier D:\wamp\www\rugby\kernel\lib\smarty\sysplugins\smarty_internal_data.php
2012-12-07 12:44:16|Type d'erreur inconnu : [8] Undefined variable: Lundi - ligne 291 dans le fichier D:\wamp\www\rugby\kernel\lib\smarty\sysplugins\smarty_internal_data.php
2012-12-07 12:44:03|Type d'erreur inconnu : [8] Undefined variable: Dimanche - ligne 291 dans le fichier D:\wamp\www\rugby\kernel\lib\smarty\sysplugins\smarty_internal_data.php
2012-12-07 12:44:03|Type d'erreur inconnu : [8] Undefined variable: Lundi - ligne 291 dans le fichier D:\wamp\www\rugby\kernel\lib\smarty\sysplugins\smarty_internal_data.php
2012-12-07 12:44:03|Type d'erreur inconnu : [8] Undefined variable: year - ligne 291 dans le fichier D:\wamp\www\rugby\kernel\lib\smarty\sysplugins\smarty_internal_data.php
2012-12-07 12:44:03|Type d'erreur inconnu : [8] Undefined variable: semaine - ligne 291 dans le fichier D:\wamp\www\rugby\kernel\lib\smarty\sysplugins\smarty_internal_data.php
2012-12-07 12:43:06|Type d'erreur inconnu : [2] require_once(\indexController.php): failed to open stream: No such file or directory - ligne 95 dans le fichier D:\wamp\www\rugby\kernel\core\Router.class.php
2012-12-07 12:40:36|Type d'erreur inconnu : [8] Undefined variable: Joueur_id - ligne 291 dans le fichier D:\wamp\www\rugby\kernel\lib\smarty\sysplugins\smarty_internal_data.php
2012-12-07 12:40:36|Type d'erreur inconnu : [8] Undefined variable: Year - ligne 291 dans le fichier D:\wamp\www\rugby\kernel\lib\smarty\sysplugins\smarty_internal_data.php
2012-12-07 12:40:36|Type d'erreur inconnu : [8] Undefined variable: Joueur_id - ligne 291 dans le fichier D:\wamp\www\rugby\kernel\lib\smarty\sysplugins\smarty_internal_data.php
2012-12-07 12:40:36|Type d'erreur inconnu : [8] Undefined variable: Year - ligne 291 dans le fichier D:\wamp\www\rugby\kernel\lib\smarty\sysplugins\smarty_internal_data.php
2012-12-07 12:40:36|Type d'erreur inconnu : [8] Undefined variable: Joueur_id - ligne 291 dans le fichier D:\wamp\www\rugby\kernel\lib\smarty\sysplugins\smarty_internal_data.php
2012-12-07 12:40:36|Type d'erreur inconnu : [8] Undefined variable: Year - ligne 291 dans le fichier D:\wamp\www\rugby\kernel\lib\smarty\sysplugins\smarty_internal_data.php
2012-12-07 12:40:36|Type d'erreur inconnu : [8] Undefined variable: Year - ligne 291 dans le fichier D:\wamp\www\rugby\kernel\lib\smarty\sysplugins\smarty_internal_data.php
2012-12-07 12:40:36|Type d'erreur inconnu : [8] Undefined variable: Joueur_id - ligne 291 dans le fichier D:\wamp\www\rugby\kernel\lib\smarty\sysplugins\smarty_internal_data.php
2012-12-07 12:40:36|Type d'erreur inconnu : [8] Undefined variable: Semaine - ligne 291 dans le fichier D:\wamp\www\rugby\kernel\lib\smarty\sysplugins\smarty_internal_data.php
2012-12-07 12:40:36|Type d'erreur inconnu : [8] Undefined variable: Year - ligne 291 dans le fichier D:\wamp\www\rugby\kernel\lib\smarty\sysplugins\smarty_internal_data.php
2012-12-07 12:40:36|Type d'erreur inconnu : [8] Undefined variable: Joueur_id - ligne 291 dans le fichier D:\wamp\www\rugby\kernel\lib\smarty\sysplugins\smarty_internal_data.php
2012-12-07 12:40:36|Type d'erreur inconnu : [8] Undefined variable: Semaine - ligne 291 dans le fichier D:\wamp\www\rugby\kernel\lib\smarty\sysplugins\smarty_internal_data.php
2012-12-07 12:40:36|Type d'erreur inconnu : [8] Undefined variable: Year - ligne 291 dans le fichier D:\wamp\www\rugby\kernel\lib\smarty\sysplugins\smarty_internal_data.php
2012-12-07 12:40:36|Type d'erreur inconnu : [8] Undefined variable: Joueur_id - ligne 291 dans le fichier D:\wamp\www\rugby\kernel\lib\smarty\sysplugins\smarty_internal_data.php
2012-12-07 12:40:36|Type d'erreur inconnu : [8] Undefined variable: Semaine - ligne 291 dans le fichier D:\wamp\www\rugby\kernel\lib\smarty\sysplugins\smarty_internal_data.php
2012-12-07 12:40:32|Type d'erreur inconnu : [2] require_once(\indexController.php): failed to open stream: No such file or directory - ligne 95 dans le fichier D:\wamp\www\rugby\kernel\core\Router.class.php
2012-12-07 12:40:22|Type d'erreur inconnu : [2] require_once(\indexController.php): failed to open stream: No such file or directory - ligne 95 dans le fichier D:\wamp\www\rugby\kernel\core\Router.class.php
2012-12-07 10:45:13|Type d'erreur inconnu : [2] require_once(\indexController.php): failed to open stream: No such file or directory - ligne 95 dans le fichier D:\wamp\www\rugby\kernel\core\Router.class.php
2012-12-07 10:32:07|Type d'erreur inconnu : [2] require_once(\indexController.php): failed to open stream: No such file or directory - ligne 95 dans le fichier D:\wamp\www\rugby\kernel\core\Router.class.php
