2012-10-18 06:15:56|Type d'erreur inconnu : [8] Array to string conversion - ligne 273 dans le fichier F:\wamp\www\rugby\cache\a58f417de916a0fef906a03402b26b244af81b9f.file.fiche.tpl.php
2012-10-18 06:15:11|Type d'erreur inconnu : [2] Illegal string offset 'm_name' - ligne 85 dans le fichier F:\wamp\www\rugby\cache\6080e7834880724d43b11ab3afb5202132c93857.file.blokNavigation.tpl.php
2012-10-18 06:15:11|Type d'erreur inconnu : [2] Illegal string offset 'm_module' - ligne 84 dans le fichier F:\wamp\www\rugby\cache\6080e7834880724d43b11ab3afb5202132c93857.file.blokNavigation.tpl.php
2012-10-18 06:14:36|Type d'erreur inconnu : [8] Undefined index: url_dir - ligne 63 dans le fichier F:\wamp\www\rugby\cache\1217f395810cf647d9ff1c3aaeb0b54d88716d20.file.layout.tpl.php
2012-10-18 06:14:36|Type d'erreur inconnu : [8] Undefined index: url - ligne 62 dans le fichier F:\wamp\www\rugby\cache\1217f395810cf647d9ff1c3aaeb0b54d88716d20.file.layout.tpl.php
2012-10-18 06:14:36|Type d'erreur inconnu : [8] Undefined index: url_dir - ligne 60 dans le fichier F:\wamp\www\rugby\cache\1217f395810cf647d9ff1c3aaeb0b54d88716d20.file.layout.tpl.php
2012-10-18 06:14:36|Type d'erreur inconnu : [8] Undefined index: url - ligne 59 dans le fichier F:\wamp\www\rugby\cache\1217f395810cf647d9ff1c3aaeb0b54d88716d20.file.layout.tpl.php
2012-10-18 06:14:36|Type d'erreur inconnu : [8] Undefined index: url_dir - ligne 54 dans le fichier F:\wamp\www\rugby\cache\1217f395810cf647d9ff1c3aaeb0b54d88716d20.file.layout.tpl.php
2012-10-18 06:14:36|Type d'erreur inconnu : [8] Undefined index: url - ligne 53 dans le fichier F:\wamp\www\rugby\cache\1217f395810cf647d9ff1c3aaeb0b54d88716d20.file.layout.tpl.php
2012-10-18 06:14:36|Type d'erreur inconnu : [8] Undefined index: url_dir - ligne 54 dans le fichier F:\wamp\www\rugby\cache\1217f395810cf647d9ff1c3aaeb0b54d88716d20.file.layout.tpl.php
2012-10-18 06:14:36|Type d'erreur inconnu : [8] Undefined index: url - ligne 53 dans le fichier F:\wamp\www\rugby\cache\1217f395810cf647d9ff1c3aaeb0b54d88716d20.file.layout.tpl.php
2012-10-18 06:14:36|Type d'erreur inconnu : [8] Undefined index: url_dir - ligne 54 dans le fichier F:\wamp\www\rugby\cache\1217f395810cf647d9ff1c3aaeb0b54d88716d20.file.layout.tpl.php
2012-10-18 06:14:36|Type d'erreur inconnu : [8] Undefined index: url - ligne 53 dans le fichier F:\wamp\www\rugby\cache\1217f395810cf647d9ff1c3aaeb0b54d88716d20.file.layout.tpl.php
2012-10-18 06:14:36|Type d'erreur inconnu : [8] Undefined index: url_dir - ligne 43 dans le fichier F:\wamp\www\rugby\cache\1217f395810cf647d9ff1c3aaeb0b54d88716d20.file.layout.tpl.php
2012-10-18 06:14:36|Type d'erreur inconnu : [8] Undefined index: url - ligne 42 dans le fichier F:\wamp\www\rugby\cache\1217f395810cf647d9ff1c3aaeb0b54d88716d20.file.layout.tpl.php
2012-10-18 06:14:36|Type d'erreur inconnu : [8] Undefined index: url_dir - ligne 37 dans le fichier F:\wamp\www\rugby\cache\1217f395810cf647d9ff1c3aaeb0b54d88716d20.file.layout.tpl.php
2012-10-18 06:14:36|Type d'erreur inconnu : [8] Undefined index: url - ligne 36 dans le fichier F:\wamp\www\rugby\cache\1217f395810cf647d9ff1c3aaeb0b54d88716d20.file.layout.tpl.php
2012-10-18 06:14:36|Type d'erreur inconnu : [8] Undefined index: url_dir - ligne 26 dans le fichier F:\wamp\www\rugby\cache\1217f395810cf647d9ff1c3aaeb0b54d88716d20.file.layout.tpl.php
2012-10-18 06:14:36|Type d'erreur inconnu : [8] Undefined index: url - ligne 25 dans le fichier F:\wamp\www\rugby\cache\1217f395810cf647d9ff1c3aaeb0b54d88716d20.file.layout.tpl.php
2012-10-18 06:14:36|Type d'erreur inconnu : [8] Undefined index: navigation_show_ss_menu - ligne 68 dans le fichier F:\wamp\www\rugby\cache\6080e7834880724d43b11ab3afb5202132c93857.file.blokNavigation.tpl.php
2012-10-18 06:14:36|Type d'erreur inconnu : [8] Undefined index: navigation_show_ss_menu - ligne 56 dans le fichier F:\wamp\www\rugby\cache\6080e7834880724d43b11ab3afb5202132c93857.file.blokNavigation.tpl.php
2012-10-18 06:14:36|Type d'erreur inconnu : [8] Undefined index: navigation_show_ss_menu - ligne 37 dans le fichier F:\wamp\www\rugby\cache\6080e7834880724d43b11ab3afb5202132c93857.file.blokNavigation.tpl.php
2012-10-18 06:14:36|Type d'erreur inconnu : [8] Undefined index: navigation_show_ss_menu - ligne 27 dans le fichier F:\wamp\www\rugby\cache\6080e7834880724d43b11ab3afb5202132c93857.file.blokNavigation.tpl.php
2012-10-18 06:14:36|Type d'erreur inconnu : [8] Undefined index: url_dir - ligne 62 dans le fichier F:\wamp\www\rugby\cache\4990ccf0230818d28c23d8036d3ffcbd36a6ea40.file.index.tpl.php
2012-10-18 06:14:36|Type d'erreur inconnu : [8] Undefined index: url - ligne 61 dans le fichier F:\wamp\www\rugby\cache\4990ccf0230818d28c23d8036d3ffcbd36a6ea40.file.index.tpl.php
2012-10-18 06:14:36|Type d'erreur inconnu : [8] Undefined index: url_dir - ligne 49 dans le fichier F:\wamp\www\rugby\cache\4990ccf0230818d28c23d8036d3ffcbd36a6ea40.file.index.tpl.php
2012-10-18 06:14:36|Type d'erreur inconnu : [8] Undefined index: url - ligne 48 dans le fichier F:\wamp\www\rugby\cache\4990ccf0230818d28c23d8036d3ffcbd36a6ea40.file.index.tpl.php
2012-10-18 06:14:36|Type d'erreur inconnu : [8] Undefined index: url_dir - ligne 26 dans le fichier F:\wamp\www\rugby\cache\4990ccf0230818d28c23d8036d3ffcbd36a6ea40.file.index.tpl.php
2012-10-18 06:14:36|Type d'erreur inconnu : [8] Undefined index: url - ligne 25 dans le fichier F:\wamp\www\rugby\cache\4990ccf0230818d28c23d8036d3ffcbd36a6ea40.file.index.tpl.php
2012-10-18 06:14:36|Type d'erreur inconnu : [8] Undefined index: url_dir - ligne 45 dans le fichier F:\wamp\www\rugby\cache\5b8c0334767c58591e4f7eef08c55ef967c30348.file.trombi_for_index.tpl.php
2012-10-18 06:14:36|Type d'erreur inconnu : [8] Undefined index: url - ligne 44 dans le fichier F:\wamp\www\rugby\cache\5b8c0334767c58591e4f7eef08c55ef967c30348.file.trombi_for_index.tpl.php
2012-10-18 06:14:36|Type d'erreur inconnu : [8] Undefined index: url_dir - ligne 45 dans le fichier F:\wamp\www\rugby\cache\5b8c0334767c58591e4f7eef08c55ef967c30348.file.trombi_for_index.tpl.php
2012-10-18 06:14:36|Type d'erreur inconnu : [8] Undefined index: url - ligne 44 dans le fichier F:\wamp\www\rugby\cache\5b8c0334767c58591e4f7eef08c55ef967c30348.file.trombi_for_index.tpl.php
2012-10-18 06:14:36|Type d'erreur inconnu : [8] Undefined index: url_dir - ligne 45 dans le fichier F:\wamp\www\rugby\cache\5b8c0334767c58591e4f7eef08c55ef967c30348.file.trombi_for_index.tpl.php
2012-10-18 06:14:36|Type d'erreur inconnu : [8] Undefined index: url - ligne 44 dans le fichier F:\wamp\www\rugby\cache\5b8c0334767c58591e4f7eef08c55ef967c30348.file.trombi_for_index.tpl.php
2012-10-18 06:14:36|Type d'erreur inconnu : [8] Undefined index: url_dir - ligne 37 dans le fichier F:\wamp\www\rugby\cache\5b8c0334767c58591e4f7eef08c55ef967c30348.file.trombi_for_index.tpl.php
2012-10-18 06:14:36|Type d'erreur inconnu : [8] Undefined index: url - ligne 36 dans le fichier F:\wamp\www\rugby\cache\5b8c0334767c58591e4f7eef08c55ef967c30348.file.trombi_for_index.tpl.php
2012-10-18 06:14:36|Type d'erreur inconnu : [8] Undefined index: url_dir - ligne 45 dans le fichier F:\wamp\www\rugby\cache\5b8c0334767c58591e4f7eef08c55ef967c30348.file.trombi_for_index.tpl.php
2012-10-18 06:14:36|Type d'erreur inconnu : [8] Undefined index: url - ligne 44 dans le fichier F:\wamp\www\rugby\cache\5b8c0334767c58591e4f7eef08c55ef967c30348.file.trombi_for_index.tpl.php
2012-10-18 06:14:36|Type d'erreur inconnu : [8] Undefined index: url_dir - ligne 45 dans le fichier F:\wamp\www\rugby\cache\5b8c0334767c58591e4f7eef08c55ef967c30348.file.trombi_for_index.tpl.php
2012-10-18 06:14:36|Type d'erreur inconnu : [8] Undefined index: url - ligne 44 dans le fichier F:\wamp\www\rugby\cache\5b8c0334767c58591e4f7eef08c55ef967c30348.file.trombi_for_index.tpl.php
2012-10-18 06:14:36|Type d'erreur inconnu : [8] Undefined index: url_dir - ligne 45 dans le fichier F:\wamp\www\rugby\cache\5b8c0334767c58591e4f7eef08c55ef967c30348.file.trombi_for_index.tpl.php
2012-10-18 06:14:36|Type d'erreur inconnu : [8] Undefined index: url - ligne 44 dans le fichier F:\wamp\www\rugby\cache\5b8c0334767c58591e4f7eef08c55ef967c30348.file.trombi_for_index.tpl.php
2012-10-18 06:14:36|Type d'erreur inconnu : [8] Undefined index: url_dir - ligne 63 dans le fichier F:\wamp\www\rugby\cache\1217f395810cf647d9ff1c3aaeb0b54d88716d20.file.layout.tpl.php
2012-10-18 06:14:36|Type d'erreur inconnu : [8] Undefined index: url - ligne 62 dans le fichier F:\wamp\www\rugby\cache\1217f395810cf647d9ff1c3aaeb0b54d88716d20.file.layout.tpl.php
2012-10-18 06:14:36|Type d'erreur inconnu : [8] Undefined index: url_dir - ligne 60 dans le fichier F:\wamp\www\rugby\cache\1217f395810cf647d9ff1c3aaeb0b54d88716d20.file.layout.tpl.php
2012-10-18 06:14:36|Type d'erreur inconnu : [8] Undefined index: url - ligne 59 dans le fichier F:\wamp\www\rugby\cache\1217f395810cf647d9ff1c3aaeb0b54d88716d20.file.layout.tpl.php
2012-10-18 06:14:36|Type d'erreur inconnu : [8] Undefined index: url_dir - ligne 54 dans le fichier F:\wamp\www\rugby\cache\1217f395810cf647d9ff1c3aaeb0b54d88716d20.file.layout.tpl.php
2012-10-18 06:14:36|Type d'erreur inconnu : [8] Undefined index: url - ligne 53 dans le fichier F:\wamp\www\rugby\cache\1217f395810cf647d9ff1c3aaeb0b54d88716d20.file.layout.tpl.php
2012-10-18 06:14:36|Type d'erreur inconnu : [8] Undefined index: url_dir - ligne 54 dans le fichier F:\wamp\www\rugby\cache\1217f395810cf647d9ff1c3aaeb0b54d88716d20.file.layout.tpl.php
2012-10-18 06:14:36|Type d'erreur inconnu : [8] Undefined index: url - ligne 53 dans le fichier F:\wamp\www\rugby\cache\1217f395810cf647d9ff1c3aaeb0b54d88716d20.file.layout.tpl.php
2012-10-18 06:14:36|Type d'erreur inconnu : [8] Undefined index: url_dir - ligne 54 dans le fichier F:\wamp\www\rugby\cache\1217f395810cf647d9ff1c3aaeb0b54d88716d20.file.layout.tpl.php
2012-10-18 06:14:36|Type d'erreur inconnu : [8] Undefined index: url - ligne 53 dans le fichier F:\wamp\www\rugby\cache\1217f395810cf647d9ff1c3aaeb0b54d88716d20.file.layout.tpl.php
2012-10-18 06:14:36|Type d'erreur inconnu : [8] Undefined index: url_dir - ligne 43 dans le fichier F:\wamp\www\rugby\cache\1217f395810cf647d9ff1c3aaeb0b54d88716d20.file.layout.tpl.php
2012-10-18 06:14:36|Type d'erreur inconnu : [8] Undefined index: url - ligne 42 dans le fichier F:\wamp\www\rugby\cache\1217f395810cf647d9ff1c3aaeb0b54d88716d20.file.layout.tpl.php
2012-10-18 06:14:36|Type d'erreur inconnu : [8] Undefined index: url_dir - ligne 37 dans le fichier F:\wamp\www\rugby\cache\1217f395810cf647d9ff1c3aaeb0b54d88716d20.file.layout.tpl.php
2012-10-18 06:14:36|Type d'erreur inconnu : [8] Undefined index: url - ligne 36 dans le fichier F:\wamp\www\rugby\cache\1217f395810cf647d9ff1c3aaeb0b54d88716d20.file.layout.tpl.php
2012-10-18 06:14:36|Type d'erreur inconnu : [8] Undefined index: url_dir - ligne 26 dans le fichier F:\wamp\www\rugby\cache\1217f395810cf647d9ff1c3aaeb0b54d88716d20.file.layout.tpl.php
2012-10-18 06:14:36|Type d'erreur inconnu : [8] Undefined index: url - ligne 25 dans le fichier F:\wamp\www\rugby\cache\1217f395810cf647d9ff1c3aaeb0b54d88716d20.file.layout.tpl.php
2012-10-18 06:14:36|Type d'erreur inconnu : [8] Undefined index: navigation_show_ss_menu - ligne 68 dans le fichier F:\wamp\www\rugby\cache\6080e7834880724d43b11ab3afb5202132c93857.file.blokNavigation.tpl.php
2012-10-18 06:14:36|Type d'erreur inconnu : [8] Undefined index: navigation_show_ss_menu - ligne 56 dans le fichier F:\wamp\www\rugby\cache\6080e7834880724d43b11ab3afb5202132c93857.file.blokNavigation.tpl.php
2012-10-18 06:14:36|Type d'erreur inconnu : [8] Undefined index: navigation_show_ss_menu - ligne 37 dans le fichier F:\wamp\www\rugby\cache\6080e7834880724d43b11ab3afb5202132c93857.file.blokNavigation.tpl.php
2012-10-18 06:14:36|Type d'erreur inconnu : [8] Undefined index: navigation_show_ss_menu - ligne 27 dans le fichier F:\wamp\www\rugby\cache\6080e7834880724d43b11ab3afb5202132c93857.file.blokNavigation.tpl.php
2012-10-18 06:14:36|Type d'erreur inconnu : [8] Undefined index: url_dir - ligne 62 dans le fichier F:\wamp\www\rugby\cache\4990ccf0230818d28c23d8036d3ffcbd36a6ea40.file.index.tpl.php
2012-10-18 06:14:36|Type d'erreur inconnu : [8] Undefined index: url - ligne 61 dans le fichier F:\wamp\www\rugby\cache\4990ccf0230818d28c23d8036d3ffcbd36a6ea40.file.index.tpl.php
2012-10-18 06:14:36|Type d'erreur inconnu : [8] Undefined index: url_dir - ligne 49 dans le fichier F:\wamp\www\rugby\cache\4990ccf0230818d28c23d8036d3ffcbd36a6ea40.file.index.tpl.php
2012-10-18 06:14:36|Type d'erreur inconnu : [8] Undefined index: url - ligne 48 dans le fichier F:\wamp\www\rugby\cache\4990ccf0230818d28c23d8036d3ffcbd36a6ea40.file.index.tpl.php
2012-10-18 06:14:36|Type d'erreur inconnu : [8] Undefined index: url_dir - ligne 26 dans le fichier F:\wamp\www\rugby\cache\4990ccf0230818d28c23d8036d3ffcbd36a6ea40.file.index.tpl.php
2012-10-18 06:14:36|Type d'erreur inconnu : [8] Undefined index: url - ligne 25 dans le fichier F:\wamp\www\rugby\cache\4990ccf0230818d28c23d8036d3ffcbd36a6ea40.file.index.tpl.php
2012-10-18 06:14:36|Type d'erreur inconnu : [8] Undefined index: url_dir - ligne 45 dans le fichier F:\wamp\www\rugby\cache\5b8c0334767c58591e4f7eef08c55ef967c30348.file.trombi_for_index.tpl.php
2012-10-18 06:14:36|Type d'erreur inconnu : [8] Undefined index: url - ligne 44 dans le fichier F:\wamp\www\rugby\cache\5b8c0334767c58591e4f7eef08c55ef967c30348.file.trombi_for_index.tpl.php
2012-10-18 06:14:36|Type d'erreur inconnu : [8] Undefined index: url_dir - ligne 45 dans le fichier F:\wamp\www\rugby\cache\5b8c0334767c58591e4f7eef08c55ef967c30348.file.trombi_for_index.tpl.php
2012-10-18 06:14:36|Type d'erreur inconnu : [8] Undefined index: url - ligne 44 dans le fichier F:\wamp\www\rugby\cache\5b8c0334767c58591e4f7eef08c55ef967c30348.file.trombi_for_index.tpl.php
2012-10-18 06:14:36|Type d'erreur inconnu : [8] Undefined index: url_dir - ligne 45 dans le fichier F:\wamp\www\rugby\cache\5b8c0334767c58591e4f7eef08c55ef967c30348.file.trombi_for_index.tpl.php
2012-10-18 06:14:36|Type d'erreur inconnu : [8] Undefined index: url - ligne 44 dans le fichier F:\wamp\www\rugby\cache\5b8c0334767c58591e4f7eef08c55ef967c30348.file.trombi_for_index.tpl.php
2012-10-18 06:14:36|Type d'erreur inconnu : [8] Undefined index: url_dir - ligne 37 dans le fichier F:\wamp\www\rugby\cache\5b8c0334767c58591e4f7eef08c55ef967c30348.file.trombi_for_index.tpl.php
2012-10-18 06:14:36|Type d'erreur inconnu : [8] Undefined index: url - ligne 36 dans le fichier F:\wamp\www\rugby\cache\5b8c0334767c58591e4f7eef08c55ef967c30348.file.trombi_for_index.tpl.php
2012-10-18 06:14:36|Type d'erreur inconnu : [8] Undefined index: url_dir - ligne 45 dans le fichier F:\wamp\www\rugby\cache\5b8c0334767c58591e4f7eef08c55ef967c30348.file.trombi_for_index.tpl.php
2012-10-18 06:14:36|Type d'erreur inconnu : [8] Undefined index: url - ligne 44 dans le fichier F:\wamp\www\rugby\cache\5b8c0334767c58591e4f7eef08c55ef967c30348.file.trombi_for_index.tpl.php
2012-10-18 06:14:36|Type d'erreur inconnu : [8] Undefined index: url_dir - ligne 45 dans le fichier F:\wamp\www\rugby\cache\5b8c0334767c58591e4f7eef08c55ef967c30348.file.trombi_for_index.tpl.php
2012-10-18 06:14:36|Type d'erreur inconnu : [8] Undefined index: url - ligne 44 dans le fichier F:\wamp\www\rugby\cache\5b8c0334767c58591e4f7eef08c55ef967c30348.file.trombi_for_index.tpl.php
2012-10-18 06:14:36|Type d'erreur inconnu : [8] Undefined index: url_dir - ligne 45 dans le fichier F:\wamp\www\rugby\cache\5b8c0334767c58591e4f7eef08c55ef967c30348.file.trombi_for_index.tpl.php
2012-10-18 06:14:36|Type d'erreur inconnu : [8] Undefined index: url - ligne 44 dans le fichier F:\wamp\www\rugby\cache\5b8c0334767c58591e4f7eef08c55ef967c30348.file.trombi_for_index.tpl.php
2012-10-18 06:14:36|Type d'erreur inconnu : [8] Undefined index: url_dir - ligne 63 dans le fichier F:\wamp\www\rugby\cache\1217f395810cf647d9ff1c3aaeb0b54d88716d20.file.layout.tpl.php
2012-10-18 06:14:36|Type d'erreur inconnu : [8] Undefined index: url - ligne 62 dans le fichier F:\wamp\www\rugby\cache\1217f395810cf647d9ff1c3aaeb0b54d88716d20.file.layout.tpl.php
2012-10-18 06:14:36|Type d'erreur inconnu : [8] Undefined index: url_dir - ligne 60 dans le fichier F:\wamp\www\rugby\cache\1217f395810cf647d9ff1c3aaeb0b54d88716d20.file.layout.tpl.php
2012-10-18 06:14:36|Type d'erreur inconnu : [8] Undefined index: url - ligne 59 dans le fichier F:\wamp\www\rugby\cache\1217f395810cf647d9ff1c3aaeb0b54d88716d20.file.layout.tpl.php
2012-10-18 06:14:36|Type d'erreur inconnu : [8] Undefined index: url_dir - ligne 54 dans le fichier F:\wamp\www\rugby\cache\1217f395810cf647d9ff1c3aaeb0b54d88716d20.file.layout.tpl.php
2012-10-18 06:14:36|Type d'erreur inconnu : [8] Undefined index: url - ligne 53 dans le fichier F:\wamp\www\rugby\cache\1217f395810cf647d9ff1c3aaeb0b54d88716d20.file.layout.tpl.php
2012-10-18 06:14:36|Type d'erreur inconnu : [8] Undefined index: url_dir - ligne 54 dans le fichier F:\wamp\www\rugby\cache\1217f395810cf647d9ff1c3aaeb0b54d88716d20.file.layout.tpl.php
2012-10-18 06:14:36|Type d'erreur inconnu : [8] Undefined index: url - ligne 53 dans le fichier F:\wamp\www\rugby\cache\1217f395810cf647d9ff1c3aaeb0b54d88716d20.file.layout.tpl.php
2012-10-18 06:14:36|Type d'erreur inconnu : [8] Undefined index: url_dir - ligne 54 dans le fichier F:\wamp\www\rugby\cache\1217f395810cf647d9ff1c3aaeb0b54d88716d20.file.layout.tpl.php
2012-10-18 06:14:36|Type d'erreur inconnu : [8] Undefined index: url - ligne 53 dans le fichier F:\wamp\www\rugby\cache\1217f395810cf647d9ff1c3aaeb0b54d88716d20.file.layout.tpl.php
2012-10-18 06:14:36|Type d'erreur inconnu : [8] Undefined index: url_dir - ligne 43 dans le fichier F:\wamp\www\rugby\cache\1217f395810cf647d9ff1c3aaeb0b54d88716d20.file.layout.tpl.php
2012-10-18 06:14:36|Type d'erreur inconnu : [8] Undefined index: url - ligne 42 dans le fichier F:\wamp\www\rugby\cache\1217f395810cf647d9ff1c3aaeb0b54d88716d20.file.layout.tpl.php
2012-10-18 06:14:36|Type d'erreur inconnu : [8] Undefined index: url_dir - ligne 37 dans le fichier F:\wamp\www\rugby\cache\1217f395810cf647d9ff1c3aaeb0b54d88716d20.file.layout.tpl.php
2012-10-18 06:14:36|Type d'erreur inconnu : [8] Undefined index: url - ligne 36 dans le fichier F:\wamp\www\rugby\cache\1217f395810cf647d9ff1c3aaeb0b54d88716d20.file.layout.tpl.php
2012-10-18 06:14:36|Type d'erreur inconnu : [8] Undefined index: url_dir - ligne 26 dans le fichier F:\wamp\www\rugby\cache\1217f395810cf647d9ff1c3aaeb0b54d88716d20.file.layout.tpl.php
2012-10-18 06:14:36|Type d'erreur inconnu : [8] Undefined index: url - ligne 25 dans le fichier F:\wamp\www\rugby\cache\1217f395810cf647d9ff1c3aaeb0b54d88716d20.file.layout.tpl.php
2012-10-18 06:14:36|Type d'erreur inconnu : [8] Undefined index: navigation_show_ss_menu - ligne 68 dans le fichier F:\wamp\www\rugby\cache\6080e7834880724d43b11ab3afb5202132c93857.file.blokNavigation.tpl.php
2012-10-18 06:14:36|Type d'erreur inconnu : [8] Undefined index: navigation_show_ss_menu - ligne 56 dans le fichier F:\wamp\www\rugby\cache\6080e7834880724d43b11ab3afb5202132c93857.file.blokNavigation.tpl.php
2012-10-18 06:14:36|Type d'erreur inconnu : [8] Undefined index: navigation_show_ss_menu - ligne 37 dans le fichier F:\wamp\www\rugby\cache\6080e7834880724d43b11ab3afb5202132c93857.file.blokNavigation.tpl.php
2012-10-18 06:14:36|Type d'erreur inconnu : [8] Undefined index: navigation_show_ss_menu - ligne 27 dans le fichier F:\wamp\www\rugby\cache\6080e7834880724d43b11ab3afb5202132c93857.file.blokNavigation.tpl.php
2012-10-18 06:14:36|Type d'erreur inconnu : [8] Undefined index: format_date_day - ligne 45 dans le fichier F:\wamp\www\rugby\cache\c0a79c7ca1ea0951f07a53866818993960c63379.file.match_index.tpl.php
2012-10-18 06:09:54|Type d'erreur inconnu : [2] Illegal string offset 'm_name' - ligne 85 dans le fichier F:\wamp\www\rugby\cache\6080e7834880724d43b11ab3afb5202132c93857.file.blokNavigation.tpl.php
2012-10-18 06:09:54|Type d'erreur inconnu : [2] Illegal string offset 'm_module' - ligne 84 dans le fichier F:\wamp\www\rugby\cache\6080e7834880724d43b11ab3afb5202132c93857.file.blokNavigation.tpl.php
2012-10-18 06:09:40|Type d'erreur inconnu : [2] Illegal string offset 'm_name' - ligne 85 dans le fichier F:\wamp\www\rugby\cache\6080e7834880724d43b11ab3afb5202132c93857.file.blokNavigation.tpl.php
2012-10-18 06:09:40|Type d'erreur inconnu : [2] Illegal string offset 'm_module' - ligne 84 dans le fichier F:\wamp\www\rugby\cache\6080e7834880724d43b11ab3afb5202132c93857.file.blokNavigation.tpl.php
2012-10-18 06:08:47|Type d'erreur inconnu : [2] Illegal string offset 'm_name' - ligne 85 dans le fichier F:\wamp\www\rugby\cache\6080e7834880724d43b11ab3afb5202132c93857.file.blokNavigation.tpl.php
2012-10-18 06:08:47|Type d'erreur inconnu : [2] Illegal string offset 'm_module' - ligne 84 dans le fichier F:\wamp\www\rugby\cache\6080e7834880724d43b11ab3afb5202132c93857.file.blokNavigation.tpl.php
2012-10-18 06:08:32|Type d'erreur inconnu : [8] Undefined variable: module - ligne 291 dans le fichier F:\wamp\www\rugby\kernel\lib\smarty\sysplugins\smarty_internal_data.php
2012-10-18 06:08:32|Type d'erreur inconnu : [2] Illegal string offset 'm_module' - ligne 84 dans le fichier F:\wamp\www\rugby\cache\6080e7834880724d43b11ab3afb5202132c93857.file.blokNavigation.tpl.php
2012-10-18 06:08:12|Type d'erreur inconnu : [2] PDO::query(): SQLSTATE[42S22]: Column not found: 1054 Unknown column 'active' in 'where clause' - ligne 21 dans le fichier F:\wamp\www\rugby\kernel\core\DB\EPDO.php
2012-10-18 06:07:49|Type d'erreur inconnu : [2] PDO::query(): SQLSTATE[42S22]: Column not found: 1054 Unknown column 'id' in 'field list' - ligne 21 dans le fichier F:\wamp\www\rugby\kernel\core\DB\EPDO.php
