2012-12-05 11:58:35|Type d'erreur inconnu : [2] require_once(\indexController.php): failed to open stream: No such file or directory - ligne 95 dans le fichier D:\wamp\www\rugby\kernel\core\Router.class.php
2012-12-05 11:42:32|Type d'erreur inconnu : [2] require_once(\indexController.php): failed to open stream: No such file or directory - ligne 95 dans le fichier D:\wamp\www\rugby\kernel\core\Router.class.php
2012-12-05 11:42:30|Type d'erreur inconnu : [2] require_once(\indexController.php): failed to open stream: No such file or directory - ligne 95 dans le fichier D:\wamp\www\rugby\kernel\core\Router.class.php
2012-12-05 11:42:04|Type d'erreur inconnu : [2] require_once(\indexController.php): failed to open stream: No such file or directory - ligne 95 dans le fichier D:\wamp\www\rugby\kernel\core\Router.class.php
2012-12-05 11:42:02|Type d'erreur inconnu : [2] require_once(\indexController.php): failed to open stream: No such file or directory - ligne 95 dans le fichier D:\wamp\www\rugby\kernel\core\Router.class.php
2012-12-05 11:41:30|Type d'erreur inconnu : [2] require_once(\indexController.php): failed to open stream: No such file or directory - ligne 95 dans le fichier D:\wamp\www\rugby\kernel\core\Router.class.php
2012-12-05 11:41:27|Type d'erreur inconnu : [2] require_once(\indexController.php): failed to open stream: No such file or directory - ligne 95 dans le fichier D:\wamp\www\rugby\kernel\core\Router.class.php
2012-12-05 11:37:25|Type d'erreur inconnu : [2] require_once(\indexController.php): failed to open stream: No such file or directory - ligne 95 dans le fichier D:\wamp\www\rugby\kernel\core\Router.class.php
2012-12-05 11:36:50|Type d'erreur inconnu : [2] require_once(\indexController.php): failed to open stream: No such file or directory - ligne 95 dans le fichier D:\wamp\www\rugby\kernel\core\Router.class.php
2012-12-05 11:36:50|Type d'erreur inconnu : [2] Invalid argument supplied for foreach() - ligne 794 dans le fichier D:\wamp\www\rugby\app\controller\muscuController.php
2012-12-05 11:36:50|Type d'erreur inconnu : [8] unserialize(): Error at offset 10 of 14 bytes - ligne 793 dans le fichier D:\wamp\www\rugby\app\controller\muscuController.php
2012-12-05 11:36:48|Type d'erreur inconnu : [2] require_once(\indexController.php): failed to open stream: No such file or directory - ligne 95 dans le fichier D:\wamp\www\rugby\kernel\core\Router.class.php
2012-12-05 11:31:42|Type d'erreur inconnu : [2] require_once(\indexController.php): failed to open stream: No such file or directory - ligne 95 dans le fichier D:\wamp\www\rugby\kernel\core\Router.class.php
2012-12-05 11:26:31|Type d'erreur inconnu : [2] require_once(\indexController.php): failed to open stream: No such file or directory - ligne 95 dans le fichier D:\wamp\www\rugby\kernel\core\Router.class.php
2012-12-05 11:26:01|Type d'erreur inconnu : [2] require_once(\indexController.php): failed to open stream: No such file or directory - ligne 95 dans le fichier D:\wamp\www\rugby\kernel\core\Router.class.php
2012-12-05 11:25:58|Type d'erreur inconnu : [2] require_once(\indexController.php): failed to open stream: No such file or directory - ligne 95 dans le fichier D:\wamp\www\rugby\kernel\core\Router.class.php
2012-12-05 11:25:36|Type d'erreur inconnu : [2] require_once(\indexController.php): failed to open stream: No such file or directory - ligne 95 dans le fichier D:\wamp\www\rugby\kernel\core\Router.class.php
2012-12-05 11:25:33|Type d'erreur inconnu : [2] require_once(\indexController.php): failed to open stream: No such file or directory - ligne 95 dans le fichier D:\wamp\www\rugby\kernel\core\Router.class.php
2012-12-05 11:25:01|Type d'erreur inconnu : [2] require_once(\indexController.php): failed to open stream: No such file or directory - ligne 95 dans le fichier D:\wamp\www\rugby\kernel\core\Router.class.php
2012-12-05 11:23:36|Type d'erreur inconnu : [2] require_once(\indexController.php): failed to open stream: No such file or directory - ligne 95 dans le fichier D:\wamp\www\rugby\kernel\core\Router.class.php
2012-12-05 11:23:33|Type d'erreur inconnu : [2] require_once(\indexController.php): failed to open stream: No such file or directory - ligne 95 dans le fichier D:\wamp\www\rugby\kernel\core\Router.class.php
2012-12-05 11:19:46|Type d'erreur inconnu : [2] require_once(\indexController.php): failed to open stream: No such file or directory - ligne 95 dans le fichier D:\wamp\www\rugby\kernel\core\Router.class.php
2012-12-05 11:19:43|Type d'erreur inconnu : [2] require_once(\indexController.php): failed to open stream: No such file or directory - ligne 95 dans le fichier D:\wamp\www\rugby\kernel\core\Router.class.php
2012-12-05 11:19:40|Type d'erreur inconnu : [2] require_once(\indexController.php): failed to open stream: No such file or directory - ligne 95 dans le fichier D:\wamp\www\rugby\kernel\core\Router.class.php
2012-12-05 11:16:21|Type d'erreur inconnu : [2] require_once(\indexController.php): failed to open stream: No such file or directory - ligne 95 dans le fichier D:\wamp\www\rugby\kernel\core\Router.class.php
2012-12-05 11:16:19|Type d'erreur inconnu : [2] require_once(\indexController.php): failed to open stream: No such file or directory - ligne 95 dans le fichier D:\wamp\www\rugby\kernel\core\Router.class.php
2012-12-05 11:15:31|Type d'erreur inconnu : [2] require_once(\indexController.php): failed to open stream: No such file or directory - ligne 95 dans le fichier D:\wamp\www\rugby\kernel\core\Router.class.php
2012-12-05 11:15:29|Type d'erreur inconnu : [2] require_once(\indexController.php): failed to open stream: No such file or directory - ligne 95 dans le fichier D:\wamp\www\rugby\kernel\core\Router.class.php
2012-12-05 11:15:26|Type d'erreur inconnu : [2] require_once(\indexController.php): failed to open stream: No such file or directory - ligne 95 dans le fichier D:\wamp\www\rugby\kernel\core\Router.class.php
2012-12-05 11:10:40|Type d'erreur inconnu : [2] require_once(\indexController.php): failed to open stream: No such file or directory - ligne 95 dans le fichier D:\wamp\www\rugby\kernel\core\Router.class.php
2012-12-05 11:10:19|Type d'erreur inconnu : [8] Undefined variable: Exercices - ligne 737 dans le fichier D:\wamp\www\rugby\app\controller\muscuController.php
2012-12-05 11:10:12|Type d'erreur inconnu : [2] require_once(\indexController.php): failed to open stream: No such file or directory - ligne 95 dans le fichier D:\wamp\www\rugby\kernel\core\Router.class.php
2012-12-05 11:03:36|Type d'erreur inconnu : [8] Undefined variable: Joueurs - ligne 291 dans le fichier D:\wamp\www\rugby\kernel\lib\smarty\sysplugins\smarty_internal_data.php
2012-12-05 11:03:36|Type d'erreur inconnu : [8] Undefined variable: Exercices - ligne 291 dans le fichier D:\wamp\www\rugby\kernel\lib\smarty\sysplugins\smarty_internal_data.php
2012-12-05 11:03:29|Type d'erreur inconnu : [2] require_once(\indexController.php): failed to open stream: No such file or directory - ligne 95 dans le fichier D:\wamp\www\rugby\kernel\core\Router.class.php
2012-12-05 11:00:30|Type d'erreur inconnu : [8] Undefined variable: Joueurs - ligne 291 dans le fichier D:\wamp\www\rugby\kernel\lib\smarty\sysplugins\smarty_internal_data.php
2012-12-05 11:00:30|Type d'erreur inconnu : [8] Undefined variable: Exercices - ligne 291 dans le fichier D:\wamp\www\rugby\kernel\lib\smarty\sysplugins\smarty_internal_data.php
2012-12-05 11:00:27|Type d'erreur inconnu : [2] require_once(\indexController.php): failed to open stream: No such file or directory - ligne 95 dans le fichier D:\wamp\www\rugby\kernel\core\Router.class.php
2012-12-05 10:59:54|Type d'erreur inconnu : [2] require_once(\indexController.php): failed to open stream: No such file or directory - ligne 95 dans le fichier D:\wamp\www\rugby\kernel\core\Router.class.php
2012-12-05 10:59:53|Type d'erreur inconnu : [8] Undefined variable: seance_number - ligne 291 dans le fichier D:\wamp\www\rugby\kernel\lib\smarty\sysplugins\smarty_internal_data.php
2012-12-05 10:54:50|Type d'erreur inconnu : [2] require_once(\indexController.php): failed to open stream: No such file or directory - ligne 95 dans le fichier D:\wamp\www\rugby\kernel\core\Router.class.php
2012-12-05 10:54:47|Type d'erreur inconnu : [2] require_once(\indexController.php): failed to open stream: No such file or directory - ligne 95 dans le fichier D:\wamp\www\rugby\kernel\core\Router.class.php
2012-12-05 10:49:18|Type d'erreur inconnu : [2] require_once(\indexController.php): failed to open stream: No such file or directory - ligne 95 dans le fichier D:\wamp\www\rugby\kernel\core\Router.class.php
2012-12-05 10:47:36|Type d'erreur inconnu : [2] require_once(\indexController.php): failed to open stream: No such file or directory - ligne 95 dans le fichier D:\wamp\www\rugby\kernel\core\Router.class.php
2012-12-05 10:44:35|Type d'erreur inconnu : [2] require_once(\indexController.php): failed to open stream: No such file or directory - ligne 95 dans le fichier D:\wamp\www\rugby\kernel\core\Router.class.php
2012-12-05 10:44:32|Type d'erreur inconnu : [2] require_once(\indexController.php): failed to open stream: No such file or directory - ligne 95 dans le fichier D:\wamp\www\rugby\kernel\core\Router.class.php
2012-12-05 10:35:02|Type d'erreur inconnu : [2] require_once(\indexController.php): failed to open stream: No such file or directory - ligne 95 dans le fichier D:\wamp\www\rugby\kernel\core\Router.class.php
2012-12-05 10:34:43|Type d'erreur inconnu : [2] require_once(\indexController.php): failed to open stream: No such file or directory - ligne 95 dans le fichier D:\wamp\www\rugby\kernel\core\Router.class.php
2012-12-05 06:46:10|Type d'erreur inconnu : [2] require_once(\indexController.php): failed to open stream: No such file or directory - ligne 95 dans le fichier D:\wamp\www\rugby\kernel\core\Router.class.php
2012-12-05 06:45:21|Type d'erreur inconnu : [2] require_once(\indexController.php): failed to open stream: No such file or directory - ligne 95 dans le fichier D:\wamp\www\rugby\kernel\core\Router.class.php
2012-12-05 06:33:35|Type d'erreur inconnu : [2] require_once(\indexController.php): failed to open stream: No such file or directory - ligne 95 dans le fichier D:\wamp\www\rugby\kernel\core\Router.class.php
2012-12-05 06:32:59|Type d'erreur inconnu : [2] require_once(\indexController.php): failed to open stream: No such file or directory - ligne 95 dans le fichier D:\wamp\www\rugby\kernel\core\Router.class.php
2012-12-05 06:32:06|Type d'erreur inconnu : [2] require_once(\indexController.php): failed to open stream: No such file or directory - ligne 95 dans le fichier D:\wamp\www\rugby\kernel\core\Router.class.php
2012-12-05 06:18:05|Type d'erreur inconnu : [2] require_once(\indexController.php): failed to open stream: No such file or directory - ligne 95 dans le fichier D:\wamp\www\rugby\kernel\core\Router.class.php
2012-12-05 06:18:04|Type d'erreur inconnu : [2] require_once(\indexController.php): failed to open stream: No such file or directory - ligne 95 dans le fichier D:\wamp\www\rugby\kernel\core\Router.class.php
2012-12-05 06:13:04|Type d'erreur inconnu : [2] imagettftext(): Invalid font filename - ligne 1023 dans le fichier D:\wamp\www\rugby\kernel\lib\pChart\class\pDraw.class.php
2012-12-05 06:13:04|Type d'erreur inconnu : [2] imagettfbbox(): Invalid font filename - ligne 213 dans le fichier D:\wamp\www\rugby\kernel\lib\pChart\class\pImage.class.php
2012-12-05 06:13:04|Type d'erreur inconnu : [2] imagettfbbox(): Invalid font filename - ligne 1391 dans le fichier D:\wamp\www\rugby\kernel\lib\pChart\class\pDraw.class.php
2012-12-05 06:13:04|Type d'erreur inconnu : [2] imagettftext(): Invalid font filename - ligne 1023 dans le fichier D:\wamp\www\rugby\kernel\lib\pChart\class\pDraw.class.php
2012-12-05 06:13:04|Type d'erreur inconnu : [2] imagettfbbox(): Invalid font filename - ligne 213 dans le fichier D:\wamp\www\rugby\kernel\lib\pChart\class\pImage.class.php
2012-12-05 06:13:04|Type d'erreur inconnu : [2] imagettfbbox(): Invalid font filename - ligne 1391 dans le fichier D:\wamp\www\rugby\kernel\lib\pChart\class\pDraw.class.php
2012-12-05 06:12:48|Type d'erreur inconnu : [2] imagettftext(): Invalid font filename - ligne 1023 dans le fichier D:\wamp\www\rugby\kernel\lib\pChart\class\pDraw.class.php
2012-12-05 06:12:48|Type d'erreur inconnu : [2] imagettfbbox(): Invalid font filename - ligne 213 dans le fichier D:\wamp\www\rugby\kernel\lib\pChart\class\pImage.class.php
2012-12-05 06:12:48|Type d'erreur inconnu : [2] imagettfbbox(): Invalid font filename - ligne 1391 dans le fichier D:\wamp\www\rugby\kernel\lib\pChart\class\pDraw.class.php
2012-12-05 06:12:48|Type d'erreur inconnu : [2] imagettftext(): Invalid font filename - ligne 1023 dans le fichier D:\wamp\www\rugby\kernel\lib\pChart\class\pDraw.class.php
2012-12-05 06:12:48|Type d'erreur inconnu : [2] imagettfbbox(): Invalid font filename - ligne 213 dans le fichier D:\wamp\www\rugby\kernel\lib\pChart\class\pImage.class.php
2012-12-05 06:12:48|Type d'erreur inconnu : [2] imagettfbbox(): Invalid font filename - ligne 1391 dans le fichier D:\wamp\www\rugby\kernel\lib\pChart\class\pDraw.class.php
2012-12-05 06:12:29|Type d'erreur inconnu : [2] imagettftext(): Invalid font filename - ligne 1023 dans le fichier D:\wamp\www\rugby\kernel\lib\pChart\class\pDraw.class.php
2012-12-05 06:12:29|Type d'erreur inconnu : [2] imagettfbbox(): Invalid font filename - ligne 213 dans le fichier D:\wamp\www\rugby\kernel\lib\pChart\class\pImage.class.php
2012-12-05 06:12:29|Type d'erreur inconnu : [2] imagettfbbox(): Invalid font filename - ligne 1391 dans le fichier D:\wamp\www\rugby\kernel\lib\pChart\class\pDraw.class.php
2012-12-05 06:12:29|Type d'erreur inconnu : [2] imagettftext(): Invalid font filename - ligne 1023 dans le fichier D:\wamp\www\rugby\kernel\lib\pChart\class\pDraw.class.php
2012-12-05 06:12:29|Type d'erreur inconnu : [2] imagettfbbox(): Invalid font filename - ligne 213 dans le fichier D:\wamp\www\rugby\kernel\lib\pChart\class\pImage.class.php
2012-12-05 06:12:29|Type d'erreur inconnu : [2] imagettfbbox(): Invalid font filename - ligne 1391 dans le fichier D:\wamp\www\rugby\kernel\lib\pChart\class\pDraw.class.php
2012-12-05 06:12:29|Type d'erreur inconnu : [2] imagettftext(): Invalid font filename - ligne 1023 dans le fichier D:\wamp\www\rugby\kernel\lib\pChart\class\pDraw.class.php
2012-12-05 06:12:29|Type d'erreur inconnu : [2] imagettfbbox(): Invalid font filename - ligne 213 dans le fichier D:\wamp\www\rugby\kernel\lib\pChart\class\pImage.class.php
2012-12-05 06:12:29|Type d'erreur inconnu : [2] imagettfbbox(): Invalid font filename - ligne 1391 dans le fichier D:\wamp\www\rugby\kernel\lib\pChart\class\pDraw.class.php
2012-12-05 06:12:29|Type d'erreur inconnu : [2] imagettftext(): Invalid font filename - ligne 1023 dans le fichier D:\wamp\www\rugby\kernel\lib\pChart\class\pDraw.class.php
2012-12-05 06:12:29|Type d'erreur inconnu : [2] imagettfbbox(): Invalid font filename - ligne 213 dans le fichier D:\wamp\www\rugby\kernel\lib\pChart\class\pImage.class.php
2012-12-05 06:12:29|Type d'erreur inconnu : [2] imagettfbbox(): Invalid font filename - ligne 1391 dans le fichier D:\wamp\www\rugby\kernel\lib\pChart\class\pDraw.class.php
2012-12-05 06:12:29|Type d'erreur inconnu : [2] imagettftext(): Invalid font filename - ligne 1023 dans le fichier D:\wamp\www\rugby\kernel\lib\pChart\class\pDraw.class.php
2012-12-05 06:12:29|Type d'erreur inconnu : [2] imagettfbbox(): Invalid font filename - ligne 213 dans le fichier D:\wamp\www\rugby\kernel\lib\pChart\class\pImage.class.php
2012-12-05 06:12:29|Type d'erreur inconnu : [2] imagettfbbox(): Invalid font filename - ligne 1391 dans le fichier D:\wamp\www\rugby\kernel\lib\pChart\class\pDraw.class.php
2012-12-05 06:12:15|Type d'erreur inconnu : [2] require_once(\indexController.php): failed to open stream: No such file or directory - ligne 95 dans le fichier D:\wamp\www\rugby\kernel\core\Router.class.php
2012-12-05 05:03:33|Type d'erreur inconnu : [2] require_once(\indexController.php): failed to open stream: No such file or directory - ligne 95 dans le fichier D:\wamp\www\rugby\kernel\core\Router.class.php
2012-12-05 05:03:30|Type d'erreur inconnu : [2] require_once(\indexController.php): failed to open stream: No such file or directory - ligne 95 dans le fichier D:\wamp\www\rugby\kernel\core\Router.class.php
2012-12-05 05:02:51|Type d'erreur inconnu : [2] require_once(\indexController.php): failed to open stream: No such file or directory - ligne 95 dans le fichier D:\wamp\www\rugby\kernel\core\Router.class.php
2012-12-05 05:02:20|Type d'erreur inconnu : [8] Undefined variable: Joueur_id - ligne 291 dans le fichier D:\wamp\www\rugby\kernel\lib\smarty\sysplugins\smarty_internal_data.php
2012-12-05 05:02:20|Type d'erreur inconnu : [8] Undefined variable: Joueur_id - ligne 291 dans le fichier D:\wamp\www\rugby\kernel\lib\smarty\sysplugins\smarty_internal_data.php
2012-12-05 05:02:20|Type d'erreur inconnu : [8] Undefined variable: Joueur_id - ligne 291 dans le fichier D:\wamp\www\rugby\kernel\lib\smarty\sysplugins\smarty_internal_data.php
2012-12-05 05:01:21|Type d'erreur inconnu : [2] require_once(\indexController.php): failed to open stream: No such file or directory - ligne 95 dans le fichier D:\wamp\www\rugby\kernel\core\Router.class.php
2012-12-05 05:00:08|Type d'erreur inconnu : [2] require_once(\indexController.php): failed to open stream: No such file or directory - ligne 95 dans le fichier D:\wamp\www\rugby\kernel\core\Router.class.php
2012-12-05 04:58:19|Type d'erreur inconnu : [2] require_once(\indexController.php): failed to open stream: No such file or directory - ligne 95 dans le fichier D:\wamp\www\rugby\kernel\core\Router.class.php
2012-12-05 04:53:56|Type d'erreur inconnu : [2] require_once(\indexController.php): failed to open stream: No such file or directory - ligne 95 dans le fichier D:\wamp\www\rugby\kernel\core\Router.class.php
2012-12-05 02:27:57|Type d'erreur inconnu : [2] imagettftext(): Invalid font filename - ligne 1023 dans le fichier D:\wamp\www\rugby\kernel\lib\pChart\class\pDraw.class.php
2012-12-05 02:27:57|Type d'erreur inconnu : [2] imagettfbbox(): Invalid font filename - ligne 213 dans le fichier D:\wamp\www\rugby\kernel\lib\pChart\class\pImage.class.php
2012-12-05 02:27:04|Type d'erreur inconnu : [2] imagettftext(): Invalid font filename - ligne 1023 dans le fichier D:\wamp\www\rugby\kernel\lib\pChart\class\pDraw.class.php
2012-12-05 02:27:04|Type d'erreur inconnu : [2] imagettftext(): Invalid font filename - ligne 1019 dans le fichier D:\wamp\www\rugby\kernel\lib\pChart\class\pDraw.class.php
2012-12-05 02:27:04|Type d'erreur inconnu : [2] imagettfbbox(): Invalid font filename - ligne 213 dans le fichier D:\wamp\www\rugby\kernel\lib\pChart\class\pImage.class.php
2012-12-05 02:27:04|Type d'erreur inconnu : [2] imagettftext(): Invalid font filename - ligne 1023 dans le fichier D:\wamp\www\rugby\kernel\lib\pChart\class\pDraw.class.php
2012-12-05 02:27:04|Type d'erreur inconnu : [2] imagettftext(): Invalid font filename - ligne 1019 dans le fichier D:\wamp\www\rugby\kernel\lib\pChart\class\pDraw.class.php
2012-12-05 02:27:04|Type d'erreur inconnu : [2] imagettfbbox(): Invalid font filename - ligne 213 dans le fichier D:\wamp\www\rugby\kernel\lib\pChart\class\pImage.class.php
2012-12-05 02:27:04|Type d'erreur inconnu : [2] imagettftext(): Invalid font filename - ligne 1023 dans le fichier D:\wamp\www\rugby\kernel\lib\pChart\class\pDraw.class.php
2012-12-05 02:27:04|Type d'erreur inconnu : [2] imagettfbbox(): Invalid font filename - ligne 213 dans le fichier D:\wamp\www\rugby\kernel\lib\pChart\class\pImage.class.php
2012-12-05 02:26:52|Type d'erreur inconnu : [2] imagettftext(): Invalid font filename - ligne 1023 dans le fichier D:\wamp\www\rugby\kernel\lib\pChart\class\pDraw.class.php
2012-12-05 02:26:52|Type d'erreur inconnu : [2] imagettftext(): Invalid font filename - ligne 1019 dans le fichier D:\wamp\www\rugby\kernel\lib\pChart\class\pDraw.class.php
2012-12-05 02:26:52|Type d'erreur inconnu : [2] imagettfbbox(): Invalid font filename - ligne 213 dans le fichier D:\wamp\www\rugby\kernel\lib\pChart\class\pImage.class.php
2012-12-05 02:26:52|Type d'erreur inconnu : [2] imagettftext(): Invalid font filename - ligne 1023 dans le fichier D:\wamp\www\rugby\kernel\lib\pChart\class\pDraw.class.php
2012-12-05 02:26:52|Type d'erreur inconnu : [2] imagettftext(): Invalid font filename - ligne 1019 dans le fichier D:\wamp\www\rugby\kernel\lib\pChart\class\pDraw.class.php
2012-12-05 02:26:52|Type d'erreur inconnu : [2] imagettfbbox(): Invalid font filename - ligne 213 dans le fichier D:\wamp\www\rugby\kernel\lib\pChart\class\pImage.class.php
2012-12-05 02:26:52|Type d'erreur inconnu : [2] imagettftext(): Invalid font filename - ligne 1023 dans le fichier D:\wamp\www\rugby\kernel\lib\pChart\class\pDraw.class.php
2012-12-05 02:26:52|Type d'erreur inconnu : [2] imagettfbbox(): Invalid font filename - ligne 213 dans le fichier D:\wamp\www\rugby\kernel\lib\pChart\class\pImage.class.php
2012-12-05 02:26:52|Type d'erreur inconnu : [8] Undefined variable: SemaineNumber - ligne 178 dans le fichier D:\wamp\www\rugby\app\controller\ressentieController.php
2012-12-05 02:26:40|Type d'erreur inconnu : [2] imagettftext(): Invalid font filename - ligne 1023 dans le fichier D:\wamp\www\rugby\kernel\lib\pChart\class\pDraw.class.php
2012-12-05 02:26:40|Type d'erreur inconnu : [2] imagettftext(): Invalid font filename - ligne 1019 dans le fichier D:\wamp\www\rugby\kernel\lib\pChart\class\pDraw.class.php
2012-12-05 02:26:40|Type d'erreur inconnu : [2] imagettfbbox(): Invalid font filename - ligne 213 dans le fichier D:\wamp\www\rugby\kernel\lib\pChart\class\pImage.class.php
2012-12-05 02:26:40|Type d'erreur inconnu : [2] imagettftext(): Invalid font filename - ligne 1023 dans le fichier D:\wamp\www\rugby\kernel\lib\pChart\class\pDraw.class.php
2012-12-05 02:26:40|Type d'erreur inconnu : [2] imagettftext(): Invalid font filename - ligne 1019 dans le fichier D:\wamp\www\rugby\kernel\lib\pChart\class\pDraw.class.php
2012-12-05 02:26:40|Type d'erreur inconnu : [2] imagettfbbox(): Invalid font filename - ligne 213 dans le fichier D:\wamp\www\rugby\kernel\lib\pChart\class\pImage.class.php
2012-12-05 02:26:40|Type d'erreur inconnu : [2] imagettftext(): Invalid font filename - ligne 1023 dans le fichier D:\wamp\www\rugby\kernel\lib\pChart\class\pDraw.class.php
2012-12-05 02:26:40|Type d'erreur inconnu : [2] imagettfbbox(): Invalid font filename - ligne 213 dans le fichier D:\wamp\www\rugby\kernel\lib\pChart\class\pImage.class.php
2012-12-05 02:26:40|Type d'erreur inconnu : [8] Undefined variable: SemaineNumber - ligne 178 dans le fichier D:\wamp\www\rugby\app\controller\ressentieController.php
2012-12-05 02:26:28|Type d'erreur inconnu : [2] imagettftext(): Invalid font filename - ligne 1023 dans le fichier D:\wamp\www\rugby\kernel\lib\pChart\class\pDraw.class.php
2012-12-05 02:26:28|Type d'erreur inconnu : [2] imagettftext(): Invalid font filename - ligne 1019 dans le fichier D:\wamp\www\rugby\kernel\lib\pChart\class\pDraw.class.php
2012-12-05 02:26:28|Type d'erreur inconnu : [2] imagettfbbox(): Invalid font filename - ligne 213 dans le fichier D:\wamp\www\rugby\kernel\lib\pChart\class\pImage.class.php
2012-12-05 02:26:28|Type d'erreur inconnu : [2] imagettftext(): Invalid font filename - ligne 1023 dans le fichier D:\wamp\www\rugby\kernel\lib\pChart\class\pDraw.class.php
2012-12-05 02:26:28|Type d'erreur inconnu : [2] imagettftext(): Invalid font filename - ligne 1019 dans le fichier D:\wamp\www\rugby\kernel\lib\pChart\class\pDraw.class.php
2012-12-05 02:26:28|Type d'erreur inconnu : [2] imagettfbbox(): Invalid font filename - ligne 213 dans le fichier D:\wamp\www\rugby\kernel\lib\pChart\class\pImage.class.php
2012-12-05 02:26:28|Type d'erreur inconnu : [2] imagettftext(): Invalid font filename - ligne 1023 dans le fichier D:\wamp\www\rugby\kernel\lib\pChart\class\pDraw.class.php
2012-12-05 02:26:28|Type d'erreur inconnu : [2] imagettfbbox(): Invalid font filename - ligne 213 dans le fichier D:\wamp\www\rugby\kernel\lib\pChart\class\pImage.class.php
2012-12-05 02:26:28|Type d'erreur inconnu : [8] Undefined variable: SemaineNumber - ligne 178 dans le fichier D:\wamp\www\rugby\app\controller\ressentieController.php
2012-12-05 02:26:08|Type d'erreur inconnu : [2] imagettftext(): Invalid font filename - ligne 1023 dans le fichier D:\wamp\www\rugby\kernel\lib\pChart\class\pDraw.class.php
2012-12-05 02:26:08|Type d'erreur inconnu : [2] imagettftext(): Invalid font filename - ligne 1019 dans le fichier D:\wamp\www\rugby\kernel\lib\pChart\class\pDraw.class.php
2012-12-05 02:26:08|Type d'erreur inconnu : [2] imagettfbbox(): Invalid font filename - ligne 213 dans le fichier D:\wamp\www\rugby\kernel\lib\pChart\class\pImage.class.php
2012-12-05 02:26:08|Type d'erreur inconnu : [2] imagettftext(): Invalid font filename - ligne 1023 dans le fichier D:\wamp\www\rugby\kernel\lib\pChart\class\pDraw.class.php
2012-12-05 02:26:08|Type d'erreur inconnu : [2] imagettftext(): Invalid font filename - ligne 1019 dans le fichier D:\wamp\www\rugby\kernel\lib\pChart\class\pDraw.class.php
2012-12-05 02:26:08|Type d'erreur inconnu : [2] imagettfbbox(): Invalid font filename - ligne 213 dans le fichier D:\wamp\www\rugby\kernel\lib\pChart\class\pImage.class.php
2012-12-05 02:26:08|Type d'erreur inconnu : [2] imagettftext(): Invalid font filename - ligne 1023 dans le fichier D:\wamp\www\rugby\kernel\lib\pChart\class\pDraw.class.php
2012-12-05 02:26:08|Type d'erreur inconnu : [2] imagettfbbox(): Invalid font filename - ligne 213 dans le fichier D:\wamp\www\rugby\kernel\lib\pChart\class\pImage.class.php
2012-12-05 02:26:07|Type d'erreur inconnu : [8] Undefined variable: SemaineNumber - ligne 178 dans le fichier D:\wamp\www\rugby\app\controller\ressentieController.php
2012-12-05 02:26:04|Type d'erreur inconnu : [2] require_once(\indexController.php): failed to open stream: No such file or directory - ligne 95 dans le fichier D:\wamp\www\rugby\kernel\core\Router.class.php
