2012-07-22 11:48:21|Type d'erreur inconnu : [8] Undefined index: lastBuildDate - ligne 159 dans le fichier F:\wamp\www\rugby\kernel\lib\lastRSS.php
2012-07-22 07:13:59|Type d'erreur inconnu : [8] Undefined index: acl - ligne 67 dans le fichier F:\wamp\www\rugby\cache\6080e7834880724d43b11ab3afb5202132c93857.file.blokNavigation.tpl.php
2012-07-22 07:13:59|Type d'erreur inconnu : [8] Undefined index: acl - ligne 61 dans le fichier F:\wamp\www\rugby\cache\6080e7834880724d43b11ab3afb5202132c93857.file.blokNavigation.tpl.php
2012-07-22 07:13:59|Type d'erreur inconnu : [8] Undefined index: acl - ligne 33 dans le fichier F:\wamp\www\rugby\cache\6080e7834880724d43b11ab3afb5202132c93857.file.blokNavigation.tpl.php
2012-07-22 07:13:59|Type d'erreur inconnu : [8] Undefined index: acl - ligne 24 dans le fichier F:\wamp\www\rugby\cache\6080e7834880724d43b11ab3afb5202132c93857.file.blokNavigation.tpl.php
2012-07-22 07:13:59|Type d'erreur inconnu : [8] Undefined index: acl - ligne 67 dans le fichier F:\wamp\www\rugby\cache\6080e7834880724d43b11ab3afb5202132c93857.file.blokNavigation.tpl.php
2012-07-22 07:13:59|Type d'erreur inconnu : [8] Undefined index: acl - ligne 61 dans le fichier F:\wamp\www\rugby\cache\6080e7834880724d43b11ab3afb5202132c93857.file.blokNavigation.tpl.php
2012-07-22 07:13:59|Type d'erreur inconnu : [8] Undefined index: acl - ligne 33 dans le fichier F:\wamp\www\rugby\cache\6080e7834880724d43b11ab3afb5202132c93857.file.blokNavigation.tpl.php
2012-07-22 07:13:59|Type d'erreur inconnu : [8] Undefined index: acl - ligne 24 dans le fichier F:\wamp\www\rugby\cache\6080e7834880724d43b11ab3afb5202132c93857.file.blokNavigation.tpl.php
2012-07-22 07:13:58|Type d'erreur inconnu : [8] Undefined index: Vous_etes_maintenant_deconnecte - ligne 39 dans le fichier F:\wamp\www\rugby\kernel\base_app\controller\BaseConnexionController.php
2012-07-22 06:49:35|Type d'erreur inconnu : [8] Undefined index: photo_id - ligne 51 dans le fichier F:\wamp\www\rugby\cache\d3068bc6f9ed14dc9c45c60434e035a6af805f59.file.trombi.tpl.php
2012-07-22 06:26:37|Type d'erreur inconnu : [8] Undefined index: acl - ligne 67 dans le fichier F:\wamp\www\rugby\cache\6080e7834880724d43b11ab3afb5202132c93857.file.blokNavigation.tpl.php
2012-07-22 06:26:37|Type d'erreur inconnu : [8] Undefined index: acl - ligne 61 dans le fichier F:\wamp\www\rugby\cache\6080e7834880724d43b11ab3afb5202132c93857.file.blokNavigation.tpl.php
2012-07-22 06:26:37|Type d'erreur inconnu : [8] Undefined index: acl - ligne 33 dans le fichier F:\wamp\www\rugby\cache\6080e7834880724d43b11ab3afb5202132c93857.file.blokNavigation.tpl.php
2012-07-22 06:26:37|Type d'erreur inconnu : [8] Undefined index: acl - ligne 24 dans le fichier F:\wamp\www\rugby\cache\6080e7834880724d43b11ab3afb5202132c93857.file.blokNavigation.tpl.php
2012-07-22 06:26:37|Type d'erreur inconnu : [8] Undefined index: acl - ligne 67 dans le fichier F:\wamp\www\rugby\cache\6080e7834880724d43b11ab3afb5202132c93857.file.blokNavigation.tpl.php
2012-07-22 06:26:37|Type d'erreur inconnu : [8] Undefined index: acl - ligne 61 dans le fichier F:\wamp\www\rugby\cache\6080e7834880724d43b11ab3afb5202132c93857.file.blokNavigation.tpl.php
2012-07-22 06:26:37|Type d'erreur inconnu : [8] Undefined index: acl - ligne 33 dans le fichier F:\wamp\www\rugby\cache\6080e7834880724d43b11ab3afb5202132c93857.file.blokNavigation.tpl.php
2012-07-22 06:26:37|Type d'erreur inconnu : [8] Undefined index: acl - ligne 24 dans le fichier F:\wamp\www\rugby\cache\6080e7834880724d43b11ab3afb5202132c93857.file.blokNavigation.tpl.php
2012-07-22 06:26:37|Type d'erreur inconnu : [8] Undefined index: Vous_etes_maintenant_deconnecte - ligne 39 dans le fichier F:\wamp\www\rugby\kernel\base_app\controller\BaseConnexionController.php
2012-07-22 06:24:30|Type d'erreur inconnu : [8] Undefined index: acl - ligne 67 dans le fichier F:\wamp\www\rugby\cache\6080e7834880724d43b11ab3afb5202132c93857.file.blokNavigation.tpl.php
2012-07-22 06:24:30|Type d'erreur inconnu : [8] Undefined index: acl - ligne 61 dans le fichier F:\wamp\www\rugby\cache\6080e7834880724d43b11ab3afb5202132c93857.file.blokNavigation.tpl.php
2012-07-22 06:24:30|Type d'erreur inconnu : [8] Undefined index: acl - ligne 33 dans le fichier F:\wamp\www\rugby\cache\6080e7834880724d43b11ab3afb5202132c93857.file.blokNavigation.tpl.php
2012-07-22 06:24:30|Type d'erreur inconnu : [8] Undefined index: acl - ligne 24 dans le fichier F:\wamp\www\rugby\cache\6080e7834880724d43b11ab3afb5202132c93857.file.blokNavigation.tpl.php
2012-07-22 06:24:29|Type d'erreur inconnu : [8] Undefined index: acl - ligne 67 dans le fichier F:\wamp\www\rugby\cache\6080e7834880724d43b11ab3afb5202132c93857.file.blokNavigation.tpl.php
2012-07-22 06:24:29|Type d'erreur inconnu : [8] Undefined index: acl - ligne 61 dans le fichier F:\wamp\www\rugby\cache\6080e7834880724d43b11ab3afb5202132c93857.file.blokNavigation.tpl.php
2012-07-22 06:24:29|Type d'erreur inconnu : [8] Undefined index: acl - ligne 33 dans le fichier F:\wamp\www\rugby\cache\6080e7834880724d43b11ab3afb5202132c93857.file.blokNavigation.tpl.php
2012-07-22 06:24:29|Type d'erreur inconnu : [8] Undefined index: acl - ligne 24 dans le fichier F:\wamp\www\rugby\cache\6080e7834880724d43b11ab3afb5202132c93857.file.blokNavigation.tpl.php
2012-07-22 06:24:29|Type d'erreur inconnu : [8] Undefined index: Vous_etes_maintenant_deconnecte - ligne 39 dans le fichier F:\wamp\www\rugby\kernel\base_app\controller\BaseConnexionController.php
2012-07-22 06:17:30|Type d'erreur inconnu : [8] Undefined index: lastBuildDate - ligne 159 dans le fichier F:\wamp\www\rugby\kernel\lib\lastRSS.php
2012-07-22 06:17:17|Type d'erreur inconnu : [8] Trying to get property of non-object - ligne 66 dans le fichier F:\wamp\www\rugby\kernel\core\core.php
2012-07-22 06:17:17|Type d'erreur inconnu : [8] Undefined variable: app - ligne 66 dans le fichier F:\wamp\www\rugby\kernel\core\core.php
2012-07-22 04:54:52|Type d'erreur inconnu : [8] Undefined index: acl - ligne 118 dans le fichier F:\wamp\www\rugby\cache\6080e7834880724d43b11ab3afb5202132c93857.file.blokNavigation.tpl.php
2012-07-22 04:54:52|Type d'erreur inconnu : [8] Undefined index: acl - ligne 101 dans le fichier F:\wamp\www\rugby\cache\6080e7834880724d43b11ab3afb5202132c93857.file.blokNavigation.tpl.php
2012-07-22 04:54:52|Type d'erreur inconnu : [8] Undefined index: acl - ligne 50 dans le fichier F:\wamp\www\rugby\cache\6080e7834880724d43b11ab3afb5202132c93857.file.blokNavigation.tpl.php
2012-07-22 04:54:52|Type d'erreur inconnu : [8] Undefined index: acl - ligne 28 dans le fichier F:\wamp\www\rugby\cache\6080e7834880724d43b11ab3afb5202132c93857.file.blokNavigation.tpl.php
2012-07-22 04:54:52|Type d'erreur inconnu : [8] Undefined index: acl - ligne 118 dans le fichier F:\wamp\www\rugby\cache\6080e7834880724d43b11ab3afb5202132c93857.file.blokNavigation.tpl.php
2012-07-22 04:54:52|Type d'erreur inconnu : [8] Undefined index: acl - ligne 101 dans le fichier F:\wamp\www\rugby\cache\6080e7834880724d43b11ab3afb5202132c93857.file.blokNavigation.tpl.php
2012-07-22 04:54:52|Type d'erreur inconnu : [8] Undefined index: acl - ligne 50 dans le fichier F:\wamp\www\rugby\cache\6080e7834880724d43b11ab3afb5202132c93857.file.blokNavigation.tpl.php
2012-07-22 04:54:52|Type d'erreur inconnu : [8] Undefined index: acl - ligne 28 dans le fichier F:\wamp\www\rugby\cache\6080e7834880724d43b11ab3afb5202132c93857.file.blokNavigation.tpl.php
2012-07-22 04:54:52|Type d'erreur inconnu : [8] Undefined index: Vous_etes_maintenant_deconnecte - ligne 39 dans le fichier F:\wamp\www\rugby\kernel\base_app\controller\BaseConnexionController.php
2012-07-22 04:54:28|Type d'erreur inconnu : [8] Undefined index: muscu_test_add - ligne 45 dans le fichier F:\wamp\www\rugby\cache\9d285cad3c884089942594263bfe238c29a484a0.file.test_liste.tpl.php
2012-07-22 04:54:15|Type d'erreur inconnu : [8] Undefined index: acl - ligne 118 dans le fichier F:\wamp\www\rugby\cache\6080e7834880724d43b11ab3afb5202132c93857.file.blokNavigation.tpl.php
2012-07-22 04:54:15|Type d'erreur inconnu : [8] Undefined index: acl - ligne 101 dans le fichier F:\wamp\www\rugby\cache\6080e7834880724d43b11ab3afb5202132c93857.file.blokNavigation.tpl.php
2012-07-22 04:54:15|Type d'erreur inconnu : [8] Undefined index: acl - ligne 50 dans le fichier F:\wamp\www\rugby\cache\6080e7834880724d43b11ab3afb5202132c93857.file.blokNavigation.tpl.php
2012-07-22 04:54:15|Type d'erreur inconnu : [8] Undefined index: acl - ligne 28 dans le fichier F:\wamp\www\rugby\cache\6080e7834880724d43b11ab3afb5202132c93857.file.blokNavigation.tpl.php
2012-07-22 04:54:15|Type d'erreur inconnu : [8] Undefined index: acl - ligne 118 dans le fichier F:\wamp\www\rugby\cache\6080e7834880724d43b11ab3afb5202132c93857.file.blokNavigation.tpl.php
2012-07-22 04:54:15|Type d'erreur inconnu : [8] Undefined index: acl - ligne 101 dans le fichier F:\wamp\www\rugby\cache\6080e7834880724d43b11ab3afb5202132c93857.file.blokNavigation.tpl.php
2012-07-22 04:54:15|Type d'erreur inconnu : [8] Undefined index: acl - ligne 50 dans le fichier F:\wamp\www\rugby\cache\6080e7834880724d43b11ab3afb5202132c93857.file.blokNavigation.tpl.php
2012-07-22 04:54:15|Type d'erreur inconnu : [8] Undefined index: acl - ligne 28 dans le fichier F:\wamp\www\rugby\cache\6080e7834880724d43b11ab3afb5202132c93857.file.blokNavigation.tpl.php
2012-07-22 04:54:14|Type d'erreur inconnu : [8] Undefined index: Vous_etes_maintenant_deconnecte - ligne 39 dans le fichier F:\wamp\www\rugby\kernel\base_app\controller\BaseConnexionController.php
2012-07-22 04:53:18|Type d'erreur inconnu : [8] Undefined index: muscu_test_add - ligne 45 dans le fichier F:\wamp\www\rugby\cache\9d285cad3c884089942594263bfe238c29a484a0.file.test_liste.tpl.php
2012-07-22 04:53:12|Type d'erreur inconnu : [8] Undefined index: muscu_test_add - ligne 45 dans le fichier F:\wamp\www\rugby\cache\9d285cad3c884089942594263bfe238c29a484a0.file.test_liste.tpl.php
2012-07-22 04:52:40|Type d'erreur inconnu : [8] Undefined index: muscu_test_add - ligne 45 dans le fichier F:\wamp\www\rugby\cache\9d285cad3c884089942594263bfe238c29a484a0.file.test_liste.tpl.php
2012-07-22 04:48:32|Type d'erreur inconnu : [8] Undefined index: acl - ligne 118 dans le fichier F:\wamp\www\rugby\cache\6080e7834880724d43b11ab3afb5202132c93857.file.blokNavigation.tpl.php
2012-07-22 04:48:32|Type d'erreur inconnu : [8] Undefined index: acl - ligne 101 dans le fichier F:\wamp\www\rugby\cache\6080e7834880724d43b11ab3afb5202132c93857.file.blokNavigation.tpl.php
2012-07-22 04:48:32|Type d'erreur inconnu : [8] Undefined index: acl - ligne 50 dans le fichier F:\wamp\www\rugby\cache\6080e7834880724d43b11ab3afb5202132c93857.file.blokNavigation.tpl.php
2012-07-22 04:48:32|Type d'erreur inconnu : [8] Undefined index: acl - ligne 28 dans le fichier F:\wamp\www\rugby\cache\6080e7834880724d43b11ab3afb5202132c93857.file.blokNavigation.tpl.php
2012-07-22 04:48:31|Type d'erreur inconnu : [8] Undefined index: acl - ligne 118 dans le fichier F:\wamp\www\rugby\cache\6080e7834880724d43b11ab3afb5202132c93857.file.blokNavigation.tpl.php
2012-07-22 04:48:31|Type d'erreur inconnu : [8] Undefined index: acl - ligne 101 dans le fichier F:\wamp\www\rugby\cache\6080e7834880724d43b11ab3afb5202132c93857.file.blokNavigation.tpl.php
2012-07-22 04:48:31|Type d'erreur inconnu : [8] Undefined index: acl - ligne 50 dans le fichier F:\wamp\www\rugby\cache\6080e7834880724d43b11ab3afb5202132c93857.file.blokNavigation.tpl.php
2012-07-22 04:48:31|Type d'erreur inconnu : [8] Undefined index: acl - ligne 28 dans le fichier F:\wamp\www\rugby\cache\6080e7834880724d43b11ab3afb5202132c93857.file.blokNavigation.tpl.php
2012-07-22 04:48:31|Type d'erreur inconnu : [8] Undefined index: Vous_etes_maintenant_deconnecte - ligne 39 dans le fichier F:\wamp\www\rugby\kernel\base_app\controller\BaseConnexionController.php
2012-07-22 04:48:28|Type d'erreur inconnu : [8] Undefined index: musculation_cycle_template_view - ligne 50 dans le fichier F:\wamp\www\rugby\cache\6080e7834880724d43b11ab3afb5202132c93857.file.blokNavigation.tpl.php
2012-07-22 04:48:18|Type d'erreur inconnu : [8] Undefined index: musculation_cycle_template_view - ligne 50 dans le fichier F:\wamp\www\rugby\cache\6080e7834880724d43b11ab3afb5202132c93857.file.blokNavigation.tpl.php
2012-07-22 04:48:14|Type d'erreur inconnu : [8] Undefined index: musculation_cycle_template_view - ligne 50 dans le fichier F:\wamp\www\rugby\cache\6080e7834880724d43b11ab3afb5202132c93857.file.blokNavigation.tpl.php
2012-07-22 04:48:11|Type d'erreur inconnu : [8] Undefined index: musculation_cycle_template_view - ligne 50 dans le fichier F:\wamp\www\rugby\cache\6080e7834880724d43b11ab3afb5202132c93857.file.blokNavigation.tpl.php
2012-07-22 04:48:10|Type d'erreur inconnu : [8] Undefined index: musculation_cycle_template_view - ligne 50 dans le fichier F:\wamp\www\rugby\cache\6080e7834880724d43b11ab3afb5202132c93857.file.blokNavigation.tpl.php
2012-07-22 04:48:05|Type d'erreur inconnu : [8] Undefined index: musculation_cycle_template_view - ligne 50 dans le fichier F:\wamp\www\rugby\cache\6080e7834880724d43b11ab3afb5202132c93857.file.blokNavigation.tpl.php
2012-07-22 04:48:05|Type d'erreur inconnu : [8] Undefined index: test_delete - ligne 76 dans le fichier F:\wamp\www\rugby\cache\132898aa3ab27062183ba17bcdb2611516bf17ff.file.index.tpl.php
2012-07-22 04:48:05|Type d'erreur inconnu : [8] Undefined index: test_delete - ligne 76 dans le fichier F:\wamp\www\rugby\cache\132898aa3ab27062183ba17bcdb2611516bf17ff.file.index.tpl.php
2012-07-22 04:48:05|Type d'erreur inconnu : [8] Undefined index: test_add - ligne 42 dans le fichier F:\wamp\www\rugby\cache\132898aa3ab27062183ba17bcdb2611516bf17ff.file.index.tpl.php
2012-07-22 04:48:02|Type d'erreur inconnu : [8] Undefined index: musculation_cycle_template_view - ligne 50 dans le fichier F:\wamp\www\rugby\cache\6080e7834880724d43b11ab3afb5202132c93857.file.blokNavigation.tpl.php
2012-07-22 04:48:00|Type d'erreur inconnu : [8] Undefined index: musculation_cycle_template_view - ligne 50 dans le fichier F:\wamp\www\rugby\cache\6080e7834880724d43b11ab3afb5202132c93857.file.blokNavigation.tpl.php
2012-07-22 04:47:51|Type d'erreur inconnu : [8] Undefined index: acl - ligne 118 dans le fichier F:\wamp\www\rugby\cache\6080e7834880724d43b11ab3afb5202132c93857.file.blokNavigation.tpl.php
2012-07-22 04:47:51|Type d'erreur inconnu : [8] Undefined index: acl - ligne 101 dans le fichier F:\wamp\www\rugby\cache\6080e7834880724d43b11ab3afb5202132c93857.file.blokNavigation.tpl.php
2012-07-22 04:47:51|Type d'erreur inconnu : [8] Undefined index: acl - ligne 50 dans le fichier F:\wamp\www\rugby\cache\6080e7834880724d43b11ab3afb5202132c93857.file.blokNavigation.tpl.php
2012-07-22 04:47:51|Type d'erreur inconnu : [8] Undefined index: acl - ligne 28 dans le fichier F:\wamp\www\rugby\cache\6080e7834880724d43b11ab3afb5202132c93857.file.blokNavigation.tpl.php
2012-07-22 04:47:51|Type d'erreur inconnu : [8] Undefined index: acl - ligne 118 dans le fichier F:\wamp\www\rugby\cache\6080e7834880724d43b11ab3afb5202132c93857.file.blokNavigation.tpl.php
2012-07-22 04:47:51|Type d'erreur inconnu : [8] Undefined index: acl - ligne 101 dans le fichier F:\wamp\www\rugby\cache\6080e7834880724d43b11ab3afb5202132c93857.file.blokNavigation.tpl.php
2012-07-22 04:47:51|Type d'erreur inconnu : [8] Undefined index: acl - ligne 50 dans le fichier F:\wamp\www\rugby\cache\6080e7834880724d43b11ab3afb5202132c93857.file.blokNavigation.tpl.php
2012-07-22 04:47:51|Type d'erreur inconnu : [8] Undefined index: acl - ligne 28 dans le fichier F:\wamp\www\rugby\cache\6080e7834880724d43b11ab3afb5202132c93857.file.blokNavigation.tpl.php
2012-07-22 04:47:50|Type d'erreur inconnu : [8] Undefined index: Vous_etes_maintenant_deconnecte - ligne 39 dans le fichier F:\wamp\www\rugby\kernel\base_app\controller\BaseConnexionController.php
2012-07-22 04:46:04|Type d'erreur inconnu : [8] Undefined index: lastBuildDate - ligne 159 dans le fichier F:\wamp\www\rugby\kernel\lib\lastRSS.php
2012-07-22 03:29:26|Type d'erreur inconnu : [2] PDOStatement::execute() [<a href='pdostatement.execute'>pdostatement.execute</a>]: SQLSTATE[42S02]: Base table or view not found: 1146 Table 'rugby.muscu_test_exercices' doesn't exist - ligne 32 dans le fichier F:\wamp\www\rugby\kernel\core\DB\EPDO.php
2012-07-22 03:21:56|Type d'erreur inconnu : [8] Undefined variable: test_id - ligne 575 dans le fichier F:\wamp\www\rugby\app\controller\muscuController.php
2012-07-22 03:21:56|Type d'erreur inconnu : [8] Undefined variable: test_id - ligne 567 dans le fichier F:\wamp\www\rugby\app\controller\muscuController.php
2012-07-22 03:21:56|Type d'erreur inconnu : [8] Undefined variable: test_id - ligne 567 dans le fichier F:\wamp\www\rugby\app\controller\muscuController.php
2012-07-22 03:21:56|Type d'erreur inconnu : [8] Undefined variable: test_id - ligne 567 dans le fichier F:\wamp\www\rugby\app\controller\muscuController.php
2012-07-22 03:21:56|Type d'erreur inconnu : [8] Undefined variable: test_id - ligne 567 dans le fichier F:\wamp\www\rugby\app\controller\muscuController.php
2012-07-22 03:21:56|Type d'erreur inconnu : [8] Undefined variable: test_id - ligne 567 dans le fichier F:\wamp\www\rugby\app\controller\muscuController.php
2012-07-22 03:21:56|Type d'erreur inconnu : [8] Undefined variable: test_id - ligne 567 dans le fichier F:\wamp\www\rugby\app\controller\muscuController.php
2012-07-22 03:07:04|Type d'erreur inconnu : [8] Undefined index: lastBuildDate - ligne 159 dans le fichier F:\wamp\www\rugby\kernel\lib\lastRSS.php
2012-07-22 02:35:31|Type d'erreur inconnu : [2] PDOStatement::execute() [<a href='pdostatement.execute'>pdostatement.execute</a>]: SQLSTATE[42S02]: Base table or view not found: 1146 Table 'rugby.joueur_document' doesn't exist - ligne 32 dans le fichier F:\wamp\www\rugby\kernel\core\DB\EPDO.php
2012-07-22 02:12:27|Type d'erreur inconnu : [8] Undefined index: Date_ajout - ligne 51 dans le fichier F:\wamp\www\rugby\cache\b415c07a6526fd474484ca3eda6211bc9aab6d38.file.fiche_tab_documents.tpl.php
2012-07-22 02:06:27|Type d'erreur inconnu : [8] Undefined index: lastBuildDate - ligne 159 dans le fichier F:\wamp\www\rugby\kernel\lib\lastRSS.php
2012-07-22 02:06:25|Type d'erreur inconnu : [8] Undefined index: acl - ligne 118 dans le fichier F:\wamp\www\rugby\cache\6080e7834880724d43b11ab3afb5202132c93857.file.blokNavigation.tpl.php
2012-07-22 02:06:25|Type d'erreur inconnu : [8] Undefined index: acl - ligne 101 dans le fichier F:\wamp\www\rugby\cache\6080e7834880724d43b11ab3afb5202132c93857.file.blokNavigation.tpl.php
2012-07-22 02:06:25|Type d'erreur inconnu : [8] Undefined index: acl - ligne 50 dans le fichier F:\wamp\www\rugby\cache\6080e7834880724d43b11ab3afb5202132c93857.file.blokNavigation.tpl.php
2012-07-22 02:06:25|Type d'erreur inconnu : [8] Undefined index: acl - ligne 28 dans le fichier F:\wamp\www\rugby\cache\6080e7834880724d43b11ab3afb5202132c93857.file.blokNavigation.tpl.php
2012-07-22 02:06:25|Type d'erreur inconnu : [8] Undefined index: acl - ligne 118 dans le fichier F:\wamp\www\rugby\cache\6080e7834880724d43b11ab3afb5202132c93857.file.blokNavigation.tpl.php
2012-07-22 02:06:25|Type d'erreur inconnu : [8] Undefined index: acl - ligne 101 dans le fichier F:\wamp\www\rugby\cache\6080e7834880724d43b11ab3afb5202132c93857.file.blokNavigation.tpl.php
2012-07-22 02:06:25|Type d'erreur inconnu : [8] Undefined index: acl - ligne 50 dans le fichier F:\wamp\www\rugby\cache\6080e7834880724d43b11ab3afb5202132c93857.file.blokNavigation.tpl.php
2012-07-22 02:06:25|Type d'erreur inconnu : [8] Undefined index: acl - ligne 28 dans le fichier F:\wamp\www\rugby\cache\6080e7834880724d43b11ab3afb5202132c93857.file.blokNavigation.tpl.php
2012-07-22 01:40:41|Type d'erreur inconnu : [8] Undefined index: joueur_id - ligne 591 dans le fichier F:\wamp\www\rugby\app\controller\joueurController.php
2012-07-22 01:40:41|Type d'erreur inconnu : [8] Undefined index: joueur_id - ligne 583 dans le fichier F:\wamp\www\rugby\app\controller\joueurController.php
2012-07-22 01:40:41|Type d'erreur inconnu : [8] Undefined index: joueur_id - ligne 582 dans le fichier F:\wamp\www\rugby\app\controller\joueurController.php
2012-07-22 01:40:41|Type d'erreur inconnu : [8] Undefined index: joueur_id - ligne 579 dans le fichier F:\wamp\www\rugby\app\controller\joueurController.php
2012-07-22 01:36:26|Type d'erreur inconnu : [8] Undefined index: joueur_id - ligne 591 dans le fichier F:\wamp\www\rugby\app\controller\joueurController.php
2012-07-22 01:36:26|Type d'erreur inconnu : [8] Undefined index: joueur_id - ligne 583 dans le fichier F:\wamp\www\rugby\app\controller\joueurController.php
2012-07-22 01:36:26|Type d'erreur inconnu : [8] Undefined index: joueur_id - ligne 582 dans le fichier F:\wamp\www\rugby\app\controller\joueurController.php
2012-07-22 01:36:26|Type d'erreur inconnu : [8] Undefined index: joueur_id - ligne 579 dans le fichier F:\wamp\www\rugby\app\controller\joueurController.php
2012-07-22 01:14:45|Type d'erreur inconnu : [2] PDOStatement::execute() [<a href='pdostatement.execute'>pdostatement.execute</a>]: SQLSTATE[42S02]: Base table or view not found: 1146 Table 'rugby.joueur_documents' doesn't exist - ligne 32 dans le fichier F:\wamp\www\rugby\kernel\core\DB\EPDO.php
2012-07-22 01:09:01|Type d'erreur inconnu : [2] Division by zero - ligne 1941 dans le fichier F:\wamp\www\rugby\kernel\lib\pChart\class\pDraw.class.php
2012-07-22 01:09:01|Type d'erreur inconnu : [8] Undefined index: Data - ligne 1913 dans le fichier F:\wamp\www\rugby\kernel\lib\pChart\class\pDraw.class.php
2012-07-22 01:09:01|Type d'erreur inconnu : [8] Undefined index: Data - ligne 100 dans le fichier F:\wamp\www\rugby\kernel\lib\pChart\class\pData.class.php
2012-07-22 01:09:01|Type d'erreur inconnu : [8] Undefined variable: data_img - ligne 343 dans le fichier F:\wamp\www\rugby\app\controller\joueurController.php
