2012-09-25 09:21:58|Type d'erreur inconnu : [2] PDOStatement::execute(): SQLSTATE[42000]: Syntax error or access violation: 1064 You have an error in your SQL syntax; check the manual that corresponds to your MySQL server version for the right syntax to use near ')' at line 1 - ligne 34 dans le fichier F:\wamp\www\rugby\kernel\core\DB\EPDO.php
2012-09-25 09:21:56|Type d'erreur inconnu : [2] Division by zero - ligne 1941 dans le fichier F:\wamp\www\rugby\kernel\lib\pChart\class\pDraw.class.php
2012-09-25 09:21:56|Type d'erreur inconnu : [8] Undefined index: Data - ligne 1913 dans le fichier F:\wamp\www\rugby\kernel\lib\pChart\class\pDraw.class.php
2012-09-25 09:21:56|Type d'erreur inconnu : [8] Undefined index: Data - ligne 100 dans le fichier F:\wamp\www\rugby\kernel\lib\pChart\class\pData.class.php
2012-09-25 09:21:56|Type d'erreur inconnu : [8] Undefined variable: data_img - ligne 445 dans le fichier F:\wamp\www\rugby\app\controller\joueurController.php
2012-09-25 09:17:45|Type d'erreur inconnu : [2] PDOStatement::execute(): SQLSTATE[42000]: Syntax error or access violation: 1064 You have an error in your SQL syntax; check the manual that corresponds to your MySQL server version for the right syntax to use near ')' at line 1 - ligne 34 dans le fichier F:\wamp\www\rugby\kernel\core\DB\EPDO.php
2012-09-25 08:56:56|Type d'erreur inconnu : [8] Undefined property: stdClass::$link - ligne 28 dans le fichier F:\wamp\www\rugby\app\controller\widgetController.php
2012-09-25 08:56:56|Type d'erreur inconnu : [8] Undefined property: stdClass::$link - ligne 28 dans le fichier F:\wamp\www\rugby\app\controller\widgetController.php
2012-09-25 08:56:56|Type d'erreur inconnu : [8] Undefined property: stdClass::$link - ligne 28 dans le fichier F:\wamp\www\rugby\app\controller\widgetController.php
2012-09-25 08:56:56|Type d'erreur inconnu : [8] Undefined property: stdClass::$link - ligne 28 dans le fichier F:\wamp\www\rugby\app\controller\widgetController.php
2012-09-25 08:56:56|Type d'erreur inconnu : [8] Undefined property: stdClass::$link - ligne 28 dans le fichier F:\wamp\www\rugby\app\controller\widgetController.php
2012-09-25 08:56:56|Type d'erreur inconnu : [8] Undefined property: stdClass::$link - ligne 28 dans le fichier F:\wamp\www\rugby\app\controller\widgetController.php
2012-09-25 08:56:56|Type d'erreur inconnu : [8] Undefined property: stdClass::$link - ligne 28 dans le fichier F:\wamp\www\rugby\app\controller\widgetController.php
2012-09-25 08:56:56|Type d'erreur inconnu : [8] Undefined property: stdClass::$link - ligne 28 dans le fichier F:\wamp\www\rugby\app\controller\widgetController.php
2012-09-25 08:56:56|Type d'erreur inconnu : [8] Undefined property: stdClass::$link - ligne 28 dans le fichier F:\wamp\www\rugby\app\controller\widgetController.php
2012-09-25 08:56:56|Type d'erreur inconnu : [8] Undefined property: stdClass::$link - ligne 28 dans le fichier F:\wamp\www\rugby\app\controller\widgetController.php
2012-09-25 08:56:56|Type d'erreur inconnu : [8] Undefined property: stdClass::$link - ligne 28 dans le fichier F:\wamp\www\rugby\app\controller\widgetController.php
2012-09-25 08:56:56|Type d'erreur inconnu : [8] Undefined property: stdClass::$link - ligne 28 dans le fichier F:\wamp\www\rugby\app\controller\widgetController.php
2012-09-25 08:56:56|Type d'erreur inconnu : [8] Undefined property: stdClass::$link - ligne 28 dans le fichier F:\wamp\www\rugby\app\controller\widgetController.php
2012-09-25 08:56:56|Type d'erreur inconnu : [8] Undefined property: stdClass::$link - ligne 28 dans le fichier F:\wamp\www\rugby\app\controller\widgetController.php
2012-09-25 08:56:56|Type d'erreur inconnu : [8] Undefined property: stdClass::$link - ligne 28 dans le fichier F:\wamp\www\rugby\app\controller\widgetController.php
2012-09-25 08:56:56|Type d'erreur inconnu : [8] Undefined property: stdClass::$link - ligne 28 dans le fichier F:\wamp\www\rugby\app\controller\widgetController.php
2012-09-25 08:56:56|Type d'erreur inconnu : [8] Undefined property: stdClass::$link - ligne 28 dans le fichier F:\wamp\www\rugby\app\controller\widgetController.php
2012-09-25 08:56:56|Type d'erreur inconnu : [8] Undefined property: stdClass::$link - ligne 28 dans le fichier F:\wamp\www\rugby\app\controller\widgetController.php
2012-09-25 08:56:56|Type d'erreur inconnu : [8] Undefined property: stdClass::$link - ligne 28 dans le fichier F:\wamp\www\rugby\app\controller\widgetController.php
2012-09-25 08:56:56|Type d'erreur inconnu : [8] Undefined property: stdClass::$link - ligne 28 dans le fichier F:\wamp\www\rugby\app\controller\widgetController.php
2012-09-25 08:56:04|Type d'erreur inconnu : [8] Undefined property: stdClass::$link - ligne 27 dans le fichier F:\wamp\www\rugby\app\controller\widgetController.php
2012-09-25 08:56:04|Type d'erreur inconnu : [8] Undefined property: stdClass::$link - ligne 27 dans le fichier F:\wamp\www\rugby\app\controller\widgetController.php
2012-09-25 08:56:04|Type d'erreur inconnu : [8] Undefined property: stdClass::$link - ligne 27 dans le fichier F:\wamp\www\rugby\app\controller\widgetController.php
2012-09-25 08:56:04|Type d'erreur inconnu : [8] Undefined property: stdClass::$link - ligne 27 dans le fichier F:\wamp\www\rugby\app\controller\widgetController.php
2012-09-25 08:56:04|Type d'erreur inconnu : [8] Undefined property: stdClass::$link - ligne 27 dans le fichier F:\wamp\www\rugby\app\controller\widgetController.php
2012-09-25 08:56:04|Type d'erreur inconnu : [8] Undefined property: stdClass::$link - ligne 27 dans le fichier F:\wamp\www\rugby\app\controller\widgetController.php
2012-09-25 08:56:04|Type d'erreur inconnu : [8] Undefined property: stdClass::$link - ligne 27 dans le fichier F:\wamp\www\rugby\app\controller\widgetController.php
2012-09-25 08:56:04|Type d'erreur inconnu : [8] Undefined property: stdClass::$link - ligne 27 dans le fichier F:\wamp\www\rugby\app\controller\widgetController.php
2012-09-25 08:56:04|Type d'erreur inconnu : [8] Undefined property: stdClass::$link - ligne 27 dans le fichier F:\wamp\www\rugby\app\controller\widgetController.php
2012-09-25 08:56:04|Type d'erreur inconnu : [8] Undefined property: stdClass::$link - ligne 27 dans le fichier F:\wamp\www\rugby\app\controller\widgetController.php
2012-09-25 08:56:04|Type d'erreur inconnu : [8] Undefined property: stdClass::$link - ligne 27 dans le fichier F:\wamp\www\rugby\app\controller\widgetController.php
2012-09-25 08:56:04|Type d'erreur inconnu : [8] Undefined property: stdClass::$link - ligne 27 dans le fichier F:\wamp\www\rugby\app\controller\widgetController.php
2012-09-25 08:56:04|Type d'erreur inconnu : [8] Undefined property: stdClass::$link - ligne 27 dans le fichier F:\wamp\www\rugby\app\controller\widgetController.php
2012-09-25 08:56:04|Type d'erreur inconnu : [8] Undefined property: stdClass::$link - ligne 27 dans le fichier F:\wamp\www\rugby\app\controller\widgetController.php
2012-09-25 08:56:04|Type d'erreur inconnu : [8] Undefined property: stdClass::$link - ligne 27 dans le fichier F:\wamp\www\rugby\app\controller\widgetController.php
2012-09-25 08:56:04|Type d'erreur inconnu : [8] Undefined property: stdClass::$link - ligne 27 dans le fichier F:\wamp\www\rugby\app\controller\widgetController.php
2012-09-25 08:56:04|Type d'erreur inconnu : [8] Undefined property: stdClass::$link - ligne 27 dans le fichier F:\wamp\www\rugby\app\controller\widgetController.php
2012-09-25 08:56:04|Type d'erreur inconnu : [8] Undefined property: stdClass::$link - ligne 27 dans le fichier F:\wamp\www\rugby\app\controller\widgetController.php
2012-09-25 08:56:04|Type d'erreur inconnu : [8] Undefined property: stdClass::$link - ligne 27 dans le fichier F:\wamp\www\rugby\app\controller\widgetController.php
2012-09-25 08:56:04|Type d'erreur inconnu : [8] Undefined property: stdClass::$link - ligne 27 dans le fichier F:\wamp\www\rugby\app\controller\widgetController.php
2012-09-25 08:55:08|Type d'erreur inconnu : [8] Undefined property: stdClass::$link - ligne 27 dans le fichier F:\wamp\www\rugby\app\controller\widgetController.php
2012-09-25 08:55:08|Type d'erreur inconnu : [8] Undefined property: stdClass::$link - ligne 27 dans le fichier F:\wamp\www\rugby\app\controller\widgetController.php
2012-09-25 08:55:08|Type d'erreur inconnu : [8] Undefined property: stdClass::$link - ligne 27 dans le fichier F:\wamp\www\rugby\app\controller\widgetController.php
2012-09-25 08:55:08|Type d'erreur inconnu : [8] Undefined property: stdClass::$link - ligne 27 dans le fichier F:\wamp\www\rugby\app\controller\widgetController.php
2012-09-25 08:55:08|Type d'erreur inconnu : [8] Undefined property: stdClass::$link - ligne 27 dans le fichier F:\wamp\www\rugby\app\controller\widgetController.php
2012-09-25 08:55:08|Type d'erreur inconnu : [8] Undefined property: stdClass::$link - ligne 27 dans le fichier F:\wamp\www\rugby\app\controller\widgetController.php
2012-09-25 08:55:08|Type d'erreur inconnu : [8] Undefined property: stdClass::$link - ligne 27 dans le fichier F:\wamp\www\rugby\app\controller\widgetController.php
2012-09-25 08:55:08|Type d'erreur inconnu : [8] Undefined property: stdClass::$link - ligne 27 dans le fichier F:\wamp\www\rugby\app\controller\widgetController.php
2012-09-25 08:55:08|Type d'erreur inconnu : [8] Undefined property: stdClass::$link - ligne 27 dans le fichier F:\wamp\www\rugby\app\controller\widgetController.php
2012-09-25 08:55:08|Type d'erreur inconnu : [8] Undefined property: stdClass::$link - ligne 27 dans le fichier F:\wamp\www\rugby\app\controller\widgetController.php
2012-09-25 08:55:08|Type d'erreur inconnu : [8] Undefined property: stdClass::$link - ligne 27 dans le fichier F:\wamp\www\rugby\app\controller\widgetController.php
2012-09-25 08:55:08|Type d'erreur inconnu : [8] Undefined property: stdClass::$link - ligne 27 dans le fichier F:\wamp\www\rugby\app\controller\widgetController.php
2012-09-25 08:55:08|Type d'erreur inconnu : [8] Undefined property: stdClass::$link - ligne 27 dans le fichier F:\wamp\www\rugby\app\controller\widgetController.php
2012-09-25 08:55:08|Type d'erreur inconnu : [8] Undefined property: stdClass::$link - ligne 27 dans le fichier F:\wamp\www\rugby\app\controller\widgetController.php
2012-09-25 08:55:08|Type d'erreur inconnu : [8] Undefined property: stdClass::$link - ligne 27 dans le fichier F:\wamp\www\rugby\app\controller\widgetController.php
2012-09-25 08:55:08|Type d'erreur inconnu : [8] Undefined property: stdClass::$link - ligne 27 dans le fichier F:\wamp\www\rugby\app\controller\widgetController.php
2012-09-25 08:55:08|Type d'erreur inconnu : [8] Undefined property: stdClass::$link - ligne 27 dans le fichier F:\wamp\www\rugby\app\controller\widgetController.php
2012-09-25 08:55:08|Type d'erreur inconnu : [8] Undefined property: stdClass::$link - ligne 27 dans le fichier F:\wamp\www\rugby\app\controller\widgetController.php
2012-09-25 08:55:08|Type d'erreur inconnu : [8] Undefined property: stdClass::$link - ligne 27 dans le fichier F:\wamp\www\rugby\app\controller\widgetController.php
2012-09-25 08:55:08|Type d'erreur inconnu : [8] Undefined property: stdClass::$link - ligne 27 dans le fichier F:\wamp\www\rugby\app\controller\widgetController.php
2012-09-25 08:54:35|Type d'erreur inconnu : [8] Undefined property: stdClass::$link - ligne 27 dans le fichier F:\wamp\www\rugby\app\controller\widgetController.php
2012-09-25 08:54:35|Type d'erreur inconnu : [8] Undefined property: stdClass::$link - ligne 27 dans le fichier F:\wamp\www\rugby\app\controller\widgetController.php
2012-09-25 08:54:35|Type d'erreur inconnu : [8] Undefined property: stdClass::$link - ligne 27 dans le fichier F:\wamp\www\rugby\app\controller\widgetController.php
2012-09-25 08:54:35|Type d'erreur inconnu : [8] Undefined property: stdClass::$link - ligne 27 dans le fichier F:\wamp\www\rugby\app\controller\widgetController.php
2012-09-25 08:54:35|Type d'erreur inconnu : [8] Undefined property: stdClass::$link - ligne 27 dans le fichier F:\wamp\www\rugby\app\controller\widgetController.php
2012-09-25 08:54:35|Type d'erreur inconnu : [8] Undefined property: stdClass::$link - ligne 27 dans le fichier F:\wamp\www\rugby\app\controller\widgetController.php
2012-09-25 08:54:35|Type d'erreur inconnu : [8] Undefined property: stdClass::$link - ligne 27 dans le fichier F:\wamp\www\rugby\app\controller\widgetController.php
2012-09-25 08:54:35|Type d'erreur inconnu : [8] Undefined property: stdClass::$link - ligne 27 dans le fichier F:\wamp\www\rugby\app\controller\widgetController.php
2012-09-25 08:54:35|Type d'erreur inconnu : [8] Undefined property: stdClass::$link - ligne 27 dans le fichier F:\wamp\www\rugby\app\controller\widgetController.php
2012-09-25 08:54:35|Type d'erreur inconnu : [8] Undefined property: stdClass::$link - ligne 27 dans le fichier F:\wamp\www\rugby\app\controller\widgetController.php
2012-09-25 08:54:35|Type d'erreur inconnu : [8] Undefined property: stdClass::$link - ligne 27 dans le fichier F:\wamp\www\rugby\app\controller\widgetController.php
2012-09-25 08:54:35|Type d'erreur inconnu : [8] Undefined property: stdClass::$link - ligne 27 dans le fichier F:\wamp\www\rugby\app\controller\widgetController.php
2012-09-25 08:54:35|Type d'erreur inconnu : [8] Undefined property: stdClass::$link - ligne 27 dans le fichier F:\wamp\www\rugby\app\controller\widgetController.php
2012-09-25 08:54:35|Type d'erreur inconnu : [8] Undefined property: stdClass::$link - ligne 27 dans le fichier F:\wamp\www\rugby\app\controller\widgetController.php
2012-09-25 08:54:35|Type d'erreur inconnu : [8] Undefined property: stdClass::$link - ligne 27 dans le fichier F:\wamp\www\rugby\app\controller\widgetController.php
2012-09-25 08:54:35|Type d'erreur inconnu : [8] Undefined property: stdClass::$link - ligne 27 dans le fichier F:\wamp\www\rugby\app\controller\widgetController.php
2012-09-25 08:54:35|Type d'erreur inconnu : [8] Undefined property: stdClass::$link - ligne 27 dans le fichier F:\wamp\www\rugby\app\controller\widgetController.php
2012-09-25 08:54:35|Type d'erreur inconnu : [8] Undefined property: stdClass::$link - ligne 27 dans le fichier F:\wamp\www\rugby\app\controller\widgetController.php
2012-09-25 08:54:35|Type d'erreur inconnu : [8] Undefined property: stdClass::$link - ligne 27 dans le fichier F:\wamp\www\rugby\app\controller\widgetController.php
2012-09-25 08:54:35|Type d'erreur inconnu : [8] Undefined property: stdClass::$link - ligne 27 dans le fichier F:\wamp\www\rugby\app\controller\widgetController.php
2012-09-25 08:54:32|Type d'erreur inconnu : [8] Undefined property: stdClass::$link - ligne 27 dans le fichier F:\wamp\www\rugby\app\controller\widgetController.php
2012-09-25 08:54:32|Type d'erreur inconnu : [8] Undefined property: stdClass::$link - ligne 27 dans le fichier F:\wamp\www\rugby\app\controller\widgetController.php
2012-09-25 08:54:32|Type d'erreur inconnu : [8] Undefined property: stdClass::$link - ligne 27 dans le fichier F:\wamp\www\rugby\app\controller\widgetController.php
2012-09-25 08:54:32|Type d'erreur inconnu : [8] Undefined property: stdClass::$link - ligne 27 dans le fichier F:\wamp\www\rugby\app\controller\widgetController.php
2012-09-25 08:54:32|Type d'erreur inconnu : [8] Undefined property: stdClass::$link - ligne 27 dans le fichier F:\wamp\www\rugby\app\controller\widgetController.php
2012-09-25 08:54:32|Type d'erreur inconnu : [8] Undefined property: stdClass::$link - ligne 27 dans le fichier F:\wamp\www\rugby\app\controller\widgetController.php
2012-09-25 08:54:32|Type d'erreur inconnu : [8] Undefined property: stdClass::$link - ligne 27 dans le fichier F:\wamp\www\rugby\app\controller\widgetController.php
2012-09-25 08:54:32|Type d'erreur inconnu : [8] Undefined property: stdClass::$link - ligne 27 dans le fichier F:\wamp\www\rugby\app\controller\widgetController.php
2012-09-25 08:54:32|Type d'erreur inconnu : [8] Undefined property: stdClass::$link - ligne 27 dans le fichier F:\wamp\www\rugby\app\controller\widgetController.php
2012-09-25 08:54:32|Type d'erreur inconnu : [8] Undefined property: stdClass::$link - ligne 27 dans le fichier F:\wamp\www\rugby\app\controller\widgetController.php
2012-09-25 08:54:32|Type d'erreur inconnu : [8] Undefined property: stdClass::$link - ligne 27 dans le fichier F:\wamp\www\rugby\app\controller\widgetController.php
2012-09-25 08:54:32|Type d'erreur inconnu : [8] Undefined property: stdClass::$link - ligne 27 dans le fichier F:\wamp\www\rugby\app\controller\widgetController.php
2012-09-25 08:54:32|Type d'erreur inconnu : [8] Undefined property: stdClass::$link - ligne 27 dans le fichier F:\wamp\www\rugby\app\controller\widgetController.php
2012-09-25 08:54:32|Type d'erreur inconnu : [8] Undefined property: stdClass::$link - ligne 27 dans le fichier F:\wamp\www\rugby\app\controller\widgetController.php
2012-09-25 08:54:32|Type d'erreur inconnu : [8] Undefined property: stdClass::$link - ligne 27 dans le fichier F:\wamp\www\rugby\app\controller\widgetController.php
2012-09-25 08:54:32|Type d'erreur inconnu : [8] Undefined property: stdClass::$link - ligne 27 dans le fichier F:\wamp\www\rugby\app\controller\widgetController.php
2012-09-25 08:54:32|Type d'erreur inconnu : [8] Undefined property: stdClass::$link - ligne 27 dans le fichier F:\wamp\www\rugby\app\controller\widgetController.php
2012-09-25 08:54:32|Type d'erreur inconnu : [8] Undefined property: stdClass::$link - ligne 27 dans le fichier F:\wamp\www\rugby\app\controller\widgetController.php
2012-09-25 08:54:32|Type d'erreur inconnu : [8] Undefined property: stdClass::$link - ligne 27 dans le fichier F:\wamp\www\rugby\app\controller\widgetController.php
2012-09-25 08:54:32|Type d'erreur inconnu : [8] Undefined property: stdClass::$link - ligne 27 dans le fichier F:\wamp\www\rugby\app\controller\widgetController.php
2012-09-25 08:53:31|Type d'erreur inconnu : [8] Undefined property: stdClass::$link - ligne 27 dans le fichier F:\wamp\www\rugby\app\controller\widgetController.php
2012-09-25 08:53:31|Type d'erreur inconnu : [8] Undefined property: stdClass::$link - ligne 27 dans le fichier F:\wamp\www\rugby\app\controller\widgetController.php
2012-09-25 08:53:31|Type d'erreur inconnu : [8] Undefined property: stdClass::$link - ligne 27 dans le fichier F:\wamp\www\rugby\app\controller\widgetController.php
2012-09-25 08:53:31|Type d'erreur inconnu : [8] Undefined property: stdClass::$link - ligne 27 dans le fichier F:\wamp\www\rugby\app\controller\widgetController.php
2012-09-25 08:53:31|Type d'erreur inconnu : [8] Undefined property: stdClass::$link - ligne 27 dans le fichier F:\wamp\www\rugby\app\controller\widgetController.php
2012-09-25 08:53:31|Type d'erreur inconnu : [8] Undefined property: stdClass::$link - ligne 27 dans le fichier F:\wamp\www\rugby\app\controller\widgetController.php
2012-09-25 08:53:31|Type d'erreur inconnu : [8] Undefined property: stdClass::$link - ligne 27 dans le fichier F:\wamp\www\rugby\app\controller\widgetController.php
2012-09-25 08:53:31|Type d'erreur inconnu : [8] Undefined property: stdClass::$link - ligne 27 dans le fichier F:\wamp\www\rugby\app\controller\widgetController.php
2012-09-25 08:53:31|Type d'erreur inconnu : [8] Undefined property: stdClass::$link - ligne 27 dans le fichier F:\wamp\www\rugby\app\controller\widgetController.php
2012-09-25 08:53:31|Type d'erreur inconnu : [8] Undefined property: stdClass::$link - ligne 27 dans le fichier F:\wamp\www\rugby\app\controller\widgetController.php
2012-09-25 08:53:31|Type d'erreur inconnu : [8] Undefined property: stdClass::$link - ligne 27 dans le fichier F:\wamp\www\rugby\app\controller\widgetController.php
2012-09-25 08:53:31|Type d'erreur inconnu : [8] Undefined property: stdClass::$link - ligne 27 dans le fichier F:\wamp\www\rugby\app\controller\widgetController.php
2012-09-25 08:53:31|Type d'erreur inconnu : [8] Undefined property: stdClass::$link - ligne 27 dans le fichier F:\wamp\www\rugby\app\controller\widgetController.php
2012-09-25 08:53:31|Type d'erreur inconnu : [8] Undefined property: stdClass::$link - ligne 27 dans le fichier F:\wamp\www\rugby\app\controller\widgetController.php
2012-09-25 08:53:31|Type d'erreur inconnu : [8] Undefined property: stdClass::$link - ligne 27 dans le fichier F:\wamp\www\rugby\app\controller\widgetController.php
2012-09-25 08:53:31|Type d'erreur inconnu : [8] Undefined property: stdClass::$link - ligne 27 dans le fichier F:\wamp\www\rugby\app\controller\widgetController.php
2012-09-25 08:53:31|Type d'erreur inconnu : [8] Undefined property: stdClass::$link - ligne 27 dans le fichier F:\wamp\www\rugby\app\controller\widgetController.php
2012-09-25 08:53:31|Type d'erreur inconnu : [8] Undefined property: stdClass::$link - ligne 27 dans le fichier F:\wamp\www\rugby\app\controller\widgetController.php
2012-09-25 08:53:31|Type d'erreur inconnu : [8] Undefined property: stdClass::$link - ligne 27 dans le fichier F:\wamp\www\rugby\app\controller\widgetController.php
2012-09-25 08:53:31|Type d'erreur inconnu : [8] Undefined property: stdClass::$link - ligne 27 dans le fichier F:\wamp\www\rugby\app\controller\widgetController.php
2012-09-25 08:53:09|Type d'erreur inconnu : [8] Undefined property: stdClass::$link - ligne 27 dans le fichier F:\wamp\www\rugby\app\controller\widgetController.php
2012-09-25 08:53:09|Type d'erreur inconnu : [8] Undefined property: stdClass::$link - ligne 27 dans le fichier F:\wamp\www\rugby\app\controller\widgetController.php
2012-09-25 08:53:09|Type d'erreur inconnu : [8] Undefined property: stdClass::$link - ligne 27 dans le fichier F:\wamp\www\rugby\app\controller\widgetController.php
2012-09-25 08:53:09|Type d'erreur inconnu : [8] Undefined property: stdClass::$link - ligne 27 dans le fichier F:\wamp\www\rugby\app\controller\widgetController.php
2012-09-25 08:53:09|Type d'erreur inconnu : [8] Undefined property: stdClass::$link - ligne 27 dans le fichier F:\wamp\www\rugby\app\controller\widgetController.php
2012-09-25 08:53:09|Type d'erreur inconnu : [8] Undefined property: stdClass::$link - ligne 27 dans le fichier F:\wamp\www\rugby\app\controller\widgetController.php
2012-09-25 08:53:09|Type d'erreur inconnu : [8] Undefined property: stdClass::$link - ligne 27 dans le fichier F:\wamp\www\rugby\app\controller\widgetController.php
2012-09-25 08:53:09|Type d'erreur inconnu : [8] Undefined property: stdClass::$link - ligne 27 dans le fichier F:\wamp\www\rugby\app\controller\widgetController.php
2012-09-25 08:53:09|Type d'erreur inconnu : [8] Undefined property: stdClass::$link - ligne 27 dans le fichier F:\wamp\www\rugby\app\controller\widgetController.php
2012-09-25 08:53:09|Type d'erreur inconnu : [8] Undefined property: stdClass::$link - ligne 27 dans le fichier F:\wamp\www\rugby\app\controller\widgetController.php
2012-09-25 08:53:09|Type d'erreur inconnu : [8] Undefined property: stdClass::$link - ligne 27 dans le fichier F:\wamp\www\rugby\app\controller\widgetController.php
2012-09-25 08:53:09|Type d'erreur inconnu : [8] Undefined property: stdClass::$link - ligne 27 dans le fichier F:\wamp\www\rugby\app\controller\widgetController.php
2012-09-25 08:53:09|Type d'erreur inconnu : [8] Undefined property: stdClass::$link - ligne 27 dans le fichier F:\wamp\www\rugby\app\controller\widgetController.php
2012-09-25 08:53:09|Type d'erreur inconnu : [8] Undefined property: stdClass::$link - ligne 27 dans le fichier F:\wamp\www\rugby\app\controller\widgetController.php
2012-09-25 08:53:09|Type d'erreur inconnu : [8] Undefined property: stdClass::$link - ligne 27 dans le fichier F:\wamp\www\rugby\app\controller\widgetController.php
2012-09-25 08:53:09|Type d'erreur inconnu : [8] Undefined property: stdClass::$link - ligne 27 dans le fichier F:\wamp\www\rugby\app\controller\widgetController.php
2012-09-25 08:53:09|Type d'erreur inconnu : [8] Undefined property: stdClass::$link - ligne 27 dans le fichier F:\wamp\www\rugby\app\controller\widgetController.php
2012-09-25 08:53:09|Type d'erreur inconnu : [8] Undefined property: stdClass::$link - ligne 27 dans le fichier F:\wamp\www\rugby\app\controller\widgetController.php
2012-09-25 08:53:09|Type d'erreur inconnu : [8] Undefined property: stdClass::$link - ligne 27 dans le fichier F:\wamp\www\rugby\app\controller\widgetController.php
2012-09-25 08:53:09|Type d'erreur inconnu : [8] Undefined property: stdClass::$link - ligne 27 dans le fichier F:\wamp\www\rugby\app\controller\widgetController.php
