2012-12-08 06:21:19|Type d'erreur inconnu : [8] Undefined index: type - ligne 50 dans le fichier D:\wamp\www\rugby\cache\7110a385b01b0678a24931fd6cfe6d4274af93cb.file.acl_index.tpl.php
2012-12-08 06:21:19|Type d'erreur inconnu : [8] Undefined index: type - ligne 50 dans le fichier D:\wamp\www\rugby\cache\7110a385b01b0678a24931fd6cfe6d4274af93cb.file.acl_index.tpl.php
2012-12-08 06:21:19|Type d'erreur inconnu : [8] Undefined index: type - ligne 50 dans le fichier D:\wamp\www\rugby\cache\7110a385b01b0678a24931fd6cfe6d4274af93cb.file.acl_index.tpl.php
2012-12-08 06:21:19|Type d'erreur inconnu : [8] Undefined index: type - ligne 50 dans le fichier D:\wamp\www\rugby\cache\7110a385b01b0678a24931fd6cfe6d4274af93cb.file.acl_index.tpl.php
2012-12-08 06:21:19|Type d'erreur inconnu : [8] Undefined index: type - ligne 50 dans le fichier D:\wamp\www\rugby\cache\7110a385b01b0678a24931fd6cfe6d4274af93cb.file.acl_index.tpl.php
2012-12-08 06:10:50|Type d'erreur inconnu : [8] Undefined index: Voir_toute_les_fiches - ligne 39 dans le fichier D:\wamp\www\rugby\cache\7110a385b01b0678a24931fd6cfe6d4274af93cb.file.acl_index.tpl.php
2012-12-08 06:10:31|Type d'erreur inconnu : [8] Undefined index: Voir_toute_les_fiches - ligne 39 dans le fichier D:\wamp\www\rugby\cache\7110a385b01b0678a24931fd6cfe6d4274af93cb.file.acl_index.tpl.php
2012-12-08 06:10:31|Type d'erreur inconnu : [8] Undefined index: Gestion_match - ligne 37 dans le fichier D:\wamp\www\rugby\cache\7110a385b01b0678a24931fd6cfe6d4274af93cb.file.acl_index.tpl.php
2012-12-08 06:10:22|Type d'erreur inconnu : [8] Undefined index: Voir_toute_les_fiches - ligne 39 dans le fichier D:\wamp\www\rugby\cache\7110a385b01b0678a24931fd6cfe6d4274af93cb.file.acl_index.tpl.php
2012-12-08 06:10:22|Type d'erreur inconnu : [8] Undefined index: Gestion_match - ligne 37 dans le fichier D:\wamp\www\rugby\cache\7110a385b01b0678a24931fd6cfe6d4274af93cb.file.acl_index.tpl.php
2012-12-08 06:10:22|Type d'erreur inconnu : [8] Undefined index: Gestion_entrainement - ligne 33 dans le fichier D:\wamp\www\rugby\cache\7110a385b01b0678a24931fd6cfe6d4274af93cb.file.acl_index.tpl.php
2012-12-08 06:10:04|Type d'erreur inconnu : [8] Undefined index: Voir_toute_les_fiches - ligne 39 dans le fichier D:\wamp\www\rugby\cache\7110a385b01b0678a24931fd6cfe6d4274af93cb.file.acl_index.tpl.php
2012-12-08 06:10:04|Type d'erreur inconnu : [8] Undefined index: Gestion_match - ligne 37 dans le fichier D:\wamp\www\rugby\cache\7110a385b01b0678a24931fd6cfe6d4274af93cb.file.acl_index.tpl.php
2012-12-08 06:10:04|Type d'erreur inconnu : [8] Undefined index: Gestion_entrainement - ligne 33 dans le fichier D:\wamp\www\rugby\cache\7110a385b01b0678a24931fd6cfe6d4274af93cb.file.acl_index.tpl.php
2012-12-08 06:09:29|Type d'erreur inconnu : [8] Undefined index: Voir_toute_les_fiches - ligne 39 dans le fichier D:\wamp\www\rugby\cache\7110a385b01b0678a24931fd6cfe6d4274af93cb.file.acl_index.tpl.php
2012-12-08 06:09:29|Type d'erreur inconnu : [8] Undefined index: Gestion_match - ligne 37 dans le fichier D:\wamp\www\rugby\cache\7110a385b01b0678a24931fd6cfe6d4274af93cb.file.acl_index.tpl.php
2012-12-08 06:09:29|Type d'erreur inconnu : [8] Undefined index: Gestion_structure - ligne 35 dans le fichier D:\wamp\www\rugby\cache\7110a385b01b0678a24931fd6cfe6d4274af93cb.file.acl_index.tpl.php
2012-12-08 06:09:29|Type d'erreur inconnu : [8] Undefined index: Gestion_entrainement - ligne 33 dans le fichier D:\wamp\www\rugby\cache\7110a385b01b0678a24931fd6cfe6d4274af93cb.file.acl_index.tpl.php
2012-12-08 06:08:25|Type d'erreur inconnu : [8] Undefined index: Voir_toute_les_fiches - ligne 39 dans le fichier D:\wamp\www\rugby\cache\7110a385b01b0678a24931fd6cfe6d4274af93cb.file.acl_index.tpl.php
2012-12-08 06:08:25|Type d'erreur inconnu : [8] Undefined index: Gestion_match - ligne 37 dans le fichier D:\wamp\www\rugby\cache\7110a385b01b0678a24931fd6cfe6d4274af93cb.file.acl_index.tpl.php
2012-12-08 06:08:25|Type d'erreur inconnu : [8] Undefined index: Gestion_structure - ligne 35 dans le fichier D:\wamp\www\rugby\cache\7110a385b01b0678a24931fd6cfe6d4274af93cb.file.acl_index.tpl.php
2012-12-08 06:08:25|Type d'erreur inconnu : [8] Undefined index: Gestion_entrainement - ligne 33 dans le fichier D:\wamp\www\rugby\cache\7110a385b01b0678a24931fd6cfe6d4274af93cb.file.acl_index.tpl.php
2012-12-08 06:08:25|Type d'erreur inconnu : [8] Undefined index: Gestion_club - ligne 31 dans le fichier D:\wamp\www\rugby\cache\7110a385b01b0678a24931fd6cfe6d4274af93cb.file.acl_index.tpl.php
2012-12-08 06:08:25|Type d'erreur inconnu : [8] Undefined index: Gestion_muscu - ligne 29 dans le fichier D:\wamp\www\rugby\cache\7110a385b01b0678a24931fd6cfe6d4274af93cb.file.acl_index.tpl.php
2012-12-08 06:07:50|Type d'erreur inconnu : [8] Undefined index: Voir_toute_les_fiches - ligne 39 dans le fichier D:\wamp\www\rugby\cache\7110a385b01b0678a24931fd6cfe6d4274af93cb.file.acl_index.tpl.php
2012-12-08 06:07:50|Type d'erreur inconnu : [8] Undefined index: Gestion_match - ligne 37 dans le fichier D:\wamp\www\rugby\cache\7110a385b01b0678a24931fd6cfe6d4274af93cb.file.acl_index.tpl.php
2012-12-08 06:07:50|Type d'erreur inconnu : [8] Undefined index: Gestion_structure - ligne 35 dans le fichier D:\wamp\www\rugby\cache\7110a385b01b0678a24931fd6cfe6d4274af93cb.file.acl_index.tpl.php
2012-12-08 06:07:50|Type d'erreur inconnu : [8] Undefined index: Gestion_entrainement - ligne 33 dans le fichier D:\wamp\www\rugby\cache\7110a385b01b0678a24931fd6cfe6d4274af93cb.file.acl_index.tpl.php
2012-12-08 06:07:50|Type d'erreur inconnu : [8] Undefined index: Gestion_club - ligne 31 dans le fichier D:\wamp\www\rugby\cache\7110a385b01b0678a24931fd6cfe6d4274af93cb.file.acl_index.tpl.php
2012-12-08 06:07:50|Type d'erreur inconnu : [8] Undefined index: Gestion_muscu - ligne 29 dans le fichier D:\wamp\www\rugby\cache\7110a385b01b0678a24931fd6cfe6d4274af93cb.file.acl_index.tpl.php
2012-12-08 06:07:50|Type d'erreur inconnu : [8] Undefined index: Gestion_joueur - ligne 27 dans le fichier D:\wamp\www\rugby\cache\7110a385b01b0678a24931fd6cfe6d4274af93cb.file.acl_index.tpl.php
