2012-12-02 09:25:01|Type d'erreur inconnu : [2] require_once(\indexController.php): failed to open stream: No such file or directory - ligne 95 dans le fichier D:\wamp\www\rugby\kernel\core\Router.class.php
2012-12-02 09:24:58|Type d'erreur inconnu : [2] require_once(\indexController.php): failed to open stream: No such file or directory - ligne 95 dans le fichier D:\wamp\www\rugby\kernel\core\Router.class.php
2012-12-02 09:24:57|Type d'erreur inconnu : [2] require_once(\indexController.php): failed to open stream: No such file or directory - ligne 95 dans le fichier D:\wamp\www\rugby\kernel\core\Router.class.php
2012-12-02 09:24:55|Type d'erreur inconnu : [2] require_once(\indexController.php): failed to open stream: No such file or directory - ligne 95 dans le fichier D:\wamp\www\rugby\kernel\core\Router.class.php
2012-12-02 09:24:53|Type d'erreur inconnu : [2] require_once(\indexController.php): failed to open stream: No such file or directory - ligne 95 dans le fichier D:\wamp\www\rugby\kernel\core\Router.class.php
2012-12-02 09:24:50|Type d'erreur inconnu : [2] require_once(\indexController.php): failed to open stream: No such file or directory - ligne 95 dans le fichier D:\wamp\www\rugby\kernel\core\Router.class.php
2012-12-02 09:24:48|Type d'erreur inconnu : [2] require_once(\indexController.php): failed to open stream: No such file or directory - ligne 95 dans le fichier D:\wamp\www\rugby\kernel\core\Router.class.php
2012-12-02 09:22:48|Type d'erreur inconnu : [2] require_once(\indexController.php): failed to open stream: No such file or directory - ligne 95 dans le fichier D:\wamp\www\rugby\kernel\core\Router.class.php
2012-12-02 09:22:32|Type d'erreur inconnu : [2] require_once(\indexController.php): failed to open stream: No such file or directory - ligne 95 dans le fichier D:\wamp\www\rugby\kernel\core\Router.class.php
2012-12-02 09:22:29|Type d'erreur inconnu : [2] require_once(\indexController.php): failed to open stream: No such file or directory - ligne 95 dans le fichier D:\wamp\www\rugby\kernel\core\Router.class.php
2012-12-02 09:22:27|Type d'erreur inconnu : [2] require_once(\indexController.php): failed to open stream: No such file or directory - ligne 95 dans le fichier D:\wamp\www\rugby\kernel\core\Router.class.php
2012-12-02 09:21:24|Type d'erreur inconnu : [2] require_once(\indexController.php): failed to open stream: No such file or directory - ligne 95 dans le fichier D:\wamp\www\rugby\kernel\core\Router.class.php
2012-12-02 09:17:50|Type d'erreur inconnu : [2] require_once(\indexController.php): failed to open stream: No such file or directory - ligne 95 dans le fichier D:\wamp\www\rugby\kernel\core\Router.class.php
2012-12-02 09:17:46|Type d'erreur inconnu : [2] require_once(\indexController.php): failed to open stream: No such file or directory - ligne 95 dans le fichier D:\wamp\www\rugby\kernel\core\Router.class.php
2012-12-02 09:17:45|Type d'erreur inconnu : [2] require_once(\indexController.php): failed to open stream: No such file or directory - ligne 95 dans le fichier D:\wamp\www\rugby\kernel\core\Router.class.php
2012-12-02 09:17:43|Type d'erreur inconnu : [2] require_once(\indexController.php): failed to open stream: No such file or directory - ligne 95 dans le fichier D:\wamp\www\rugby\kernel\core\Router.class.php
2012-12-02 09:17:41|Type d'erreur inconnu : [2] require_once(\indexController.php): failed to open stream: No such file or directory - ligne 95 dans le fichier D:\wamp\www\rugby\kernel\core\Router.class.php
2012-12-02 09:17:38|Type d'erreur inconnu : [2] require_once(\indexController.php): failed to open stream: No such file or directory - ligne 95 dans le fichier D:\wamp\www\rugby\kernel\core\Router.class.php
2012-12-02 09:17:06|Type d'erreur inconnu : [2] require_once(\indexController.php): failed to open stream: No such file or directory - ligne 95 dans le fichier D:\wamp\www\rugby\kernel\core\Router.class.php
2012-12-02 09:16:59|Type d'erreur inconnu : [2] require_once(\indexController.php): failed to open stream: No such file or directory - ligne 95 dans le fichier D:\wamp\www\rugby\kernel\core\Router.class.php
2012-12-02 09:16:52|Type d'erreur inconnu : [2] require_once(\indexController.php): failed to open stream: No such file or directory - ligne 95 dans le fichier D:\wamp\www\rugby\kernel\core\Router.class.php
2012-12-02 09:01:46|Type d'erreur inconnu : [2] require_once(\indexController.php): failed to open stream: No such file or directory - ligne 95 dans le fichier D:\wamp\www\rugby\kernel\core\Router.class.php
2012-12-02 09:01:45|Type d'erreur inconnu : [2] require_once(\indexController.php): failed to open stream: No such file or directory - ligne 95 dans le fichier D:\wamp\www\rugby\kernel\core\Router.class.php
2012-12-02 09:01:43|Type d'erreur inconnu : [2] require_once(\indexController.php): failed to open stream: No such file or directory - ligne 95 dans le fichier D:\wamp\www\rugby\kernel\core\Router.class.php
2012-12-02 09:01:42|Type d'erreur inconnu : [2] require_once(\indexController.php): failed to open stream: No such file or directory - ligne 95 dans le fichier D:\wamp\www\rugby\kernel\core\Router.class.php
2012-12-02 09:01:37|Type d'erreur inconnu : [2] require_once(\indexController.php): failed to open stream: No such file or directory - ligne 95 dans le fichier D:\wamp\www\rugby\kernel\core\Router.class.php
2012-12-02 09:01:28|Type d'erreur inconnu : [2] require_once(\indexController.php): failed to open stream: No such file or directory - ligne 95 dans le fichier D:\wamp\www\rugby\kernel\core\Router.class.php
2012-12-02 09:01:25|Type d'erreur inconnu : [2] require_once(\indexController.php): failed to open stream: No such file or directory - ligne 95 dans le fichier D:\wamp\www\rugby\kernel\core\Router.class.php
2012-12-02 09:01:06|Type d'erreur inconnu : [2] require_once(\indexController.php): failed to open stream: No such file or directory - ligne 95 dans le fichier D:\wamp\www\rugby\kernel\core\Router.class.php
2012-12-02 09:01:03|Type d'erreur inconnu : [2] require_once(\indexController.php): failed to open stream: No such file or directory - ligne 95 dans le fichier D:\wamp\www\rugby\kernel\core\Router.class.php
2012-12-02 09:00:53|Type d'erreur inconnu : [2] require_once(\indexController.php): failed to open stream: No such file or directory - ligne 95 dans le fichier D:\wamp\www\rugby\kernel\core\Router.class.php
2012-12-02 09:00:03|Type d'erreur inconnu : [2] require_once(\indexController.php): failed to open stream: No such file or directory - ligne 95 dans le fichier D:\wamp\www\rugby\kernel\core\Router.class.php
2012-12-02 09:00:00|Type d'erreur inconnu : [2] require_once(\indexController.php): failed to open stream: No such file or directory - ligne 95 dans le fichier D:\wamp\www\rugby\kernel\core\Router.class.php
2012-12-02 09:00:00|Type d'erreur inconnu : [2] require_once(\indexController.php): failed to open stream: No such file or directory - ligne 95 dans le fichier D:\wamp\www\rugby\kernel\core\Router.class.php
2012-12-02 08:59:57|Type d'erreur inconnu : [2] require_once(\indexController.php): failed to open stream: No such file or directory - ligne 95 dans le fichier D:\wamp\www\rugby\kernel\core\Router.class.php
2012-12-02 08:59:52|Type d'erreur inconnu : [2] require_once(\indexController.php): failed to open stream: No such file or directory - ligne 95 dans le fichier D:\wamp\www\rugby\kernel\core\Router.class.php
2012-12-02 08:59:48|Type d'erreur inconnu : [2] require_once(\indexController.php): failed to open stream: No such file or directory - ligne 95 dans le fichier D:\wamp\www\rugby\kernel\core\Router.class.php
2012-12-02 08:50:58|Type d'erreur inconnu : [2] require_once(\indexController.php): failed to open stream: No such file or directory - ligne 95 dans le fichier D:\wamp\www\rugby\kernel\core\Router.class.php
2012-12-02 08:48:23|Type d'erreur inconnu : [2] require_once(\indexController.php): failed to open stream: No such file or directory - ligne 95 dans le fichier D:\wamp\www\rugby\kernel\core\Router.class.php
2012-12-02 08:47:27|Type d'erreur inconnu : [2] require_once(\indexController.php): failed to open stream: No such file or directory - ligne 95 dans le fichier D:\wamp\www\rugby\kernel\core\Router.class.php
2012-12-02 08:43:15|Type d'erreur inconnu : [2] require_once(\indexController.php): failed to open stream: No such file or directory - ligne 95 dans le fichier D:\wamp\www\rugby\kernel\core\Router.class.php
2012-12-02 07:18:12|Type d'erreur inconnu : [2] require_once(\indexController.php): failed to open stream: No such file or directory - ligne 95 dans le fichier D:\wamp\www\rugby\kernel\core\Router.class.php
2012-12-02 07:16:09|Type d'erreur inconnu : [2] require_once(\indexController.php): failed to open stream: No such file or directory - ligne 95 dans le fichier D:\wamp\www\rugby\kernel\core\Router.class.php
2012-12-02 07:16:06|Type d'erreur inconnu : [2] require_once(\indexController.php): failed to open stream: No such file or directory - ligne 95 dans le fichier D:\wamp\www\rugby\kernel\core\Router.class.php
2012-12-02 07:16:06|Type d'erreur inconnu : [2] Invalid argument supplied for foreach() - ligne 61 dans le fichier D:\wamp\www\rugby\app\controller\ressentieController.php
2012-12-02 07:16:06|Type d'erreur inconnu : [8] Undefined index: sequence - ligne 61 dans le fichier D:\wamp\www\rugby\app\controller\ressentieController.php
2012-12-02 07:15:38|Type d'erreur inconnu : [2] require_once(\indexController.php): failed to open stream: No such file or directory - ligne 95 dans le fichier D:\wamp\www\rugby\kernel\core\Router.class.php
2012-12-02 07:15:28|Type d'erreur inconnu : [2] require_once(\indexController.php): failed to open stream: No such file or directory - ligne 95 dans le fichier D:\wamp\www\rugby\kernel\core\Router.class.php
2012-12-02 07:06:40|Type d'erreur inconnu : [2] require_once(\indexController.php): failed to open stream: No such file or directory - ligne 95 dans le fichier D:\wamp\www\rugby\kernel\core\Router.class.php
2012-12-02 07:06:20|Type d'erreur inconnu : [2] require_once(\indexController.php): failed to open stream: No such file or directory - ligne 95 dans le fichier D:\wamp\www\rugby\kernel\core\Router.class.php
2012-12-02 07:06:19|Type d'erreur inconnu : [2] require_once(\indexController.php): failed to open stream: No such file or directory - ligne 95 dans le fichier D:\wamp\www\rugby\kernel\core\Router.class.php
2012-12-02 07:05:52|Type d'erreur inconnu : [2] require_once(\indexController.php): failed to open stream: No such file or directory - ligne 95 dans le fichier D:\wamp\www\rugby\kernel\core\Router.class.php
2012-12-02 07:05:19|Type d'erreur inconnu : [2] require_once(\indexController.php): failed to open stream: No such file or directory - ligne 95 dans le fichier D:\wamp\www\rugby\kernel\core\Router.class.php
2012-12-02 07:05:15|Type d'erreur inconnu : [2] require_once(\indexController.php): failed to open stream: No such file or directory - ligne 95 dans le fichier D:\wamp\www\rugby\kernel\core\Router.class.php
2012-12-02 07:05:06|Type d'erreur inconnu : [2] require_once(\indexController.php): failed to open stream: No such file or directory - ligne 95 dans le fichier D:\wamp\www\rugby\kernel\core\Router.class.php
2012-12-02 07:05:03|Type d'erreur inconnu : [2] require_once(\indexController.php): failed to open stream: No such file or directory - ligne 95 dans le fichier D:\wamp\www\rugby\kernel\core\Router.class.php
2012-12-02 06:12:12|Type d'erreur inconnu : [2] require_once(\indexController.php): failed to open stream: No such file or directory - ligne 95 dans le fichier D:\wamp\www\rugby\kernel\core\Router.class.php
2012-12-02 05:34:15|Type d'erreur inconnu : [2] require_once(\indexController.php): failed to open stream: No such file or directory - ligne 95 dans le fichier D:\wamp\www\rugby\kernel\core\Router.class.php
2012-12-02 05:16:18|Type d'erreur inconnu : [2] require_once(\indexController.php): failed to open stream: No such file or directory - ligne 95 dans le fichier D:\wamp\www\rugby\kernel\core\Router.class.php
2012-12-02 05:14:50|Type d'erreur inconnu : [2] require_once(\indexController.php): failed to open stream: No such file or directory - ligne 95 dans le fichier D:\wamp\www\rugby\kernel\core\Router.class.php
2012-12-02 05:14:45|Type d'erreur inconnu : [2] require_once(\indexController.php): failed to open stream: No such file or directory - ligne 95 dans le fichier D:\wamp\www\rugby\kernel\core\Router.class.php
2012-12-02 05:14:44|Type d'erreur inconnu : [2] require_once(\indexController.php): failed to open stream: No such file or directory - ligne 95 dans le fichier D:\wamp\www\rugby\kernel\core\Router.class.php
2012-12-02 05:06:55|Type d'erreur inconnu : [2] require_once(\indexController.php): failed to open stream: No such file or directory - ligne 95 dans le fichier D:\wamp\www\rugby\kernel\core\Router.class.php
2012-12-02 05:06:49|Type d'erreur inconnu : [2] require_once(\indexController.php): failed to open stream: No such file or directory - ligne 95 dans le fichier D:\wamp\www\rugby\kernel\core\Router.class.php
2012-12-02 05:03:47|Type d'erreur inconnu : [2] require_once(\indexController.php): failed to open stream: No such file or directory - ligne 95 dans le fichier D:\wamp\www\rugby\kernel\core\Router.class.php
2012-12-02 05:03:45|Type d'erreur inconnu : [2] require_once(\indexController.php): failed to open stream: No such file or directory - ligne 95 dans le fichier D:\wamp\www\rugby\kernel\core\Router.class.php
2012-12-02 05:03:22|Type d'erreur inconnu : [2] require_once(\indexController.php): failed to open stream: No such file or directory - ligne 95 dans le fichier D:\wamp\www\rugby\kernel\core\Router.class.php
2012-12-02 05:02:18|Type d'erreur inconnu : [2] require_once(\indexController.php): failed to open stream: No such file or directory - ligne 95 dans le fichier D:\wamp\www\rugby\kernel\core\Router.class.php
2012-12-02 05:02:16|Type d'erreur inconnu : [2] require_once(\indexController.php): failed to open stream: No such file or directory - ligne 95 dans le fichier D:\wamp\www\rugby\kernel\core\Router.class.php
2012-12-02 05:02:06|Type d'erreur inconnu : [2] require_once(\indexController.php): failed to open stream: No such file or directory - ligne 95 dans le fichier D:\wamp\www\rugby\kernel\core\Router.class.php
2012-12-02 05:02:01|Type d'erreur inconnu : [2] require_once(\indexController.php): failed to open stream: No such file or directory - ligne 95 dans le fichier D:\wamp\www\rugby\kernel\core\Router.class.php
2012-12-02 05:00:28|Type d'erreur inconnu : [2] require_once(\indexController.php): failed to open stream: No such file or directory - ligne 95 dans le fichier D:\wamp\www\rugby\kernel\core\Router.class.php
2012-12-02 04:57:04|Type d'erreur inconnu : [2] require_once(\indexController.php): failed to open stream: No such file or directory - ligne 95 dans le fichier D:\wamp\www\rugby\kernel\core\Router.class.php
2012-12-02 04:55:07|Type d'erreur inconnu : [2] require_once(\indexController.php): failed to open stream: No such file or directory - ligne 95 dans le fichier D:\wamp\www\rugby\kernel\core\Router.class.php
2012-12-02 04:55:00|Type d'erreur inconnu : [2] require_once(\indexController.php): failed to open stream: No such file or directory - ligne 95 dans le fichier D:\wamp\www\rugby\kernel\core\Router.class.php
2012-12-02 04:55:00|Type d'erreur inconnu : [8] Undefined variable: Sportif - ligne 291 dans le fichier D:\wamp\www\rugby\kernel\lib\smarty\sysplugins\smarty_internal_data.php
2012-12-02 04:48:42|Type d'erreur inconnu : [2] require_once(\indexController.php): failed to open stream: No such file or directory - ligne 95 dans le fichier D:\wamp\www\rugby\kernel\core\Router.class.php
2012-12-02 04:47:36|Type d'erreur inconnu : [2] require_once(\indexController.php): failed to open stream: No such file or directory - ligne 95 dans le fichier D:\wamp\www\rugby\kernel\core\Router.class.php
2012-12-02 04:47:36|Type d'erreur inconnu : [2] PDOStatement::execute(): SQLSTATE[42S22]: Column not found: 1054 Unknown column 's.joueur_id' in 'field list' - ligne 34 dans le fichier D:\wamp\www\rugby\kernel\core\DB\EPDO.php
2012-12-02 04:47:36|Type d'erreur inconnu : [2] PDOStatement::execute(): SQLSTATE[42S22]: Column not found: 1054 Unknown column 's.joueur_id' in 'field list' - ligne 34 dans le fichier D:\wamp\www\rugby\kernel\core\DB\EPDO.php
2012-12-02 04:46:49|Type d'erreur inconnu : [2] require_once(\indexController.php): failed to open stream: No such file or directory - ligne 95 dans le fichier D:\wamp\www\rugby\kernel\core\Router.class.php
2012-12-02 04:46:49|Type d'erreur inconnu : [8] Undefined variable: MaxSequence - ligne 291 dans le fichier D:\wamp\www\rugby\kernel\lib\smarty\sysplugins\smarty_internal_data.php
2012-12-02 04:46:49|Type d'erreur inconnu : [2] PDOStatement::execute(): SQLSTATE[42S22]: Column not found: 1054 Unknown column 's.joueur_id' in 'field list' - ligne 34 dans le fichier D:\wamp\www\rugby\kernel\core\DB\EPDO.php
2012-12-02 04:46:49|Type d'erreur inconnu : [8] Undefined variable: MaxSequence - ligne 291 dans le fichier D:\wamp\www\rugby\kernel\lib\smarty\sysplugins\smarty_internal_data.php
2012-12-02 04:46:49|Type d'erreur inconnu : [2] PDOStatement::execute(): SQLSTATE[42S22]: Column not found: 1054 Unknown column 's.joueur_id' in 'field list' - ligne 34 dans le fichier D:\wamp\www\rugby\kernel\core\DB\EPDO.php
2012-12-02 04:37:23|Type d'erreur inconnu : [2] require_once(\indexController.php): failed to open stream: No such file or directory - ligne 95 dans le fichier D:\wamp\www\rugby\kernel\core\Router.class.php
2012-12-02 03:51:44|Type d'erreur inconnu : [2] require_once(\indexController.php): failed to open stream: No such file or directory - ligne 95 dans le fichier D:\wamp\www\rugby\kernel\core\Router.class.php
2012-12-02 03:51:41|Type d'erreur inconnu : [2] require_once(\indexController.php): failed to open stream: No such file or directory - ligne 95 dans le fichier D:\wamp\www\rugby\kernel\core\Router.class.php
2012-12-02 03:51:28|Type d'erreur inconnu : [2] require_once(\indexController.php): failed to open stream: No such file or directory - ligne 95 dans le fichier D:\wamp\www\rugby\kernel\core\Router.class.php
2012-12-02 03:51:26|Type d'erreur inconnu : [2] require_once(\indexController.php): failed to open stream: No such file or directory - ligne 95 dans le fichier D:\wamp\www\rugby\kernel\core\Router.class.php
2012-12-02 03:51:12|Type d'erreur inconnu : [8] Undefined index: club - ligne 91 dans le fichier D:\wamp\www\rugby\cache\0ca15167968fe536388a08fbd4ef28f38b5c5171.file.index.tpl.php
2012-12-02 03:51:12|Type d'erreur inconnu : [8] Undefined index: club - ligne 91 dans le fichier D:\wamp\www\rugby\cache\0ca15167968fe536388a08fbd4ef28f38b5c5171.file.index.tpl.php
2012-12-02 03:51:12|Type d'erreur inconnu : [2] require_once(\indexController.php): failed to open stream: No such file or directory - ligne 95 dans le fichier D:\wamp\www\rugby\kernel\core\Router.class.php
2012-12-02 03:48:28|Type d'erreur inconnu : [2] require_once(\indexController.php): failed to open stream: No such file or directory - ligne 95 dans le fichier D:\wamp\www\rugby\kernel\core\Router.class.php
2012-12-02 03:48:27|Type d'erreur inconnu : [2] require_once(\indexController.php): failed to open stream: No such file or directory - ligne 95 dans le fichier D:\wamp\www\rugby\kernel\core\Router.class.php
2012-12-02 03:48:27|Type d'erreur inconnu : [2] require_once(\indexController.php): failed to open stream: No such file or directory - ligne 95 dans le fichier D:\wamp\www\rugby\kernel\core\Router.class.php
2012-12-02 03:48:26|Type d'erreur inconnu : [2] require_once(\indexController.php): failed to open stream: No such file or directory - ligne 95 dans le fichier D:\wamp\www\rugby\kernel\core\Router.class.php
2012-12-02 03:48:25|Type d'erreur inconnu : [2] require_once(\indexController.php): failed to open stream: No such file or directory - ligne 95 dans le fichier D:\wamp\www\rugby\kernel\core\Router.class.php
2012-12-02 03:48:24|Type d'erreur inconnu : [2] require_once(\indexController.php): failed to open stream: No such file or directory - ligne 95 dans le fichier D:\wamp\www\rugby\kernel\core\Router.class.php
2012-12-02 03:48:23|Type d'erreur inconnu : [2] require_once(\indexController.php): failed to open stream: No such file or directory - ligne 95 dans le fichier D:\wamp\www\rugby\kernel\core\Router.class.php
2012-12-02 03:48:22|Type d'erreur inconnu : [2] require_once(\indexController.php): failed to open stream: No such file or directory - ligne 95 dans le fichier D:\wamp\www\rugby\kernel\core\Router.class.php
2012-12-02 03:38:35|Type d'erreur inconnu : [2] require_once(\indexController.php): failed to open stream: No such file or directory - ligne 95 dans le fichier D:\wamp\www\rugby\kernel\core\Router.class.php
2012-12-02 03:29:09|Type d'erreur inconnu : [2] require_once(\indexController.php): failed to open stream: No such file or directory - ligne 95 dans le fichier D:\wamp\www\rugby\kernel\core\Router.class.php
2012-12-02 03:28:06|Type d'erreur inconnu : [2] require_once(\indexController.php): failed to open stream: No such file or directory - ligne 95 dans le fichier D:\wamp\www\rugby\kernel\core\Router.class.php
2012-12-02 03:25:16|Type d'erreur inconnu : [2] require_once(\indexController.php): failed to open stream: No such file or directory - ligne 95 dans le fichier D:\wamp\www\rugby\kernel\core\Router.class.php
2012-12-02 03:23:24|Type d'erreur inconnu : [2] require_once(\indexController.php): failed to open stream: No such file or directory - ligne 95 dans le fichier D:\wamp\www\rugby\kernel\core\Router.class.php
2012-12-02 03:23:24|Type d'erreur inconnu : [2] wordwrap(): Break string cannot be empty - ligne 208 dans le fichier D:\wamp\www\rugby\app\controller\programmationController.php
2012-12-02 03:22:35|Type d'erreur inconnu : [2] require_once(\indexController.php): failed to open stream: No such file or directory - ligne 95 dans le fichier D:\wamp\www\rugby\kernel\core\Router.class.php
2012-12-02 03:21:52|Type d'erreur inconnu : [2] require_once(\indexController.php): failed to open stream: No such file or directory - ligne 95 dans le fichier D:\wamp\www\rugby\kernel\core\Router.class.php
2012-12-02 03:21:48|Type d'erreur inconnu : [2] require_once(\indexController.php): failed to open stream: No such file or directory - ligne 95 dans le fichier D:\wamp\www\rugby\kernel\core\Router.class.php
2012-12-02 03:21:33|Type d'erreur inconnu : [2] require_once(\indexController.php): failed to open stream: No such file or directory - ligne 95 dans le fichier D:\wamp\www\rugby\kernel\core\Router.class.php
2012-12-02 03:21:30|Type d'erreur inconnu : [2] require_once(\indexController.php): failed to open stream: No such file or directory - ligne 95 dans le fichier D:\wamp\www\rugby\kernel\core\Router.class.php
2012-12-02 03:21:12|Type d'erreur inconnu : [2] require_once(\indexController.php): failed to open stream: No such file or directory - ligne 95 dans le fichier D:\wamp\www\rugby\kernel\core\Router.class.php
2012-12-02 03:16:48|Type d'erreur inconnu : [2] require_once(\indexController.php): failed to open stream: No such file or directory - ligne 95 dans le fichier D:\wamp\www\rugby\kernel\core\Router.class.php
2012-12-02 03:13:05|Type d'erreur inconnu : [2] require_once(\indexController.php): failed to open stream: No such file or directory - ligne 95 dans le fichier D:\wamp\www\rugby\kernel\core\Router.class.php
2012-12-02 03:13:01|Type d'erreur inconnu : [2] require_once(\indexController.php): failed to open stream: No such file or directory - ligne 95 dans le fichier D:\wamp\www\rugby\kernel\core\Router.class.php
2012-12-02 03:12:57|Type d'erreur inconnu : [2] require_once(\indexController.php): failed to open stream: No such file or directory - ligne 95 dans le fichier D:\wamp\www\rugby\kernel\core\Router.class.php
2012-12-02 02:37:09|Type d'erreur inconnu : [2] require_once(\indexController.php): failed to open stream: No such file or directory - ligne 95 dans le fichier D:\wamp\www\rugby\kernel\core\Router.class.php
2012-12-02 02:37:06|Type d'erreur inconnu : [8] Undefined index: Sequence_ajoute - ligne 1203 dans le fichier D:\wamp\www\rugby\app\controller\joueurController.php
2012-12-02 02:36:22|Type d'erreur inconnu : [2] require_once(\indexController.php): failed to open stream: No such file or directory - ligne 95 dans le fichier D:\wamp\www\rugby\kernel\core\Router.class.php
2012-12-02 02:36:00|Type d'erreur inconnu : [2] require_once(\indexController.php): failed to open stream: No such file or directory - ligne 95 dans le fichier D:\wamp\www\rugby\kernel\core\Router.class.php
2012-12-02 02:35:57|Type d'erreur inconnu : [2] require_once(\indexController.php): failed to open stream: No such file or directory - ligne 95 dans le fichier D:\wamp\www\rugby\kernel\core\Router.class.php
2012-12-02 02:35:37|Type d'erreur inconnu : [2] require_once(\indexController.php): failed to open stream: No such file or directory - ligne 95 dans le fichier D:\wamp\www\rugby\kernel\core\Router.class.php
2012-12-02 02:35:35|Type d'erreur inconnu : [8] Undefined variable: Exercices - ligne 291 dans le fichier D:\wamp\www\rugby\kernel\lib\smarty\sysplugins\smarty_internal_data.php
2012-12-02 02:35:33|Type d'erreur inconnu : [2] require_once(\indexController.php): failed to open stream: No such file or directory - ligne 95 dans le fichier D:\wamp\www\rugby\kernel\core\Router.class.php
2012-12-02 02:35:31|Type d'erreur inconnu : [2] require_once(\indexController.php): failed to open stream: No such file or directory - ligne 95 dans le fichier D:\wamp\www\rugby\kernel\core\Router.class.php
2012-12-02 02:10:21|Type d'erreur inconnu : [2] require_once(\indexController.php): failed to open stream: No such file or directory - ligne 95 dans le fichier D:\wamp\www\rugby\kernel\core\Router.class.php
2012-12-02 02:09:31|Type d'erreur inconnu : [8] Undefined variable: Entrainement - ligne 291 dans le fichier D:\wamp\www\rugby\kernel\lib\smarty\sysplugins\smarty_internal_data.php
2012-12-02 01:41:42|Type d'erreur inconnu : [2] require_once(\indexController.php): failed to open stream: No such file or directory - ligne 95 dans le fichier D:\wamp\www\rugby\kernel\core\Router.class.php
2012-12-02 01:41:39|Type d'erreur inconnu : [2] require_once(\indexController.php): failed to open stream: No such file or directory - ligne 95 dans le fichier D:\wamp\www\rugby\kernel\core\Router.class.php
2012-12-02 01:40:28|Type d'erreur inconnu : [2] require_once(\indexController.php): failed to open stream: No such file or directory - ligne 95 dans le fichier D:\wamp\www\rugby\kernel\core\Router.class.php
2012-12-02 01:40:25|Type d'erreur inconnu : [2] require_once(\indexController.php): failed to open stream: No such file or directory - ligne 95 dans le fichier D:\wamp\www\rugby\kernel\core\Router.class.php
2012-12-02 01:39:58|Type d'erreur inconnu : [2] require_once(\indexController.php): failed to open stream: No such file or directory - ligne 95 dans le fichier D:\wamp\www\rugby\kernel\core\Router.class.php
2012-12-02 01:39:56|Type d'erreur inconnu : [2] require_once(\indexController.php): failed to open stream: No such file or directory - ligne 95 dans le fichier D:\wamp\www\rugby\kernel\core\Router.class.php
2012-12-02 01:39:53|Type d'erreur inconnu : [2] require_once(\indexController.php): failed to open stream: No such file or directory - ligne 95 dans le fichier D:\wamp\www\rugby\kernel\core\Router.class.php
2012-12-02 12:33:22|Type d'erreur inconnu : [2] require_once(\indexController.php): failed to open stream: No such file or directory - ligne 95 dans le fichier D:\wamp\www\rugby\kernel\core\Router.class.php
2012-12-02 12:33:20|Type d'erreur inconnu : [2] require_once(\indexController.php): failed to open stream: No such file or directory - ligne 95 dans le fichier D:\wamp\www\rugby\kernel\core\Router.class.php
2012-12-02 12:29:57|Type d'erreur inconnu : [2] require_once(\indexController.php): failed to open stream: No such file or directory - ligne 95 dans le fichier D:\wamp\www\rugby\kernel\core\Router.class.php
2012-12-02 12:29:54|Type d'erreur inconnu : [2] require_once(\indexController.php): failed to open stream: No such file or directory - ligne 95 dans le fichier D:\wamp\www\rugby\kernel\core\Router.class.php
2012-12-02 12:17:01|Type d'erreur inconnu : [2] require_once(\indexController.php): failed to open stream: No such file or directory - ligne 95 dans le fichier D:\wamp\www\rugby\kernel\core\Router.class.php
2012-12-02 12:16:58|Type d'erreur inconnu : [2] require_once(\indexController.php): failed to open stream: No such file or directory - ligne 95 dans le fichier D:\wamp\www\rugby\kernel\core\Router.class.php
2012-12-02 12:16:50|Type d'erreur inconnu : [2] require_once(\indexController.php): failed to open stream: No such file or directory - ligne 95 dans le fichier D:\wamp\www\rugby\kernel\core\Router.class.php
2012-12-02 12:16:47|Type d'erreur inconnu : [2] require_once(\indexController.php): failed to open stream: No such file or directory - ligne 95 dans le fichier D:\wamp\www\rugby\kernel\core\Router.class.php
2012-12-02 12:16:39|Type d'erreur inconnu : [2] require_once(\indexController.php): failed to open stream: No such file or directory - ligne 95 dans le fichier D:\wamp\www\rugby\kernel\core\Router.class.php
2012-12-02 12:16:35|Type d'erreur inconnu : [2] require_once(\indexController.php): failed to open stream: No such file or directory - ligne 95 dans le fichier D:\wamp\www\rugby\kernel\core\Router.class.php
2012-12-02 12:16:32|Type d'erreur inconnu : [2] require_once(\indexController.php): failed to open stream: No such file or directory - ligne 95 dans le fichier D:\wamp\www\rugby\kernel\core\Router.class.php
2012-12-02 11:53:46|Type d'erreur inconnu : [2] require_once(\indexController.php): failed to open stream: No such file or directory - ligne 95 dans le fichier D:\wamp\www\rugby\kernel\core\Router.class.php
2012-12-02 11:53:34|Type d'erreur inconnu : [2] require_once(\indexController.php): failed to open stream: No such file or directory - ligne 95 dans le fichier D:\wamp\www\rugby\kernel\core\Router.class.php
2012-12-02 10:14:12|Type d'erreur inconnu : [2] require_once(\indexController.php): failed to open stream: No such file or directory - ligne 95 dans le fichier D:\wamp\www\rugby\kernel\core\Router.class.php
2012-12-02 09:55:14|Type d'erreur inconnu : [2] require_once(\indexController.php): failed to open stream: No such file or directory - ligne 95 dans le fichier D:\wamp\www\rugby\kernel\core\Router.class.php
2012-12-02 09:55:12|Type d'erreur inconnu : [2] require_once(\indexController.php): failed to open stream: No such file or directory - ligne 95 dans le fichier D:\wamp\www\rugby\kernel\core\Router.class.php
2012-12-02 09:55:09|Type d'erreur inconnu : [2] require_once(\indexController.php): failed to open stream: No such file or directory - ligne 95 dans le fichier D:\wamp\www\rugby\kernel\core\Router.class.php
2012-12-02 09:55:03|Type d'erreur inconnu : [2] require_once(\indexController.php): failed to open stream: No such file or directory - ligne 95 dans le fichier D:\wamp\www\rugby\kernel\core\Router.class.php
2012-12-02 09:54:55|Type d'erreur inconnu : [2] require_once(\indexController.php): failed to open stream: No such file or directory - ligne 95 dans le fichier D:\wamp\www\rugby\kernel\core\Router.class.php
2012-12-02 09:54:11|Type d'erreur inconnu : [2] require_once(\indexController.php): failed to open stream: No such file or directory - ligne 95 dans le fichier D:\wamp\www\rugby\kernel\core\Router.class.php
2012-12-02 09:53:25|Type d'erreur inconnu : [2] require_once(\indexController.php): failed to open stream: No such file or directory - ligne 95 dans le fichier D:\wamp\www\rugby\kernel\core\Router.class.php
2012-12-02 09:53:21|Type d'erreur inconnu : [2] require_once(\indexController.php): failed to open stream: No such file or directory - ligne 95 dans le fichier D:\wamp\www\rugby\kernel\core\Router.class.php
2012-12-02 09:52:48|Type d'erreur inconnu : [2] require_once(\indexController.php): failed to open stream: No such file or directory - ligne 95 dans le fichier D:\wamp\www\rugby\kernel\core\Router.class.php
2012-12-02 09:50:27|Type d'erreur inconnu : [2] require_once(\indexController.php): failed to open stream: No such file or directory - ligne 95 dans le fichier D:\wamp\www\rugby\kernel\core\Router.class.php
2012-12-02 09:50:10|Type d'erreur inconnu : [8] Undefined variable: Semaine - ligne 1095 dans le fichier D:\wamp\www\rugby\app\controller\joueurController.php
2012-12-02 09:49:31|Type d'erreur inconnu : [8] Undefined index: ressentie_entraineur - ligne 174 dans le fichier D:\wamp\www\rugby\cache\ef6cebc5d77aa30d98db72f4085ea0f0f177c4eb.file.fiche_tab_ressentie.tpl.php
2012-12-02 09:49:31|Type d'erreur inconnu : [8] Undefined index: ressentie_entraineur - ligne 174 dans le fichier D:\wamp\www\rugby\cache\ef6cebc5d77aa30d98db72f4085ea0f0f177c4eb.file.fiche_tab_ressentie.tpl.php
2012-12-02 09:49:31|Type d'erreur inconnu : [8] Undefined index: ressentie_entraineur - ligne 174 dans le fichier D:\wamp\www\rugby\cache\ef6cebc5d77aa30d98db72f4085ea0f0f177c4eb.file.fiche_tab_ressentie.tpl.php
2012-12-02 09:49:31|Type d'erreur inconnu : [8] Undefined index: ressentie_entraineur - ligne 174 dans le fichier D:\wamp\www\rugby\cache\ef6cebc5d77aa30d98db72f4085ea0f0f177c4eb.file.fiche_tab_ressentie.tpl.php
2012-12-02 09:49:28|Type d'erreur inconnu : [2] require_once(\indexController.php): failed to open stream: No such file or directory - ligne 95 dans le fichier D:\wamp\www\rugby\kernel\core\Router.class.php
2012-12-02 09:49:12|Type d'erreur inconnu : [8] Undefined index: ressentie_entraineur - ligne 174 dans le fichier D:\wamp\www\rugby\cache\ef6cebc5d77aa30d98db72f4085ea0f0f177c4eb.file.fiche_tab_ressentie.tpl.php
2012-12-02 09:49:12|Type d'erreur inconnu : [8] Undefined index: ressentie_entraineur - ligne 174 dans le fichier D:\wamp\www\rugby\cache\ef6cebc5d77aa30d98db72f4085ea0f0f177c4eb.file.fiche_tab_ressentie.tpl.php
2012-12-02 09:49:12|Type d'erreur inconnu : [8] Undefined index: ressentie_entraineur - ligne 174 dans le fichier D:\wamp\www\rugby\cache\ef6cebc5d77aa30d98db72f4085ea0f0f177c4eb.file.fiche_tab_ressentie.tpl.php
2012-12-02 09:49:12|Type d'erreur inconnu : [8] Undefined index: ressentie_entraineur - ligne 174 dans le fichier D:\wamp\www\rugby\cache\ef6cebc5d77aa30d98db72f4085ea0f0f177c4eb.file.fiche_tab_ressentie.tpl.php
2012-12-02 09:48:14|Type d'erreur inconnu : [8] Undefined index: ressentie_entraineur - ligne 174 dans le fichier D:\wamp\www\rugby\cache\ef6cebc5d77aa30d98db72f4085ea0f0f177c4eb.file.fiche_tab_ressentie.tpl.php
2012-12-02 09:48:14|Type d'erreur inconnu : [8] Undefined index: ressentie_entraineur - ligne 174 dans le fichier D:\wamp\www\rugby\cache\ef6cebc5d77aa30d98db72f4085ea0f0f177c4eb.file.fiche_tab_ressentie.tpl.php
2012-12-02 09:48:14|Type d'erreur inconnu : [8] Undefined index: ressentie_entraineur - ligne 174 dans le fichier D:\wamp\www\rugby\cache\ef6cebc5d77aa30d98db72f4085ea0f0f177c4eb.file.fiche_tab_ressentie.tpl.php
2012-12-02 09:48:14|Type d'erreur inconnu : [8] Undefined index: ressentie_entraineur - ligne 174 dans le fichier D:\wamp\www\rugby\cache\ef6cebc5d77aa30d98db72f4085ea0f0f177c4eb.file.fiche_tab_ressentie.tpl.php
2012-12-02 09:48:12|Type d'erreur inconnu : [2] require_once(\indexController.php): failed to open stream: No such file or directory - ligne 95 dans le fichier D:\wamp\www\rugby\kernel\core\Router.class.php
2012-12-02 09:43:05|Type d'erreur inconnu : [2] require_once(\indexController.php): failed to open stream: No such file or directory - ligne 95 dans le fichier D:\wamp\www\rugby\kernel\core\Router.class.php
2012-12-02 09:43:02|Type d'erreur inconnu : [2] require_once(\indexController.php): failed to open stream: No such file or directory - ligne 95 dans le fichier D:\wamp\www\rugby\kernel\core\Router.class.php
2012-12-02 09:42:57|Type d'erreur inconnu : [2] require_once(\indexController.php): failed to open stream: No such file or directory - ligne 95 dans le fichier D:\wamp\www\rugby\kernel\core\Router.class.php
2012-12-02 09:42:35|Type d'erreur inconnu : [2] require_once(\indexController.php): failed to open stream: No such file or directory - ligne 95 dans le fichier D:\wamp\www\rugby\kernel\core\Router.class.php
2012-12-02 09:42:25|Type d'erreur inconnu : [2] require_once(\indexController.php): failed to open stream: No such file or directory - ligne 95 dans le fichier D:\wamp\www\rugby\kernel\core\Router.class.php
2012-12-02 09:18:26|Type d'erreur inconnu : [2] require_once(\indexController.php): failed to open stream: No such file or directory - ligne 95 dans le fichier D:\wamp\www\rugby\kernel\core\Router.class.php
2012-12-02 09:18:24|Type d'erreur inconnu : [2] require_once(\indexController.php): failed to open stream: No such file or directory - ligne 95 dans le fichier D:\wamp\www\rugby\kernel\core\Router.class.php
2012-12-02 09:18:12|Type d'erreur inconnu : [2] require_once(\indexController.php): failed to open stream: No such file or directory - ligne 95 dans le fichier D:\wamp\www\rugby\kernel\core\Router.class.php
2012-12-02 09:18:03|Type d'erreur inconnu : [2] require_once(\indexController.php): failed to open stream: No such file or directory - ligne 95 dans le fichier D:\wamp\www\rugby\kernel\core\Router.class.php
