2012-08-03 04:52:41|Type d'erreur inconnu : [2] Division by zero - ligne 1941 dans le fichier F:\wamp\www\rugby\kernel\lib\pChart\class\pDraw.class.php
2012-08-03 04:52:41|Type d'erreur inconnu : [8] Undefined index: Data - ligne 1913 dans le fichier F:\wamp\www\rugby\kernel\lib\pChart\class\pDraw.class.php
2012-08-03 04:52:41|Type d'erreur inconnu : [8] Undefined index: Data - ligne 100 dans le fichier F:\wamp\www\rugby\kernel\lib\pChart\class\pData.class.php
2012-08-03 04:52:41|Type d'erreur inconnu : [8] Undefined variable: data_img - ligne 370 dans le fichier F:\wamp\www\rugby\app\controller\joueurController.php
2012-08-03 04:52:20|Type d'erreur inconnu : [2] PDOStatement::execute(): SQLSTATE[42000]: Syntax error or access violation: 1064 You have an error in your SQL syntax; check the manual that corresponds to your MySQL server version for the right syntax to use near ')' at line 1 - ligne 34 dans le fichier F:\wamp\www\rugby\kernel\core\DB\EPDO.php
2012-08-03 04:51:56|Type d'erreur inconnu : [8] Undefined index: lastBuildDate - ligne 159 dans le fichier F:\wamp\www\rugby\kernel\lib\lastRSS.php
2012-08-03 04:51:51|Type d'erreur inconnu : [8] Undefined index: acl - ligne 67 dans le fichier F:\wamp\www\rugby\cache\6080e7834880724d43b11ab3afb5202132c93857.file.blokNavigation.tpl.php
2012-08-03 04:51:51|Type d'erreur inconnu : [8] Undefined index: acl - ligne 61 dans le fichier F:\wamp\www\rugby\cache\6080e7834880724d43b11ab3afb5202132c93857.file.blokNavigation.tpl.php
2012-08-03 04:51:51|Type d'erreur inconnu : [8] Undefined index: acl - ligne 33 dans le fichier F:\wamp\www\rugby\cache\6080e7834880724d43b11ab3afb5202132c93857.file.blokNavigation.tpl.php
2012-08-03 04:51:51|Type d'erreur inconnu : [8] Undefined index: acl - ligne 24 dans le fichier F:\wamp\www\rugby\cache\6080e7834880724d43b11ab3afb5202132c93857.file.blokNavigation.tpl.php
2012-08-03 04:51:51|Type d'erreur inconnu : [8] Undefined index: acl - ligne 67 dans le fichier F:\wamp\www\rugby\cache\6080e7834880724d43b11ab3afb5202132c93857.file.blokNavigation.tpl.php
2012-08-03 04:51:51|Type d'erreur inconnu : [8] Undefined index: acl - ligne 61 dans le fichier F:\wamp\www\rugby\cache\6080e7834880724d43b11ab3afb5202132c93857.file.blokNavigation.tpl.php
2012-08-03 04:51:51|Type d'erreur inconnu : [8] Undefined index: acl - ligne 33 dans le fichier F:\wamp\www\rugby\cache\6080e7834880724d43b11ab3afb5202132c93857.file.blokNavigation.tpl.php
2012-08-03 04:51:51|Type d'erreur inconnu : [8] Undefined index: acl - ligne 24 dans le fichier F:\wamp\www\rugby\cache\6080e7834880724d43b11ab3afb5202132c93857.file.blokNavigation.tpl.php
2012-08-03 04:51:47|Type d'erreur inconnu : [8] Undefined index: acl - ligne 67 dans le fichier F:\wamp\www\rugby\cache\6080e7834880724d43b11ab3afb5202132c93857.file.blokNavigation.tpl.php
2012-08-03 04:51:47|Type d'erreur inconnu : [8] Undefined index: acl - ligne 61 dans le fichier F:\wamp\www\rugby\cache\6080e7834880724d43b11ab3afb5202132c93857.file.blokNavigation.tpl.php
2012-08-03 04:51:47|Type d'erreur inconnu : [8] Undefined index: acl - ligne 33 dans le fichier F:\wamp\www\rugby\cache\6080e7834880724d43b11ab3afb5202132c93857.file.blokNavigation.tpl.php
2012-08-03 04:51:47|Type d'erreur inconnu : [8] Undefined index: acl - ligne 24 dans le fichier F:\wamp\www\rugby\cache\6080e7834880724d43b11ab3afb5202132c93857.file.blokNavigation.tpl.php
2012-08-03 04:51:46|Type d'erreur inconnu : [8] Undefined index: acl - ligne 67 dans le fichier F:\wamp\www\rugby\cache\6080e7834880724d43b11ab3afb5202132c93857.file.blokNavigation.tpl.php
2012-08-03 04:51:46|Type d'erreur inconnu : [8] Undefined index: acl - ligne 61 dans le fichier F:\wamp\www\rugby\cache\6080e7834880724d43b11ab3afb5202132c93857.file.blokNavigation.tpl.php
2012-08-03 04:51:46|Type d'erreur inconnu : [8] Undefined index: acl - ligne 33 dans le fichier F:\wamp\www\rugby\cache\6080e7834880724d43b11ab3afb5202132c93857.file.blokNavigation.tpl.php
2012-08-03 04:51:46|Type d'erreur inconnu : [8] Undefined index: acl - ligne 24 dans le fichier F:\wamp\www\rugby\cache\6080e7834880724d43b11ab3afb5202132c93857.file.blokNavigation.tpl.php
2012-08-03 04:51:24|Type d'erreur inconnu : [8] Undefined index: acl - ligne 67 dans le fichier F:\wamp\www\rugby\cache\6080e7834880724d43b11ab3afb5202132c93857.file.blokNavigation.tpl.php
2012-08-03 04:51:24|Type d'erreur inconnu : [8] Undefined index: acl - ligne 61 dans le fichier F:\wamp\www\rugby\cache\6080e7834880724d43b11ab3afb5202132c93857.file.blokNavigation.tpl.php
2012-08-03 04:51:24|Type d'erreur inconnu : [8] Undefined index: acl - ligne 33 dans le fichier F:\wamp\www\rugby\cache\6080e7834880724d43b11ab3afb5202132c93857.file.blokNavigation.tpl.php
2012-08-03 04:51:24|Type d'erreur inconnu : [8] Undefined index: acl - ligne 24 dans le fichier F:\wamp\www\rugby\cache\6080e7834880724d43b11ab3afb5202132c93857.file.blokNavigation.tpl.php
2012-08-03 04:51:24|Type d'erreur inconnu : [8] Undefined index: acl - ligne 67 dans le fichier F:\wamp\www\rugby\cache\6080e7834880724d43b11ab3afb5202132c93857.file.blokNavigation.tpl.php
2012-08-03 04:51:24|Type d'erreur inconnu : [8] Undefined index: acl - ligne 61 dans le fichier F:\wamp\www\rugby\cache\6080e7834880724d43b11ab3afb5202132c93857.file.blokNavigation.tpl.php
2012-08-03 04:51:24|Type d'erreur inconnu : [8] Undefined index: acl - ligne 33 dans le fichier F:\wamp\www\rugby\cache\6080e7834880724d43b11ab3afb5202132c93857.file.blokNavigation.tpl.php
2012-08-03 04:51:24|Type d'erreur inconnu : [8] Undefined index: acl - ligne 24 dans le fichier F:\wamp\www\rugby\cache\6080e7834880724d43b11ab3afb5202132c93857.file.blokNavigation.tpl.php
