2012-12-26 07:47:58|Type d'erreur inconnu : [8] Undefined variable: Fichier_id - ligne 88 dans le fichier D:\wamp\www\rugby\app\controller\documentController.php
2012-12-26 07:47:58|Type d'erreur inconnu : [8] Undefined variable: Fichier_id - ligne 88 dans le fichier D:\wamp\www\rugby\app\controller\documentController.php
2012-12-26 07:47:58|Type d'erreur inconnu : [8] Undefined variable: Fichier_id - ligne 88 dans le fichier D:\wamp\www\rugby\app\controller\documentController.php
2012-12-26 07:47:58|Type d'erreur inconnu : [8] Undefined variable: Fichier_id - ligne 88 dans le fichier D:\wamp\www\rugby\app\controller\documentController.php
2012-12-26 07:47:58|Type d'erreur inconnu : [8] Undefined variable: Fichier_id - ligne 88 dans le fichier D:\wamp\www\rugby\app\controller\documentController.php
2012-12-26 07:47:58|Type d'erreur inconnu : [8] Undefined variable: Fichier_id - ligne 88 dans le fichier D:\wamp\www\rugby\app\controller\documentController.php
2012-12-26 07:47:58|Type d'erreur inconnu : [8] Undefined variable: Fichier_id - ligne 88 dans le fichier D:\wamp\www\rugby\app\controller\documentController.php
2012-12-26 07:42:41|Type d'erreur inconnu : [8] Undefined variable: Fichier - ligne 291 dans le fichier D:\wamp\www\rugby\kernel\lib\smarty\sysplugins\smarty_internal_data.php
2012-12-26 07:26:15|Type d'erreur inconnu : [8] Undefined index: gest_document - ligne 8 dans le fichier D:\wamp\www\rugby\app\controller\documentController.php
2012-12-26 06:23:25|Type d'erreur inconnu : [2] Invalid argument supplied for foreach() - ligne 32 dans le fichier D:\wamp\www\rugby\app\controller\documentController.php
2012-12-26 06:23:25|Type d'erreur inconnu : [2] Invalid argument supplied for foreach() - ligne 231 dans le fichier D:\wamp\www\rugby\kernel\core\DB\Db.class.php
2012-12-26 06:23:25|Type d'erreur inconnu : [2] Invalid argument supplied for foreach() - ligne 224 dans le fichier D:\wamp\www\rugby\kernel\core\DB\Db.class.php
2012-12-26 06:23:25|Type d'erreur inconnu : [2] Cannot use a scalar value as an array - ligne 25 dans le fichier D:\wamp\www\rugby\app\controller\documentController.php
2012-12-26 06:23:25|Type d'erreur inconnu : [2] Cannot use a scalar value as an array - ligne 24 dans le fichier D:\wamp\www\rugby\app\controller\documentController.php
2012-12-26 06:19:53|Type d'erreur inconnu : [2] Invalid argument supplied for foreach() - ligne 32 dans le fichier D:\wamp\www\rugby\app\controller\documentController.php
2012-12-26 06:19:53|Type d'erreur inconnu : [2] Invalid argument supplied for foreach() - ligne 231 dans le fichier D:\wamp\www\rugby\kernel\core\DB\Db.class.php
2012-12-26 06:19:53|Type d'erreur inconnu : [2] Invalid argument supplied for foreach() - ligne 224 dans le fichier D:\wamp\www\rugby\kernel\core\DB\Db.class.php
2012-12-26 06:19:53|Type d'erreur inconnu : [2] Cannot use a scalar value as an array - ligne 25 dans le fichier D:\wamp\www\rugby\app\controller\documentController.php
2012-12-26 06:19:53|Type d'erreur inconnu : [2] Cannot use a scalar value as an array - ligne 24 dans le fichier D:\wamp\www\rugby\app\controller\documentController.php
2012-12-26 05:56:15|Type d'erreur inconnu : [8] Undefined index: nom - ligne 52 dans le fichier D:\wamp\www\rugby\cache\e68809f0cd3adb88878d9cec08db5098399061ef.file.add.tpl.php
2012-12-26 05:56:15|Type d'erreur inconnu : [8] Undefined index: prenom - ligne 51 dans le fichier D:\wamp\www\rugby\cache\e68809f0cd3adb88878d9cec08db5098399061ef.file.add.tpl.php
2012-12-26 05:56:15|Type d'erreur inconnu : [8] Undefined index: nom - ligne 52 dans le fichier D:\wamp\www\rugby\cache\e68809f0cd3adb88878d9cec08db5098399061ef.file.add.tpl.php
2012-12-26 05:56:15|Type d'erreur inconnu : [8] Undefined index: prenom - ligne 51 dans le fichier D:\wamp\www\rugby\cache\e68809f0cd3adb88878d9cec08db5098399061ef.file.add.tpl.php
2012-12-26 05:56:15|Type d'erreur inconnu : [8] Undefined index: nom - ligne 52 dans le fichier D:\wamp\www\rugby\cache\e68809f0cd3adb88878d9cec08db5098399061ef.file.add.tpl.php
2012-12-26 05:56:15|Type d'erreur inconnu : [8] Undefined index: prenom - ligne 51 dans le fichier D:\wamp\www\rugby\cache\e68809f0cd3adb88878d9cec08db5098399061ef.file.add.tpl.php
2012-12-26 05:56:15|Type d'erreur inconnu : [8] Undefined index: nom - ligne 52 dans le fichier D:\wamp\www\rugby\cache\e68809f0cd3adb88878d9cec08db5098399061ef.file.add.tpl.php
2012-12-26 05:56:15|Type d'erreur inconnu : [8] Undefined index: prenom - ligne 51 dans le fichier D:\wamp\www\rugby\cache\e68809f0cd3adb88878d9cec08db5098399061ef.file.add.tpl.php
2012-12-26 05:56:15|Type d'erreur inconnu : [8] Undefined index: nom - ligne 52 dans le fichier D:\wamp\www\rugby\cache\e68809f0cd3adb88878d9cec08db5098399061ef.file.add.tpl.php
2012-12-26 05:56:15|Type d'erreur inconnu : [8] Undefined index: prenom - ligne 51 dans le fichier D:\wamp\www\rugby\cache\e68809f0cd3adb88878d9cec08db5098399061ef.file.add.tpl.php
2012-12-26 05:56:15|Type d'erreur inconnu : [8] Undefined index: nom - ligne 52 dans le fichier D:\wamp\www\rugby\cache\e68809f0cd3adb88878d9cec08db5098399061ef.file.add.tpl.php
2012-12-26 05:56:15|Type d'erreur inconnu : [8] Undefined index: prenom - ligne 51 dans le fichier D:\wamp\www\rugby\cache\e68809f0cd3adb88878d9cec08db5098399061ef.file.add.tpl.php
2012-12-26 05:56:15|Type d'erreur inconnu : [8] Undefined index: nom - ligne 52 dans le fichier D:\wamp\www\rugby\cache\e68809f0cd3adb88878d9cec08db5098399061ef.file.add.tpl.php
2012-12-26 05:56:15|Type d'erreur inconnu : [8] Undefined index: prenom - ligne 51 dans le fichier D:\wamp\www\rugby\cache\e68809f0cd3adb88878d9cec08db5098399061ef.file.add.tpl.php
2012-12-26 05:56:15|Type d'erreur inconnu : [8] Undefined index: nom - ligne 52 dans le fichier D:\wamp\www\rugby\cache\e68809f0cd3adb88878d9cec08db5098399061ef.file.add.tpl.php
2012-12-26 05:56:15|Type d'erreur inconnu : [8] Undefined index: prenom - ligne 51 dans le fichier D:\wamp\www\rugby\cache\e68809f0cd3adb88878d9cec08db5098399061ef.file.add.tpl.php
2012-12-26 05:56:15|Type d'erreur inconnu : [8] Undefined index: nom - ligne 52 dans le fichier D:\wamp\www\rugby\cache\e68809f0cd3adb88878d9cec08db5098399061ef.file.add.tpl.php
2012-12-26 05:56:15|Type d'erreur inconnu : [8] Undefined index: prenom - ligne 51 dans le fichier D:\wamp\www\rugby\cache\e68809f0cd3adb88878d9cec08db5098399061ef.file.add.tpl.php
2012-12-26 05:56:15|Type d'erreur inconnu : [8] Undefined index: nom - ligne 52 dans le fichier D:\wamp\www\rugby\cache\e68809f0cd3adb88878d9cec08db5098399061ef.file.add.tpl.php
2012-12-26 05:56:15|Type d'erreur inconnu : [8] Undefined index: prenom - ligne 51 dans le fichier D:\wamp\www\rugby\cache\e68809f0cd3adb88878d9cec08db5098399061ef.file.add.tpl.php
2012-12-26 05:56:15|Type d'erreur inconnu : [8] Undefined index: nom - ligne 52 dans le fichier D:\wamp\www\rugby\cache\e68809f0cd3adb88878d9cec08db5098399061ef.file.add.tpl.php
2012-12-26 05:56:15|Type d'erreur inconnu : [8] Undefined index: prenom - ligne 51 dans le fichier D:\wamp\www\rugby\cache\e68809f0cd3adb88878d9cec08db5098399061ef.file.add.tpl.php
2012-12-26 05:56:15|Type d'erreur inconnu : [8] Undefined index: nom - ligne 52 dans le fichier D:\wamp\www\rugby\cache\e68809f0cd3adb88878d9cec08db5098399061ef.file.add.tpl.php
2012-12-26 05:56:15|Type d'erreur inconnu : [8] Undefined index: prenom - ligne 51 dans le fichier D:\wamp\www\rugby\cache\e68809f0cd3adb88878d9cec08db5098399061ef.file.add.tpl.php
2012-12-26 05:56:15|Type d'erreur inconnu : [8] Undefined index: nom - ligne 52 dans le fichier D:\wamp\www\rugby\cache\e68809f0cd3adb88878d9cec08db5098399061ef.file.add.tpl.php
2012-12-26 05:56:15|Type d'erreur inconnu : [8] Undefined index: prenom - ligne 51 dans le fichier D:\wamp\www\rugby\cache\e68809f0cd3adb88878d9cec08db5098399061ef.file.add.tpl.php
2012-12-26 05:55:43|Type d'erreur inconnu : [2] PDOStatement::execute(): SQLSTATE[42S22]: Column not found: 1054 Unknown column 'u.nom' in 'field list' - ligne 34 dans le fichier D:\wamp\www\rugby\kernel\core\DB\EPDO.php
2012-12-26 04:49:05|Type d'erreur inconnu : [8] Undefined variable: seance_number - ligne 291 dans le fichier D:\wamp\www\rugby\kernel\lib\smarty\sysplugins\smarty_internal_data.php
2012-12-26 04:43:52|Type d'erreur inconnu : [2] require_once(\indexController.php): failed to open stream: No such file or directory - ligne 95 dans le fichier D:\wamp\www\rugby\kernel\core\Router.class.php
2012-12-26 11:44:52|Type d'erreur inconnu : [2] Division by zero - ligne 1941 dans le fichier D:\wamp\www\rugby\kernel\lib\pChart\class\pDraw.class.php
2012-12-26 11:44:52|Type d'erreur inconnu : [8] Undefined index: Data - ligne 1913 dans le fichier D:\wamp\www\rugby\kernel\lib\pChart\class\pDraw.class.php
2012-12-26 11:44:51|Type d'erreur inconnu : [8] Undefined index: Data - ligne 100 dans le fichier D:\wamp\www\rugby\kernel\lib\pChart\class\pData.class.php
2012-12-26 11:44:51|Type d'erreur inconnu : [8] Undefined variable: data_img - ligne 562 dans le fichier D:\wamp\www\rugby\app\controller\joueurController.php
2012-12-26 11:44:51|Type d'erreur inconnu : [8] Undefined index: Data - ligne 3775 dans le fichier D:\wamp\www\rugby\kernel\lib\pChart\class\pDraw.class.php
2012-12-26 11:44:51|Type d'erreur inconnu : [8] Undefined index: Data - ligne 3774 dans le fichier D:\wamp\www\rugby\kernel\lib\pChart\class\pDraw.class.php
2012-12-26 11:44:51|Type d'erreur inconnu : [8] Undefined index: Data - ligne 3772 dans le fichier D:\wamp\www\rugby\kernel\lib\pChart\class\pDraw.class.php
2012-12-26 11:44:51|Type d'erreur inconnu : [8] Undefined index: Data - ligne 3759 dans le fichier D:\wamp\www\rugby\kernel\lib\pChart\class\pDraw.class.php
2012-12-26 11:44:51|Type d'erreur inconnu : [2] Division by zero - ligne 1941 dans le fichier D:\wamp\www\rugby\kernel\lib\pChart\class\pDraw.class.php
2012-12-26 11:44:51|Type d'erreur inconnu : [8] Undefined index: Data - ligne 1913 dans le fichier D:\wamp\www\rugby\kernel\lib\pChart\class\pDraw.class.php
2012-12-26 11:44:51|Type d'erreur inconnu : [8] Undefined index: Data - ligne 100 dans le fichier D:\wamp\www\rugby\kernel\lib\pChart\class\pData.class.php
2012-12-26 11:44:51|Type d'erreur inconnu : [8] Undefined index: Data - ligne 100 dans le fichier D:\wamp\www\rugby\kernel\lib\pChart\class\pData.class.php
2012-12-26 10:25:52|Type d'erreur inconnu : [2] Division by zero - ligne 1941 dans le fichier D:\wamp\www\rugby\kernel\lib\pChart\class\pDraw.class.php
2012-12-26 10:25:52|Type d'erreur inconnu : [8] Undefined index: Data - ligne 1913 dans le fichier D:\wamp\www\rugby\kernel\lib\pChart\class\pDraw.class.php
2012-12-26 10:25:52|Type d'erreur inconnu : [8] Undefined index: Data - ligne 100 dans le fichier D:\wamp\www\rugby\kernel\lib\pChart\class\pData.class.php
2012-12-26 10:25:52|Type d'erreur inconnu : [8] Undefined variable: data_img - ligne 562 dans le fichier D:\wamp\www\rugby\app\controller\joueurController.php
2012-12-26 10:25:52|Type d'erreur inconnu : [8] Undefined index: Data - ligne 3775 dans le fichier D:\wamp\www\rugby\kernel\lib\pChart\class\pDraw.class.php
2012-12-26 10:25:52|Type d'erreur inconnu : [8] Undefined index: Data - ligne 3774 dans le fichier D:\wamp\www\rugby\kernel\lib\pChart\class\pDraw.class.php
2012-12-26 10:25:52|Type d'erreur inconnu : [8] Undefined index: Data - ligne 3772 dans le fichier D:\wamp\www\rugby\kernel\lib\pChart\class\pDraw.class.php
2012-12-26 10:25:52|Type d'erreur inconnu : [8] Undefined index: Data - ligne 3759 dans le fichier D:\wamp\www\rugby\kernel\lib\pChart\class\pDraw.class.php
2012-12-26 10:25:52|Type d'erreur inconnu : [2] Division by zero - ligne 1941 dans le fichier D:\wamp\www\rugby\kernel\lib\pChart\class\pDraw.class.php
2012-12-26 10:25:52|Type d'erreur inconnu : [8] Undefined index: Data - ligne 1913 dans le fichier D:\wamp\www\rugby\kernel\lib\pChart\class\pDraw.class.php
2012-12-26 10:25:52|Type d'erreur inconnu : [8] Undefined index: Data - ligne 100 dans le fichier D:\wamp\www\rugby\kernel\lib\pChart\class\pData.class.php
2012-12-26 10:25:52|Type d'erreur inconnu : [8] Undefined index: Data - ligne 100 dans le fichier D:\wamp\www\rugby\kernel\lib\pChart\class\pData.class.php
