2012-11-24 10:30:51|Type d'erreur inconnu : [8] Undefined variable: Equipes - ligne 291 dans le fichier F:\wamp\www\rugby\kernel\lib\smarty\sysplugins\smarty_internal_data.php
2012-11-24 10:29:13|Type d'erreur inconnu : [8] Undefined variable: Equipes - ligne 291 dans le fichier F:\wamp\www\rugby\kernel\lib\smarty\sysplugins\smarty_internal_data.php
2012-11-24 10:27:56|Type d'erreur inconnu : [8] Undefined variable: Equipes - ligne 291 dans le fichier F:\wamp\www\rugby\kernel\lib\smarty\sysplugins\smarty_internal_data.php
2012-11-24 10:27:27|Type d'erreur inconnu : [8] Undefined index: Adversaire - ligne 47 dans le fichier F:\wamp\www\rugby\cache\f2d2eb24f858219a21789d9be1d456a8800c2241.file.add.tpl.php
2012-11-24 10:27:27|Type d'erreur inconnu : [8] Undefined variable: Equipes - ligne 291 dans le fichier F:\wamp\www\rugby\kernel\lib\smarty\sysplugins\smarty_internal_data.php
2012-11-24 10:27:08|Type d'erreur inconnu : [8] Undefined index: Adversaire - ligne 47 dans le fichier F:\wamp\www\rugby\cache\f2d2eb24f858219a21789d9be1d456a8800c2241.file.add.tpl.php
2012-11-24 10:27:08|Type d'erreur inconnu : [8] Undefined variable: Equipes - ligne 291 dans le fichier F:\wamp\www\rugby\kernel\lib\smarty\sysplugins\smarty_internal_data.php
2012-11-24 10:26:59|Type d'erreur inconnu : [8] Use of undefined constant VIEW_PAT - assumed 'VIEW_PAT' - ligne 9 dans le fichier F:\wamp\www\rugby\app\controller\matchRugbyController.php
2012-11-24 10:08:30|Type d'erreur inconnu : [8] Undefined variable: Exercices - ligne 291 dans le fichier F:\wamp\www\rugby\kernel\lib\smarty\sysplugins\smarty_internal_data.php
2012-11-24 10:08:21|Type d'erreur inconnu : [2] Division by zero - ligne 1941 dans le fichier F:\wamp\www\rugby\kernel\lib\pChart\class\pDraw.class.php
2012-11-24 10:08:21|Type d'erreur inconnu : [8] Undefined index: Data - ligne 1913 dans le fichier F:\wamp\www\rugby\kernel\lib\pChart\class\pDraw.class.php
2012-11-24 10:08:21|Type d'erreur inconnu : [8] Undefined index: Data - ligne 100 dans le fichier F:\wamp\www\rugby\kernel\lib\pChart\class\pData.class.php
2012-11-24 10:08:21|Type d'erreur inconnu : [8] Undefined variable: data_img - ligne 554 dans le fichier F:\wamp\www\rugby\app\controller\joueurController.php
2012-11-24 10:08:21|Type d'erreur inconnu : [8] Undefined index: Data - ligne 3775 dans le fichier F:\wamp\www\rugby\kernel\lib\pChart\class\pDraw.class.php
2012-11-24 10:08:21|Type d'erreur inconnu : [8] Undefined index: Data - ligne 3774 dans le fichier F:\wamp\www\rugby\kernel\lib\pChart\class\pDraw.class.php
2012-11-24 10:08:21|Type d'erreur inconnu : [8] Undefined index: Data - ligne 3772 dans le fichier F:\wamp\www\rugby\kernel\lib\pChart\class\pDraw.class.php
2012-11-24 10:08:21|Type d'erreur inconnu : [8] Undefined index: Data - ligne 3759 dans le fichier F:\wamp\www\rugby\kernel\lib\pChart\class\pDraw.class.php
2012-11-24 10:08:21|Type d'erreur inconnu : [2] Division by zero - ligne 1941 dans le fichier F:\wamp\www\rugby\kernel\lib\pChart\class\pDraw.class.php
2012-11-24 10:08:21|Type d'erreur inconnu : [8] Undefined index: Data - ligne 1913 dans le fichier F:\wamp\www\rugby\kernel\lib\pChart\class\pDraw.class.php
2012-11-24 10:08:21|Type d'erreur inconnu : [8] Undefined index: Data - ligne 100 dans le fichier F:\wamp\www\rugby\kernel\lib\pChart\class\pData.class.php
2012-11-24 10:08:21|Type d'erreur inconnu : [8] Undefined index: Data - ligne 100 dans le fichier F:\wamp\www\rugby\kernel\lib\pChart\class\pData.class.php
2012-11-24 09:49:38|Type d'erreur inconnu : [2] require_once(\indexController.php): failed to open stream: No such file or directory - ligne 95 dans le fichier F:\wamp\www\rugby\kernel\core\Router.class.php
2012-11-24 09:13:20|Type d'erreur inconnu : [2] require_once(\indexController.php): failed to open stream: No such file or directory - ligne 95 dans le fichier F:\wamp\www\rugby\kernel\core\Router.class.php
2012-11-24 07:43:49|Type d'erreur inconnu : [2] require_once(\indexController.php): failed to open stream: No such file or directory - ligne 95 dans le fichier F:\wamp\www\rugby\kernel\core\Router.class.php
2012-11-24 07:43:47|Type d'erreur inconnu : [2] require_once(\indexController.php): failed to open stream: No such file or directory - ligne 95 dans le fichier F:\wamp\www\rugby\kernel\core\Router.class.php
2012-11-24 07:43:47|Type d'erreur inconnu : [8] Undefined variable: Exercices - ligne 291 dans le fichier F:\wamp\www\rugby\kernel\lib\smarty\sysplugins\smarty_internal_data.php
2012-11-24 07:43:46|Type d'erreur inconnu : [2] require_once(\indexController.php): failed to open stream: No such file or directory - ligne 95 dans le fichier F:\wamp\www\rugby\kernel\core\Router.class.php
2012-11-24 07:43:42|Type d'erreur inconnu : [2] require_once(\indexController.php): failed to open stream: No such file or directory - ligne 95 dans le fichier F:\wamp\www\rugby\kernel\core\Router.class.php
2012-11-24 07:43:39|Type d'erreur inconnu : [2] require_once(\indexController.php): failed to open stream: No such file or directory - ligne 95 dans le fichier F:\wamp\www\rugby\kernel\core\Router.class.php
2012-11-24 07:43:37|Type d'erreur inconnu : [2] require_once(\indexController.php): failed to open stream: No such file or directory - ligne 95 dans le fichier F:\wamp\www\rugby\kernel\core\Router.class.php
2012-11-24 07:43:32|Type d'erreur inconnu : [2] require_once(\indexController.php): failed to open stream: No such file or directory - ligne 95 dans le fichier F:\wamp\www\rugby\kernel\core\Router.class.php
2012-11-24 07:43:29|Type d'erreur inconnu : [2] require_once(\indexController.php): failed to open stream: No such file or directory - ligne 95 dans le fichier F:\wamp\www\rugby\kernel\core\Router.class.php
2012-11-24 07:43:23|Type d'erreur inconnu : [2] require_once(\indexController.php): failed to open stream: No such file or directory - ligne 95 dans le fichier F:\wamp\www\rugby\kernel\core\Router.class.php
2012-11-24 07:43:20|Type d'erreur inconnu : [2] require_once(\indexController.php): failed to open stream: No such file or directory - ligne 95 dans le fichier F:\wamp\www\rugby\kernel\core\Router.class.php
2012-11-24 07:41:24|Type d'erreur inconnu : [2] require_once(\indexController.php): failed to open stream: No such file or directory - ligne 95 dans le fichier F:\wamp\www\rugby\kernel\core\Router.class.php
2012-11-24 07:40:53|Type d'erreur inconnu : [2] require_once(\indexController.php): failed to open stream: No such file or directory - ligne 95 dans le fichier F:\wamp\www\rugby\kernel\core\Router.class.php
2012-11-24 07:40:50|Type d'erreur inconnu : [2] require_once(\indexController.php): failed to open stream: No such file or directory - ligne 95 dans le fichier F:\wamp\www\rugby\kernel\core\Router.class.php
2012-11-24 07:40:44|Type d'erreur inconnu : [2] require_once(\indexController.php): failed to open stream: No such file or directory - ligne 95 dans le fichier F:\wamp\www\rugby\kernel\core\Router.class.php
2012-11-24 07:40:40|Type d'erreur inconnu : [2] require_once(\indexController.php): failed to open stream: No such file or directory - ligne 95 dans le fichier F:\wamp\www\rugby\kernel\core\Router.class.php
2012-11-24 07:39:16|Type d'erreur inconnu : [2] require_once(\indexController.php): failed to open stream: No such file or directory - ligne 95 dans le fichier F:\wamp\www\rugby\kernel\core\Router.class.php
2012-11-24 07:39:13|Type d'erreur inconnu : [2] require_once(\indexController.php): failed to open stream: No such file or directory - ligne 95 dans le fichier F:\wamp\www\rugby\kernel\core\Router.class.php
2012-11-24 07:39:09|Type d'erreur inconnu : [2] require_once(\indexController.php): failed to open stream: No such file or directory - ligne 95 dans le fichier F:\wamp\www\rugby\kernel\core\Router.class.php
2012-11-24 07:39:05|Type d'erreur inconnu : [2] require_once(\indexController.php): failed to open stream: No such file or directory - ligne 95 dans le fichier F:\wamp\www\rugby\kernel\core\Router.class.php
2012-11-24 07:38:42|Type d'erreur inconnu : [2] require_once(\indexController.php): failed to open stream: No such file or directory - ligne 95 dans le fichier F:\wamp\www\rugby\kernel\core\Router.class.php
2012-11-24 07:38:39|Type d'erreur inconnu : [2] require_once(\indexController.php): failed to open stream: No such file or directory - ligne 95 dans le fichier F:\wamp\www\rugby\kernel\core\Router.class.php
2012-11-24 07:38:36|Type d'erreur inconnu : [2] require_once(\indexController.php): failed to open stream: No such file or directory - ligne 95 dans le fichier F:\wamp\www\rugby\kernel\core\Router.class.php
2012-11-24 07:38:11|Type d'erreur inconnu : [2] require_once(\indexController.php): failed to open stream: No such file or directory - ligne 95 dans le fichier F:\wamp\www\rugby\kernel\core\Router.class.php
2012-11-24 07:38:08|Type d'erreur inconnu : [2] require_once(\indexController.php): failed to open stream: No such file or directory - ligne 95 dans le fichier F:\wamp\www\rugby\kernel\core\Router.class.php
2012-11-24 07:34:31|Type d'erreur inconnu : [2] require_once(\indexController.php): failed to open stream: No such file or directory - ligne 95 dans le fichier F:\wamp\www\rugby\kernel\core\Router.class.php
2012-11-24 07:34:27|Type d'erreur inconnu : [2] require_once(\indexController.php): failed to open stream: No such file or directory - ligne 95 dans le fichier F:\wamp\www\rugby\kernel\core\Router.class.php
2012-11-24 07:33:51|Type d'erreur inconnu : [2] require_once(\indexController.php): failed to open stream: No such file or directory - ligne 95 dans le fichier F:\wamp\www\rugby\kernel\core\Router.class.php
2012-11-24 07:33:48|Type d'erreur inconnu : [2] require_once(\indexController.php): failed to open stream: No such file or directory - ligne 95 dans le fichier F:\wamp\www\rugby\kernel\core\Router.class.php
2012-11-24 07:25:13|Type d'erreur inconnu : [2] require_once(\indexController.php): failed to open stream: No such file or directory - ligne 95 dans le fichier F:\wamp\www\rugby\kernel\core\Router.class.php
2012-11-24 07:22:17|Type d'erreur inconnu : [2] Division by zero - ligne 1941 dans le fichier F:\wamp\www\rugby\kernel\lib\pChart\class\pDraw.class.php
2012-11-24 07:22:17|Type d'erreur inconnu : [8] Undefined index: Data - ligne 1913 dans le fichier F:\wamp\www\rugby\kernel\lib\pChart\class\pDraw.class.php
2012-11-24 07:22:17|Type d'erreur inconnu : [8] Undefined index: Data - ligne 100 dans le fichier F:\wamp\www\rugby\kernel\lib\pChart\class\pData.class.php
2012-11-24 07:22:17|Type d'erreur inconnu : [8] Undefined variable: data_img - ligne 554 dans le fichier F:\wamp\www\rugby\app\controller\joueurController.php
2012-11-24 07:22:17|Type d'erreur inconnu : [8] Undefined index: Data - ligne 3775 dans le fichier F:\wamp\www\rugby\kernel\lib\pChart\class\pDraw.class.php
2012-11-24 07:22:17|Type d'erreur inconnu : [8] Undefined index: Data - ligne 3774 dans le fichier F:\wamp\www\rugby\kernel\lib\pChart\class\pDraw.class.php
2012-11-24 07:22:17|Type d'erreur inconnu : [8] Undefined index: Data - ligne 3772 dans le fichier F:\wamp\www\rugby\kernel\lib\pChart\class\pDraw.class.php
2012-11-24 07:22:17|Type d'erreur inconnu : [8] Undefined index: Data - ligne 3759 dans le fichier F:\wamp\www\rugby\kernel\lib\pChart\class\pDraw.class.php
2012-11-24 07:22:17|Type d'erreur inconnu : [2] Division by zero - ligne 1941 dans le fichier F:\wamp\www\rugby\kernel\lib\pChart\class\pDraw.class.php
2012-11-24 07:22:17|Type d'erreur inconnu : [8] Undefined index: Data - ligne 1913 dans le fichier F:\wamp\www\rugby\kernel\lib\pChart\class\pDraw.class.php
2012-11-24 07:22:17|Type d'erreur inconnu : [8] Undefined index: Data - ligne 100 dans le fichier F:\wamp\www\rugby\kernel\lib\pChart\class\pData.class.php
2012-11-24 07:22:17|Type d'erreur inconnu : [8] Undefined index: Data - ligne 100 dans le fichier F:\wamp\www\rugby\kernel\lib\pChart\class\pData.class.php
2012-11-24 07:21:32|Type d'erreur inconnu : [2] require_once(\indexController.php): failed to open stream: No such file or directory - ligne 95 dans le fichier F:\wamp\www\rugby\kernel\core\Router.class.php
2012-11-24 04:11:32|Type d'erreur inconnu : [2] Division by zero - ligne 1941 dans le fichier F:\wamp\www\rugby\kernel\lib\pChart\class\pDraw.class.php
2012-11-24 04:11:32|Type d'erreur inconnu : [8] Undefined index: Data - ligne 1913 dans le fichier F:\wamp\www\rugby\kernel\lib\pChart\class\pDraw.class.php
2012-11-24 04:11:32|Type d'erreur inconnu : [8] Undefined index: Data - ligne 100 dans le fichier F:\wamp\www\rugby\kernel\lib\pChart\class\pData.class.php
2012-11-24 04:11:32|Type d'erreur inconnu : [8] Undefined variable: data_img - ligne 554 dans le fichier F:\wamp\www\rugby\app\controller\joueurController.php
2012-11-24 04:11:32|Type d'erreur inconnu : [8] Undefined index: Data - ligne 3775 dans le fichier F:\wamp\www\rugby\kernel\lib\pChart\class\pDraw.class.php
2012-11-24 04:11:32|Type d'erreur inconnu : [8] Undefined index: Data - ligne 3774 dans le fichier F:\wamp\www\rugby\kernel\lib\pChart\class\pDraw.class.php
2012-11-24 04:11:32|Type d'erreur inconnu : [8] Undefined index: Data - ligne 3772 dans le fichier F:\wamp\www\rugby\kernel\lib\pChart\class\pDraw.class.php
2012-11-24 04:11:32|Type d'erreur inconnu : [8] Undefined index: Data - ligne 3759 dans le fichier F:\wamp\www\rugby\kernel\lib\pChart\class\pDraw.class.php
2012-11-24 04:11:32|Type d'erreur inconnu : [2] Division by zero - ligne 1941 dans le fichier F:\wamp\www\rugby\kernel\lib\pChart\class\pDraw.class.php
2012-11-24 04:11:32|Type d'erreur inconnu : [8] Undefined index: Data - ligne 1913 dans le fichier F:\wamp\www\rugby\kernel\lib\pChart\class\pDraw.class.php
2012-11-24 04:11:32|Type d'erreur inconnu : [8] Undefined index: Data - ligne 100 dans le fichier F:\wamp\www\rugby\kernel\lib\pChart\class\pData.class.php
2012-11-24 04:11:32|Type d'erreur inconnu : [8] Undefined index: Data - ligne 100 dans le fichier F:\wamp\www\rugby\kernel\lib\pChart\class\pData.class.php
2012-11-24 04:11:32|Type d'erreur inconnu : [8] Undefined index: Data - ligne 3775 dans le fichier F:\wamp\www\rugby\kernel\lib\pChart\class\pDraw.class.php
2012-11-24 04:11:32|Type d'erreur inconnu : [8] Undefined index: Data - ligne 3774 dans le fichier F:\wamp\www\rugby\kernel\lib\pChart\class\pDraw.class.php
2012-11-24 04:11:32|Type d'erreur inconnu : [8] Undefined index: Data - ligne 3772 dans le fichier F:\wamp\www\rugby\kernel\lib\pChart\class\pDraw.class.php
2012-11-24 04:11:32|Type d'erreur inconnu : [8] Undefined index: Data - ligne 3759 dans le fichier F:\wamp\www\rugby\kernel\lib\pChart\class\pDraw.class.php
2012-11-24 04:11:32|Type d'erreur inconnu : [2] Division by zero - ligne 1941 dans le fichier F:\wamp\www\rugby\kernel\lib\pChart\class\pDraw.class.php
2012-11-24 04:11:32|Type d'erreur inconnu : [8] Undefined index: Data - ligne 1913 dans le fichier F:\wamp\www\rugby\kernel\lib\pChart\class\pDraw.class.php
2012-11-24 04:11:32|Type d'erreur inconnu : [8] Undefined index: Data - ligne 100 dans le fichier F:\wamp\www\rugby\kernel\lib\pChart\class\pData.class.php
2012-11-24 04:11:32|Type d'erreur inconnu : [8] Undefined index: Data - ligne 100 dans le fichier F:\wamp\www\rugby\kernel\lib\pChart\class\pData.class.php
2012-11-24 04:11:15|Type d'erreur inconnu : [2] require_once(\indexController.php): failed to open stream: No such file or directory - ligne 95 dans le fichier F:\wamp\www\rugby\kernel\core\Router.class.php
2012-11-24 04:11:14|Type d'erreur inconnu : [2] require_once(\indexController.php): failed to open stream: No such file or directory - ligne 95 dans le fichier F:\wamp\www\rugby\kernel\core\Router.class.php
2012-11-24 04:10:52|Type d'erreur inconnu : [8] Undefined index: Sportif_dans_l_equipe - ligne 21 dans le fichier F:\wamp\www\rugby\cache\88ac9e6f8af7f6249ac6f2a85d372aba4449a448.file.ajax_detail.tpl.php
2012-11-24 04:05:58|Type d'erreur inconnu : [2] require_once(\indexController.php): failed to open stream: No such file or directory - ligne 95 dans le fichier F:\wamp\www\rugby\kernel\core\Router.class.php
2012-11-24 04:05:38|Type d'erreur inconnu : [8] Undefined variable: Row - ligne 291 dans le fichier F:\wamp\www\rugby\kernel\lib\smarty\sysplugins\smarty_internal_data.php
2012-11-24 04:05:37|Type d'erreur inconnu : [2] require_once(\indexController.php): failed to open stream: No such file or directory - ligne 95 dans le fichier F:\wamp\www\rugby\kernel\core\Router.class.php
2012-11-24 04:04:23|Type d'erreur inconnu : [2] require_once(\indexController.php): failed to open stream: No such file or directory - ligne 95 dans le fichier F:\wamp\www\rugby\kernel\core\Router.class.php
