2012-11-03 11:46:18|Type d'erreur inconnu : [8] Undefined index: acl - ligne 42 dans le fichier F:\wamp\www\rugby\cache\6080e7834880724d43b11ab3afb5202132c93857.file.blokNavigation.tpl.php
2012-11-03 11:46:18|Type d'erreur inconnu : [8] Undefined index: acl - ligne 30 dans le fichier F:\wamp\www\rugby\cache\6080e7834880724d43b11ab3afb5202132c93857.file.blokNavigation.tpl.php
2012-11-03 11:46:18|Type d'erreur inconnu : [8] Undefined index: acl - ligne 42 dans le fichier F:\wamp\www\rugby\cache\6080e7834880724d43b11ab3afb5202132c93857.file.blokNavigation.tpl.php
2012-11-03 11:46:18|Type d'erreur inconnu : [8] Undefined index: acl - ligne 30 dans le fichier F:\wamp\www\rugby\cache\6080e7834880724d43b11ab3afb5202132c93857.file.blokNavigation.tpl.php
2012-11-03 11:46:07|Type d'erreur inconnu : [8] Undefined index: acl - ligne 42 dans le fichier F:\wamp\www\rugby\cache\6080e7834880724d43b11ab3afb5202132c93857.file.blokNavigation.tpl.php
2012-11-03 11:46:07|Type d'erreur inconnu : [8] Undefined index: acl - ligne 30 dans le fichier F:\wamp\www\rugby\cache\6080e7834880724d43b11ab3afb5202132c93857.file.blokNavigation.tpl.php
2012-11-03 11:46:07|Type d'erreur inconnu : [8] Undefined index: acl - ligne 42 dans le fichier F:\wamp\www\rugby\cache\6080e7834880724d43b11ab3afb5202132c93857.file.blokNavigation.tpl.php
2012-11-03 11:46:07|Type d'erreur inconnu : [8] Undefined index: acl - ligne 30 dans le fichier F:\wamp\www\rugby\cache\6080e7834880724d43b11ab3afb5202132c93857.file.blokNavigation.tpl.php
2012-11-03 11:46:01|Type d'erreur inconnu : [8] Undefined index: acl - ligne 42 dans le fichier F:\wamp\www\rugby\cache\6080e7834880724d43b11ab3afb5202132c93857.file.blokNavigation.tpl.php
2012-11-03 11:46:01|Type d'erreur inconnu : [8] Undefined index: acl - ligne 30 dans le fichier F:\wamp\www\rugby\cache\6080e7834880724d43b11ab3afb5202132c93857.file.blokNavigation.tpl.php
2012-11-03 11:46:01|Type d'erreur inconnu : [8] Undefined index: acl - ligne 42 dans le fichier F:\wamp\www\rugby\cache\6080e7834880724d43b11ab3afb5202132c93857.file.blokNavigation.tpl.php
2012-11-03 11:46:01|Type d'erreur inconnu : [8] Undefined index: acl - ligne 30 dans le fichier F:\wamp\www\rugby\cache\6080e7834880724d43b11ab3afb5202132c93857.file.blokNavigation.tpl.php
2012-11-03 10:33:17|Type d'erreur inconnu : [8] Undefined index: Data - ligne 3775 dans le fichier F:\wamp\www\rugby\kernel\lib\pChart\class\pDraw.class.php
2012-11-03 10:33:17|Type d'erreur inconnu : [8] Undefined index: Data - ligne 3774 dans le fichier F:\wamp\www\rugby\kernel\lib\pChart\class\pDraw.class.php
2012-11-03 10:33:17|Type d'erreur inconnu : [8] Undefined index: Data - ligne 3772 dans le fichier F:\wamp\www\rugby\kernel\lib\pChart\class\pDraw.class.php
2012-11-03 10:33:17|Type d'erreur inconnu : [8] Undefined index: Data - ligne 3759 dans le fichier F:\wamp\www\rugby\kernel\lib\pChart\class\pDraw.class.php
2012-11-03 10:33:17|Type d'erreur inconnu : [2] Division by zero - ligne 1941 dans le fichier F:\wamp\www\rugby\kernel\lib\pChart\class\pDraw.class.php
2012-11-03 10:33:17|Type d'erreur inconnu : [8] Undefined index: Data - ligne 1913 dans le fichier F:\wamp\www\rugby\kernel\lib\pChart\class\pDraw.class.php
2012-11-03 10:33:17|Type d'erreur inconnu : [8] Undefined index: Data - ligne 100 dans le fichier F:\wamp\www\rugby\kernel\lib\pChart\class\pData.class.php
2012-11-03 10:33:17|Type d'erreur inconnu : [8] Undefined index: Data - ligne 100 dans le fichier F:\wamp\www\rugby\kernel\lib\pChart\class\pData.class.php
2012-11-03 10:33:17|Type d'erreur inconnu : [2] Division by zero - ligne 1941 dans le fichier F:\wamp\www\rugby\kernel\lib\pChart\class\pDraw.class.php
2012-11-03 10:33:17|Type d'erreur inconnu : [8] Undefined index: Data - ligne 1913 dans le fichier F:\wamp\www\rugby\kernel\lib\pChart\class\pDraw.class.php
2012-11-03 10:33:17|Type d'erreur inconnu : [8] Undefined index: Data - ligne 100 dans le fichier F:\wamp\www\rugby\kernel\lib\pChart\class\pData.class.php
2012-11-03 10:33:17|Type d'erreur inconnu : [8] Undefined variable: data_img - ligne 473 dans le fichier F:\wamp\www\rugby\app\controller\joueurController.php
2012-11-03 10:33:17|Type d'erreur inconnu : [8] Undefined index: Data - ligne 3775 dans le fichier F:\wamp\www\rugby\kernel\lib\pChart\class\pDraw.class.php
2012-11-03 10:33:17|Type d'erreur inconnu : [8] Undefined index: Data - ligne 3774 dans le fichier F:\wamp\www\rugby\kernel\lib\pChart\class\pDraw.class.php
2012-11-03 10:33:17|Type d'erreur inconnu : [8] Undefined index: Data - ligne 3772 dans le fichier F:\wamp\www\rugby\kernel\lib\pChart\class\pDraw.class.php
2012-11-03 10:33:17|Type d'erreur inconnu : [8] Undefined index: Data - ligne 3759 dans le fichier F:\wamp\www\rugby\kernel\lib\pChart\class\pDraw.class.php
2012-11-03 10:33:17|Type d'erreur inconnu : [2] Division by zero - ligne 1941 dans le fichier F:\wamp\www\rugby\kernel\lib\pChart\class\pDraw.class.php
2012-11-03 10:33:17|Type d'erreur inconnu : [8] Undefined index: Data - ligne 1913 dans le fichier F:\wamp\www\rugby\kernel\lib\pChart\class\pDraw.class.php
2012-11-03 10:33:17|Type d'erreur inconnu : [8] Undefined index: Data - ligne 100 dans le fichier F:\wamp\www\rugby\kernel\lib\pChart\class\pData.class.php
2012-11-03 10:33:17|Type d'erreur inconnu : [8] Undefined index: Data - ligne 100 dans le fichier F:\wamp\www\rugby\kernel\lib\pChart\class\pData.class.php
2012-11-03 10:33:13|Type d'erreur inconnu : [8] Undefined variable: Exercices - ligne 291 dans le fichier F:\wamp\www\rugby\kernel\lib\smarty\sysplugins\smarty_internal_data.php
2012-11-03 07:27:38|Type d'erreur inconnu : [8] Undefined index: acl - ligne 39 dans le fichier F:\wamp\www\rugby\cache\6080e7834880724d43b11ab3afb5202132c93857.file.blokNavigation.tpl.php
2012-11-03 07:27:38|Type d'erreur inconnu : [8] Undefined index: acl - ligne 28 dans le fichier F:\wamp\www\rugby\cache\6080e7834880724d43b11ab3afb5202132c93857.file.blokNavigation.tpl.php
2012-11-03 07:27:37|Type d'erreur inconnu : [8] Undefined index: acl - ligne 39 dans le fichier F:\wamp\www\rugby\cache\6080e7834880724d43b11ab3afb5202132c93857.file.blokNavigation.tpl.php
2012-11-03 07:27:37|Type d'erreur inconnu : [8] Undefined index: acl - ligne 28 dans le fichier F:\wamp\www\rugby\cache\6080e7834880724d43b11ab3afb5202132c93857.file.blokNavigation.tpl.php
2012-11-03 04:05:13|Type d'erreur inconnu : [8] Undefined variable: Exercices - ligne 291 dans le fichier F:\wamp\www\rugby\kernel\lib\smarty\sysplugins\smarty_internal_data.php
2012-11-03 04:04:58|Type d'erreur inconnu : [8] Undefined variable: Exercices - ligne 291 dans le fichier F:\wamp\www\rugby\kernel\lib\smarty\sysplugins\smarty_internal_data.php
2012-11-03 03:41:17|Type d'erreur inconnu : [2] Division by zero - ligne 1941 dans le fichier F:\wamp\www\rugby\kernel\lib\pChart\class\pDraw.class.php
2012-11-03 03:41:17|Type d'erreur inconnu : [8] Undefined index: Data - ligne 1913 dans le fichier F:\wamp\www\rugby\kernel\lib\pChart\class\pDraw.class.php
2012-11-03 03:41:17|Type d'erreur inconnu : [8] Undefined index: Data - ligne 100 dans le fichier F:\wamp\www\rugby\kernel\lib\pChart\class\pData.class.php
2012-11-03 03:41:17|Type d'erreur inconnu : [8] Undefined variable: data_img - ligne 473 dans le fichier F:\wamp\www\rugby\app\controller\joueurController.php
2012-11-03 03:00:41|Type d'erreur inconnu : [2] unlink(F:\wamp\www\rugby\web\upload\muscu\8\images\13519487274.png): No such file or directory - ligne 778 dans le fichier F:\wamp\www\rugby\app\controller\muscuController.php
2012-11-03 03:00:38|Type d'erreur inconnu : [2] unlink(F:\wamp\www\rugby\web\upload\muscu\8\images\13519476701.jpg): No such file or directory - ligne 778 dans le fichier F:\wamp\www\rugby\app\controller\muscuController.php
2012-11-03 02:59:59|Type d'erreur inconnu : [2] PDOStatement::execute(): SQLSTATE[42000]: Syntax error or access violation: 1064 You have an error in your SQL syntax; check the manual that corresponds to your MySQL server version for the right syntax to use near '' at line 1 - ligne 34 dans le fichier F:\wamp\www\rugby\kernel\core\DB\EPDO.php
2012-11-03 02:59:59|Type d'erreur inconnu : [2] PDO::quote() expects parameter 1 to be string, array given - ligne 258 dans le fichier F:\wamp\www\rugby\kernel\core\DB\Db.class.php
2012-11-03 02:59:59|Type d'erreur inconnu : [2] unlink(F:\wamp\www\rugby\web\upload\muscu\8\images\13519476701.jpg): No such file or directory - ligne 778 dans le fichier F:\wamp\www\rugby\app\controller\muscuController.php
2012-11-03 02:59:55|Type d'erreur inconnu : [2] PDOStatement::execute(): SQLSTATE[42000]: Syntax error or access violation: 1064 You have an error in your SQL syntax; check the manual that corresponds to your MySQL server version for the right syntax to use near '' at line 1 - ligne 34 dans le fichier F:\wamp\www\rugby\kernel\core\DB\EPDO.php
2012-11-03 02:59:55|Type d'erreur inconnu : [2] PDO::quote() expects parameter 1 to be string, array given - ligne 258 dans le fichier F:\wamp\www\rugby\kernel\core\DB\Db.class.php
2012-11-03 02:59:55|Type d'erreur inconnu : [2] unlink(F:\wamp\www\rugby\web\upload\muscu\8\images\13519476701.jpg): No such file or directory - ligne 778 dans le fichier F:\wamp\www\rugby\app\controller\muscuController.php
2012-11-03 02:58:33|Type d'erreur inconnu : [2] unlink(F:\wamp\www\rugby\web\upload\muscu\8\images\13519476701.jpg): No such file or directory - ligne 778 dans le fichier F:\wamp\www\rugby\app\controller\muscuController.php
2012-11-03 02:57:57|Type d'erreur inconnu : [2] unlink(F:\wamp\www\rugby\web\upload\muscu\8\images\13519476701.jpg): No such file or directory - ligne 778 dans le fichier F:\wamp\www\rugby\app\controller\muscuController.php
2012-11-03 02:57:43|Type d'erreur inconnu : [2] unlink(F:\wamp\www\rugby\web\upload\muscu\8\images\13519476701.jpg): No such file or directory - ligne 778 dans le fichier F:\wamp\www\rugby\app\controller\muscuController.php
2012-11-03 02:57:07|Type d'erreur inconnu : [2] unlink(F:\wamp\www\rugby\web\upload\muscu\8\photo\13519476701.jpg): No such file or directory - ligne 778 dans le fichier F:\wamp\www\rugby\app\controller\muscuController.php
2012-11-03 02:57:04|Type d'erreur inconnu : [2] unlink(F:\wamp\www\rugby\web\upload\muscu\8\photo\13519487271.jpg): No such file or directory - ligne 778 dans le fichier F:\wamp\www\rugby\app\controller\muscuController.php
2012-11-03 02:52:02|Type d'erreur inconnu : [8] Undefined index: Confirm_suppression_photo - ligne 58 dans le fichier F:\wamp\www\rugby\cache\c433da3ff078d6d2a33a82c30e0bab546e74e3ab.file.exercice_fiche.tpl.php
2012-11-03 02:37:49|Type d'erreur inconnu : [8] Undefined variable: video - ligne 291 dans le fichier F:\wamp\www\rugby\kernel\lib\smarty\sysplugins\smarty_internal_data.php
2012-11-03 02:37:29|Type d'erreur inconnu : [8] Undefined variable: video - ligne 291 dans le fichier F:\wamp\www\rugby\kernel\lib\smarty\sysplugins\smarty_internal_data.php
2012-11-03 02:37:29|Type d'erreur inconnu : [8] Undefined index: Videos - ligne 115 dans le fichier F:\wamp\www\rugby\cache\c433da3ff078d6d2a33a82c30e0bab546e74e3ab.file.exercice_fiche.tpl.php
2012-11-03 02:24:31|Type d'erreur inconnu : [8] Undefined index: Illustrations - ligne 76 dans le fichier F:\wamp\www\rugby\cache\c433da3ff078d6d2a33a82c30e0bab546e74e3ab.file.exercice_fiche.tpl.php
2012-11-03 02:23:52|Type d'erreur inconnu : [8] Undefined index: description - ligne 94 dans le fichier F:\wamp\www\rugby\cache\c433da3ff078d6d2a33a82c30e0bab546e74e3ab.file.exercice_fiche.tpl.php
2012-11-03 02:23:52|Type d'erreur inconnu : [8] Undefined index: description - ligne 94 dans le fichier F:\wamp\www\rugby\cache\c433da3ff078d6d2a33a82c30e0bab546e74e3ab.file.exercice_fiche.tpl.php
2012-11-03 02:23:52|Type d'erreur inconnu : [8] Undefined index: description - ligne 94 dans le fichier F:\wamp\www\rugby\cache\c433da3ff078d6d2a33a82c30e0bab546e74e3ab.file.exercice_fiche.tpl.php
2012-11-03 02:23:52|Type d'erreur inconnu : [8] Undefined index: description - ligne 94 dans le fichier F:\wamp\www\rugby\cache\c433da3ff078d6d2a33a82c30e0bab546e74e3ab.file.exercice_fiche.tpl.php
2012-11-03 02:23:52|Type d'erreur inconnu : [8] Undefined index: description - ligne 94 dans le fichier F:\wamp\www\rugby\cache\c433da3ff078d6d2a33a82c30e0bab546e74e3ab.file.exercice_fiche.tpl.php
2012-11-03 02:23:52|Type d'erreur inconnu : [8] Undefined index: description - ligne 94 dans le fichier F:\wamp\www\rugby\cache\c433da3ff078d6d2a33a82c30e0bab546e74e3ab.file.exercice_fiche.tpl.php
2012-11-03 02:23:52|Type d'erreur inconnu : [8] Undefined index: description - ligne 94 dans le fichier F:\wamp\www\rugby\cache\c433da3ff078d6d2a33a82c30e0bab546e74e3ab.file.exercice_fiche.tpl.php
2012-11-03 02:23:52|Type d'erreur inconnu : [8] Undefined index: description - ligne 94 dans le fichier F:\wamp\www\rugby\cache\c433da3ff078d6d2a33a82c30e0bab546e74e3ab.file.exercice_fiche.tpl.php
2012-11-03 02:23:52|Type d'erreur inconnu : [8] Undefined index: Illustrations - ligne 76 dans le fichier F:\wamp\www\rugby\cache\c433da3ff078d6d2a33a82c30e0bab546e74e3ab.file.exercice_fiche.tpl.php
2012-11-03 02:22:57|Type d'erreur inconnu : [2] PDOStatement::execute(): SQLSTATE[42000]: Syntax error or access violation: 1064 You have an error in your SQL syntax; check the manual that corresponds to your MySQL server version for the right syntax to use near ''ordre'' at line 1 - ligne 34 dans le fichier F:\wamp\www\rugby\kernel\core\DB\EPDO.php
2012-11-03 02:22:57|Type d'erreur inconnu : [2] PDOStatement::execute(): SQLSTATE[42000]: Syntax error or access violation: 1064 You have an error in your SQL syntax; check the manual that corresponds to your MySQL server version for the right syntax to use near ''ordre'' at line 1 - ligne 34 dans le fichier F:\wamp\www\rugby\kernel\core\DB\EPDO.php
2012-11-03 01:00:04|Type d'erreur inconnu : [8] Undefined index: image4 - ligne 59 dans le fichier F:\wamp\www\rugby\app\controller\musculationController.php
2012-11-03 01:00:04|Type d'erreur inconnu : [8] Undefined index: image3 - ligne 59 dans le fichier F:\wamp\www\rugby\app\controller\musculationController.php
2012-11-03 01:00:04|Type d'erreur inconnu : [8] Undefined index: image2 - ligne 59 dans le fichier F:\wamp\www\rugby\app\controller\musculationController.php
2012-11-03 01:00:04|Type d'erreur inconnu : [8] Undefined index: image1 - ligne 59 dans le fichier F:\wamp\www\rugby\app\controller\musculationController.php
2012-11-03 12:58:30|Type d'erreur inconnu : [8] Undefined index: image4 - ligne 59 dans le fichier F:\wamp\www\rugby\app\controller\musculationController.php
2012-11-03 12:58:30|Type d'erreur inconnu : [8] Undefined index: image3 - ligne 59 dans le fichier F:\wamp\www\rugby\app\controller\musculationController.php
2012-11-03 12:58:30|Type d'erreur inconnu : [8] Undefined index: image2 - ligne 59 dans le fichier F:\wamp\www\rugby\app\controller\musculationController.php
2012-11-03 12:58:30|Type d'erreur inconnu : [8] Undefined index: image1 - ligne 59 dans le fichier F:\wamp\www\rugby\app\controller\musculationController.php
2012-11-03 12:58:30|Type d'erreur inconnu : [2] PDOStatement::execute(): SQLSTATE[42S02]: Base table or view not found: 1146 Table 'rugby.muscu_exercice_photo' doesn't exist - ligne 34 dans le fichier F:\wamp\www\rugby\kernel\core\DB\EPDO.php
2012-11-03 12:46:52|Type d'erreur inconnu : [8] Undefined index: Image - ligne 41 dans le fichier F:\wamp\www\rugby\cache\0461c0566a57e4fd517ffdb343e784cfe0f90443.file.exercice_add.tpl.php
2012-11-03 12:46:52|Type d'erreur inconnu : [8] Undefined index: Image - ligne 40 dans le fichier F:\wamp\www\rugby\cache\0461c0566a57e4fd517ffdb343e784cfe0f90443.file.exercice_add.tpl.php
2012-11-03 12:46:52|Type d'erreur inconnu : [8] Undefined index: Image - ligne 39 dans le fichier F:\wamp\www\rugby\cache\0461c0566a57e4fd517ffdb343e784cfe0f90443.file.exercice_add.tpl.php
2012-11-03 12:46:52|Type d'erreur inconnu : [8] Undefined index: Image - ligne 38 dans le fichier F:\wamp\www\rugby\cache\0461c0566a57e4fd517ffdb343e784cfe0f90443.file.exercice_add.tpl.php
2012-11-03 12:35:36|Type d'erreur inconnu : [2] require_once(F:\wamp\www\rugby\controller\musculationController.php): failed to open stream: No such file or directory - ligne 96 dans le fichier F:\wamp\www\rugby\kernel\core\Controller.class.php
2012-11-03 11:57:47|Type d'erreur inconnu : [8] Undefined variable: Videos - ligne 291 dans le fichier F:\wamp\www\rugby\kernel\lib\smarty\sysplugins\smarty_internal_data.php
2012-11-03 11:57:13|Type d'erreur inconnu : [8] Undefined variable: Videos - ligne 291 dans le fichier F:\wamp\www\rugby\kernel\lib\smarty\sysplugins\smarty_internal_data.php
2012-11-03 11:38:08|Type d'erreur inconnu : [8] Undefined index: Video - ligne 40 dans le fichier F:\wamp\www\rugby\cache\88f4c22ca9f0d0d6704f7e59d249509052107306.file.exercice_edit.tpl.php
