2012-12-01 02:45:13|Type d'erreur inconnu : [8] Undefined index: Ressentie_entraineur - ligne 22 dans le fichier D:\wamp\www\rugby\cache\ff843821f4948e9bbdd200c6bb9462dacead74ed.file.sequence_form_entraineur.tpl.php
2012-12-01 02:45:11|Type d'erreur inconnu : [2] require_once(\indexController.php): failed to open stream: No such file or directory - ligne 95 dans le fichier D:\wamp\www\rugby\kernel\core\Router.class.php
2012-12-01 02:44:56|Type d'erreur inconnu : [8] Undefined index: Ressentie_entraineur - ligne 22 dans le fichier D:\wamp\www\rugby\cache\ff843821f4948e9bbdd200c6bb9462dacead74ed.file.sequence_form_entraineur.tpl.php
2012-12-01 02:44:53|Type d'erreur inconnu : [2] require_once(\indexController.php): failed to open stream: No such file or directory - ligne 95 dans le fichier D:\wamp\www\rugby\kernel\core\Router.class.php
2012-12-01 02:44:39|Type d'erreur inconnu : [2] require_once(\indexController.php): failed to open stream: No such file or directory - ligne 95 dans le fichier D:\wamp\www\rugby\kernel\core\Router.class.php
2012-12-01 02:38:27|Type d'erreur inconnu : [8] Undefined index: club - ligne 91 dans le fichier D:\wamp\www\rugby\cache\0ca15167968fe536388a08fbd4ef28f38b5c5171.file.index.tpl.php
2012-12-01 02:38:27|Type d'erreur inconnu : [8] Undefined index: club - ligne 91 dans le fichier D:\wamp\www\rugby\cache\0ca15167968fe536388a08fbd4ef28f38b5c5171.file.index.tpl.php
2012-12-01 01:32:39|Type d'erreur inconnu : [2] require_once(\indexController.php): failed to open stream: No such file or directory - ligne 95 dans le fichier D:\wamp\www\rugby\kernel\core\Router.class.php
2012-12-01 01:26:51|Type d'erreur inconnu : [2] require_once(\indexController.php): failed to open stream: No such file or directory - ligne 95 dans le fichier D:\wamp\www\rugby\kernel\core\Router.class.php
2012-12-01 01:26:06|Type d'erreur inconnu : [2] require_once(\indexController.php): failed to open stream: No such file or directory - ligne 95 dans le fichier D:\wamp\www\rugby\kernel\core\Router.class.php
2012-12-01 01:24:56|Type d'erreur inconnu : [2] require_once(\indexController.php): failed to open stream: No such file or directory - ligne 95 dans le fichier D:\wamp\www\rugby\kernel\core\Router.class.php
2012-12-01 01:24:54|Type d'erreur inconnu : [2] require_once(\indexController.php): failed to open stream: No such file or directory - ligne 95 dans le fichier D:\wamp\www\rugby\kernel\core\Router.class.php
2012-12-01 01:21:55|Type d'erreur inconnu : [2] require_once(\indexController.php): failed to open stream: No such file or directory - ligne 95 dans le fichier D:\wamp\www\rugby\kernel\core\Router.class.php
2012-12-01 01:10:59|Type d'erreur inconnu : [2] require_once(\indexController.php): failed to open stream: No such file or directory - ligne 95 dans le fichier D:\wamp\www\rugby\kernel\core\Router.class.php
2012-12-01 01:10:42|Type d'erreur inconnu : [8] Undefined variable: Stats - ligne 291 dans le fichier D:\wamp\www\rugby\kernel\lib\smarty\sysplugins\smarty_internal_data.php
2012-12-01 01:10:42|Type d'erreur inconnu : [8] Undefined variable: Stats - ligne 291 dans le fichier D:\wamp\www\rugby\kernel\lib\smarty\sysplugins\smarty_internal_data.php
2012-12-01 01:10:42|Type d'erreur inconnu : [8] Undefined variable: Stats - ligne 291 dans le fichier D:\wamp\www\rugby\kernel\lib\smarty\sysplugins\smarty_internal_data.php
2012-12-01 01:10:42|Type d'erreur inconnu : [8] Undefined variable: Stats - ligne 291 dans le fichier D:\wamp\www\rugby\kernel\lib\smarty\sysplugins\smarty_internal_data.php
2012-12-01 01:00:04|Type d'erreur inconnu : [8] Undefined index: ressentie_entraintement - ligne 132 dans le fichier D:\wamp\www\rugby\cache\ef6cebc5d77aa30d98db72f4085ea0f0f177c4eb.file.fiche_tab_ressentie.tpl.php
2012-12-01 12:59:15|Type d'erreur inconnu : [8] Undefined index: globale - ligne 104 dans le fichier D:\wamp\www\rugby\cache\ef6cebc5d77aa30d98db72f4085ea0f0f177c4eb.file.fiche_tab_ressentie.tpl.php
2012-12-01 12:58:37|Type d'erreur inconnu : [8] Undefined index: globale - ligne 104 dans le fichier D:\wamp\www\rugby\cache\ef6cebc5d77aa30d98db72f4085ea0f0f177c4eb.file.fiche_tab_ressentie.tpl.php
2012-12-01 12:58:37|Type d'erreur inconnu : [8] Undefined index: Total - ligne 88 dans le fichier D:\wamp\www\rugby\cache\ef6cebc5d77aa30d98db72f4085ea0f0f177c4eb.file.fiche_tab_ressentie.tpl.php
2012-12-01 12:20:13|Type d'erreur inconnu : [2] require_once(\indexController.php): failed to open stream: No such file or directory - ligne 95 dans le fichier D:\wamp\www\rugby\kernel\core\Router.class.php
2012-12-01 12:20:11|Type d'erreur inconnu : [8] Undefined variable: Exercices - ligne 291 dans le fichier D:\wamp\www\rugby\kernel\lib\smarty\sysplugins\smarty_internal_data.php
2012-12-01 12:15:11|Type d'erreur inconnu : [2] require_once(\indexController.php): failed to open stream: No such file or directory - ligne 95 dans le fichier D:\wamp\www\rugby\kernel\core\Router.class.php
2012-12-01 11:37:42|Type d'erreur inconnu : [2] require_once(\indexController.php): failed to open stream: No such file or directory - ligne 95 dans le fichier D:\wamp\www\rugby\kernel\core\Router.class.php
2012-12-01 11:37:33|Type d'erreur inconnu : [2] require_once(\indexController.php): failed to open stream: No such file or directory - ligne 95 dans le fichier D:\wamp\www\rugby\kernel\core\Router.class.php
2012-12-01 11:36:57|Type d'erreur inconnu : [2] require_once(\indexController.php): failed to open stream: No such file or directory - ligne 95 dans le fichier D:\wamp\www\rugby\kernel\core\Router.class.php
2012-12-01 11:36:53|Type d'erreur inconnu : [8] Undefined index: Sequence_ajoute - ligne 1190 dans le fichier D:\wamp\www\rugby\app\controller\joueurController.php
2012-12-01 11:36:10|Type d'erreur inconnu : [2] require_once(\indexController.php): failed to open stream: No such file or directory - ligne 95 dans le fichier D:\wamp\www\rugby\kernel\core\Router.class.php
2012-12-01 11:35:33|Type d'erreur inconnu : [2] require_once(\indexController.php): failed to open stream: No such file or directory - ligne 95 dans le fichier D:\wamp\www\rugby\kernel\core\Router.class.php
2012-12-01 11:35:31|Type d'erreur inconnu : [2] require_once(\indexController.php): failed to open stream: No such file or directory - ligne 95 dans le fichier D:\wamp\www\rugby\kernel\core\Router.class.php
2012-12-01 11:35:22|Type d'erreur inconnu : [2] require_once(\indexController.php): failed to open stream: No such file or directory - ligne 95 dans le fichier D:\wamp\www\rugby\kernel\core\Router.class.php
2012-12-01 11:35:13|Type d'erreur inconnu : [2] require_once(\indexController.php): failed to open stream: No such file or directory - ligne 95 dans le fichier D:\wamp\www\rugby\kernel\core\Router.class.php
2012-12-01 11:30:03|Type d'erreur inconnu : [2] require_once(\indexController.php): failed to open stream: No such file or directory - ligne 95 dans le fichier D:\wamp\www\rugby\kernel\core\Router.class.php
2012-12-01 11:28:24|Type d'erreur inconnu : [2] require_once(\indexController.php): failed to open stream: No such file or directory - ligne 95 dans le fichier D:\wamp\www\rugby\kernel\core\Router.class.php
2012-12-01 11:27:09|Type d'erreur inconnu : [2] require_once(\indexController.php): failed to open stream: No such file or directory - ligne 95 dans le fichier D:\wamp\www\rugby\kernel\core\Router.class.php
2012-12-01 11:26:53|Type d'erreur inconnu : [2] require_once(\indexController.php): failed to open stream: No such file or directory - ligne 95 dans le fichier D:\wamp\www\rugby\kernel\core\Router.class.php
2012-12-01 11:21:40|Type d'erreur inconnu : [2] require_once(\indexController.php): failed to open stream: No such file or directory - ligne 95 dans le fichier D:\wamp\www\rugby\kernel\core\Router.class.php
2012-12-01 11:21:25|Type d'erreur inconnu : [2] require_once(\indexController.php): failed to open stream: No such file or directory - ligne 95 dans le fichier D:\wamp\www\rugby\kernel\core\Router.class.php
2012-12-01 11:21:10|Type d'erreur inconnu : [8] Undefined variable: TmpYear - ligne 1112 dans le fichier D:\wamp\www\rugby\app\controller\joueurController.php
2012-12-01 11:21:10|Type d'erreur inconnu : [8] Undefined variable: TmpYear - ligne 1104 dans le fichier D:\wamp\www\rugby\app\controller\joueurController.php
2012-12-01 11:20:53|Type d'erreur inconnu : [8] Undefined variable: TempYear - ligne 1112 dans le fichier D:\wamp\www\rugby\app\controller\joueurController.php
2012-12-01 11:20:53|Type d'erreur inconnu : [8] Undefined variable: TempYear - ligne 1104 dans le fichier D:\wamp\www\rugby\app\controller\joueurController.php
2012-12-01 11:20:51|Type d'erreur inconnu : [2] require_once(\indexController.php): failed to open stream: No such file or directory - ligne 95 dans le fichier D:\wamp\www\rugby\kernel\core\Router.class.php
2012-12-01 11:20:29|Type d'erreur inconnu : [8] Undefined variable: TempYear - ligne 1112 dans le fichier D:\wamp\www\rugby\app\controller\joueurController.php
2012-12-01 11:20:29|Type d'erreur inconnu : [8] Undefined variable: JoueurId - ligne 1112 dans le fichier D:\wamp\www\rugby\app\controller\joueurController.php
2012-12-01 11:20:29|Type d'erreur inconnu : [8] Undefined variable: TempYear - ligne 1104 dans le fichier D:\wamp\www\rugby\app\controller\joueurController.php
2012-12-01 11:20:29|Type d'erreur inconnu : [8] Undefined variable: JoueurId - ligne 1104 dans le fichier D:\wamp\www\rugby\app\controller\joueurController.php
2012-12-01 11:20:27|Type d'erreur inconnu : [2] require_once(\indexController.php): failed to open stream: No such file or directory - ligne 95 dans le fichier D:\wamp\www\rugby\kernel\core\Router.class.php
2012-12-01 10:45:32|Type d'erreur inconnu : [2] require_once(\indexController.php): failed to open stream: No such file or directory - ligne 95 dans le fichier D:\wamp\www\rugby\kernel\core\Router.class.php
2012-12-01 10:45:08|Type d'erreur inconnu : [8] Undefined index: Semaine - ligne 49 dans le fichier D:\wamp\www\rugby\cache\ef6cebc5d77aa30d98db72f4085ea0f0f177c4eb.file.fiche_tab_ressentie.tpl.php
2012-12-01 10:43:57|Type d'erreur inconnu : [8] Undefined variable: Semaine - ligne 1102 dans le fichier D:\wamp\www\rugby\app\controller\joueurController.php
2012-12-01 10:43:55|Type d'erreur inconnu : [2] require_once(\indexController.php): failed to open stream: No such file or directory - ligne 95 dans le fichier D:\wamp\www\rugby\kernel\core\Router.class.php
2012-12-01 10:42:05|Type d'erreur inconnu : [8] Undefined variable: Exercices - ligne 291 dans le fichier D:\wamp\www\rugby\kernel\lib\smarty\sysplugins\smarty_internal_data.php
2012-12-01 10:41:51|Type d'erreur inconnu : [2] require_once(\indexController.php): failed to open stream: No such file or directory - ligne 95 dans le fichier D:\wamp\www\rugby\kernel\core\Router.class.php
2012-12-01 10:41:49|Type d'erreur inconnu : [2] require_once(\indexController.php): failed to open stream: No such file or directory - ligne 95 dans le fichier D:\wamp\www\rugby\kernel\core\Router.class.php
2012-12-01 10:41:46|Type d'erreur inconnu : [2] require_once(\indexController.php): failed to open stream: No such file or directory - ligne 95 dans le fichier D:\wamp\www\rugby\kernel\core\Router.class.php
2012-12-01 10:41:43|Type d'erreur inconnu : [2] require_once(\indexController.php): failed to open stream: No such file or directory - ligne 95 dans le fichier D:\wamp\www\rugby\kernel\core\Router.class.php
2012-12-01 10:39:39|Type d'erreur inconnu : [2] require_once(\indexController.php): failed to open stream: No such file or directory - ligne 95 dans le fichier D:\wamp\www\rugby\kernel\core\Router.class.php
2012-12-01 10:38:32|Type d'erreur inconnu : [2] require_once(\indexController.php): failed to open stream: No such file or directory - ligne 95 dans le fichier D:\wamp\www\rugby\kernel\core\Router.class.php
2012-12-01 10:38:32|Type d'erreur inconnu : [8] Undefined variable: url - ligne 185 dans le fichier D:\wamp\www\rugby\kernel\core\Controller.class.php
2012-12-01 10:38:32|Type d'erreur inconnu : [2] Missing argument 1 for Controller::redirect(), called in D:\wamp\www\rugby\app\controller\joueurController.php on line 1127 and defined - ligne 158 dans le fichier D:\wamp\www\rugby\kernel\core\Controller.class.php
