2012-11-16 11:57:27|Type d'erreur inconnu : [2] require_once(\indexController.php): failed to open stream: No such file or directory - ligne 95 dans le fichier F:\wamp\www\rugby\kernel\core\Router.class.php
2012-11-16 11:57:09|Type d'erreur inconnu : [2] require_once(\indexController.php): failed to open stream: No such file or directory - ligne 95 dans le fichier F:\wamp\www\rugby\kernel\core\Router.class.php
2012-11-16 11:57:08|Type d'erreur inconnu : [2] require_once(\indexController.php): failed to open stream: No such file or directory - ligne 95 dans le fichier F:\wamp\www\rugby\kernel\core\Router.class.php
2012-11-16 11:57:08|Type d'erreur inconnu : [2] require_once(\indexController.php): failed to open stream: No such file or directory - ligne 95 dans le fichier F:\wamp\www\rugby\kernel\core\Router.class.php
2012-11-16 11:57:08|Type d'erreur inconnu : [2] require_once(\indexController.php): failed to open stream: No such file or directory - ligne 95 dans le fichier F:\wamp\www\rugby\kernel\core\Router.class.php
2012-11-16 11:57:07|Type d'erreur inconnu : [2] require_once(\indexController.php): failed to open stream: No such file or directory - ligne 95 dans le fichier F:\wamp\www\rugby\kernel\core\Router.class.php
2012-11-16 11:56:50|Type d'erreur inconnu : [8] Undefined variable: Exercices - ligne 291 dans le fichier F:\wamp\www\rugby\kernel\lib\smarty\sysplugins\smarty_internal_data.php
2012-11-16 11:56:47|Type d'erreur inconnu : [8] Undefined index: Data - ligne 3775 dans le fichier F:\wamp\www\rugby\kernel\lib\pChart\class\pDraw.class.php
2012-11-16 11:56:47|Type d'erreur inconnu : [8] Undefined index: Data - ligne 3774 dans le fichier F:\wamp\www\rugby\kernel\lib\pChart\class\pDraw.class.php
2012-11-16 11:56:47|Type d'erreur inconnu : [8] Undefined index: Data - ligne 3772 dans le fichier F:\wamp\www\rugby\kernel\lib\pChart\class\pDraw.class.php
2012-11-16 11:56:47|Type d'erreur inconnu : [8] Undefined index: Data - ligne 3759 dans le fichier F:\wamp\www\rugby\kernel\lib\pChart\class\pDraw.class.php
2012-11-16 11:56:47|Type d'erreur inconnu : [2] Division by zero - ligne 1941 dans le fichier F:\wamp\www\rugby\kernel\lib\pChart\class\pDraw.class.php
2012-11-16 11:56:47|Type d'erreur inconnu : [8] Undefined index: Data - ligne 1913 dans le fichier F:\wamp\www\rugby\kernel\lib\pChart\class\pDraw.class.php
2012-11-16 11:56:47|Type d'erreur inconnu : [8] Undefined index: Data - ligne 100 dans le fichier F:\wamp\www\rugby\kernel\lib\pChart\class\pData.class.php
2012-11-16 11:56:47|Type d'erreur inconnu : [8] Undefined index: Data - ligne 100 dans le fichier F:\wamp\www\rugby\kernel\lib\pChart\class\pData.class.php
2012-11-16 11:56:47|Type d'erreur inconnu : [8] Undefined index: Data - ligne 3775 dans le fichier F:\wamp\www\rugby\kernel\lib\pChart\class\pDraw.class.php
2012-11-16 11:56:47|Type d'erreur inconnu : [8] Undefined index: Data - ligne 3774 dans le fichier F:\wamp\www\rugby\kernel\lib\pChart\class\pDraw.class.php
2012-11-16 11:56:47|Type d'erreur inconnu : [8] Undefined index: Data - ligne 3772 dans le fichier F:\wamp\www\rugby\kernel\lib\pChart\class\pDraw.class.php
2012-11-16 11:56:47|Type d'erreur inconnu : [8] Undefined index: Data - ligne 3759 dans le fichier F:\wamp\www\rugby\kernel\lib\pChart\class\pDraw.class.php
2012-11-16 11:56:47|Type d'erreur inconnu : [2] Division by zero - ligne 1941 dans le fichier F:\wamp\www\rugby\kernel\lib\pChart\class\pDraw.class.php
2012-11-16 11:56:47|Type d'erreur inconnu : [8] Undefined index: Data - ligne 1913 dans le fichier F:\wamp\www\rugby\kernel\lib\pChart\class\pDraw.class.php
2012-11-16 11:56:47|Type d'erreur inconnu : [8] Undefined index: Data - ligne 100 dans le fichier F:\wamp\www\rugby\kernel\lib\pChart\class\pData.class.php
2012-11-16 11:56:47|Type d'erreur inconnu : [8] Undefined index: Data - ligne 100 dans le fichier F:\wamp\www\rugby\kernel\lib\pChart\class\pData.class.php
2012-11-16 11:56:47|Type d'erreur inconnu : [2] Division by zero - ligne 1941 dans le fichier F:\wamp\www\rugby\kernel\lib\pChart\class\pDraw.class.php
2012-11-16 11:56:47|Type d'erreur inconnu : [8] Undefined index: Data - ligne 1913 dans le fichier F:\wamp\www\rugby\kernel\lib\pChart\class\pDraw.class.php
2012-11-16 11:56:47|Type d'erreur inconnu : [8] Undefined index: Data - ligne 100 dans le fichier F:\wamp\www\rugby\kernel\lib\pChart\class\pData.class.php
2012-11-16 11:56:47|Type d'erreur inconnu : [8] Undefined variable: data_img - ligne 488 dans le fichier F:\wamp\www\rugby\app\controller\joueurController.php
2012-11-16 11:56:40|Type d'erreur inconnu : [8] Undefined variable: Exercices - ligne 291 dans le fichier F:\wamp\www\rugby\kernel\lib\smarty\sysplugins\smarty_internal_data.php
2012-11-16 11:56:40|Type d'erreur inconnu : [2] require_once(\indexController.php): failed to open stream: No such file or directory - ligne 95 dans le fichier F:\wamp\www\rugby\kernel\core\Router.class.php
2012-11-16 11:51:57|Type d'erreur inconnu : [2] require_once(\indexController.php): failed to open stream: No such file or directory - ligne 95 dans le fichier F:\wamp\www\rugby\kernel\core\Router.class.php
2012-11-16 11:51:56|Type d'erreur inconnu : [2] require_once(\indexController.php): failed to open stream: No such file or directory - ligne 95 dans le fichier F:\wamp\www\rugby\kernel\core\Router.class.php
2012-11-16 11:51:53|Type d'erreur inconnu : [2] require_once(\indexController.php): failed to open stream: No such file or directory - ligne 95 dans le fichier F:\wamp\www\rugby\kernel\core\Router.class.php
2012-11-16 11:51:52|Type d'erreur inconnu : [2] require_once(\indexController.php): failed to open stream: No such file or directory - ligne 95 dans le fichier F:\wamp\www\rugby\kernel\core\Router.class.php
2012-11-16 11:51:52|Type d'erreur inconnu : [2] require_once(\indexController.php): failed to open stream: No such file or directory - ligne 95 dans le fichier F:\wamp\www\rugby\kernel\core\Router.class.php
2012-11-16 11:51:51|Type d'erreur inconnu : [2] require_once(\indexController.php): failed to open stream: No such file or directory - ligne 95 dans le fichier F:\wamp\www\rugby\kernel\core\Router.class.php
2012-11-16 11:51:13|Type d'erreur inconnu : [2] require_once(\indexController.php): failed to open stream: No such file or directory - ligne 95 dans le fichier F:\wamp\www\rugby\kernel\core\Router.class.php
2012-11-16 11:51:11|Type d'erreur inconnu : [2] require_once(\indexController.php): failed to open stream: No such file or directory - ligne 95 dans le fichier F:\wamp\www\rugby\kernel\core\Router.class.php
2012-11-16 11:51:11|Type d'erreur inconnu : [2] require_once(\indexController.php): failed to open stream: No such file or directory - ligne 95 dans le fichier F:\wamp\www\rugby\kernel\core\Router.class.php
2012-11-16 11:51:10|Type d'erreur inconnu : [2] require_once(\indexController.php): failed to open stream: No such file or directory - ligne 95 dans le fichier F:\wamp\www\rugby\kernel\core\Router.class.php
2012-11-16 11:51:06|Type d'erreur inconnu : [2] require_once(\indexController.php): failed to open stream: No such file or directory - ligne 95 dans le fichier F:\wamp\www\rugby\kernel\core\Router.class.php
2012-11-16 11:51:04|Type d'erreur inconnu : [2] require_once(\indexController.php): failed to open stream: No such file or directory - ligne 95 dans le fichier F:\wamp\www\rugby\kernel\core\Router.class.php
2012-11-16 11:50:58|Type d'erreur inconnu : [2] require_once(\indexController.php): failed to open stream: No such file or directory - ligne 95 dans le fichier F:\wamp\www\rugby\kernel\core\Router.class.php
2012-11-16 11:50:56|Type d'erreur inconnu : [2] require_once(\indexController.php): failed to open stream: No such file or directory - ligne 95 dans le fichier F:\wamp\www\rugby\kernel\core\Router.class.php
2012-11-16 11:50:56|Type d'erreur inconnu : [2] require_once(\indexController.php): failed to open stream: No such file or directory - ligne 95 dans le fichier F:\wamp\www\rugby\kernel\core\Router.class.php
2012-11-16 11:50:54|Type d'erreur inconnu : [2] require_once(\indexController.php): failed to open stream: No such file or directory - ligne 95 dans le fichier F:\wamp\www\rugby\kernel\core\Router.class.php
2012-11-16 11:50:53|Type d'erreur inconnu : [2] require_once(\indexController.php): failed to open stream: No such file or directory - ligne 95 dans le fichier F:\wamp\www\rugby\kernel\core\Router.class.php
2012-11-16 11:50:53|Type d'erreur inconnu : [2] require_once(\indexController.php): failed to open stream: No such file or directory - ligne 95 dans le fichier F:\wamp\www\rugby\kernel\core\Router.class.php
2012-11-16 11:50:52|Type d'erreur inconnu : [2] require_once(\indexController.php): failed to open stream: No such file or directory - ligne 95 dans le fichier F:\wamp\www\rugby\kernel\core\Router.class.php
2012-11-16 11:50:47|Type d'erreur inconnu : [2] require_once(\indexController.php): failed to open stream: No such file or directory - ligne 95 dans le fichier F:\wamp\www\rugby\kernel\core\Router.class.php
2012-11-16 11:50:47|Type d'erreur inconnu : [2] require_once(\indexController.php): failed to open stream: No such file or directory - ligne 95 dans le fichier F:\wamp\www\rugby\kernel\core\Router.class.php
2012-11-16 11:50:39|Type d'erreur inconnu : [2] require_once(\indexController.php): failed to open stream: No such file or directory - ligne 95 dans le fichier F:\wamp\www\rugby\kernel\core\Router.class.php
2012-11-16 11:50:38|Type d'erreur inconnu : [2] require_once(\indexController.php): failed to open stream: No such file or directory - ligne 95 dans le fichier F:\wamp\www\rugby\kernel\core\Router.class.php
2012-11-16 11:50:36|Type d'erreur inconnu : [2] require_once(\indexController.php): failed to open stream: No such file or directory - ligne 95 dans le fichier F:\wamp\www\rugby\kernel\core\Router.class.php
2012-11-16 11:48:55|Type d'erreur inconnu : [2] require_once(\indexController.php): failed to open stream: No such file or directory - ligne 95 dans le fichier F:\wamp\www\rugby\kernel\core\Router.class.php
2012-11-16 11:48:47|Type d'erreur inconnu : [2] require_once(\indexController.php): failed to open stream: No such file or directory - ligne 95 dans le fichier F:\wamp\www\rugby\kernel\core\Router.class.php
2012-11-16 11:48:47|Type d'erreur inconnu : [2] require_once(\indexController.php): failed to open stream: No such file or directory - ligne 95 dans le fichier F:\wamp\www\rugby\kernel\core\Router.class.php
2012-11-16 11:48:46|Type d'erreur inconnu : [2] require_once(\indexController.php): failed to open stream: No such file or directory - ligne 95 dans le fichier F:\wamp\www\rugby\kernel\core\Router.class.php
2012-11-16 11:48:46|Type d'erreur inconnu : [2] require_once(\indexController.php): failed to open stream: No such file or directory - ligne 95 dans le fichier F:\wamp\www\rugby\kernel\core\Router.class.php
2012-11-16 11:48:46|Type d'erreur inconnu : [2] require_once(\indexController.php): failed to open stream: No such file or directory - ligne 95 dans le fichier F:\wamp\www\rugby\kernel\core\Router.class.php
2012-11-16 11:48:43|Type d'erreur inconnu : [2] require_once(\indexController.php): failed to open stream: No such file or directory - ligne 95 dans le fichier F:\wamp\www\rugby\kernel\core\Router.class.php
2012-11-16 11:48:42|Type d'erreur inconnu : [2] require_once(\indexController.php): failed to open stream: No such file or directory - ligne 95 dans le fichier F:\wamp\www\rugby\kernel\core\Router.class.php
2012-11-16 11:48:42|Type d'erreur inconnu : [2] require_once(\indexController.php): failed to open stream: No such file or directory - ligne 95 dans le fichier F:\wamp\www\rugby\kernel\core\Router.class.php
2012-11-16 11:48:41|Type d'erreur inconnu : [2] require_once(\indexController.php): failed to open stream: No such file or directory - ligne 95 dans le fichier F:\wamp\www\rugby\kernel\core\Router.class.php
2012-11-16 11:48:38|Type d'erreur inconnu : [2] require_once(\indexController.php): failed to open stream: No such file or directory - ligne 95 dans le fichier F:\wamp\www\rugby\kernel\core\Router.class.php
2012-11-16 11:48:37|Type d'erreur inconnu : [2] require_once(\indexController.php): failed to open stream: No such file or directory - ligne 95 dans le fichier F:\wamp\www\rugby\kernel\core\Router.class.php
2012-11-16 11:48:37|Type d'erreur inconnu : [2] require_once(\indexController.php): failed to open stream: No such file or directory - ligne 95 dans le fichier F:\wamp\www\rugby\kernel\core\Router.class.php
2012-11-16 11:48:36|Type d'erreur inconnu : [2] require_once(\indexController.php): failed to open stream: No such file or directory - ligne 95 dans le fichier F:\wamp\www\rugby\kernel\core\Router.class.php
2012-11-16 11:48:33|Type d'erreur inconnu : [2] require_once(\indexController.php): failed to open stream: No such file or directory - ligne 95 dans le fichier F:\wamp\www\rugby\kernel\core\Router.class.php
2012-11-16 11:48:33|Type d'erreur inconnu : [2] require_once(\indexController.php): failed to open stream: No such file or directory - ligne 95 dans le fichier F:\wamp\www\rugby\kernel\core\Router.class.php
2012-11-16 11:48:33|Type d'erreur inconnu : [2] require_once(\indexController.php): failed to open stream: No such file or directory - ligne 95 dans le fichier F:\wamp\www\rugby\kernel\core\Router.class.php
2012-11-16 11:48:33|Type d'erreur inconnu : [2] require_once(\indexController.php): failed to open stream: No such file or directory - ligne 95 dans le fichier F:\wamp\www\rugby\kernel\core\Router.class.php
2012-11-16 11:48:00|Type d'erreur inconnu : [2] require_once(\indexController.php): failed to open stream: No such file or directory - ligne 95 dans le fichier F:\wamp\www\rugby\kernel\core\Router.class.php
2012-11-16 11:47:36|Type d'erreur inconnu : [2] require_once(\indexController.php): failed to open stream: No such file or directory - ligne 95 dans le fichier F:\wamp\www\rugby\kernel\core\Router.class.php
2012-11-16 11:47:36|Type d'erreur inconnu : [2] require_once(\indexController.php): failed to open stream: No such file or directory - ligne 95 dans le fichier F:\wamp\www\rugby\kernel\core\Router.class.php
2012-11-16 11:47:36|Type d'erreur inconnu : [2] require_once(\indexController.php): failed to open stream: No such file or directory - ligne 95 dans le fichier F:\wamp\www\rugby\kernel\core\Router.class.php
2012-11-16 11:47:36|Type d'erreur inconnu : [2] require_once(\indexController.php): failed to open stream: No such file or directory - ligne 95 dans le fichier F:\wamp\www\rugby\kernel\core\Router.class.php
2012-11-16 11:47:35|Type d'erreur inconnu : [2] require_once(\indexController.php): failed to open stream: No such file or directory - ligne 95 dans le fichier F:\wamp\www\rugby\kernel\core\Router.class.php
2012-11-16 11:43:11|Type d'erreur inconnu : [2] require_once(\indexController.php): failed to open stream: No such file or directory - ligne 95 dans le fichier F:\wamp\www\rugby\kernel\core\Router.class.php
2012-11-16 11:43:11|Type d'erreur inconnu : [2] require_once(\indexController.php): failed to open stream: No such file or directory - ligne 95 dans le fichier F:\wamp\www\rugby\kernel\core\Router.class.php
2012-11-16 11:43:08|Type d'erreur inconnu : [2] require_once(\indexController.php): failed to open stream: No such file or directory - ligne 95 dans le fichier F:\wamp\www\rugby\kernel\core\Router.class.php
2012-11-16 11:42:51|Type d'erreur inconnu : [2] require_once(\indexController.php): failed to open stream: No such file or directory - ligne 95 dans le fichier F:\wamp\www\rugby\kernel\core\Router.class.php
2012-11-16 11:42:51|Type d'erreur inconnu : [2] require_once(\indexController.php): failed to open stream: No such file or directory - ligne 95 dans le fichier F:\wamp\www\rugby\kernel\core\Router.class.php
2012-11-16 11:42:47|Type d'erreur inconnu : [2] require_once(\indexController.php): failed to open stream: No such file or directory - ligne 95 dans le fichier F:\wamp\www\rugby\kernel\core\Router.class.php
2012-11-16 11:42:47|Type d'erreur inconnu : [2] require_once(\indexController.php): failed to open stream: No such file or directory - ligne 95 dans le fichier F:\wamp\www\rugby\kernel\core\Router.class.php
2012-11-16 11:42:44|Type d'erreur inconnu : [2] require_once(\indexController.php): failed to open stream: No such file or directory - ligne 95 dans le fichier F:\wamp\www\rugby\kernel\core\Router.class.php
2012-11-16 11:42:25|Type d'erreur inconnu : [2] require_once(\indexController.php): failed to open stream: No such file or directory - ligne 95 dans le fichier F:\wamp\www\rugby\kernel\core\Router.class.php
2012-11-16 11:42:25|Type d'erreur inconnu : [2] require_once(\indexController.php): failed to open stream: No such file or directory - ligne 95 dans le fichier F:\wamp\www\rugby\kernel\core\Router.class.php
2012-11-16 11:42:24|Type d'erreur inconnu : [2] require_once(\indexController.php): failed to open stream: No such file or directory - ligne 95 dans le fichier F:\wamp\www\rugby\kernel\core\Router.class.php
2012-11-16 11:42:23|Type d'erreur inconnu : [2] require_once(\indexController.php): failed to open stream: No such file or directory - ligne 95 dans le fichier F:\wamp\www\rugby\kernel\core\Router.class.php
2012-11-16 11:42:21|Type d'erreur inconnu : [2] require_once(\indexController.php): failed to open stream: No such file or directory - ligne 95 dans le fichier F:\wamp\www\rugby\kernel\core\Router.class.php
2012-11-16 11:42:20|Type d'erreur inconnu : [2] require_once(\indexController.php): failed to open stream: No such file or directory - ligne 95 dans le fichier F:\wamp\www\rugby\kernel\core\Router.class.php
2012-11-16 11:41:08|Type d'erreur inconnu : [2] require_once(\indexController.php): failed to open stream: No such file or directory - ligne 95 dans le fichier F:\wamp\www\rugby\kernel\core\Router.class.php
2012-11-16 11:41:07|Type d'erreur inconnu : [2] require_once(\indexController.php): failed to open stream: No such file or directory - ligne 95 dans le fichier F:\wamp\www\rugby\kernel\core\Router.class.php
2012-11-16 11:41:05|Type d'erreur inconnu : [2] require_once(\indexController.php): failed to open stream: No such file or directory - ligne 95 dans le fichier F:\wamp\www\rugby\kernel\core\Router.class.php
2012-11-16 11:41:03|Type d'erreur inconnu : [2] require_once(\indexController.php): failed to open stream: No such file or directory - ligne 95 dans le fichier F:\wamp\www\rugby\kernel\core\Router.class.php
2012-11-16 11:41:00|Type d'erreur inconnu : [2] require_once(\indexController.php): failed to open stream: No such file or directory - ligne 95 dans le fichier F:\wamp\www\rugby\kernel\core\Router.class.php
2012-11-16 11:40:42|Type d'erreur inconnu : [2] require_once(\indexController.php): failed to open stream: No such file or directory - ligne 95 dans le fichier F:\wamp\www\rugby\kernel\core\Router.class.php
2012-11-16 11:40:42|Type d'erreur inconnu : [2] require_once(\indexController.php): failed to open stream: No such file or directory - ligne 95 dans le fichier F:\wamp\www\rugby\kernel\core\Router.class.php
2012-11-16 11:40:39|Type d'erreur inconnu : [2] require_once(\indexController.php): failed to open stream: No such file or directory - ligne 95 dans le fichier F:\wamp\www\rugby\kernel\core\Router.class.php
2012-11-16 11:40:35|Type d'erreur inconnu : [2] require_once(\indexController.php): failed to open stream: No such file or directory - ligne 95 dans le fichier F:\wamp\www\rugby\kernel\core\Router.class.php
2012-11-16 11:40:33|Type d'erreur inconnu : [2] require_once(\indexController.php): failed to open stream: No such file or directory - ligne 95 dans le fichier F:\wamp\www\rugby\kernel\core\Router.class.php
2012-11-16 11:40:27|Type d'erreur inconnu : [2] require_once(\indexController.php): failed to open stream: No such file or directory - ligne 95 dans le fichier F:\wamp\www\rugby\kernel\core\Router.class.php
2012-11-16 11:39:24|Type d'erreur inconnu : [2] require_once(\indexController.php): failed to open stream: No such file or directory - ligne 95 dans le fichier F:\wamp\www\rugby\kernel\core\Router.class.php
2012-11-16 11:39:23|Type d'erreur inconnu : [2] require_once(\indexController.php): failed to open stream: No such file or directory - ligne 95 dans le fichier F:\wamp\www\rugby\kernel\core\Router.class.php
2012-11-16 11:39:22|Type d'erreur inconnu : [2] require_once(\indexController.php): failed to open stream: No such file or directory - ligne 95 dans le fichier F:\wamp\www\rugby\kernel\core\Router.class.php
2012-11-16 11:39:22|Type d'erreur inconnu : [2] require_once(\indexController.php): failed to open stream: No such file or directory - ligne 95 dans le fichier F:\wamp\www\rugby\kernel\core\Router.class.php
2012-11-16 11:39:22|Type d'erreur inconnu : [2] require_once(\indexController.php): failed to open stream: No such file or directory - ligne 95 dans le fichier F:\wamp\www\rugby\kernel\core\Router.class.php
2012-11-16 11:39:21|Type d'erreur inconnu : [2] require_once(\indexController.php): failed to open stream: No such file or directory - ligne 95 dans le fichier F:\wamp\www\rugby\kernel\core\Router.class.php
2012-11-16 11:39:21|Type d'erreur inconnu : [2] require_once(\indexController.php): failed to open stream: No such file or directory - ligne 95 dans le fichier F:\wamp\www\rugby\kernel\core\Router.class.php
2012-11-16 11:39:20|Type d'erreur inconnu : [2] require_once(\indexController.php): failed to open stream: No such file or directory - ligne 95 dans le fichier F:\wamp\www\rugby\kernel\core\Router.class.php
2012-11-16 11:39:08|Type d'erreur inconnu : [2] require_once(\indexController.php): failed to open stream: No such file or directory - ligne 95 dans le fichier F:\wamp\www\rugby\kernel\core\Router.class.php
2012-11-16 11:39:05|Type d'erreur inconnu : [2] require_once(\indexController.php): failed to open stream: No such file or directory - ligne 95 dans le fichier F:\wamp\www\rugby\kernel\core\Router.class.php
2012-11-16 11:38:59|Type d'erreur inconnu : [2] require_once(\indexController.php): failed to open stream: No such file or directory - ligne 95 dans le fichier F:\wamp\www\rugby\kernel\core\Router.class.php
2012-11-16 11:38:58|Type d'erreur inconnu : [2] require_once(\indexController.php): failed to open stream: No such file or directory - ligne 95 dans le fichier F:\wamp\www\rugby\kernel\core\Router.class.php
2012-11-16 11:38:46|Type d'erreur inconnu : [2] require_once(\indexController.php): failed to open stream: No such file or directory - ligne 95 dans le fichier F:\wamp\www\rugby\kernel\core\Router.class.php
2012-11-16 11:35:38|Type d'erreur inconnu : [2] require_once(\indexController.php): failed to open stream: No such file or directory - ligne 95 dans le fichier F:\wamp\www\rugby\kernel\core\Router.class.php
2012-11-16 11:32:20|Type d'erreur inconnu : [2] require_once(\indexController.php): failed to open stream: No such file or directory - ligne 95 dans le fichier F:\wamp\www\rugby\kernel\core\Router.class.php
2012-11-16 11:32:18|Type d'erreur inconnu : [2] require_once(\indexController.php): failed to open stream: No such file or directory - ligne 95 dans le fichier F:\wamp\www\rugby\kernel\core\Router.class.php
2012-11-16 11:31:23|Type d'erreur inconnu : [2] require_once(\indexController.php): failed to open stream: No such file or directory - ligne 95 dans le fichier F:\wamp\www\rugby\kernel\core\Router.class.php
2012-11-16 11:31:22|Type d'erreur inconnu : [2] require_once(\indexController.php): failed to open stream: No such file or directory - ligne 95 dans le fichier F:\wamp\www\rugby\kernel\core\Router.class.php
2012-11-16 11:31:21|Type d'erreur inconnu : [2] require_once(\indexController.php): failed to open stream: No such file or directory - ligne 95 dans le fichier F:\wamp\www\rugby\kernel\core\Router.class.php
2012-11-16 11:28:55|Type d'erreur inconnu : [2] require_once(\indexController.php): failed to open stream: No such file or directory - ligne 95 dans le fichier F:\wamp\www\rugby\kernel\core\Router.class.php
2012-11-16 11:28:35|Type d'erreur inconnu : [2] require_once(\indexController.php): failed to open stream: No such file or directory - ligne 95 dans le fichier F:\wamp\www\rugby\kernel\core\Router.class.php
2012-11-16 11:28:33|Type d'erreur inconnu : [2] require_once(\indexController.php): failed to open stream: No such file or directory - ligne 95 dans le fichier F:\wamp\www\rugby\kernel\core\Router.class.php
2012-11-16 11:27:03|Type d'erreur inconnu : [2] require_once(\indexController.php): failed to open stream: No such file or directory - ligne 95 dans le fichier F:\wamp\www\rugby\kernel\core\Router.class.php
2012-11-16 11:27:00|Type d'erreur inconnu : [2] require_once(\indexController.php): failed to open stream: No such file or directory - ligne 95 dans le fichier F:\wamp\www\rugby\kernel\core\Router.class.php
2012-11-16 11:26:56|Type d'erreur inconnu : [2] require_once(\indexController.php): failed to open stream: No such file or directory - ligne 95 dans le fichier F:\wamp\www\rugby\kernel\core\Router.class.php
2012-11-16 11:26:56|Type d'erreur inconnu : [2] require_once(\indexController.php): failed to open stream: No such file or directory - ligne 95 dans le fichier F:\wamp\www\rugby\kernel\core\Router.class.php
2012-11-16 11:26:55|Type d'erreur inconnu : [2] require_once(\indexController.php): failed to open stream: No such file or directory - ligne 95 dans le fichier F:\wamp\www\rugby\kernel\core\Router.class.php
2012-11-16 11:26:52|Type d'erreur inconnu : [2] require_once(\indexController.php): failed to open stream: No such file or directory - ligne 95 dans le fichier F:\wamp\www\rugby\kernel\core\Router.class.php
2012-11-16 11:26:50|Type d'erreur inconnu : [2] require_once(\indexController.php): failed to open stream: No such file or directory - ligne 95 dans le fichier F:\wamp\www\rugby\kernel\core\Router.class.php
2012-11-16 11:26:47|Type d'erreur inconnu : [2] require_once(\indexController.php): failed to open stream: No such file or directory - ligne 95 dans le fichier F:\wamp\www\rugby\kernel\core\Router.class.php
2012-11-16 11:26:47|Type d'erreur inconnu : [2] require_once(\indexController.php): failed to open stream: No such file or directory - ligne 95 dans le fichier F:\wamp\www\rugby\kernel\core\Router.class.php
2012-11-16 11:26:47|Type d'erreur inconnu : [2] require_once(\indexController.php): failed to open stream: No such file or directory - ligne 95 dans le fichier F:\wamp\www\rugby\kernel\core\Router.class.php
2012-11-16 11:26:46|Type d'erreur inconnu : [2] require_once(\indexController.php): failed to open stream: No such file or directory - ligne 95 dans le fichier F:\wamp\www\rugby\kernel\core\Router.class.php
2012-11-16 11:26:46|Type d'erreur inconnu : [2] require_once(\indexController.php): failed to open stream: No such file or directory - ligne 95 dans le fichier F:\wamp\www\rugby\kernel\core\Router.class.php
2012-11-16 11:26:00|Type d'erreur inconnu : [2] require_once(\indexController.php): failed to open stream: No such file or directory - ligne 95 dans le fichier F:\wamp\www\rugby\kernel\core\Router.class.php
2012-11-16 11:25:31|Type d'erreur inconnu : [2] require_once(\indexController.php): failed to open stream: No such file or directory - ligne 95 dans le fichier F:\wamp\www\rugby\kernel\core\Router.class.php
2012-11-16 11:25:29|Type d'erreur inconnu : [2] require_once(\indexController.php): failed to open stream: No such file or directory - ligne 95 dans le fichier F:\wamp\www\rugby\kernel\core\Router.class.php
2012-11-16 11:25:27|Type d'erreur inconnu : [2] require_once(\indexController.php): failed to open stream: No such file or directory - ligne 95 dans le fichier F:\wamp\www\rugby\kernel\core\Router.class.php
2012-11-16 11:25:25|Type d'erreur inconnu : [2] require_once(\indexController.php): failed to open stream: No such file or directory - ligne 95 dans le fichier F:\wamp\www\rugby\kernel\core\Router.class.php
2012-11-16 11:25:25|Type d'erreur inconnu : [2] require_once(\indexController.php): failed to open stream: No such file or directory - ligne 95 dans le fichier F:\wamp\www\rugby\kernel\core\Router.class.php
2012-11-16 11:25:24|Type d'erreur inconnu : [2] require_once(\indexController.php): failed to open stream: No such file or directory - ligne 95 dans le fichier F:\wamp\www\rugby\kernel\core\Router.class.php
2012-11-16 11:25:21|Type d'erreur inconnu : [2] require_once(\indexController.php): failed to open stream: No such file or directory - ligne 95 dans le fichier F:\wamp\www\rugby\kernel\core\Router.class.php
2012-11-16 11:25:16|Type d'erreur inconnu : [2] require_once(\indexController.php): failed to open stream: No such file or directory - ligne 95 dans le fichier F:\wamp\www\rugby\kernel\core\Router.class.php
2012-11-16 11:25:15|Type d'erreur inconnu : [2] require_once(\indexController.php): failed to open stream: No such file or directory - ligne 95 dans le fichier F:\wamp\www\rugby\kernel\core\Router.class.php
2012-11-16 11:25:12|Type d'erreur inconnu : [2] require_once(\indexController.php): failed to open stream: No such file or directory - ligne 95 dans le fichier F:\wamp\www\rugby\kernel\core\Router.class.php
2012-11-16 11:25:11|Type d'erreur inconnu : [2] require_once(\indexController.php): failed to open stream: No such file or directory - ligne 95 dans le fichier F:\wamp\www\rugby\kernel\core\Router.class.php
2012-11-16 11:25:09|Type d'erreur inconnu : [8] Undefined index: Data - ligne 3775 dans le fichier F:\wamp\www\rugby\kernel\lib\pChart\class\pDraw.class.php
2012-11-16 11:25:09|Type d'erreur inconnu : [8] Undefined index: Data - ligne 3774 dans le fichier F:\wamp\www\rugby\kernel\lib\pChart\class\pDraw.class.php
2012-11-16 11:25:09|Type d'erreur inconnu : [8] Undefined index: Data - ligne 3772 dans le fichier F:\wamp\www\rugby\kernel\lib\pChart\class\pDraw.class.php
2012-11-16 11:25:09|Type d'erreur inconnu : [8] Undefined index: Data - ligne 3759 dans le fichier F:\wamp\www\rugby\kernel\lib\pChart\class\pDraw.class.php
2012-11-16 11:25:09|Type d'erreur inconnu : [2] Division by zero - ligne 1941 dans le fichier F:\wamp\www\rugby\kernel\lib\pChart\class\pDraw.class.php
2012-11-16 11:25:09|Type d'erreur inconnu : [8] Undefined index: Data - ligne 1913 dans le fichier F:\wamp\www\rugby\kernel\lib\pChart\class\pDraw.class.php
2012-11-16 11:25:09|Type d'erreur inconnu : [8] Undefined index: Data - ligne 100 dans le fichier F:\wamp\www\rugby\kernel\lib\pChart\class\pData.class.php
2012-11-16 11:25:09|Type d'erreur inconnu : [8] Undefined index: Data - ligne 100 dans le fichier F:\wamp\www\rugby\kernel\lib\pChart\class\pData.class.php
2012-11-16 11:25:09|Type d'erreur inconnu : [2] Division by zero - ligne 1941 dans le fichier F:\wamp\www\rugby\kernel\lib\pChart\class\pDraw.class.php
2012-11-16 11:25:09|Type d'erreur inconnu : [8] Undefined index: Data - ligne 1913 dans le fichier F:\wamp\www\rugby\kernel\lib\pChart\class\pDraw.class.php
2012-11-16 11:25:09|Type d'erreur inconnu : [8] Undefined index: Data - ligne 100 dans le fichier F:\wamp\www\rugby\kernel\lib\pChart\class\pData.class.php
2012-11-16 11:25:09|Type d'erreur inconnu : [8] Undefined variable: data_img - ligne 488 dans le fichier F:\wamp\www\rugby\app\controller\joueurController.php
2012-11-16 11:24:47|Type d'erreur inconnu : [2] require_once(\indexController.php): failed to open stream: No such file or directory - ligne 95 dans le fichier F:\wamp\www\rugby\kernel\core\Router.class.php
2012-11-16 11:24:46|Type d'erreur inconnu : [2] require_once(\indexController.php): failed to open stream: No such file or directory - ligne 95 dans le fichier F:\wamp\www\rugby\kernel\core\Router.class.php
2012-11-16 11:24:45|Type d'erreur inconnu : [2] require_once(\indexController.php): failed to open stream: No such file or directory - ligne 95 dans le fichier F:\wamp\www\rugby\kernel\core\Router.class.php
2012-11-16 11:24:43|Type d'erreur inconnu : [2] require_once(\indexController.php): failed to open stream: No such file or directory - ligne 95 dans le fichier F:\wamp\www\rugby\kernel\core\Router.class.php
2012-11-16 11:24:42|Type d'erreur inconnu : [2] require_once(\indexController.php): failed to open stream: No such file or directory - ligne 95 dans le fichier F:\wamp\www\rugby\kernel\core\Router.class.php
2012-11-16 11:24:39|Type d'erreur inconnu : [2] require_once(\indexController.php): failed to open stream: No such file or directory - ligne 95 dans le fichier F:\wamp\www\rugby\kernel\core\Router.class.php
2012-11-16 11:24:38|Type d'erreur inconnu : [2] require_once(\indexController.php): failed to open stream: No such file or directory - ligne 95 dans le fichier F:\wamp\www\rugby\kernel\core\Router.class.php
2012-11-16 11:24:37|Type d'erreur inconnu : [2] require_once(\indexController.php): failed to open stream: No such file or directory - ligne 95 dans le fichier F:\wamp\www\rugby\kernel\core\Router.class.php
2012-11-16 11:24:36|Type d'erreur inconnu : [2] require_once(\indexController.php): failed to open stream: No such file or directory - ligne 95 dans le fichier F:\wamp\www\rugby\kernel\core\Router.class.php
2012-11-16 11:24:36|Type d'erreur inconnu : [2] require_once(\indexController.php): failed to open stream: No such file or directory - ligne 95 dans le fichier F:\wamp\www\rugby\kernel\core\Router.class.php
2012-11-16 11:24:36|Type d'erreur inconnu : [2] require_once(\indexController.php): failed to open stream: No such file or directory - ligne 95 dans le fichier F:\wamp\www\rugby\kernel\core\Router.class.php
2012-11-16 11:24:33|Type d'erreur inconnu : [2] require_once(\indexController.php): failed to open stream: No such file or directory - ligne 95 dans le fichier F:\wamp\www\rugby\kernel\core\Router.class.php
2012-11-16 11:24:29|Type d'erreur inconnu : [2] require_once(\indexController.php): failed to open stream: No such file or directory - ligne 95 dans le fichier F:\wamp\www\rugby\kernel\core\Router.class.php
2012-11-16 11:24:25|Type d'erreur inconnu : [2] require_once(\indexController.php): failed to open stream: No such file or directory - ligne 95 dans le fichier F:\wamp\www\rugby\kernel\core\Router.class.php
2012-11-16 11:24:24|Type d'erreur inconnu : [2] require_once(\indexController.php): failed to open stream: No such file or directory - ligne 95 dans le fichier F:\wamp\www\rugby\kernel\core\Router.class.php
2012-11-16 11:24:24|Type d'erreur inconnu : [2] require_once(\indexController.php): failed to open stream: No such file or directory - ligne 95 dans le fichier F:\wamp\www\rugby\kernel\core\Router.class.php
2012-11-16 11:24:24|Type d'erreur inconnu : [2] require_once(\indexController.php): failed to open stream: No such file or directory - ligne 95 dans le fichier F:\wamp\www\rugby\kernel\core\Router.class.php
2012-11-16 11:24:04|Type d'erreur inconnu : [2] require_once(\indexController.php): failed to open stream: No such file or directory - ligne 95 dans le fichier F:\wamp\www\rugby\kernel\core\Router.class.php
2012-11-16 11:23:59|Type d'erreur inconnu : [2] require_once(\indexController.php): failed to open stream: No such file or directory - ligne 95 dans le fichier F:\wamp\www\rugby\kernel\core\Router.class.php
2012-11-16 11:23:59|Type d'erreur inconnu : [2] require_once(\indexController.php): failed to open stream: No such file or directory - ligne 95 dans le fichier F:\wamp\www\rugby\kernel\core\Router.class.php
2012-11-16 11:23:58|Type d'erreur inconnu : [2] require_once(\indexController.php): failed to open stream: No such file or directory - ligne 95 dans le fichier F:\wamp\www\rugby\kernel\core\Router.class.php
2012-11-16 11:23:58|Type d'erreur inconnu : [2] require_once(\indexController.php): failed to open stream: No such file or directory - ligne 95 dans le fichier F:\wamp\www\rugby\kernel\core\Router.class.php
2012-11-16 11:23:55|Type d'erreur inconnu : [2] require_once(\indexController.php): failed to open stream: No such file or directory - ligne 95 dans le fichier F:\wamp\www\rugby\kernel\core\Router.class.php
2012-11-16 11:23:53|Type d'erreur inconnu : [2] require_once(\indexController.php): failed to open stream: No such file or directory - ligne 95 dans le fichier F:\wamp\www\rugby\kernel\core\Router.class.php
2012-11-16 11:23:52|Type d'erreur inconnu : [2] require_once(\indexController.php): failed to open stream: No such file or directory - ligne 95 dans le fichier F:\wamp\www\rugby\kernel\core\Router.class.php
2012-11-16 11:23:52|Type d'erreur inconnu : [2] require_once(\indexController.php): failed to open stream: No such file or directory - ligne 95 dans le fichier F:\wamp\www\rugby\kernel\core\Router.class.php
2012-11-16 11:23:52|Type d'erreur inconnu : [2] require_once(\indexController.php): failed to open stream: No such file or directory - ligne 95 dans le fichier F:\wamp\www\rugby\kernel\core\Router.class.php
2012-11-16 11:23:25|Type d'erreur inconnu : [2] require_once(\indexController.php): failed to open stream: No such file or directory - ligne 95 dans le fichier F:\wamp\www\rugby\kernel\core\Router.class.php
2012-11-16 11:23:23|Type d'erreur inconnu : [2] require_once(\indexController.php): failed to open stream: No such file or directory - ligne 95 dans le fichier F:\wamp\www\rugby\kernel\core\Router.class.php
2012-11-16 11:23:16|Type d'erreur inconnu : [2] require_once(\indexController.php): failed to open stream: No such file or directory - ligne 95 dans le fichier F:\wamp\www\rugby\kernel\core\Router.class.php
2012-11-16 11:21:30|Type d'erreur inconnu : [2] require_once(\indexController.php): failed to open stream: No such file or directory - ligne 95 dans le fichier F:\wamp\www\rugby\kernel\core\Router.class.php
2012-11-16 11:20:02|Type d'erreur inconnu : [2] require_once(\indexController.php): failed to open stream: No such file or directory - ligne 95 dans le fichier F:\wamp\www\rugby\kernel\core\Router.class.php
2012-11-16 11:20:01|Type d'erreur inconnu : [2] require_once(\indexController.php): failed to open stream: No such file or directory - ligne 95 dans le fichier F:\wamp\www\rugby\kernel\core\Router.class.php
2012-11-16 11:18:17|Type d'erreur inconnu : [2] require_once(\indexController.php): failed to open stream: No such file or directory - ligne 95 dans le fichier F:\wamp\www\rugby\kernel\core\Router.class.php
2012-11-16 11:18:13|Type d'erreur inconnu : [2] require_once(\indexController.php): failed to open stream: No such file or directory - ligne 95 dans le fichier F:\wamp\www\rugby\kernel\core\Router.class.php
2012-11-16 11:18:13|Type d'erreur inconnu : [2] require_once(\indexController.php): failed to open stream: No such file or directory - ligne 95 dans le fichier F:\wamp\www\rugby\kernel\core\Router.class.php
2012-11-16 11:02:54|Type d'erreur inconnu : [8] Undefined index: email_expediteur - ligne 46 dans le fichier F:\wamp\www\rugby\cache\705c6204108e777b46d99aa77db07ff11e174451.file.setting.tpl.php
2012-11-16 11:02:18|Type d'erreur inconnu : [8] Undefined index: email_expediteur - ligne 46 dans le fichier F:\wamp\www\rugby\cache\705c6204108e777b46d99aa77db07ff11e174451.file.setting.tpl.php
2012-11-16 11:02:18|Type d'erreur inconnu : [8] Undefined index: Adresse_email_pour_les_envoies - ligne 44 dans le fichier F:\wamp\www\rugby\cache\705c6204108e777b46d99aa77db07ff11e174451.file.setting.tpl.php
2012-11-16 11:00:39|Type d'erreur inconnu : [2] require_once(\indexController.php): failed to open stream: No such file or directory - ligne 95 dans le fichier F:\wamp\www\rugby\kernel\core\Router.class.php
2012-11-16 11:00:39|Type d'erreur inconnu : [2] require_once(\indexController.php): failed to open stream: No such file or directory - ligne 95 dans le fichier F:\wamp\www\rugby\kernel\core\Router.class.php
2012-11-16 11:00:37|Type d'erreur inconnu : [2] require_once(\indexController.php): failed to open stream: No such file or directory - ligne 95 dans le fichier F:\wamp\www\rugby\kernel\core\Router.class.php
2012-11-16 11:00:37|Type d'erreur inconnu : [2] require_once(\indexController.php): failed to open stream: No such file or directory - ligne 95 dans le fichier F:\wamp\www\rugby\kernel\core\Router.class.php
2012-11-16 10:59:45|Type d'erreur inconnu : [2] require_once(\indexController.php): failed to open stream: No such file or directory - ligne 95 dans le fichier F:\wamp\www\rugby\kernel\core\Router.class.php
2012-11-16 10:59:45|Type d'erreur inconnu : [2] require_once(\indexController.php): failed to open stream: No such file or directory - ligne 95 dans le fichier F:\wamp\www\rugby\kernel\core\Router.class.php
2012-11-16 10:59:44|Type d'erreur inconnu : [2] require_once(\indexController.php): failed to open stream: No such file or directory - ligne 95 dans le fichier F:\wamp\www\rugby\kernel\core\Router.class.php
2012-11-16 10:59:44|Type d'erreur inconnu : [2] require_once(\indexController.php): failed to open stream: No such file or directory - ligne 95 dans le fichier F:\wamp\www\rugby\kernel\core\Router.class.php
2012-11-16 10:59:43|Type d'erreur inconnu : [2] require_once(\indexController.php): failed to open stream: No such file or directory - ligne 95 dans le fichier F:\wamp\www\rugby\kernel\core\Router.class.php
2012-11-16 10:59:43|Type d'erreur inconnu : [2] require_once(\indexController.php): failed to open stream: No such file or directory - ligne 95 dans le fichier F:\wamp\www\rugby\kernel\core\Router.class.php
2012-11-16 10:12:49|Type d'erreur inconnu : [2] require_once(\indexController.php): failed to open stream: No such file or directory - ligne 95 dans le fichier F:\wamp\www\rugby\kernel\core\Router.class.php
2012-11-16 10:12:48|Type d'erreur inconnu : [2] require_once(\indexController.php): failed to open stream: No such file or directory - ligne 95 dans le fichier F:\wamp\www\rugby\kernel\core\Router.class.php
2012-11-16 10:11:45|Type d'erreur inconnu : [2] require_once(\indexController.php): failed to open stream: No such file or directory - ligne 95 dans le fichier F:\wamp\www\rugby\kernel\core\Router.class.php
2012-11-16 10:11:12|Type d'erreur inconnu : [2] require_once(\indexController.php): failed to open stream: No such file or directory - ligne 95 dans le fichier F:\wamp\www\rugby\kernel\core\Router.class.php
2012-11-16 10:11:12|Type d'erreur inconnu : [2] PDOStatement::execute(): SQLSTATE[42S22]: Column not found: 1054 Unknown column 't.sexe' in 'where clause' - ligne 34 dans le fichier F:\wamp\www\rugby\kernel\core\DB\EPDO.php
2012-11-16 10:11:07|Type d'erreur inconnu : [2] require_once(\indexController.php): failed to open stream: No such file or directory - ligne 95 dans le fichier F:\wamp\www\rugby\kernel\core\Router.class.php
2012-11-16 10:10:59|Type d'erreur inconnu : [2] require_once(\indexController.php): failed to open stream: No such file or directory - ligne 95 dans le fichier F:\wamp\www\rugby\kernel\core\Router.class.php
2012-11-16 10:08:59|Type d'erreur inconnu : [2] require_once(\indexController.php): failed to open stream: No such file or directory - ligne 95 dans le fichier F:\wamp\www\rugby\kernel\core\Router.class.php
2012-11-16 10:07:52|Type d'erreur inconnu : [8] Undefined variable: test_id - ligne 364 dans le fichier F:\wamp\www\rugby\app\controller\testController.php
2012-11-16 10:07:52|Type d'erreur inconnu : [8] Undefined variable: test_id - ligne 359 dans le fichier F:\wamp\www\rugby\app\controller\testController.php
2012-11-16 10:07:45|Type d'erreur inconnu : [2] require_once(\indexController.php): failed to open stream: No such file or directory - ligne 95 dans le fichier F:\wamp\www\rugby\kernel\core\Router.class.php
2012-11-16 10:07:43|Type d'erreur inconnu : [2] require_once(\indexController.php): failed to open stream: No such file or directory - ligne 95 dans le fichier F:\wamp\www\rugby\kernel\core\Router.class.php
2012-11-16 10:07:42|Type d'erreur inconnu : [2] require_once(\indexController.php): failed to open stream: No such file or directory - ligne 95 dans le fichier F:\wamp\www\rugby\kernel\core\Router.class.php
2012-11-16 10:07:42|Type d'erreur inconnu : [2] require_once(\indexController.php): failed to open stream: No such file or directory - ligne 95 dans le fichier F:\wamp\www\rugby\kernel\core\Router.class.php
2012-11-16 10:07:42|Type d'erreur inconnu : [2] require_once(\indexController.php): failed to open stream: No such file or directory - ligne 95 dans le fichier F:\wamp\www\rugby\kernel\core\Router.class.php
2012-11-16 10:07:42|Type d'erreur inconnu : [2] require_once(\indexController.php): failed to open stream: No such file or directory - ligne 95 dans le fichier F:\wamp\www\rugby\kernel\core\Router.class.php
2012-11-16 09:52:10|Type d'erreur inconnu : [8] Undefined variable: Exercices - ligne 291 dans le fichier F:\wamp\www\rugby\kernel\lib\smarty\sysplugins\smarty_internal_data.php
2012-11-16 09:52:10|Type d'erreur inconnu : [2] require_once(\indexController.php): failed to open stream: No such file or directory - ligne 95 dans le fichier F:\wamp\www\rugby\kernel\core\Router.class.php
2012-11-16 09:51:54|Type d'erreur inconnu : [2] require_once(\indexController.php): failed to open stream: No such file or directory - ligne 95 dans le fichier F:\wamp\www\rugby\kernel\core\Router.class.php
2012-11-16 09:51:31|Type d'erreur inconnu : [2] require_once(\indexController.php): failed to open stream: No such file or directory - ligne 95 dans le fichier F:\wamp\www\rugby\kernel\core\Router.class.php
2012-11-16 09:51:31|Type d'erreur inconnu : [2] require_once(\indexController.php): failed to open stream: No such file or directory - ligne 95 dans le fichier F:\wamp\www\rugby\kernel\core\Router.class.php
2012-11-16 09:51:23|Type d'erreur inconnu : [2] require_once(\indexController.php): failed to open stream: No such file or directory - ligne 95 dans le fichier F:\wamp\www\rugby\kernel\core\Router.class.php
2012-11-16 09:51:23|Type d'erreur inconnu : [2] require_once(\indexController.php): failed to open stream: No such file or directory - ligne 95 dans le fichier F:\wamp\www\rugby\kernel\core\Router.class.php
2012-11-16 09:51:22|Type d'erreur inconnu : [2] require_once(\indexController.php): failed to open stream: No such file or directory - ligne 95 dans le fichier F:\wamp\www\rugby\kernel\core\Router.class.php
2012-11-16 09:51:22|Type d'erreur inconnu : [2] require_once(\indexController.php): failed to open stream: No such file or directory - ligne 95 dans le fichier F:\wamp\www\rugby\kernel\core\Router.class.php
2012-11-16 09:51:21|Type d'erreur inconnu : [2] require_once(\indexController.php): failed to open stream: No such file or directory - ligne 95 dans le fichier F:\wamp\www\rugby\kernel\core\Router.class.php
2012-11-16 09:51:21|Type d'erreur inconnu : [2] require_once(\indexController.php): failed to open stream: No such file or directory - ligne 95 dans le fichier F:\wamp\www\rugby\kernel\core\Router.class.php
2012-11-16 09:51:07|Type d'erreur inconnu : [2] require_once(\indexController.php): failed to open stream: No such file or directory - ligne 95 dans le fichier F:\wamp\www\rugby\kernel\core\Router.class.php
2012-11-16 09:51:07|Type d'erreur inconnu : [2] require_once(\indexController.php): failed to open stream: No such file or directory - ligne 95 dans le fichier F:\wamp\www\rugby\kernel\core\Router.class.php
2012-11-16 09:51:05|Type d'erreur inconnu : [2] require_once(\indexController.php): failed to open stream: No such file or directory - ligne 95 dans le fichier F:\wamp\www\rugby\kernel\core\Router.class.php
2012-11-16 09:51:05|Type d'erreur inconnu : [2] require_once(\indexController.php): failed to open stream: No such file or directory - ligne 95 dans le fichier F:\wamp\www\rugby\kernel\core\Router.class.php
2012-11-16 09:51:04|Type d'erreur inconnu : [2] require_once(\indexController.php): failed to open stream: No such file or directory - ligne 95 dans le fichier F:\wamp\www\rugby\kernel\core\Router.class.php
2012-11-16 09:51:04|Type d'erreur inconnu : [2] require_once(\indexController.php): failed to open stream: No such file or directory - ligne 95 dans le fichier F:\wamp\www\rugby\kernel\core\Router.class.php
2012-11-16 09:49:03|Type d'erreur inconnu : [2] require_once(\indexController.php): failed to open stream: No such file or directory - ligne 95 dans le fichier F:\wamp\www\rugby\kernel\core\Router.class.php
2012-11-16 09:49:00|Type d'erreur inconnu : [2] require_once(\indexController.php): failed to open stream: No such file or directory - ligne 95 dans le fichier F:\wamp\www\rugby\kernel\core\Router.class.php
2012-11-16 09:48:57|Type d'erreur inconnu : [2] require_once(\indexController.php): failed to open stream: No such file or directory - ligne 95 dans le fichier F:\wamp\www\rugby\kernel\core\Router.class.php
2012-11-16 04:15:49|Type d'erreur inconnu : [2] require_once(\indexController.php): failed to open stream: No such file or directory - ligne 95 dans le fichier F:\wamp\www\rugby\kernel\core\Router.class.php
2012-11-16 04:15:46|Type d'erreur inconnu : [2] require_once(\indexController.php): failed to open stream: No such file or directory - ligne 95 dans le fichier F:\wamp\www\rugby\kernel\core\Router.class.php
2012-11-16 03:55:36|Type d'erreur inconnu : [2] require_once(\indexController.php): failed to open stream: No such file or directory - ligne 95 dans le fichier F:\wamp\www\rugby\kernel\core\Router.class.php
2012-11-16 03:55:33|Type d'erreur inconnu : [2] require_once(\indexController.php): failed to open stream: No such file or directory - ligne 95 dans le fichier F:\wamp\www\rugby\kernel\core\Router.class.php
2012-11-16 03:51:03|Type d'erreur inconnu : [2] require_once(\indexController.php): failed to open stream: No such file or directory - ligne 95 dans le fichier F:\wamp\www\rugby\kernel\core\Router.class.php
2012-11-16 03:50:30|Type d'erreur inconnu : [2] require_once(\indexController.php): failed to open stream: No such file or directory - ligne 95 dans le fichier F:\wamp\www\rugby\kernel\core\Router.class.php
2012-11-16 03:50:28|Type d'erreur inconnu : [2] require_once(\indexController.php): failed to open stream: No such file or directory - ligne 95 dans le fichier F:\wamp\www\rugby\kernel\core\Router.class.php
2012-11-16 03:50:26|Type d'erreur inconnu : [2] require_once(\indexController.php): failed to open stream: No such file or directory - ligne 95 dans le fichier F:\wamp\www\rugby\kernel\core\Router.class.php
2012-11-16 03:50:23|Type d'erreur inconnu : [2] require_once(\indexController.php): failed to open stream: No such file or directory - ligne 95 dans le fichier F:\wamp\www\rugby\kernel\core\Router.class.php
2012-11-16 03:49:32|Type d'erreur inconnu : [2] require_once(\indexController.php): failed to open stream: No such file or directory - ligne 95 dans le fichier F:\wamp\www\rugby\kernel\core\Router.class.php
2012-11-16 03:47:46|Type d'erreur inconnu : [2] imagettftext(): Invalid font filename - ligne 1023 dans le fichier F:\wamp\www\rugby\kernel\lib\pChart\class\pDraw.class.php
2012-11-16 03:47:46|Type d'erreur inconnu : [2] imagettfbbox(): Invalid font filename - ligne 213 dans le fichier F:\wamp\www\rugby\kernel\lib\pChart\class\pImage.class.php
2012-11-16 03:47:46|Type d'erreur inconnu : [2] imagettftext(): Invalid font filename - ligne 1023 dans le fichier F:\wamp\www\rugby\kernel\lib\pChart\class\pDraw.class.php
2012-11-16 03:47:46|Type d'erreur inconnu : [2] imagettfbbox(): Invalid font filename - ligne 213 dans le fichier F:\wamp\www\rugby\kernel\lib\pChart\class\pImage.class.php
2012-11-16 03:47:46|Type d'erreur inconnu : [2] imagettfbbox(): Invalid font filename - ligne 213 dans le fichier F:\wamp\www\rugby\kernel\lib\pChart\class\pImage.class.php
2012-11-16 03:47:46|Type d'erreur inconnu : [2] imagettfbbox(): Invalid font filename - ligne 213 dans le fichier F:\wamp\www\rugby\kernel\lib\pChart\class\pImage.class.php
2012-11-16 03:31:45|Type d'erreur inconnu : [2] require_once(\indexController.php): failed to open stream: No such file or directory - ligne 95 dans le fichier F:\wamp\www\rugby\kernel\core\Router.class.php
2012-11-16 03:31:26|Type d'erreur inconnu : [2] require_once(\indexController.php): failed to open stream: No such file or directory - ligne 95 dans le fichier F:\wamp\www\rugby\kernel\core\Router.class.php
2012-11-16 03:31:26|Type d'erreur inconnu : [8] Undefined variable: Name_graph - ligne 335 dans le fichier F:\wamp\www\rugby\app\controller\testController.php
2012-11-16 03:31:26|Type d'erreur inconnu : [8] Undefined variable: Name_graph - ligne 335 dans le fichier F:\wamp\www\rugby\app\controller\testController.php
2012-11-16 03:31:13|Type d'erreur inconnu : [8] Undefined variable: Name_graph - ligne 335 dans le fichier F:\wamp\www\rugby\app\controller\testController.php
2012-11-16 03:31:07|Type d'erreur inconnu : [8] Undefined variable: Name_graph - ligne 335 dans le fichier F:\wamp\www\rugby\app\controller\testController.php
2012-11-16 03:31:06|Type d'erreur inconnu : [8] Undefined variable: Name_graph - ligne 335 dans le fichier F:\wamp\www\rugby\app\controller\testController.php
2012-11-16 03:31:06|Type d'erreur inconnu : [8] Undefined variable: Name_graph - ligne 335 dans le fichier F:\wamp\www\rugby\app\controller\testController.php
2012-11-16 03:31:05|Type d'erreur inconnu : [8] Undefined variable: Name_graph - ligne 335 dans le fichier F:\wamp\www\rugby\app\controller\testController.php
2012-11-16 03:31:05|Type d'erreur inconnu : [8] Undefined variable: Name_graph - ligne 335 dans le fichier F:\wamp\www\rugby\app\controller\testController.php
2012-11-16 03:30:08|Type d'erreur inconnu : [8] Undefined variable: Name_graph - ligne 332 dans le fichier F:\wamp\www\rugby\app\controller\testController.php
2012-11-16 03:30:07|Type d'erreur inconnu : [8] Undefined variable: Name_graph - ligne 332 dans le fichier F:\wamp\www\rugby\app\controller\testController.php
2012-11-16 03:30:07|Type d'erreur inconnu : [8] Undefined variable: Name_graph - ligne 332 dans le fichier F:\wamp\www\rugby\app\controller\testController.php
2012-11-16 03:30:07|Type d'erreur inconnu : [8] Undefined variable: Name_graph - ligne 332 dans le fichier F:\wamp\www\rugby\app\controller\testController.php
2012-11-16 03:30:06|Type d'erreur inconnu : [8] Undefined variable: Name_graph - ligne 332 dans le fichier F:\wamp\www\rugby\app\controller\testController.php
2012-11-16 03:30:06|Type d'erreur inconnu : [8] Undefined variable: Name_graph - ligne 332 dans le fichier F:\wamp\www\rugby\app\controller\testController.php
2012-11-16 03:29:56|Type d'erreur inconnu : [8] Undefined variable: Name_graph - ligne 332 dans le fichier F:\wamp\www\rugby\app\controller\testController.php
2012-11-16 03:29:55|Type d'erreur inconnu : [8] Undefined variable: Name_graph - ligne 332 dans le fichier F:\wamp\www\rugby\app\controller\testController.php
2012-11-16 03:29:55|Type d'erreur inconnu : [8] Undefined variable: Name_graph - ligne 332 dans le fichier F:\wamp\www\rugby\app\controller\testController.php
2012-11-16 03:29:54|Type d'erreur inconnu : [8] Undefined variable: Name_graph - ligne 332 dans le fichier F:\wamp\www\rugby\app\controller\testController.php
2012-11-16 03:29:33|Type d'erreur inconnu : [8] Undefined variable: Name_graph - ligne 332 dans le fichier F:\wamp\www\rugby\app\controller\testController.php
2012-11-16 03:29:28|Type d'erreur inconnu : [8] Undefined variable: Name_graph - ligne 332 dans le fichier F:\wamp\www\rugby\app\controller\testController.php
2012-11-16 03:29:12|Type d'erreur inconnu : [2] require_once(\indexController.php): failed to open stream: No such file or directory - ligne 95 dans le fichier F:\wamp\www\rugby\kernel\core\Router.class.php
2012-11-16 03:28:09|Type d'erreur inconnu : [2] require_once(\indexController.php): failed to open stream: No such file or directory - ligne 95 dans le fichier F:\wamp\www\rugby\kernel\core\Router.class.php
2012-11-16 03:27:53|Type d'erreur inconnu : [2] require_once(\indexController.php): failed to open stream: No such file or directory - ligne 95 dans le fichier F:\wamp\www\rugby\kernel\core\Router.class.php
2012-11-16 03:27:38|Type d'erreur inconnu : [2] require_once(\indexController.php): failed to open stream: No such file or directory - ligne 95 dans le fichier F:\wamp\www\rugby\kernel\core\Router.class.php
2012-11-16 03:27:38|Type d'erreur inconnu : [8] Undefined index: result - ligne 300 dans le fichier F:\wamp\www\rugby\app\controller\testController.php
2012-11-16 03:27:38|Type d'erreur inconnu : [8] Undefined index: result - ligne 300 dans le fichier F:\wamp\www\rugby\app\controller\testController.php
2012-11-16 03:27:38|Type d'erreur inconnu : [8] Undefined index: result - ligne 300 dans le fichier F:\wamp\www\rugby\app\controller\testController.php
2012-11-16 03:27:38|Type d'erreur inconnu : [8] Undefined index: result - ligne 300 dans le fichier F:\wamp\www\rugby\app\controller\testController.php
2012-11-16 03:27:38|Type d'erreur inconnu : [8] Undefined index: result - ligne 300 dans le fichier F:\wamp\www\rugby\app\controller\testController.php
2012-11-16 03:27:38|Type d'erreur inconnu : [8] Undefined index: result - ligne 300 dans le fichier F:\wamp\www\rugby\app\controller\testController.php
2012-11-16 03:27:38|Type d'erreur inconnu : [8] Undefined index: result - ligne 300 dans le fichier F:\wamp\www\rugby\app\controller\testController.php
2012-11-16 03:27:38|Type d'erreur inconnu : [8] Undefined index: result - ligne 300 dans le fichier F:\wamp\www\rugby\app\controller\testController.php
2012-11-16 03:27:11|Type d'erreur inconnu : [2] require_once(\indexController.php): failed to open stream: No such file or directory - ligne 95 dans le fichier F:\wamp\www\rugby\kernel\core\Router.class.php
2012-11-16 03:27:11|Type d'erreur inconnu : [8] Undefined index: id - ligne 298 dans le fichier F:\wamp\www\rugby\app\controller\testController.php
2012-11-16 03:27:11|Type d'erreur inconnu : [8] Undefined index: id - ligne 298 dans le fichier F:\wamp\www\rugby\app\controller\testController.php
2012-11-16 03:27:11|Type d'erreur inconnu : [8] Undefined index: id - ligne 298 dans le fichier F:\wamp\www\rugby\app\controller\testController.php
2012-11-16 03:27:11|Type d'erreur inconnu : [8] Undefined index: id - ligne 298 dans le fichier F:\wamp\www\rugby\app\controller\testController.php
2012-11-16 03:27:11|Type d'erreur inconnu : [8] Undefined index: id - ligne 298 dans le fichier F:\wamp\www\rugby\app\controller\testController.php
2012-11-16 03:27:11|Type d'erreur inconnu : [8] Undefined index: id - ligne 298 dans le fichier F:\wamp\www\rugby\app\controller\testController.php
2012-11-16 03:27:11|Type d'erreur inconnu : [8] Undefined index: id - ligne 298 dans le fichier F:\wamp\www\rugby\app\controller\testController.php
2012-11-16 03:27:11|Type d'erreur inconnu : [8] Undefined index: id - ligne 298 dans le fichier F:\wamp\www\rugby\app\controller\testController.php
2012-11-16 03:27:10|Type d'erreur inconnu : [8] Undefined index: id - ligne 298 dans le fichier F:\wamp\www\rugby\app\controller\testController.php
2012-11-16 03:27:10|Type d'erreur inconnu : [8] Undefined index: id - ligne 298 dans le fichier F:\wamp\www\rugby\app\controller\testController.php
2012-11-16 03:27:10|Type d'erreur inconnu : [8] Undefined index: id - ligne 298 dans le fichier F:\wamp\www\rugby\app\controller\testController.php
2012-11-16 03:27:10|Type d'erreur inconnu : [8] Undefined index: id - ligne 298 dans le fichier F:\wamp\www\rugby\app\controller\testController.php
2012-11-16 03:27:10|Type d'erreur inconnu : [8] Undefined index: id - ligne 298 dans le fichier F:\wamp\www\rugby\app\controller\testController.php
2012-11-16 03:27:10|Type d'erreur inconnu : [8] Undefined index: id - ligne 298 dans le fichier F:\wamp\www\rugby\app\controller\testController.php
2012-11-16 03:27:10|Type d'erreur inconnu : [8] Undefined index: id - ligne 298 dans le fichier F:\wamp\www\rugby\app\controller\testController.php
2012-11-16 03:27:10|Type d'erreur inconnu : [8] Undefined index: id - ligne 298 dans le fichier F:\wamp\www\rugby\app\controller\testController.php
2012-11-16 03:19:07|Type d'erreur inconnu : [2] require_once(\indexController.php): failed to open stream: No such file or directory - ligne 95 dans le fichier F:\wamp\www\rugby\kernel\core\Router.class.php
2012-11-16 03:18:43|Type d'erreur inconnu : [2] require_once(\indexController.php): failed to open stream: No such file or directory - ligne 95 dans le fichier F:\wamp\www\rugby\kernel\core\Router.class.php
2012-11-16 03:18:43|Type d'erreur inconnu : [2] PDOStatement::execute(): SQLSTATE[42S22]: Column not found: 1054 Unknown column 'tr.exercice_id' in 'on clause' - ligne 34 dans le fichier F:\wamp\www\rugby\kernel\core\DB\EPDO.php
2012-11-16 03:18:43|Type d'erreur inconnu : [2] PDOStatement::execute(): SQLSTATE[42S22]: Column not found: 1054 Unknown column 'tr.exercice_id' in 'on clause' - ligne 34 dans le fichier F:\wamp\www\rugby\kernel\core\DB\EPDO.php
2012-11-16 03:16:24|Type d'erreur inconnu : [2] require_once(\indexController.php): failed to open stream: No such file or directory - ligne 95 dans le fichier F:\wamp\www\rugby\kernel\core\Router.class.php
2012-11-16 03:15:51|Type d'erreur inconnu : [2] require_once(\indexController.php): failed to open stream: No such file or directory - ligne 95 dans le fichier F:\wamp\www\rugby\kernel\core\Router.class.php
2012-11-16 03:15:51|Type d'erreur inconnu : [2] PDOStatement::execute(): SQLSTATE[42S02]: Base table or view not found: 1146 Table 'rugby.test_exercice' doesn't exist - ligne 34 dans le fichier F:\wamp\www\rugby\kernel\core\DB\EPDO.php
2012-11-16 03:15:51|Type d'erreur inconnu : [2] PDOStatement::execute(): SQLSTATE[42S02]: Base table or view not found: 1146 Table 'rugby.test_exercice' doesn't exist - ligne 34 dans le fichier F:\wamp\www\rugby\kernel\core\DB\EPDO.php
2012-11-16 03:15:40|Type d'erreur inconnu : [2] require_once(\indexController.php): failed to open stream: No such file or directory - ligne 95 dans le fichier F:\wamp\www\rugby\kernel\core\Router.class.php
2012-11-16 03:15:40|Type d'erreur inconnu : [8] Undefined variable: test_id - ligne 280 dans le fichier F:\wamp\www\rugby\app\controller\testController.php
2012-11-16 03:15:40|Type d'erreur inconnu : [2] PDOStatement::execute(): SQLSTATE[42S02]: Base table or view not found: 1146 Table 'rugby.test_exercice' doesn't exist - ligne 34 dans le fichier F:\wamp\www\rugby\kernel\core\DB\EPDO.php
2012-11-16 03:15:40|Type d'erreur inconnu : [8] Undefined variable: test_id - ligne 273 dans le fichier F:\wamp\www\rugby\app\controller\testController.php
2012-11-16 03:15:40|Type d'erreur inconnu : [8] Undefined variable: test_id - ligne 280 dans le fichier F:\wamp\www\rugby\app\controller\testController.php
2012-11-16 03:15:40|Type d'erreur inconnu : [2] PDOStatement::execute(): SQLSTATE[42S02]: Base table or view not found: 1146 Table 'rugby.test_exercice' doesn't exist - ligne 34 dans le fichier F:\wamp\www\rugby\kernel\core\DB\EPDO.php
2012-11-16 03:15:40|Type d'erreur inconnu : [8] Undefined variable: test_id - ligne 273 dans le fichier F:\wamp\www\rugby\app\controller\testController.php
2012-11-16 03:04:07|Type d'erreur inconnu : [2] require_once(\indexController.php): failed to open stream: No such file or directory - ligne 95 dans le fichier F:\wamp\www\rugby\kernel\core\Router.class.php
2012-11-16 03:04:04|Type d'erreur inconnu : [2] require_once(\indexController.php): failed to open stream: No such file or directory - ligne 95 dans le fichier F:\wamp\www\rugby\kernel\core\Router.class.php
2012-11-16 03:04:03|Type d'erreur inconnu : [2] PDOStatement::execute(): SQLSTATE[42S22]: Column not found: 1054 Unknown column 't.sexe' in 'where clause' - ligne 34 dans le fichier F:\wamp\www\rugby\kernel\core\DB\EPDO.php
2012-11-16 02:53:50|Type d'erreur inconnu : [2] require_once(\indexController.php): failed to open stream: No such file or directory - ligne 95 dans le fichier F:\wamp\www\rugby\kernel\core\Router.class.php
2012-11-16 02:53:47|Type d'erreur inconnu : [2] require_once(\indexController.php): failed to open stream: No such file or directory - ligne 95 dans le fichier F:\wamp\www\rugby\kernel\core\Router.class.php
2012-11-16 02:53:46|Type d'erreur inconnu : [2] require_once(\indexController.php): failed to open stream: No such file or directory - ligne 95 dans le fichier F:\wamp\www\rugby\kernel\core\Router.class.php
2012-11-16 02:53:46|Type d'erreur inconnu : [2] require_once(\indexController.php): failed to open stream: No such file or directory - ligne 95 dans le fichier F:\wamp\www\rugby\kernel\core\Router.class.php
2012-11-16 02:53:42|Type d'erreur inconnu : [2] require_once(\indexController.php): failed to open stream: No such file or directory - ligne 95 dans le fichier F:\wamp\www\rugby\kernel\core\Router.class.php
2012-11-16 02:53:41|Type d'erreur inconnu : [2] require_once(\indexController.php): failed to open stream: No such file or directory - ligne 95 dans le fichier F:\wamp\www\rugby\kernel\core\Router.class.php
2012-11-16 02:53:32|Type d'erreur inconnu : [2] require_once(\indexController.php): failed to open stream: No such file or directory - ligne 95 dans le fichier F:\wamp\www\rugby\kernel\core\Router.class.php
2012-11-16 02:52:13|Type d'erreur inconnu : [2] require_once(\indexController.php): failed to open stream: No such file or directory - ligne 95 dans le fichier F:\wamp\www\rugby\kernel\core\Router.class.php
2012-11-16 02:50:11|Type d'erreur inconnu : [2] require_once(\indexController.php): failed to open stream: No such file or directory - ligne 95 dans le fichier F:\wamp\www\rugby\kernel\core\Router.class.php
2012-11-16 02:50:11|Type d'erreur inconnu : [2] require_once(\indexController.php): failed to open stream: No such file or directory - ligne 95 dans le fichier F:\wamp\www\rugby\kernel\core\Router.class.php
2012-11-16 02:50:11|Type d'erreur inconnu : [2] require_once(\indexController.php): failed to open stream: No such file or directory - ligne 95 dans le fichier F:\wamp\www\rugby\kernel\core\Router.class.php
2012-11-16 02:49:55|Type d'erreur inconnu : [2] require_once(\indexController.php): failed to open stream: No such file or directory - ligne 95 dans le fichier F:\wamp\www\rugby\kernel\core\Router.class.php
2012-11-16 02:49:16|Type d'erreur inconnu : [2] require_once(\indexController.php): failed to open stream: No such file or directory - ligne 95 dans le fichier F:\wamp\www\rugby\kernel\core\Router.class.php
2012-11-16 02:49:16|Type d'erreur inconnu : [8] Undefined index: zone - ligne 39 dans le fichier F:\wamp\www\rugby\cache\8c87efa98417c7609779172dfeed62abbf3fe7c5.file.index.tpl.php
2012-11-16 02:49:16|Type d'erreur inconnu : [8] Undefined index: zone - ligne 38 dans le fichier F:\wamp\www\rugby\cache\8c87efa98417c7609779172dfeed62abbf3fe7c5.file.index.tpl.php
2012-11-16 02:49:02|Type d'erreur inconnu : [2] require_once(\indexController.php): failed to open stream: No such file or directory - ligne 95 dans le fichier F:\wamp\www\rugby\kernel\core\Router.class.php
2012-11-16 02:49:01|Type d'erreur inconnu : [2] require_once(\indexController.php): failed to open stream: No such file or directory - ligne 95 dans le fichier F:\wamp\www\rugby\kernel\core\Router.class.php
2012-11-16 02:49:00|Type d'erreur inconnu : [2] require_once(\indexController.php): failed to open stream: No such file or directory - ligne 95 dans le fichier F:\wamp\www\rugby\kernel\core\Router.class.php
2012-11-16 02:48:31|Type d'erreur inconnu : [2] require_once(\indexController.php): failed to open stream: No such file or directory - ligne 95 dans le fichier F:\wamp\www\rugby\kernel\core\Router.class.php
2012-11-16 02:48:20|Type d'erreur inconnu : [2] require_once(\indexController.php): failed to open stream: No such file or directory - ligne 95 dans le fichier F:\wamp\www\rugby\kernel\core\Router.class.php
2012-11-16 02:48:08|Type d'erreur inconnu : [2] require_once(\indexController.php): failed to open stream: No such file or directory - ligne 95 dans le fichier F:\wamp\www\rugby\kernel\core\Router.class.php
2012-11-16 02:48:08|Type d'erreur inconnu : [2] PDOStatement::execute(): SQLSTATE[23000]: Integrity constraint violation: 1052 Column 'id' in field list is ambiguous - ligne 34 dans le fichier F:\wamp\www\rugby\kernel\core\DB\EPDO.php
2012-11-16 02:44:03|Type d'erreur inconnu : [2] require_once(\indexController.php): failed to open stream: No such file or directory - ligne 95 dans le fichier F:\wamp\www\rugby\kernel\core\Router.class.php
2012-11-16 02:44:03|Type d'erreur inconnu : [2] PDOStatement::execute(): SQLSTATE[42S22]: Column not found: 1054 Unknown column 'zone' in 'field list' - ligne 34 dans le fichier F:\wamp\www\rugby\kernel\core\DB\EPDO.php
2012-11-16 02:43:34|Type d'erreur inconnu : [2] require_once(\indexController.php): failed to open stream: No such file or directory - ligne 95 dans le fichier F:\wamp\www\rugby\kernel\core\Router.class.php
2012-11-16 02:43:34|Type d'erreur inconnu : [8] Undefined index: zone - ligne 39 dans le fichier F:\wamp\www\rugby\cache\8c87efa98417c7609779172dfeed62abbf3fe7c5.file.index.tpl.php
2012-11-16 02:43:34|Type d'erreur inconnu : [8] Undefined index: zone - ligne 38 dans le fichier F:\wamp\www\rugby\cache\8c87efa98417c7609779172dfeed62abbf3fe7c5.file.index.tpl.php
2012-11-16 02:43:34|Type d'erreur inconnu : [8] Undefined index: zone - ligne 39 dans le fichier F:\wamp\www\rugby\cache\8c87efa98417c7609779172dfeed62abbf3fe7c5.file.index.tpl.php
2012-11-16 02:43:34|Type d'erreur inconnu : [8] Undefined index: zone - ligne 38 dans le fichier F:\wamp\www\rugby\cache\8c87efa98417c7609779172dfeed62abbf3fe7c5.file.index.tpl.php
2012-11-16 02:43:34|Type d'erreur inconnu : [8] Undefined index: zone - ligne 39 dans le fichier F:\wamp\www\rugby\cache\8c87efa98417c7609779172dfeed62abbf3fe7c5.file.index.tpl.php
2012-11-16 02:43:34|Type d'erreur inconnu : [8] Undefined index: zone - ligne 38 dans le fichier F:\wamp\www\rugby\cache\8c87efa98417c7609779172dfeed62abbf3fe7c5.file.index.tpl.php
2012-11-16 02:43:34|Type d'erreur inconnu : [8] Undefined index: zone - ligne 39 dans le fichier F:\wamp\www\rugby\cache\8c87efa98417c7609779172dfeed62abbf3fe7c5.file.index.tpl.php
2012-11-16 02:43:34|Type d'erreur inconnu : [8] Undefined index: zone - ligne 38 dans le fichier F:\wamp\www\rugby\cache\8c87efa98417c7609779172dfeed62abbf3fe7c5.file.index.tpl.php
2012-11-16 02:43:34|Type d'erreur inconnu : [8] Undefined index: zone - ligne 39 dans le fichier F:\wamp\www\rugby\cache\8c87efa98417c7609779172dfeed62abbf3fe7c5.file.index.tpl.php
2012-11-16 02:43:34|Type d'erreur inconnu : [8] Undefined index: zone - ligne 38 dans le fichier F:\wamp\www\rugby\cache\8c87efa98417c7609779172dfeed62abbf3fe7c5.file.index.tpl.php
2012-11-16 02:43:34|Type d'erreur inconnu : [8] Undefined index: zone - ligne 39 dans le fichier F:\wamp\www\rugby\cache\8c87efa98417c7609779172dfeed62abbf3fe7c5.file.index.tpl.php
2012-11-16 02:43:34|Type d'erreur inconnu : [8] Undefined index: zone - ligne 38 dans le fichier F:\wamp\www\rugby\cache\8c87efa98417c7609779172dfeed62abbf3fe7c5.file.index.tpl.php
2012-11-16 02:43:34|Type d'erreur inconnu : [8] Undefined index: zone - ligne 39 dans le fichier F:\wamp\www\rugby\cache\8c87efa98417c7609779172dfeed62abbf3fe7c5.file.index.tpl.php
2012-11-16 02:43:34|Type d'erreur inconnu : [8] Undefined index: zone - ligne 38 dans le fichier F:\wamp\www\rugby\cache\8c87efa98417c7609779172dfeed62abbf3fe7c5.file.index.tpl.php
2012-11-16 02:42:06|Type d'erreur inconnu : [2] require_once(\indexController.php): failed to open stream: No such file or directory - ligne 95 dans le fichier F:\wamp\www\rugby\kernel\core\Router.class.php
2012-11-16 02:40:38|Type d'erreur inconnu : [2] require_once(\indexController.php): failed to open stream: No such file or directory - ligne 95 dans le fichier F:\wamp\www\rugby\kernel\core\Router.class.php
2012-11-16 02:40:37|Type d'erreur inconnu : [2] require_once(\indexController.php): failed to open stream: No such file or directory - ligne 95 dans le fichier F:\wamp\www\rugby\kernel\core\Router.class.php
2012-11-16 02:40:37|Type d'erreur inconnu : [2] require_once(\indexController.php): failed to open stream: No such file or directory - ligne 95 dans le fichier F:\wamp\www\rugby\kernel\core\Router.class.php
2012-11-16 02:40:37|Type d'erreur inconnu : [2] require_once(\indexController.php): failed to open stream: No such file or directory - ligne 95 dans le fichier F:\wamp\www\rugby\kernel\core\Router.class.php
2012-11-16 02:40:34|Type d'erreur inconnu : [2] require_once(\indexController.php): failed to open stream: No such file or directory - ligne 95 dans le fichier F:\wamp\www\rugby\kernel\core\Router.class.php
2012-11-16 02:40:23|Type d'erreur inconnu : [2] require_once(\indexController.php): failed to open stream: No such file or directory - ligne 95 dans le fichier F:\wamp\www\rugby\kernel\core\Router.class.php
2012-11-16 02:39:31|Type d'erreur inconnu : [2] require_once(\indexController.php): failed to open stream: No such file or directory - ligne 95 dans le fichier F:\wamp\www\rugby\kernel\core\Router.class.php
2012-11-16 02:39:31|Type d'erreur inconnu : [8] Undefined index: Zone - ligne 35 dans le fichier F:\wamp\www\rugby\cache\0461c0566a57e4fd517ffdb343e784cfe0f90443.file.exercice_add.tpl.php
2012-11-16 12:03:14|Type d'erreur inconnu : [2] require_once(\indexController.php): failed to open stream: No such file or directory - ligne 95 dans le fichier F:\wamp\www\rugby\kernel\core\Router.class.php
2012-11-16 12:03:14|Type d'erreur inconnu : [2] require_once(\indexController.php): failed to open stream: No such file or directory - ligne 95 dans le fichier F:\wamp\www\rugby\kernel\core\Router.class.php
2012-11-16 12:03:11|Type d'erreur inconnu : [2] require_once(\indexController.php): failed to open stream: No such file or directory - ligne 95 dans le fichier F:\wamp\www\rugby\kernel\core\Router.class.php
2012-11-16 12:03:11|Type d'erreur inconnu : [2] require_once(\indexController.php): failed to open stream: No such file or directory - ligne 95 dans le fichier F:\wamp\www\rugby\kernel\core\Router.class.php
