2012-08-26 07:56:23|Type d'erreur inconnu : [8] Undefined index: acl - ligne 67 dans le fichier F:\wamp\www\rugby\cache\6080e7834880724d43b11ab3afb5202132c93857.file.blokNavigation.tpl.php
2012-08-26 07:56:23|Type d'erreur inconnu : [8] Undefined index: acl - ligne 61 dans le fichier F:\wamp\www\rugby\cache\6080e7834880724d43b11ab3afb5202132c93857.file.blokNavigation.tpl.php
2012-08-26 07:56:23|Type d'erreur inconnu : [8] Undefined index: acl - ligne 33 dans le fichier F:\wamp\www\rugby\cache\6080e7834880724d43b11ab3afb5202132c93857.file.blokNavigation.tpl.php
2012-08-26 07:56:23|Type d'erreur inconnu : [8] Undefined index: acl - ligne 24 dans le fichier F:\wamp\www\rugby\cache\6080e7834880724d43b11ab3afb5202132c93857.file.blokNavigation.tpl.php
2012-08-26 07:56:23|Type d'erreur inconnu : [8] Undefined index: acl - ligne 67 dans le fichier F:\wamp\www\rugby\cache\6080e7834880724d43b11ab3afb5202132c93857.file.blokNavigation.tpl.php
2012-08-26 07:56:23|Type d'erreur inconnu : [8] Undefined index: acl - ligne 61 dans le fichier F:\wamp\www\rugby\cache\6080e7834880724d43b11ab3afb5202132c93857.file.blokNavigation.tpl.php
2012-08-26 07:56:23|Type d'erreur inconnu : [8] Undefined index: acl - ligne 33 dans le fichier F:\wamp\www\rugby\cache\6080e7834880724d43b11ab3afb5202132c93857.file.blokNavigation.tpl.php
2012-08-26 07:56:23|Type d'erreur inconnu : [8] Undefined index: acl - ligne 24 dans le fichier F:\wamp\www\rugby\cache\6080e7834880724d43b11ab3afb5202132c93857.file.blokNavigation.tpl.php
2012-08-26 07:55:39|Type d'erreur inconnu : [8] Undefined index: acl - ligne 67 dans le fichier F:\wamp\www\rugby\cache\6080e7834880724d43b11ab3afb5202132c93857.file.blokNavigation.tpl.php
2012-08-26 07:55:39|Type d'erreur inconnu : [8] Undefined index: acl - ligne 61 dans le fichier F:\wamp\www\rugby\cache\6080e7834880724d43b11ab3afb5202132c93857.file.blokNavigation.tpl.php
2012-08-26 07:55:39|Type d'erreur inconnu : [8] Undefined index: acl - ligne 33 dans le fichier F:\wamp\www\rugby\cache\6080e7834880724d43b11ab3afb5202132c93857.file.blokNavigation.tpl.php
2012-08-26 07:55:39|Type d'erreur inconnu : [8] Undefined index: acl - ligne 24 dans le fichier F:\wamp\www\rugby\cache\6080e7834880724d43b11ab3afb5202132c93857.file.blokNavigation.tpl.php
2012-08-26 07:55:39|Type d'erreur inconnu : [8] Undefined index: acl - ligne 67 dans le fichier F:\wamp\www\rugby\cache\6080e7834880724d43b11ab3afb5202132c93857.file.blokNavigation.tpl.php
2012-08-26 07:55:39|Type d'erreur inconnu : [8] Undefined index: acl - ligne 61 dans le fichier F:\wamp\www\rugby\cache\6080e7834880724d43b11ab3afb5202132c93857.file.blokNavigation.tpl.php
2012-08-26 07:55:39|Type d'erreur inconnu : [8] Undefined index: acl - ligne 33 dans le fichier F:\wamp\www\rugby\cache\6080e7834880724d43b11ab3afb5202132c93857.file.blokNavigation.tpl.php
2012-08-26 07:55:39|Type d'erreur inconnu : [8] Undefined index: acl - ligne 24 dans le fichier F:\wamp\www\rugby\cache\6080e7834880724d43b11ab3afb5202132c93857.file.blokNavigation.tpl.php
2012-08-26 07:55:39|Type d'erreur inconnu : [8] Undefined index: Vous_etes_maintenant_deconnecte - ligne 39 dans le fichier F:\wamp\www\rugby\kernel\base_app\controller\BaseConnexionController.php
2012-08-26 07:55:03|Type d'erreur inconnu : [8] Undefined index: acl - ligne 67 dans le fichier F:\wamp\www\rugby\cache\6080e7834880724d43b11ab3afb5202132c93857.file.blokNavigation.tpl.php
2012-08-26 07:55:03|Type d'erreur inconnu : [8] Undefined index: acl - ligne 61 dans le fichier F:\wamp\www\rugby\cache\6080e7834880724d43b11ab3afb5202132c93857.file.blokNavigation.tpl.php
2012-08-26 07:55:03|Type d'erreur inconnu : [8] Undefined index: acl - ligne 33 dans le fichier F:\wamp\www\rugby\cache\6080e7834880724d43b11ab3afb5202132c93857.file.blokNavigation.tpl.php
2012-08-26 07:55:03|Type d'erreur inconnu : [8] Undefined index: acl - ligne 24 dans le fichier F:\wamp\www\rugby\cache\6080e7834880724d43b11ab3afb5202132c93857.file.blokNavigation.tpl.php
2012-08-26 07:55:03|Type d'erreur inconnu : [8] Undefined index: acl - ligne 67 dans le fichier F:\wamp\www\rugby\cache\6080e7834880724d43b11ab3afb5202132c93857.file.blokNavigation.tpl.php
2012-08-26 07:55:03|Type d'erreur inconnu : [8] Undefined index: acl - ligne 61 dans le fichier F:\wamp\www\rugby\cache\6080e7834880724d43b11ab3afb5202132c93857.file.blokNavigation.tpl.php
2012-08-26 07:55:03|Type d'erreur inconnu : [8] Undefined index: acl - ligne 33 dans le fichier F:\wamp\www\rugby\cache\6080e7834880724d43b11ab3afb5202132c93857.file.blokNavigation.tpl.php
2012-08-26 07:55:03|Type d'erreur inconnu : [8] Undefined index: acl - ligne 24 dans le fichier F:\wamp\www\rugby\cache\6080e7834880724d43b11ab3afb5202132c93857.file.blokNavigation.tpl.php
2012-08-26 07:54:57|Type d'erreur inconnu : [8] Undefined index: acl - ligne 67 dans le fichier F:\wamp\www\rugby\cache\6080e7834880724d43b11ab3afb5202132c93857.file.blokNavigation.tpl.php
2012-08-26 07:54:57|Type d'erreur inconnu : [8] Undefined index: acl - ligne 61 dans le fichier F:\wamp\www\rugby\cache\6080e7834880724d43b11ab3afb5202132c93857.file.blokNavigation.tpl.php
2012-08-26 07:54:57|Type d'erreur inconnu : [8] Undefined index: acl - ligne 33 dans le fichier F:\wamp\www\rugby\cache\6080e7834880724d43b11ab3afb5202132c93857.file.blokNavigation.tpl.php
2012-08-26 07:54:57|Type d'erreur inconnu : [8] Undefined index: acl - ligne 24 dans le fichier F:\wamp\www\rugby\cache\6080e7834880724d43b11ab3afb5202132c93857.file.blokNavigation.tpl.php
2012-08-26 07:54:56|Type d'erreur inconnu : [8] Undefined index: acl - ligne 67 dans le fichier F:\wamp\www\rugby\cache\6080e7834880724d43b11ab3afb5202132c93857.file.blokNavigation.tpl.php
2012-08-26 07:54:56|Type d'erreur inconnu : [8] Undefined index: acl - ligne 61 dans le fichier F:\wamp\www\rugby\cache\6080e7834880724d43b11ab3afb5202132c93857.file.blokNavigation.tpl.php
2012-08-26 07:54:56|Type d'erreur inconnu : [8] Undefined index: acl - ligne 33 dans le fichier F:\wamp\www\rugby\cache\6080e7834880724d43b11ab3afb5202132c93857.file.blokNavigation.tpl.php
2012-08-26 07:54:56|Type d'erreur inconnu : [8] Undefined index: acl - ligne 24 dans le fichier F:\wamp\www\rugby\cache\6080e7834880724d43b11ab3afb5202132c93857.file.blokNavigation.tpl.php
2012-08-26 07:19:44|Type d'erreur inconnu : [8] Undefined index: acl - ligne 67 dans le fichier F:\wamp\www\rugby\cache\6080e7834880724d43b11ab3afb5202132c93857.file.blokNavigation.tpl.php
2012-08-26 07:19:44|Type d'erreur inconnu : [8] Undefined index: acl - ligne 61 dans le fichier F:\wamp\www\rugby\cache\6080e7834880724d43b11ab3afb5202132c93857.file.blokNavigation.tpl.php
2012-08-26 07:19:44|Type d'erreur inconnu : [8] Undefined index: acl - ligne 33 dans le fichier F:\wamp\www\rugby\cache\6080e7834880724d43b11ab3afb5202132c93857.file.blokNavigation.tpl.php
2012-08-26 07:19:44|Type d'erreur inconnu : [8] Undefined index: acl - ligne 24 dans le fichier F:\wamp\www\rugby\cache\6080e7834880724d43b11ab3afb5202132c93857.file.blokNavigation.tpl.php
2012-08-26 07:19:44|Type d'erreur inconnu : [8] Undefined index: acl - ligne 67 dans le fichier F:\wamp\www\rugby\cache\6080e7834880724d43b11ab3afb5202132c93857.file.blokNavigation.tpl.php
2012-08-26 07:19:44|Type d'erreur inconnu : [8] Undefined index: acl - ligne 61 dans le fichier F:\wamp\www\rugby\cache\6080e7834880724d43b11ab3afb5202132c93857.file.blokNavigation.tpl.php
2012-08-26 07:19:44|Type d'erreur inconnu : [8] Undefined index: acl - ligne 33 dans le fichier F:\wamp\www\rugby\cache\6080e7834880724d43b11ab3afb5202132c93857.file.blokNavigation.tpl.php
2012-08-26 07:19:44|Type d'erreur inconnu : [8] Undefined index: acl - ligne 24 dans le fichier F:\wamp\www\rugby\cache\6080e7834880724d43b11ab3afb5202132c93857.file.blokNavigation.tpl.php
2012-08-26 06:45:40|Type d'erreur inconnu : [8] Undefined index: Tous - ligne 72 dans le fichier F:\wamp\www\rugby\cache\ba8ebbcdec27153151ea1a161d4f4e5746df97db.file.detail_test.tpl.php
2012-08-26 06:42:20|Type d'erreur inconnu : [8] Undefined variable: test - ligne 291 dans le fichier F:\wamp\www\rugby\kernel\lib\smarty\sysplugins\smarty_internal_data.php
2012-08-26 06:42:20|Type d'erreur inconnu : [8] Undefined variable: test - ligne 291 dans le fichier F:\wamp\www\rugby\kernel\lib\smarty\sysplugins\smarty_internal_data.php
2012-08-26 06:24:57|Type d'erreur inconnu : [8] Undefined index: lastBuildDate - ligne 159 dans le fichier F:\wamp\www\rugby\kernel\lib\lastRSS.php
2012-08-26 06:24:46|Type d'erreur inconnu : [8] Undefined index: acl - ligne 67 dans le fichier F:\wamp\www\rugby\cache\6080e7834880724d43b11ab3afb5202132c93857.file.blokNavigation.tpl.php
2012-08-26 06:24:46|Type d'erreur inconnu : [8] Undefined index: acl - ligne 61 dans le fichier F:\wamp\www\rugby\cache\6080e7834880724d43b11ab3afb5202132c93857.file.blokNavigation.tpl.php
2012-08-26 06:24:46|Type d'erreur inconnu : [8] Undefined index: acl - ligne 33 dans le fichier F:\wamp\www\rugby\cache\6080e7834880724d43b11ab3afb5202132c93857.file.blokNavigation.tpl.php
2012-08-26 06:24:46|Type d'erreur inconnu : [8] Undefined index: acl - ligne 24 dans le fichier F:\wamp\www\rugby\cache\6080e7834880724d43b11ab3afb5202132c93857.file.blokNavigation.tpl.php
2012-08-26 06:24:45|Type d'erreur inconnu : [8] Undefined index: acl - ligne 67 dans le fichier F:\wamp\www\rugby\cache\6080e7834880724d43b11ab3afb5202132c93857.file.blokNavigation.tpl.php
2012-08-26 06:24:45|Type d'erreur inconnu : [8] Undefined index: acl - ligne 61 dans le fichier F:\wamp\www\rugby\cache\6080e7834880724d43b11ab3afb5202132c93857.file.blokNavigation.tpl.php
2012-08-26 06:24:45|Type d'erreur inconnu : [8] Undefined index: acl - ligne 33 dans le fichier F:\wamp\www\rugby\cache\6080e7834880724d43b11ab3afb5202132c93857.file.blokNavigation.tpl.php
2012-08-26 06:24:45|Type d'erreur inconnu : [8] Undefined index: acl - ligne 24 dans le fichier F:\wamp\www\rugby\cache\6080e7834880724d43b11ab3afb5202132c93857.file.blokNavigation.tpl.php
2012-08-26 01:32:27|Type d'erreur inconnu : [8] Undefined index: date_format_day - ligne 201 dans le fichier F:\wamp\www\rugby\cache\a58f417de916a0fef906a03402b26b244af81b9f.file.fiche.tpl.php
2012-08-26 01:32:27|Type d'erreur inconnu : [8] Undefined index: date_format_day - ligne 195 dans le fichier F:\wamp\www\rugby\cache\a58f417de916a0fef906a03402b26b244af81b9f.file.fiche.tpl.php
2012-08-26 12:18:07|Type d'erreur inconnu : [8] Undefined variable: joueur - ligne 291 dans le fichier F:\wamp\www\rugby\kernel\lib\smarty\sysplugins\smarty_internal_data.php
2012-08-26 12:18:07|Type d'erreur inconnu : [8] Undefined variable: joueur - ligne 291 dans le fichier F:\wamp\www\rugby\kernel\lib\smarty\sysplugins\smarty_internal_data.php
2012-08-26 12:17:21|Type d'erreur inconnu : [8] Undefined variable: joueur - ligne 291 dans le fichier F:\wamp\www\rugby\kernel\lib\smarty\sysplugins\smarty_internal_data.php
2012-08-26 12:17:21|Type d'erreur inconnu : [8] Undefined variable: joueur - ligne 291 dans le fichier F:\wamp\www\rugby\kernel\lib\smarty\sysplugins\smarty_internal_data.php
2012-08-26 11:55:38|Type d'erreur inconnu : [8] Undefined index: lastBuildDate - ligne 159 dans le fichier F:\wamp\www\rugby\kernel\lib\lastRSS.php
2012-08-26 11:55:32|Type d'erreur inconnu : [8] Undefined index: acl - ligne 67 dans le fichier F:\wamp\www\rugby\cache\6080e7834880724d43b11ab3afb5202132c93857.file.blokNavigation.tpl.php
2012-08-26 11:55:32|Type d'erreur inconnu : [8] Undefined index: acl - ligne 61 dans le fichier F:\wamp\www\rugby\cache\6080e7834880724d43b11ab3afb5202132c93857.file.blokNavigation.tpl.php
2012-08-26 11:55:32|Type d'erreur inconnu : [8] Undefined index: acl - ligne 33 dans le fichier F:\wamp\www\rugby\cache\6080e7834880724d43b11ab3afb5202132c93857.file.blokNavigation.tpl.php
2012-08-26 11:55:32|Type d'erreur inconnu : [8] Undefined index: acl - ligne 24 dans le fichier F:\wamp\www\rugby\cache\6080e7834880724d43b11ab3afb5202132c93857.file.blokNavigation.tpl.php
2012-08-26 11:55:32|Type d'erreur inconnu : [8] Undefined index: acl - ligne 67 dans le fichier F:\wamp\www\rugby\cache\6080e7834880724d43b11ab3afb5202132c93857.file.blokNavigation.tpl.php
2012-08-26 11:55:32|Type d'erreur inconnu : [8] Undefined index: acl - ligne 61 dans le fichier F:\wamp\www\rugby\cache\6080e7834880724d43b11ab3afb5202132c93857.file.blokNavigation.tpl.php
2012-08-26 11:55:32|Type d'erreur inconnu : [8] Undefined index: acl - ligne 33 dans le fichier F:\wamp\www\rugby\cache\6080e7834880724d43b11ab3afb5202132c93857.file.blokNavigation.tpl.php
2012-08-26 11:55:32|Type d'erreur inconnu : [8] Undefined index: acl - ligne 24 dans le fichier F:\wamp\www\rugby\cache\6080e7834880724d43b11ab3afb5202132c93857.file.blokNavigation.tpl.php
2012-08-26 10:34:09|Type d'erreur inconnu : [8] Undefined index: acl - ligne 67 dans le fichier F:\wamp\www\rugby\cache\6080e7834880724d43b11ab3afb5202132c93857.file.blokNavigation.tpl.php
2012-08-26 10:34:09|Type d'erreur inconnu : [8] Undefined index: acl - ligne 61 dans le fichier F:\wamp\www\rugby\cache\6080e7834880724d43b11ab3afb5202132c93857.file.blokNavigation.tpl.php
2012-08-26 10:34:09|Type d'erreur inconnu : [8] Undefined index: acl - ligne 33 dans le fichier F:\wamp\www\rugby\cache\6080e7834880724d43b11ab3afb5202132c93857.file.blokNavigation.tpl.php
2012-08-26 10:34:09|Type d'erreur inconnu : [8] Undefined index: acl - ligne 24 dans le fichier F:\wamp\www\rugby\cache\6080e7834880724d43b11ab3afb5202132c93857.file.blokNavigation.tpl.php
2012-08-26 10:34:08|Type d'erreur inconnu : [8] Undefined index: acl - ligne 67 dans le fichier F:\wamp\www\rugby\cache\6080e7834880724d43b11ab3afb5202132c93857.file.blokNavigation.tpl.php
2012-08-26 10:34:08|Type d'erreur inconnu : [8] Undefined index: acl - ligne 61 dans le fichier F:\wamp\www\rugby\cache\6080e7834880724d43b11ab3afb5202132c93857.file.blokNavigation.tpl.php
2012-08-26 10:34:08|Type d'erreur inconnu : [8] Undefined index: acl - ligne 33 dans le fichier F:\wamp\www\rugby\cache\6080e7834880724d43b11ab3afb5202132c93857.file.blokNavigation.tpl.php
2012-08-26 10:34:08|Type d'erreur inconnu : [8] Undefined index: acl - ligne 24 dans le fichier F:\wamp\www\rugby\cache\6080e7834880724d43b11ab3afb5202132c93857.file.blokNavigation.tpl.php
2012-08-26 10:29:32|Type d'erreur inconnu : [2] PDOStatement::execute(): SQLSTATE[42000]: Syntax error or access violation: 1064 You have an error in your SQL syntax; check the manual that corresponds to your MySQL server version for the right syntax to use near ')' at line 1 - ligne 34 dans le fichier F:\wamp\www\rugby\kernel\core\DB\EPDO.php
2012-08-26 10:29:29|Type d'erreur inconnu : [2] PDOStatement::execute(): SQLSTATE[42000]: Syntax error or access violation: 1064 You have an error in your SQL syntax; check the manual that corresponds to your MySQL server version for the right syntax to use near ')' at line 1 - ligne 34 dans le fichier F:\wamp\www\rugby\kernel\core\DB\EPDO.php
2012-08-26 10:27:19|Type d'erreur inconnu : [8] Undefined index: acl - ligne 67 dans le fichier F:\wamp\www\rugby\cache\6080e7834880724d43b11ab3afb5202132c93857.file.blokNavigation.tpl.php
2012-08-26 10:27:19|Type d'erreur inconnu : [8] Undefined index: acl - ligne 61 dans le fichier F:\wamp\www\rugby\cache\6080e7834880724d43b11ab3afb5202132c93857.file.blokNavigation.tpl.php
2012-08-26 10:27:19|Type d'erreur inconnu : [8] Undefined index: acl - ligne 33 dans le fichier F:\wamp\www\rugby\cache\6080e7834880724d43b11ab3afb5202132c93857.file.blokNavigation.tpl.php
2012-08-26 10:27:19|Type d'erreur inconnu : [8] Undefined index: acl - ligne 24 dans le fichier F:\wamp\www\rugby\cache\6080e7834880724d43b11ab3afb5202132c93857.file.blokNavigation.tpl.php
2012-08-26 10:27:18|Type d'erreur inconnu : [8] Undefined index: acl - ligne 67 dans le fichier F:\wamp\www\rugby\cache\6080e7834880724d43b11ab3afb5202132c93857.file.blokNavigation.tpl.php
2012-08-26 10:27:18|Type d'erreur inconnu : [8] Undefined index: acl - ligne 61 dans le fichier F:\wamp\www\rugby\cache\6080e7834880724d43b11ab3afb5202132c93857.file.blokNavigation.tpl.php
2012-08-26 10:27:18|Type d'erreur inconnu : [8] Undefined index: acl - ligne 33 dans le fichier F:\wamp\www\rugby\cache\6080e7834880724d43b11ab3afb5202132c93857.file.blokNavigation.tpl.php
2012-08-26 10:27:18|Type d'erreur inconnu : [8] Undefined index: acl - ligne 24 dans le fichier F:\wamp\www\rugby\cache\6080e7834880724d43b11ab3afb5202132c93857.file.blokNavigation.tpl.php
2012-08-26 10:26:36|Type d'erreur inconnu : [8] Undefined index: acl - ligne 67 dans le fichier F:\wamp\www\rugby\cache\6080e7834880724d43b11ab3afb5202132c93857.file.blokNavigation.tpl.php
2012-08-26 10:26:36|Type d'erreur inconnu : [8] Undefined index: acl - ligne 61 dans le fichier F:\wamp\www\rugby\cache\6080e7834880724d43b11ab3afb5202132c93857.file.blokNavigation.tpl.php
2012-08-26 10:26:36|Type d'erreur inconnu : [8] Undefined index: acl - ligne 33 dans le fichier F:\wamp\www\rugby\cache\6080e7834880724d43b11ab3afb5202132c93857.file.blokNavigation.tpl.php
2012-08-26 10:26:36|Type d'erreur inconnu : [8] Undefined index: acl - ligne 24 dans le fichier F:\wamp\www\rugby\cache\6080e7834880724d43b11ab3afb5202132c93857.file.blokNavigation.tpl.php
2012-08-26 10:26:36|Type d'erreur inconnu : [8] Undefined index: acl - ligne 67 dans le fichier F:\wamp\www\rugby\cache\6080e7834880724d43b11ab3afb5202132c93857.file.blokNavigation.tpl.php
2012-08-26 10:26:36|Type d'erreur inconnu : [8] Undefined index: acl - ligne 61 dans le fichier F:\wamp\www\rugby\cache\6080e7834880724d43b11ab3afb5202132c93857.file.blokNavigation.tpl.php
2012-08-26 10:26:36|Type d'erreur inconnu : [8] Undefined index: acl - ligne 33 dans le fichier F:\wamp\www\rugby\cache\6080e7834880724d43b11ab3afb5202132c93857.file.blokNavigation.tpl.php
2012-08-26 10:26:36|Type d'erreur inconnu : [8] Undefined index: acl - ligne 24 dans le fichier F:\wamp\www\rugby\cache\6080e7834880724d43b11ab3afb5202132c93857.file.blokNavigation.tpl.php
2012-08-26 10:26:36|Type d'erreur inconnu : [8] Undefined index: Vous_etes_maintenant_deconnecte - ligne 39 dans le fichier F:\wamp\www\rugby\kernel\base_app\controller\BaseConnexionController.php
2012-08-26 10:11:47|Type d'erreur inconnu : [8] Undefined index: lastBuildDate - ligne 159 dans le fichier F:\wamp\www\rugby\kernel\lib\lastRSS.php
2012-08-26 10:10:17|Type d'erreur inconnu : [8] Undefined index: acl - ligne 67 dans le fichier F:\wamp\www\rugby\cache\6080e7834880724d43b11ab3afb5202132c93857.file.blokNavigation.tpl.php
2012-08-26 10:10:17|Type d'erreur inconnu : [8] Undefined index: acl - ligne 61 dans le fichier F:\wamp\www\rugby\cache\6080e7834880724d43b11ab3afb5202132c93857.file.blokNavigation.tpl.php
2012-08-26 10:10:17|Type d'erreur inconnu : [8] Undefined index: acl - ligne 33 dans le fichier F:\wamp\www\rugby\cache\6080e7834880724d43b11ab3afb5202132c93857.file.blokNavigation.tpl.php
2012-08-26 10:10:17|Type d'erreur inconnu : [8] Undefined index: acl - ligne 24 dans le fichier F:\wamp\www\rugby\cache\6080e7834880724d43b11ab3afb5202132c93857.file.blokNavigation.tpl.php
