2012-10-07 10:18:42|Type d'erreur inconnu : [2] PDOStatement::execute(): SQLSTATE[42S22]: Column not found: 1054 Unknown column 'trombi_joueur' in 'field list' - ligne 34 dans le fichier F:\wamp\www\rugby\kernel\core\DB\EPDO.php
2012-10-07 10:11:47|Type d'erreur inconnu : [8] Undefined index: Liste - ligne 62 dans le fichier F:\wamp\www\rugby\cache\a02b560260f594fae686df7d93a5a0fa40f49b1b.file.edit_profil.tpl.php
2012-10-07 10:11:47|Type d'erreur inconnu : [8] Undefined index: Preference_affichage_joueur - ligne 58 dans le fichier F:\wamp\www\rugby\cache\a02b560260f594fae686df7d93a5a0fa40f49b1b.file.edit_profil.tpl.php
2012-10-07 07:29:00|Type d'erreur inconnu : [8] Undefined index: widget_index_blessure - ligne 61 dans le fichier F:\wamp\www\rugby\cache\4990ccf0230818d28c23d8036d3ffcbd36a6ea40.file.index.tpl.php
2012-10-07 05:53:24|Type d'erreur inconnu : [8] Undefined index: Alerte_en_page_accueil - ligne 39 dans le fichier F:\wamp\www\rugby\cache\a02b560260f594fae686df7d93a5a0fa40f49b1b.file.edit_profil.tpl.php
2012-10-07 05:52:40|Type d'erreur inconnu : [8] Undefined index: Alerte_en_page_accueil - ligne 39 dans le fichier F:\wamp\www\rugby\cache\a02b560260f594fae686df7d93a5a0fa40f49b1b.file.edit_profil.tpl.php
2012-10-07 05:52:40|Type d'erreur inconnu : [8] Undefined index: Flux_actualite - ligne 33 dans le fichier F:\wamp\www\rugby\cache\a02b560260f594fae686df7d93a5a0fa40f49b1b.file.edit_profil.tpl.php
2012-10-07 05:52:40|Type d'erreur inconnu : [8] Undefined index: Flux_actualite - ligne 27 dans le fichier F:\wamp\www\rugby\cache\a02b560260f594fae686df7d93a5a0fa40f49b1b.file.edit_profil.tpl.php
2012-10-07 05:51:22|Type d'erreur inconnu : [8] Undefined index: Alerte_en_page_accueil - ligne 39 dans le fichier F:\wamp\www\rugby\cache\a02b560260f594fae686df7d93a5a0fa40f49b1b.file.edit_profil.tpl.php
2012-10-07 05:51:22|Type d'erreur inconnu : [8] Undefined index: Flux_actualite - ligne 33 dans le fichier F:\wamp\www\rugby\cache\a02b560260f594fae686df7d93a5a0fa40f49b1b.file.edit_profil.tpl.php
2012-10-07 05:51:22|Type d'erreur inconnu : [8] Undefined index: Flux_actualite - ligne 27 dans le fichier F:\wamp\www\rugby\cache\a02b560260f594fae686df7d93a5a0fa40f49b1b.file.edit_profil.tpl.php
2012-10-07 05:51:22|Type d'erreur inconnu : [8] Undefined index: Afficher_flux_actualite - ligne 22 dans le fichier F:\wamp\www\rugby\cache\a02b560260f594fae686df7d93a5a0fa40f49b1b.file.edit_profil.tpl.php
2012-10-07 05:50:44|Type d'erreur inconnu : [8] Undefined index: if condition - ligne 53 dans le fichier F:\wamp\www\rugby\kernel\lib\smarty\sysplugins\smarty_internal_compile_if.php
2012-10-07 05:50:44|Type d'erreur inconnu : [8] Undefined index: if condition - ligne 32 dans le fichier F:\wamp\www\rugby\kernel\lib\smarty\sysplugins\smarty_internal_compile_if.php
2012-10-07 05:50:44|Type d'erreur inconnu : [8] Undefined index: if condition - ligne 53 dans le fichier F:\wamp\www\rugby\kernel\lib\smarty\sysplugins\smarty_internal_compile_if.php
2012-10-07 05:50:44|Type d'erreur inconnu : [8] Undefined index: if condition - ligne 32 dans le fichier F:\wamp\www\rugby\kernel\lib\smarty\sysplugins\smarty_internal_compile_if.php
2012-10-07 04:34:53|Type d'erreur inconnu : [8] Undefined index: Commentaire_suivi_med - ligne 50 dans le fichier F:\wamp\www\rugby\cache\8fd821b143dd779e6552eb31925f51ac1d10455e.file.user_index.tpl.php
2012-10-07 04:34:53|Type d'erreur inconnu : [8] Undefined index: Suivi_med_prive - ligne 49 dans le fichier F:\wamp\www\rugby\cache\8fd821b143dd779e6552eb31925f51ac1d10455e.file.user_index.tpl.php
2012-10-07 04:22:27|Type d'erreur inconnu : [8] Undefined index: Commenter_le_suivi_med - ligne 42 dans le fichier F:\wamp\www\rugby\cache\4f63b23482c4b4df765d5c220cb531cac759d90c.file.user_edit.tpl.php
2012-10-07 04:22:27|Type d'erreur inconnu : [8] Undefined index: Voir_les_donnes_privees_dans_le_suivi_med - ligne 41 dans le fichier F:\wamp\www\rugby\cache\4f63b23482c4b4df765d5c220cb531cac759d90c.file.user_edit.tpl.php
2012-10-07 03:59:11|Type d'erreur inconnu : [2] PDOStatement::execute(): SQLSTATE[23000]: Integrity constraint violation: 1062 Duplicate entry '1' for key 'PRIMARY' - ligne 34 dans le fichier F:\wamp\www\rugby\kernel\core\DB\EPDO.php
2012-10-07 03:53:58|Type d'erreur inconnu : [2] PDOStatement::execute(): SQLSTATE[23000]: Integrity constraint violation: 1062 Duplicate entry '1' for key 'PRIMARY' - ligne 34 dans le fichier F:\wamp\www\rugby\kernel\core\DB\EPDO.php
2012-10-07 03:24:40|Type d'erreur inconnu : [8] Undefined index: Actif - ligne 38 dans le fichier F:\wamp\www\rugby\cache\8fd821b143dd779e6552eb31925f51ac1d10455e.file.user_index.tpl.php
2012-10-07 03:06:41|Type d'erreur inconnu : [8] Undefined variable: User - ligne 291 dans le fichier F:\wamp\www\rugby\kernel\lib\smarty\sysplugins\smarty_internal_data.php
2012-10-07 03:06:41|Type d'erreur inconnu : [8] Undefined variable: User - ligne 291 dans le fichier F:\wamp\www\rugby\kernel\lib\smarty\sysplugins\smarty_internal_data.php
2012-10-07 03:06:41|Type d'erreur inconnu : [8] Undefined variable: User - ligne 291 dans le fichier F:\wamp\www\rugby\kernel\lib\smarty\sysplugins\smarty_internal_data.php
2012-10-07 12:49:34|Type d'erreur inconnu : [8] Undefined index: Administration - ligne 25 dans le fichier F:\wamp\www\rugby\cache\8fd821b143dd779e6552eb31925f51ac1d10455e.file.user_index.tpl.php
2012-10-07 12:47:19|Type d'erreur inconnu : [8] Undefined index: Utilisateurs - ligne 21 dans le fichier F:\wamp\www\rugby\cache\8fd821b143dd779e6552eb31925f51ac1d10455e.file.user_index.tpl.php
2012-10-07 12:43:51|Type d'erreur inconnu : [8] Undefined variable: Utilisateurs - ligne 16 dans le fichier F:\wamp\www\rugby\app\controller\administrationController.php
2012-10-07 12:43:51|Type d'erreur inconnu : [8] Undefined variable: Utilisateurs - ligne 16 dans le fichier F:\wamp\www\rugby\app\controller\administrationController.php
2012-10-07 12:27:26|Type d'erreur inconnu : [2] PDOStatement::execute(): SQLSTATE[23000]: Integrity constraint violation: 1062 Duplicate entry 'chrom' for key 'identifiant' - ligne 34 dans le fichier F:\wamp\www\rugby\kernel\core\DB\EPDO.php
2012-10-07 12:26:59|Type d'erreur inconnu : [2] PDOStatement::execute(): SQLSTATE[23000]: Integrity constraint violation: 1062 Duplicate entry '' for key 'email' - ligne 34 dans le fichier F:\wamp\www\rugby\kernel\core\DB\EPDO.php
2012-10-07 12:25:40|Type d'erreur inconnu : [2] PDOStatement::execute(): SQLSTATE[23000]: Integrity constraint violation: 1048 Column 'joueur_trombi' cannot be null - ligne 34 dans le fichier F:\wamp\www\rugby\kernel\core\DB\EPDO.php
2012-10-07 12:25:15|Type d'erreur inconnu : [2] PDOStatement::execute(): SQLSTATE[23000]: Integrity constraint violation: 1048 Column 'suivi_medical_add_commentaire' cannot be null - ligne 34 dans le fichier F:\wamp\www\rugby\kernel\core\DB\EPDO.php
2012-10-07 12:24:47|Type d'erreur inconnu : [8] Undefined variable: user - ligne 26 dans le fichier F:\wamp\www\rugby\app\controller\administrationController.php
2012-10-07 12:24:25|Type d'erreur inconnu : [8] Undefined variable: user - ligne 26 dans le fichier F:\wamp\www\rugby\app\controller\administrationController.php
2012-10-07 12:10:13|Type d'erreur inconnu : [8] Undefined index: Enregstrer - ligne 113 dans le fichier F:\wamp\www\rugby\cache\95422e1d5498d57d009cb7e68866e58667fea214.file.user_add.tpl.php
2012-10-07 11:52:19|Type d'erreur inconnu : [8] Undefined index: Identifiant_deja_utilise - ligne 35 dans le fichier F:\wamp\www\rugby\cache\95422e1d5498d57d009cb7e68866e58667fea214.file.user_add.tpl.php
2012-10-07 11:51:46|Type d'erreur inconnu : [8] Undefined index: Identifiant_deja_utilise - ligne 35 dans le fichier F:\wamp\www\rugby\cache\95422e1d5498d57d009cb7e68866e58667fea214.file.user_add.tpl.php
2012-10-07 11:51:36|Type d'erreur inconnu : [8] Undefined index: Identifiant_deja_utilise - ligne 35 dans le fichier F:\wamp\www\rugby\cache\95422e1d5498d57d009cb7e68866e58667fea214.file.user_add.tpl.php
2012-10-07 11:39:36|Type d'erreur inconnu : [8] Undefined index: Password_repeat - ligne 36 dans le fichier F:\wamp\www\rugby\cache\95422e1d5498d57d009cb7e68866e58667fea214.file.user_add.tpl.php
2012-10-07 11:39:36|Type d'erreur inconnu : [8] Undefined index: Password - ligne 31 dans le fichier F:\wamp\www\rugby\cache\95422e1d5498d57d009cb7e68866e58667fea214.file.user_add.tpl.php
2012-10-07 11:39:36|Type d'erreur inconnu : [8] Undefined index: New_user - ligne 23 dans le fichier F:\wamp\www\rugby\cache\95422e1d5498d57d009cb7e68866e58667fea214.file.user_add.tpl.php
