2012-11-28 10:51:42|Type d'erreur inconnu : [2] require_once(\indexController.php): failed to open stream: No such file or directory - ligne 95 dans le fichier F:\wamp\www\rugby\kernel\core\Router.class.php
2012-11-28 10:44:23|Type d'erreur inconnu : [2] require_once(\indexController.php): failed to open stream: No such file or directory - ligne 95 dans le fichier F:\wamp\www\rugby\kernel\core\Router.class.php
2012-11-28 10:44:22|Type d'erreur inconnu : [2] Illegal offset type - ligne 25 dans le fichier F:\wamp\www\rugby\cache\fe90fa67bf09ff56064050de7be5f068a2f1ba98.file.index.tpl.php
2012-11-28 10:30:16|Type d'erreur inconnu : [2] require_once(\indexController.php): failed to open stream: No such file or directory - ligne 95 dans le fichier F:\wamp\www\rugby\kernel\core\Router.class.php
2012-11-28 10:29:03|Type d'erreur inconnu : [2] require_once(\indexController.php): failed to open stream: No such file or directory - ligne 95 dans le fichier F:\wamp\www\rugby\kernel\core\Router.class.php
2012-11-28 10:29:03|Type d'erreur inconnu : [8] Undefined variable: Previous - ligne 35 dans le fichier F:\wamp\www\rugby\app\controller\programmationController.php
2012-11-28 10:25:57|Type d'erreur inconnu : [2] require_once(\indexController.php): failed to open stream: No such file or directory - ligne 95 dans le fichier F:\wamp\www\rugby\kernel\core\Router.class.php
2012-11-28 10:24:29|Type d'erreur inconnu : [2] require_once(\indexController.php): failed to open stream: No such file or directory - ligne 95 dans le fichier F:\wamp\www\rugby\kernel\core\Router.class.php
2012-11-28 10:23:31|Type d'erreur inconnu : [2] require_once(\indexController.php): failed to open stream: No such file or directory - ligne 95 dans le fichier F:\wamp\www\rugby\kernel\core\Router.class.php
2012-11-28 10:23:16|Type d'erreur inconnu : [2] require_once(\indexController.php): failed to open stream: No such file or directory - ligne 95 dans le fichier F:\wamp\www\rugby\kernel\core\Router.class.php
2012-11-28 10:22:19|Type d'erreur inconnu : [2] require_once(\indexController.php): failed to open stream: No such file or directory - ligne 95 dans le fichier F:\wamp\www\rugby\kernel\core\Router.class.php
2012-11-28 10:22:14|Type d'erreur inconnu : [2] require_once(\indexController.php): failed to open stream: No such file or directory - ligne 95 dans le fichier F:\wamp\www\rugby\kernel\core\Router.class.php
2012-11-28 10:18:23|Type d'erreur inconnu : [2] require_once(\indexController.php): failed to open stream: No such file or directory - ligne 95 dans le fichier F:\wamp\www\rugby\kernel\core\Router.class.php
2012-11-28 10:09:24|Type d'erreur inconnu : [2] require_once(\indexController.php): failed to open stream: No such file or directory - ligne 95 dans le fichier F:\wamp\www\rugby\kernel\core\Router.class.php
2012-11-28 10:07:39|Type d'erreur inconnu : [2] require_once(\indexController.php): failed to open stream: No such file or directory - ligne 95 dans le fichier F:\wamp\www\rugby\kernel\core\Router.class.php
2012-11-28 09:50:16|Type d'erreur inconnu : [2] require_once(\indexController.php): failed to open stream: No such file or directory - ligne 95 dans le fichier F:\wamp\www\rugby\kernel\core\Router.class.php
2012-11-28 09:50:04|Type d'erreur inconnu : [2] require_once(\indexController.php): failed to open stream: No such file or directory - ligne 95 dans le fichier F:\wamp\www\rugby\kernel\core\Router.class.php
2012-11-28 09:50:04|Type d'erreur inconnu : [8] Undefined index: color - ligne 56 dans le fichier F:\wamp\www\rugby\app\controller\programmationController.php
2012-11-28 09:14:46|Type d'erreur inconnu : [8] Undefined variable: Exercices - ligne 291 dans le fichier F:\wamp\www\rugby\kernel\lib\smarty\sysplugins\smarty_internal_data.php
2012-11-28 09:14:10|Type d'erreur inconnu : [8] Undefined index: club - ligne 91 dans le fichier F:\wamp\www\rugby\cache\83c5accc0c78f436a229b9595e05c750d4c8ce19.file.index.tpl.php
2012-11-28 09:14:10|Type d'erreur inconnu : [8] Undefined index: club - ligne 91 dans le fichier F:\wamp\www\rugby\cache\83c5accc0c78f436a229b9595e05c750d4c8ce19.file.index.tpl.php
2012-11-28 07:09:59|Type d'erreur inconnu : [2] require_once(\indexController.php): failed to open stream: No such file or directory - ligne 95 dans le fichier F:\wamp\www\rugby\kernel\core\Router.class.php
2012-11-28 07:09:58|Type d'erreur inconnu : [2] require_once(\indexController.php): failed to open stream: No such file or directory - ligne 95 dans le fichier F:\wamp\www\rugby\kernel\core\Router.class.php
2012-11-28 07:09:56|Type d'erreur inconnu : [2] require_once(\indexController.php): failed to open stream: No such file or directory - ligne 95 dans le fichier F:\wamp\www\rugby\kernel\core\Router.class.php
2012-11-28 07:09:56|Type d'erreur inconnu : [2] require_once(\indexController.php): failed to open stream: No such file or directory - ligne 95 dans le fichier F:\wamp\www\rugby\kernel\core\Router.class.php
2012-11-28 07:09:55|Type d'erreur inconnu : [2] require_once(\indexController.php): failed to open stream: No such file or directory - ligne 95 dans le fichier F:\wamp\www\rugby\kernel\core\Router.class.php
2012-11-28 07:09:11|Type d'erreur inconnu : [2] require_once(\indexController.php): failed to open stream: No such file or directory - ligne 95 dans le fichier F:\wamp\www\rugby\kernel\core\Router.class.php
2012-11-28 07:08:45|Type d'erreur inconnu : [2] require_once(\indexController.php): failed to open stream: No such file or directory - ligne 95 dans le fichier F:\wamp\www\rugby\kernel\core\Router.class.php
2012-11-28 07:08:43|Type d'erreur inconnu : [2] require_once(\indexController.php): failed to open stream: No such file or directory - ligne 95 dans le fichier F:\wamp\www\rugby\kernel\core\Router.class.php
2012-11-28 07:08:41|Type d'erreur inconnu : [2] require_once(\indexController.php): failed to open stream: No such file or directory - ligne 95 dans le fichier F:\wamp\www\rugby\kernel\core\Router.class.php
2012-11-28 07:08:38|Type d'erreur inconnu : [2] require_once(\indexController.php): failed to open stream: No such file or directory - ligne 95 dans le fichier F:\wamp\www\rugby\kernel\core\Router.class.php
2012-11-28 06:59:12|Type d'erreur inconnu : [2] require_once(\indexController.php): failed to open stream: No such file or directory - ligne 95 dans le fichier F:\wamp\www\rugby\kernel\core\Router.class.php
2012-11-28 06:54:00|Type d'erreur inconnu : [2] require_once(\indexController.php): failed to open stream: No such file or directory - ligne 95 dans le fichier F:\wamp\www\rugby\kernel\core\Router.class.php
2012-11-28 06:53:59|Type d'erreur inconnu : [8] Undefined index: Dimanche - ligne 28 dans le fichier F:\wamp\www\rugby\app\controller\programmationController.php
2012-11-28 06:53:59|Type d'erreur inconnu : [8] Undefined index: Samedi - ligne 27 dans le fichier F:\wamp\www\rugby\app\controller\programmationController.php
2012-11-28 06:53:59|Type d'erreur inconnu : [8] Undefined index: Vendredi - ligne 26 dans le fichier F:\wamp\www\rugby\app\controller\programmationController.php
2012-11-28 06:53:59|Type d'erreur inconnu : [8] Undefined index: Jeudi - ligne 25 dans le fichier F:\wamp\www\rugby\app\controller\programmationController.php
2012-11-28 06:53:59|Type d'erreur inconnu : [8] Undefined index: Mercredi - ligne 24 dans le fichier F:\wamp\www\rugby\app\controller\programmationController.php
2012-11-28 06:53:59|Type d'erreur inconnu : [8] Undefined index: Mardi - ligne 23 dans le fichier F:\wamp\www\rugby\app\controller\programmationController.php
2012-11-28 06:53:59|Type d'erreur inconnu : [8] Undefined index: Lundi - ligne 22 dans le fichier F:\wamp\www\rugby\app\controller\programmationController.php
2012-11-28 06:12:38|Type d'erreur inconnu : [2] require_once(\indexController.php): failed to open stream: No such file or directory - ligne 95 dans le fichier F:\wamp\www\rugby\kernel\core\Router.class.php
2012-11-28 06:11:56|Type d'erreur inconnu : [2] include(): Failed opening 'F:\wamp\www\rugby\kernel\lib\smarty\plugins\function.calendar.php' for inclusion (include_path='.;C:\php\pear') - ligne 20 dans le fichier F:\wamp\www\rugby\cache\4990ccf0230818d28c23d8036d3ffcbd36a6ea40.file.index.tpl.php
2012-11-28 06:11:56|Type d'erreur inconnu : [2] include(F:\wamp\www\rugby\kernel\lib\smarty\plugins\function.calendar.php): failed to open stream: No such file or directory - ligne 20 dans le fichier F:\wamp\www\rugby\cache\4990ccf0230818d28c23d8036d3ffcbd36a6ea40.file.index.tpl.php
2012-11-28 06:11:32|Type d'erreur inconnu : [2] Parameter 3 to smarty_resource_calendar_timestamp() expected to be a reference, value given - ligne 73 dans le fichier F:\wamp\www\rugby\kernel\lib\smarty\sysplugins\smarty_internal_resource_registered.php
2012-11-28 06:10:09|Type d'erreur inconnu : [2] require_once(Smarty.class.php): failed to open stream: No such file or directory - ligne 27 dans le fichier F:\wamp\www\rugby\kernel\lib\smarty\plugins\function.calendar.php
2012-11-28 06:47:25|Type d'erreur inconnu : [2] require_once(\indexController.php): failed to open stream: No such file or directory - ligne 95 dans le fichier F:\wamp\www\rugby\kernel\core\Router.class.php
2012-11-28 06:47:24|Type d'erreur inconnu : [2] require_once(\indexController.php): failed to open stream: No such file or directory - ligne 95 dans le fichier F:\wamp\www\rugby\kernel\core\Router.class.php
2012-11-28 06:47:20|Type d'erreur inconnu : [2] require_once(\indexController.php): failed to open stream: No such file or directory - ligne 95 dans le fichier F:\wamp\www\rugby\kernel\core\Router.class.php
2012-11-28 06:47:14|Type d'erreur inconnu : [2] require_once(\indexController.php): failed to open stream: No such file or directory - ligne 95 dans le fichier F:\wamp\www\rugby\kernel\core\Router.class.php
