2012-12-28 10:30:17|Type d'erreur inconnu : [2] Division by zero - ligne 1941 dans le fichier D:\wamp\www\rugby\kernel\lib\pChart\class\pDraw.class.php
2012-12-28 10:30:17|Type d'erreur inconnu : [8] Undefined index: Data - ligne 1913 dans le fichier D:\wamp\www\rugby\kernel\lib\pChart\class\pDraw.class.php
2012-12-28 10:30:17|Type d'erreur inconnu : [8] Undefined index: Data - ligne 100 dans le fichier D:\wamp\www\rugby\kernel\lib\pChart\class\pData.class.php
2012-12-28 10:30:17|Type d'erreur inconnu : [8] Undefined variable: data_img - ligne 562 dans le fichier D:\wamp\www\rugby\app\controller\joueurController.php
2012-12-28 10:30:17|Type d'erreur inconnu : [8] Undefined index: Data - ligne 3775 dans le fichier D:\wamp\www\rugby\kernel\lib\pChart\class\pDraw.class.php
2012-12-28 10:30:17|Type d'erreur inconnu : [8] Undefined index: Data - ligne 3774 dans le fichier D:\wamp\www\rugby\kernel\lib\pChart\class\pDraw.class.php
2012-12-28 10:30:17|Type d'erreur inconnu : [8] Undefined index: Data - ligne 3772 dans le fichier D:\wamp\www\rugby\kernel\lib\pChart\class\pDraw.class.php
2012-12-28 10:30:17|Type d'erreur inconnu : [8] Undefined index: Data - ligne 3759 dans le fichier D:\wamp\www\rugby\kernel\lib\pChart\class\pDraw.class.php
2012-12-28 10:30:17|Type d'erreur inconnu : [2] Division by zero - ligne 1941 dans le fichier D:\wamp\www\rugby\kernel\lib\pChart\class\pDraw.class.php
2012-12-28 10:30:17|Type d'erreur inconnu : [8] Undefined index: Data - ligne 1913 dans le fichier D:\wamp\www\rugby\kernel\lib\pChart\class\pDraw.class.php
2012-12-28 10:30:17|Type d'erreur inconnu : [8] Undefined index: Data - ligne 100 dans le fichier D:\wamp\www\rugby\kernel\lib\pChart\class\pData.class.php
2012-12-28 10:30:17|Type d'erreur inconnu : [8] Undefined index: Data - ligne 100 dans le fichier D:\wamp\www\rugby\kernel\lib\pChart\class\pData.class.php
2012-12-28 10:30:17|Type d'erreur inconnu : [8] Undefined index: Data - ligne 3775 dans le fichier D:\wamp\www\rugby\kernel\lib\pChart\class\pDraw.class.php
2012-12-28 10:30:17|Type d'erreur inconnu : [8] Undefined index: Data - ligne 3774 dans le fichier D:\wamp\www\rugby\kernel\lib\pChart\class\pDraw.class.php
2012-12-28 10:30:17|Type d'erreur inconnu : [8] Undefined index: Data - ligne 3772 dans le fichier D:\wamp\www\rugby\kernel\lib\pChart\class\pDraw.class.php
2012-12-28 10:30:17|Type d'erreur inconnu : [8] Undefined index: Data - ligne 3759 dans le fichier D:\wamp\www\rugby\kernel\lib\pChart\class\pDraw.class.php
2012-12-28 10:30:17|Type d'erreur inconnu : [2] Division by zero - ligne 1941 dans le fichier D:\wamp\www\rugby\kernel\lib\pChart\class\pDraw.class.php
2012-12-28 10:30:17|Type d'erreur inconnu : [8] Undefined index: Data - ligne 1913 dans le fichier D:\wamp\www\rugby\kernel\lib\pChart\class\pDraw.class.php
2012-12-28 10:30:17|Type d'erreur inconnu : [8] Undefined index: Data - ligne 100 dans le fichier D:\wamp\www\rugby\kernel\lib\pChart\class\pData.class.php
2012-12-28 10:30:17|Type d'erreur inconnu : [8] Undefined index: Data - ligne 100 dans le fichier D:\wamp\www\rugby\kernel\lib\pChart\class\pData.class.php
2012-12-28 10:27:27|Type d'erreur inconnu : [2] require_once(\indexController.php): failed to open stream: No such file or directory - ligne 95 dans le fichier D:\wamp\www\rugby\kernel\core\Router.class.php
