2012-11-25 10:03:47|Type d'erreur inconnu : [8] Undefined variable: Exercices - ligne 291 dans le fichier F:\wamp\www\rugby\kernel\lib\smarty\sysplugins\smarty_internal_data.php
2012-11-25 10:03:46|Type d'erreur inconnu : [2] require_once(\indexController.php): failed to open stream: No such file or directory - ligne 95 dans le fichier F:\wamp\www\rugby\kernel\core\Router.class.php
2012-11-25 09:58:18|Type d'erreur inconnu : [8] Undefined index: club - ligne 91 dans le fichier F:\wamp\www\rugby\cache\83c5accc0c78f436a229b9595e05c750d4c8ce19.file.index.tpl.php
2012-11-25 09:58:18|Type d'erreur inconnu : [8] Undefined index: club - ligne 91 dans le fichier F:\wamp\www\rugby\cache\83c5accc0c78f436a229b9595e05c750d4c8ce19.file.index.tpl.php
2012-11-25 09:58:17|Type d'erreur inconnu : [2] require_once(\indexController.php): failed to open stream: No such file or directory - ligne 95 dans le fichier F:\wamp\www\rugby\kernel\core\Router.class.php
2012-11-25 09:57:10|Type d'erreur inconnu : [2] require_once(\indexController.php): failed to open stream: No such file or directory - ligne 95 dans le fichier F:\wamp\www\rugby\kernel\core\Router.class.php
2012-11-25 09:53:29|Type d'erreur inconnu : [2] require_once(\indexController.php): failed to open stream: No such file or directory - ligne 95 dans le fichier F:\wamp\www\rugby\kernel\core\Router.class.php
2012-11-25 09:52:52|Type d'erreur inconnu : [2] require_once(\indexController.php): failed to open stream: No such file or directory - ligne 95 dans le fichier F:\wamp\www\rugby\kernel\core\Router.class.php
2012-11-25 09:52:52|Type d'erreur inconnu : [8] Undefined index: libelle - ligne 57 dans le fichier F:\wamp\www\rugby\cache\8c87efa98417c7609779172dfeed62abbf3fe7c5.file.index.tpl.php
2012-11-25 09:52:52|Type d'erreur inconnu : [8] Undefined index: libelle - ligne 57 dans le fichier F:\wamp\www\rugby\cache\8c87efa98417c7609779172dfeed62abbf3fe7c5.file.index.tpl.php
2012-11-25 09:52:52|Type d'erreur inconnu : [8] Undefined index: libelle - ligne 57 dans le fichier F:\wamp\www\rugby\cache\8c87efa98417c7609779172dfeed62abbf3fe7c5.file.index.tpl.php
2012-11-25 09:52:52|Type d'erreur inconnu : [8] Undefined index: libelle - ligne 57 dans le fichier F:\wamp\www\rugby\cache\8c87efa98417c7609779172dfeed62abbf3fe7c5.file.index.tpl.php
2012-11-25 09:52:52|Type d'erreur inconnu : [8] Undefined index: libelle - ligne 57 dans le fichier F:\wamp\www\rugby\cache\8c87efa98417c7609779172dfeed62abbf3fe7c5.file.index.tpl.php
2012-11-25 09:52:52|Type d'erreur inconnu : [8] Undefined index: libelle - ligne 57 dans le fichier F:\wamp\www\rugby\cache\8c87efa98417c7609779172dfeed62abbf3fe7c5.file.index.tpl.php
2012-11-25 09:52:52|Type d'erreur inconnu : [8] Undefined index: libelle - ligne 57 dans le fichier F:\wamp\www\rugby\cache\8c87efa98417c7609779172dfeed62abbf3fe7c5.file.index.tpl.php
2012-11-25 09:51:28|Type d'erreur inconnu : [2] require_once(\indexController.php): failed to open stream: No such file or directory - ligne 95 dans le fichier F:\wamp\www\rugby\kernel\core\Router.class.php
2012-11-25 09:51:26|Type d'erreur inconnu : [2] require_once(\indexController.php): failed to open stream: No such file or directory - ligne 95 dans le fichier F:\wamp\www\rugby\kernel\core\Router.class.php
2012-11-25 09:51:09|Type d'erreur inconnu : [2] require_once(\indexController.php): failed to open stream: No such file or directory - ligne 95 dans le fichier F:\wamp\www\rugby\kernel\core\Router.class.php
2012-11-25 09:51:09|Type d'erreur inconnu : [2] PDOStatement::execute(): SQLSTATE[23000]: Integrity constraint violation: 1052 Column 'nom' in field list is ambiguous - ligne 34 dans le fichier F:\wamp\www\rugby\kernel\core\DB\EPDO.php
2012-11-25 09:50:22|Type d'erreur inconnu : [2] require_once(\indexController.php): failed to open stream: No such file or directory - ligne 95 dans le fichier F:\wamp\www\rugby\kernel\core\Router.class.php
2012-11-25 09:50:22|Type d'erreur inconnu : [2] PDOStatement::execute(): SQLSTATE[42000]: Syntax error or access violation: 1064 You have an error in your SQL syntax; check the manual that corresponds to your MySQL server version for the right syntax to use near '' at line 1 - ligne 34 dans le fichier F:\wamp\www\rugby\kernel\core\DB\EPDO.php
2012-11-25 09:50:22|Type d'erreur inconnu : [8] Undefined variable: param - ligne 121 dans le fichier F:\wamp\www\rugby\kernel\core\DB\Db.class.php
2012-11-25 09:50:22|Type d'erreur inconnu : [8] Undefined variable: param - ligne 120 dans le fichier F:\wamp\www\rugby\kernel\core\DB\Db.class.php
2012-11-25 09:50:22|Type d'erreur inconnu : [2] Missing argument 1 for Db::where(), called in F:\wamp\www\rugby\app\controller\musculationController.php on line 18 and defined - ligne 118 dans le fichier F:\wamp\www\rugby\kernel\core\DB\Db.class.php
2012-11-25 09:31:40|Type d'erreur inconnu : [2] require_once(\indexController.php): failed to open stream: No such file or directory - ligne 95 dans le fichier F:\wamp\www\rugby\kernel\core\Router.class.php
2012-11-25 09:30:55|Type d'erreur inconnu : [2] require_once(\indexController.php): failed to open stream: No such file or directory - ligne 95 dans le fichier F:\wamp\www\rugby\kernel\core\Router.class.php
2012-11-25 09:27:55|Type d'erreur inconnu : [2] require_once(\indexController.php): failed to open stream: No such file or directory - ligne 95 dans le fichier F:\wamp\www\rugby\kernel\core\Router.class.php
2012-11-25 09:27:49|Type d'erreur inconnu : [2] require_once(\indexController.php): failed to open stream: No such file or directory - ligne 95 dans le fichier F:\wamp\www\rugby\kernel\core\Router.class.php
2012-11-25 09:27:07|Type d'erreur inconnu : [2] require_once(\indexController.php): failed to open stream: No such file or directory - ligne 95 dans le fichier F:\wamp\www\rugby\kernel\core\Router.class.php
2012-11-25 09:26:01|Type d'erreur inconnu : [2] require_once(\indexController.php): failed to open stream: No such file or directory - ligne 95 dans le fichier F:\wamp\www\rugby\kernel\core\Router.class.php
2012-11-25 09:25:41|Type d'erreur inconnu : [2] require_once(\indexController.php): failed to open stream: No such file or directory - ligne 95 dans le fichier F:\wamp\www\rugby\kernel\core\Router.class.php
2012-11-25 09:24:31|Type d'erreur inconnu : [2] require_once(\indexController.php): failed to open stream: No such file or directory - ligne 95 dans le fichier F:\wamp\www\rugby\kernel\core\Router.class.php
2012-11-25 09:23:21|Type d'erreur inconnu : [2] require_once(\indexController.php): failed to open stream: No such file or directory - ligne 95 dans le fichier F:\wamp\www\rugby\kernel\core\Router.class.php
2012-11-25 09:22:54|Type d'erreur inconnu : [2] require_once(\indexController.php): failed to open stream: No such file or directory - ligne 95 dans le fichier F:\wamp\www\rugby\kernel\core\Router.class.php
2012-11-25 09:22:08|Type d'erreur inconnu : [2] require_once(\indexController.php): failed to open stream: No such file or directory - ligne 95 dans le fichier F:\wamp\www\rugby\kernel\core\Router.class.php
2012-11-25 09:21:46|Type d'erreur inconnu : [2] require_once(\indexController.php): failed to open stream: No such file or directory - ligne 95 dans le fichier F:\wamp\www\rugby\kernel\core\Router.class.php
2012-11-25 09:21:41|Type d'erreur inconnu : [2] require_once(\indexController.php): failed to open stream: No such file or directory - ligne 95 dans le fichier F:\wamp\www\rugby\kernel\core\Router.class.php
2012-11-25 09:21:32|Type d'erreur inconnu : [2] require_once(\indexController.php): failed to open stream: No such file or directory - ligne 95 dans le fichier F:\wamp\www\rugby\kernel\core\Router.class.php
2012-11-25 09:06:50|Type d'erreur inconnu : [2] require_once(\indexController.php): failed to open stream: No such file or directory - ligne 95 dans le fichier F:\wamp\www\rugby\kernel\core\Router.class.php
2012-11-25 09:06:35|Type d'erreur inconnu : [2] require_once(\indexController.php): failed to open stream: No such file or directory - ligne 95 dans le fichier F:\wamp\www\rugby\kernel\core\Router.class.php
2012-11-25 09:06:34|Type d'erreur inconnu : [2] require_once(\indexController.php): failed to open stream: No such file or directory - ligne 95 dans le fichier F:\wamp\www\rugby\kernel\core\Router.class.php
2012-11-25 09:06:33|Type d'erreur inconnu : [2] require_once(\indexController.php): failed to open stream: No such file or directory - ligne 95 dans le fichier F:\wamp\www\rugby\kernel\core\Router.class.php
2012-11-25 09:04:38|Type d'erreur inconnu : [2] require_once(\indexController.php): failed to open stream: No such file or directory - ligne 95 dans le fichier F:\wamp\www\rugby\kernel\core\Router.class.php
2012-11-25 09:02:51|Type d'erreur inconnu : [2] require_once(\indexController.php): failed to open stream: No such file or directory - ligne 95 dans le fichier F:\wamp\www\rugby\kernel\core\Router.class.php
2012-11-25 09:02:51|Type d'erreur inconnu : [2] require_once(\indexController.php): failed to open stream: No such file or directory - ligne 95 dans le fichier F:\wamp\www\rugby\kernel\core\Router.class.php
2012-11-25 04:25:51|Type d'erreur inconnu : [2] require_once(\indexController.php): failed to open stream: No such file or directory - ligne 95 dans le fichier F:\wamp\www\rugby\kernel\core\Router.class.php
2012-11-25 03:48:25|Type d'erreur inconnu : [2] require_once(\indexController.php): failed to open stream: No such file or directory - ligne 95 dans le fichier F:\wamp\www\rugby\kernel\core\Router.class.php
2012-11-25 03:45:11|Type d'erreur inconnu : [2] require_once(\indexController.php): failed to open stream: No such file or directory - ligne 95 dans le fichier F:\wamp\www\rugby\kernel\core\Router.class.php
2012-11-25 03:43:49|Type d'erreur inconnu : [2] require_once(\indexController.php): failed to open stream: No such file or directory - ligne 95 dans le fichier F:\wamp\www\rugby\kernel\core\Router.class.php
2012-11-25 03:39:57|Type d'erreur inconnu : [2] require_once(\indexController.php): failed to open stream: No such file or directory - ligne 95 dans le fichier F:\wamp\www\rugby\kernel\core\Router.class.php
2012-11-25 03:39:54|Type d'erreur inconnu : [2] require_once(\indexController.php): failed to open stream: No such file or directory - ligne 95 dans le fichier F:\wamp\www\rugby\kernel\core\Router.class.php
2012-11-25 03:39:51|Type d'erreur inconnu : [2] require_once(\indexController.php): failed to open stream: No such file or directory - ligne 95 dans le fichier F:\wamp\www\rugby\kernel\core\Router.class.php
2012-11-25 03:39:36|Type d'erreur inconnu : [2] require_once(\indexController.php): failed to open stream: No such file or directory - ligne 95 dans le fichier F:\wamp\www\rugby\kernel\core\Router.class.php
2012-11-25 03:39:34|Type d'erreur inconnu : [2] require_once(\indexController.php): failed to open stream: No such file or directory - ligne 95 dans le fichier F:\wamp\www\rugby\kernel\core\Router.class.php
2012-11-25 03:38:09|Type d'erreur inconnu : [2] require_once(\indexController.php): failed to open stream: No such file or directory - ligne 95 dans le fichier F:\wamp\www\rugby\kernel\core\Router.class.php
2012-11-25 03:38:06|Type d'erreur inconnu : [2] require_once(\indexController.php): failed to open stream: No such file or directory - ligne 95 dans le fichier F:\wamp\www\rugby\kernel\core\Router.class.php
2012-11-25 03:37:54|Type d'erreur inconnu : [2] require_once(\indexController.php): failed to open stream: No such file or directory - ligne 95 dans le fichier F:\wamp\www\rugby\kernel\core\Router.class.php
2012-11-25 03:37:53|Type d'erreur inconnu : [2] require_once(\indexController.php): failed to open stream: No such file or directory - ligne 95 dans le fichier F:\wamp\www\rugby\kernel\core\Router.class.php
2012-11-25 03:37:19|Type d'erreur inconnu : [2] require_once(\indexController.php): failed to open stream: No such file or directory - ligne 95 dans le fichier F:\wamp\www\rugby\kernel\core\Router.class.php
2012-11-25 03:37:13|Type d'erreur inconnu : [2] require_once(\indexController.php): failed to open stream: No such file or directory - ligne 95 dans le fichier F:\wamp\www\rugby\kernel\core\Router.class.php
2012-11-25 03:13:37|Type d'erreur inconnu : [2] require_once(\indexController.php): failed to open stream: No such file or directory - ligne 95 dans le fichier F:\wamp\www\rugby\kernel\core\Router.class.php
2012-11-25 03:13:36|Type d'erreur inconnu : [2] require_once(\indexController.php): failed to open stream: No such file or directory - ligne 95 dans le fichier F:\wamp\www\rugby\kernel\core\Router.class.php
2012-11-25 03:13:18|Type d'erreur inconnu : [2] require_once(\indexController.php): failed to open stream: No such file or directory - ligne 95 dans le fichier F:\wamp\www\rugby\kernel\core\Router.class.php
2012-11-25 03:12:12|Type d'erreur inconnu : [2] require_once(\indexController.php): failed to open stream: No such file or directory - ligne 95 dans le fichier F:\wamp\www\rugby\kernel\core\Router.class.php
2012-11-25 03:12:10|Type d'erreur inconnu : [2] require_once(\indexController.php): failed to open stream: No such file or directory - ligne 95 dans le fichier F:\wamp\www\rugby\kernel\core\Router.class.php
2012-11-25 03:12:08|Type d'erreur inconnu : [2] require_once(\indexController.php): failed to open stream: No such file or directory - ligne 95 dans le fichier F:\wamp\www\rugby\kernel\core\Router.class.php
2012-11-25 03:09:23|Type d'erreur inconnu : [2] require_once(\indexController.php): failed to open stream: No such file or directory - ligne 95 dans le fichier F:\wamp\www\rugby\kernel\core\Router.class.php
2012-11-25 03:09:21|Type d'erreur inconnu : [2] require_once(\indexController.php): failed to open stream: No such file or directory - ligne 95 dans le fichier F:\wamp\www\rugby\kernel\core\Router.class.php
2012-11-25 03:09:19|Type d'erreur inconnu : [2] require_once(\indexController.php): failed to open stream: No such file or directory - ligne 95 dans le fichier F:\wamp\www\rugby\kernel\core\Router.class.php
2012-11-25 02:40:10|Type d'erreur inconnu : [2] require_once(\indexController.php): failed to open stream: No such file or directory - ligne 95 dans le fichier F:\wamp\www\rugby\kernel\core\Router.class.php
2012-11-25 02:40:06|Type d'erreur inconnu : [2] require_once(\indexController.php): failed to open stream: No such file or directory - ligne 95 dans le fichier F:\wamp\www\rugby\kernel\core\Router.class.php
2012-11-25 01:42:53|Type d'erreur inconnu : [2] require_once(\indexController.php): failed to open stream: No such file or directory - ligne 95 dans le fichier F:\wamp\www\rugby\kernel\core\Router.class.php
2012-11-25 01:42:51|Type d'erreur inconnu : [2] require_once(\indexController.php): failed to open stream: No such file or directory - ligne 95 dans le fichier F:\wamp\www\rugby\kernel\core\Router.class.php
2012-11-25 01:42:20|Type d'erreur inconnu : [2] require_once(\indexController.php): failed to open stream: No such file or directory - ligne 95 dans le fichier F:\wamp\www\rugby\kernel\core\Router.class.php
2012-11-25 01:42:20|Type d'erreur inconnu : [8] Undefined index: Matchs - ligne 30 dans le fichier F:\wamp\www\rugby\cache\cf16d1c8a9f219be460ecbcf98430b02eb2bb599.file.index.tpl.php
2012-11-25 01:39:51|Type d'erreur inconnu : [2] require_once(\indexController.php): failed to open stream: No such file or directory - ligne 95 dans le fichier F:\wamp\www\rugby\kernel\core\Router.class.php
2012-11-25 01:35:39|Type d'erreur inconnu : [2] require_once(\indexController.php): failed to open stream: No such file or directory - ligne 95 dans le fichier F:\wamp\www\rugby\kernel\core\Router.class.php
2012-11-25 01:05:59|Type d'erreur inconnu : [2] require_once(\indexController.php): failed to open stream: No such file or directory - ligne 95 dans le fichier F:\wamp\www\rugby\kernel\core\Router.class.php
2012-11-25 01:05:54|Type d'erreur inconnu : [2] require_once(\indexController.php): failed to open stream: No such file or directory - ligne 95 dans le fichier F:\wamp\www\rugby\kernel\core\Router.class.php
2012-11-25 01:05:11|Type d'erreur inconnu : [2] require_once(\indexController.php): failed to open stream: No such file or directory - ligne 95 dans le fichier F:\wamp\www\rugby\kernel\core\Router.class.php
2012-11-25 01:04:37|Type d'erreur inconnu : [2] require_once(\indexController.php): failed to open stream: No such file or directory - ligne 95 dans le fichier F:\wamp\www\rugby\kernel\core\Router.class.php
2012-11-25 01:01:20|Type d'erreur inconnu : [2] require_once(\indexController.php): failed to open stream: No such file or directory - ligne 95 dans le fichier F:\wamp\www\rugby\kernel\core\Router.class.php
2012-11-25 01:00:29|Type d'erreur inconnu : [2] require_once(\indexController.php): failed to open stream: No such file or directory - ligne 95 dans le fichier F:\wamp\www\rugby\kernel\core\Router.class.php
2012-11-25 01:00:03|Type d'erreur inconnu : [8] Undefined index: crouge - ligne 73 dans le fichier F:\wamp\www\rugby\cache\ffc567d3fdbc22b721d50b6a1d850c4ec301ea8e.file.fiche_tab.tpl.php
2012-11-25 01:00:03|Type d'erreur inconnu : [8] Undefined index: cjaune - ligne 70 dans le fichier F:\wamp\www\rugby\cache\ffc567d3fdbc22b721d50b6a1d850c4ec301ea8e.file.fiche_tab.tpl.php
2012-11-25 01:00:03|Type d'erreur inconnu : [8] Undefined index: crouge - ligne 73 dans le fichier F:\wamp\www\rugby\cache\ffc567d3fdbc22b721d50b6a1d850c4ec301ea8e.file.fiche_tab.tpl.php
2012-11-25 01:00:03|Type d'erreur inconnu : [8] Undefined index: cjaune - ligne 70 dans le fichier F:\wamp\www\rugby\cache\ffc567d3fdbc22b721d50b6a1d850c4ec301ea8e.file.fiche_tab.tpl.php
2012-11-25 01:00:03|Type d'erreur inconnu : [8] Undefined index: crouge - ligne 73 dans le fichier F:\wamp\www\rugby\cache\ffc567d3fdbc22b721d50b6a1d850c4ec301ea8e.file.fiche_tab.tpl.php
2012-11-25 01:00:03|Type d'erreur inconnu : [8] Undefined index: cjaune - ligne 70 dans le fichier F:\wamp\www\rugby\cache\ffc567d3fdbc22b721d50b6a1d850c4ec301ea8e.file.fiche_tab.tpl.php
2012-11-25 01:00:00|Type d'erreur inconnu : [2] require_once(\indexController.php): failed to open stream: No such file or directory - ligne 95 dans le fichier F:\wamp\www\rugby\kernel\core\Router.class.php
2012-11-25 12:46:14|Type d'erreur inconnu : [2] require_once(\indexController.php): failed to open stream: No such file or directory - ligne 95 dans le fichier F:\wamp\www\rugby\kernel\core\Router.class.php
2012-11-25 12:45:58|Type d'erreur inconnu : [2] require_once(\indexController.php): failed to open stream: No such file or directory - ligne 95 dans le fichier F:\wamp\www\rugby\kernel\core\Router.class.php
2012-11-25 12:44:57|Type d'erreur inconnu : [2] require_once(\indexController.php): failed to open stream: No such file or directory - ligne 95 dans le fichier F:\wamp\www\rugby\kernel\core\Router.class.php
2012-11-25 12:43:53|Type d'erreur inconnu : [2] require_once(\indexController.php): failed to open stream: No such file or directory - ligne 95 dans le fichier F:\wamp\www\rugby\kernel\core\Router.class.php
2012-11-25 12:42:20|Type d'erreur inconnu : [2] require_once(\indexController.php): failed to open stream: No such file or directory - ligne 95 dans le fichier F:\wamp\www\rugby\kernel\core\Router.class.php
2012-11-25 12:39:27|Type d'erreur inconnu : [2] require_once(\indexController.php): failed to open stream: No such file or directory - ligne 95 dans le fichier F:\wamp\www\rugby\kernel\core\Router.class.php
2012-11-25 12:38:31|Type d'erreur inconnu : [2] require_once(\indexController.php): failed to open stream: No such file or directory - ligne 95 dans le fichier F:\wamp\www\rugby\kernel\core\Router.class.php
2012-11-25 12:38:30|Type d'erreur inconnu : [2] require_once(\indexController.php): failed to open stream: No such file or directory - ligne 95 dans le fichier F:\wamp\www\rugby\kernel\core\Router.class.php
2012-11-25 12:35:56|Type d'erreur inconnu : [2] require_once(\indexController.php): failed to open stream: No such file or directory - ligne 95 dans le fichier F:\wamp\www\rugby\kernel\core\Router.class.php
2012-11-25 12:35:55|Type d'erreur inconnu : [2] require_once(\indexController.php): failed to open stream: No such file or directory - ligne 95 dans le fichier F:\wamp\www\rugby\kernel\core\Router.class.php
2012-11-25 12:32:52|Type d'erreur inconnu : [2] require_once(\indexController.php): failed to open stream: No such file or directory - ligne 95 dans le fichier F:\wamp\www\rugby\kernel\core\Router.class.php
2012-11-25 12:31:24|Type d'erreur inconnu : [2] require_once(\indexController.php): failed to open stream: No such file or directory - ligne 95 dans le fichier F:\wamp\www\rugby\kernel\core\Router.class.php
2012-11-25 12:29:20|Type d'erreur inconnu : [2] require_once(\indexController.php): failed to open stream: No such file or directory - ligne 95 dans le fichier F:\wamp\www\rugby\kernel\core\Router.class.php
2012-11-25 12:29:01|Type d'erreur inconnu : [2] require_once(\indexController.php): failed to open stream: No such file or directory - ligne 95 dans le fichier F:\wamp\www\rugby\kernel\core\Router.class.php
2012-11-25 12:28:21|Type d'erreur inconnu : [2] require_once(\indexController.php): failed to open stream: No such file or directory - ligne 95 dans le fichier F:\wamp\www\rugby\kernel\core\Router.class.php
2012-11-25 12:28:14|Type d'erreur inconnu : [2] require_once(\indexController.php): failed to open stream: No such file or directory - ligne 95 dans le fichier F:\wamp\www\rugby\kernel\core\Router.class.php
2012-11-25 12:28:11|Type d'erreur inconnu : [2] require_once(\indexController.php): failed to open stream: No such file or directory - ligne 95 dans le fichier F:\wamp\www\rugby\kernel\core\Router.class.php
2012-11-25 12:19:02|Type d'erreur inconnu : [2] require_once(\indexController.php): failed to open stream: No such file or directory - ligne 95 dans le fichier F:\wamp\www\rugby\kernel\core\Router.class.php
2012-11-25 12:18:59|Type d'erreur inconnu : [8] Undefined index: Match_ajoute - ligne 63 dans le fichier F:\wamp\www\rugby\app\controller\matchRugbyController.php
2012-11-25 12:18:34|Type d'erreur inconnu : [2] require_once(\indexController.php): failed to open stream: No such file or directory - ligne 95 dans le fichier F:\wamp\www\rugby\kernel\core\Router.class.php
2012-11-25 12:17:50|Type d'erreur inconnu : [2] require_once(\indexController.php): failed to open stream: No such file or directory - ligne 95 dans le fichier F:\wamp\www\rugby\kernel\core\Router.class.php
2012-11-25 12:17:47|Type d'erreur inconnu : [8] Undefined index: Match_ajoute - ligne 63 dans le fichier F:\wamp\www\rugby\app\controller\matchRugbyController.php
2012-11-25 12:17:22|Type d'erreur inconnu : [2] require_once(\indexController.php): failed to open stream: No such file or directory - ligne 95 dans le fichier F:\wamp\www\rugby\kernel\core\Router.class.php
2012-11-25 12:17:16|Type d'erreur inconnu : [2] require_once(\indexController.php): failed to open stream: No such file or directory - ligne 95 dans le fichier F:\wamp\www\rugby\kernel\core\Router.class.php
2012-11-25 12:16:01|Type d'erreur inconnu : [2] require_once(\indexController.php): failed to open stream: No such file or directory - ligne 95 dans le fichier F:\wamp\www\rugby\kernel\core\Router.class.php
2012-11-25 12:15:46|Type d'erreur inconnu : [2] require_once(\indexController.php): failed to open stream: No such file or directory - ligne 95 dans le fichier F:\wamp\www\rugby\kernel\core\Router.class.php
2012-11-25 12:14:52|Type d'erreur inconnu : [2] require_once(\indexController.php): failed to open stream: No such file or directory - ligne 95 dans le fichier F:\wamp\www\rugby\kernel\core\Router.class.php
2012-11-25 11:59:47|Type d'erreur inconnu : [2] require_once(\indexController.php): failed to open stream: No such file or directory - ligne 95 dans le fichier F:\wamp\www\rugby\kernel\core\Router.class.php
2012-11-25 11:59:44|Type d'erreur inconnu : [8] Undefined index: Match_ajoute - ligne 50 dans le fichier F:\wamp\www\rugby\app\controller\matchRugbyController.php
2012-11-25 11:58:53|Type d'erreur inconnu : [2] require_once(\indexController.php): failed to open stream: No such file or directory - ligne 95 dans le fichier F:\wamp\www\rugby\kernel\core\Router.class.php
2012-11-25 11:58:46|Type d'erreur inconnu : [2] require_once(\indexController.php): failed to open stream: No such file or directory - ligne 95 dans le fichier F:\wamp\www\rugby\kernel\core\Router.class.php
2012-11-25 11:17:12|Type d'erreur inconnu : [2] require_once(\indexController.php): failed to open stream: No such file or directory - ligne 95 dans le fichier F:\wamp\www\rugby\kernel\core\Router.class.php
2012-11-25 11:16:56|Type d'erreur inconnu : [8] Undefined property: matchRugbyController::$HTTPRequest - ligne 12 dans le fichier F:\wamp\www\rugby\app\controller\matchRugbyController.php
2012-11-25 11:16:56|Type d'erreur inconnu : [8] Undefined property: matchRugbyController::$HTTPRequest - ligne 12 dans le fichier F:\wamp\www\rugby\app\controller\matchRugbyController.php
2012-11-25 11:15:13|Type d'erreur inconnu : [2] require_once(\indexController.php): failed to open stream: No such file or directory - ligne 95 dans le fichier F:\wamp\www\rugby\kernel\core\Router.class.php
2012-11-25 11:15:13|Type d'erreur inconnu : [8] Undefined variable: Equipes - ligne 291 dans le fichier F:\wamp\www\rugby\kernel\lib\smarty\sysplugins\smarty_internal_data.php
2012-11-25 11:15:13|Type d'erreur inconnu : [8] Undefined variable: thi - ligne 14 dans le fichier F:\wamp\www\rugby\app\controller\matchRugbyController.php
2012-11-25 11:14:04|Type d'erreur inconnu : [2] require_once(\indexController.php): failed to open stream: No such file or directory - ligne 95 dans le fichier F:\wamp\www\rugby\kernel\core\Router.class.php
2012-11-25 10:32:47|Type d'erreur inconnu : [2] require_once(\indexController.php): failed to open stream: No such file or directory - ligne 95 dans le fichier F:\wamp\www\rugby\kernel\core\Router.class.php
2012-11-25 10:30:33|Type d'erreur inconnu : [2] require_once(\indexController.php): failed to open stream: No such file or directory - ligne 95 dans le fichier F:\wamp\www\rugby\kernel\core\Router.class.php
2012-11-25 10:29:03|Type d'erreur inconnu : [2] require_once(\indexController.php): failed to open stream: No such file or directory - ligne 95 dans le fichier F:\wamp\www\rugby\kernel\core\Router.class.php
2012-11-25 10:28:20|Type d'erreur inconnu : [2] require_once(\indexController.php): failed to open stream: No such file or directory - ligne 95 dans le fichier F:\wamp\www\rugby\kernel\core\Router.class.php
2012-11-25 10:28:08|Type d'erreur inconnu : [2] require_once(\indexController.php): failed to open stream: No such file or directory - ligne 95 dans le fichier F:\wamp\www\rugby\kernel\core\Router.class.php
2012-11-25 10:28:04|Type d'erreur inconnu : [2] require_once(\indexController.php): failed to open stream: No such file or directory - ligne 95 dans le fichier F:\wamp\www\rugby\kernel\core\Router.class.php
2012-11-25 10:27:57|Type d'erreur inconnu : [2] require_once(\indexController.php): failed to open stream: No such file or directory - ligne 95 dans le fichier F:\wamp\www\rugby\kernel\core\Router.class.php
2012-11-25 10:27:55|Type d'erreur inconnu : [2] require_once(\indexController.php): failed to open stream: No such file or directory - ligne 95 dans le fichier F:\wamp\www\rugby\kernel\core\Router.class.php
2012-11-25 10:27:48|Type d'erreur inconnu : [2] require_once(\indexController.php): failed to open stream: No such file or directory - ligne 95 dans le fichier F:\wamp\www\rugby\kernel\core\Router.class.php
2012-11-25 10:27:47|Type d'erreur inconnu : [2] require_once(\indexController.php): failed to open stream: No such file or directory - ligne 95 dans le fichier F:\wamp\www\rugby\kernel\core\Router.class.php
2012-11-25 10:27:19|Type d'erreur inconnu : [2] require_once(\indexController.php): failed to open stream: No such file or directory - ligne 95 dans le fichier F:\wamp\www\rugby\kernel\core\Router.class.php
2012-11-25 10:26:52|Type d'erreur inconnu : [2] require_once(\indexController.php): failed to open stream: No such file or directory - ligne 95 dans le fichier F:\wamp\www\rugby\kernel\core\Router.class.php
2012-11-25 10:19:35|Type d'erreur inconnu : [2] require_once(\indexController.php): failed to open stream: No such file or directory - ligne 95 dans le fichier F:\wamp\www\rugby\kernel\core\Router.class.php
2012-11-25 10:17:42|Type d'erreur inconnu : [8] Undefined index: Carton_rouge - ligne 37 dans le fichier F:\wamp\www\rugby\cache\a67846dcdb94e8556a3c49e439ad2765f9c7559a.file.ajax_tab_joueur_match.tpl.php
2012-11-25 10:17:42|Type d'erreur inconnu : [8] Undefined index: Carton_jaune - ligne 35 dans le fichier F:\wamp\www\rugby\cache\a67846dcdb94e8556a3c49e439ad2765f9c7559a.file.ajax_tab_joueur_match.tpl.php
2012-11-25 10:17:42|Type d'erreur inconnu : [8] Undefined index: Carton_blanc - ligne 33 dans le fichier F:\wamp\www\rugby\cache\a67846dcdb94e8556a3c49e439ad2765f9c7559a.file.ajax_tab_joueur_match.tpl.php
2012-11-25 10:17:42|Type d'erreur inconnu : [8] Undefined index: Penalite - ligne 31 dans le fichier F:\wamp\www\rugby\cache\a67846dcdb94e8556a3c49e439ad2765f9c7559a.file.ajax_tab_joueur_match.tpl.php
2012-11-25 10:17:42|Type d'erreur inconnu : [8] Undefined index: Essaie - ligne 29 dans le fichier F:\wamp\www\rugby\cache\a67846dcdb94e8556a3c49e439ad2765f9c7559a.file.ajax_tab_joueur_match.tpl.php
2012-11-25 10:17:36|Type d'erreur inconnu : [2] require_once(\indexController.php): failed to open stream: No such file or directory - ligne 95 dans le fichier F:\wamp\www\rugby\kernel\core\Router.class.php
2012-11-25 10:16:47|Type d'erreur inconnu : [2] require_once(\indexController.php): failed to open stream: No such file or directory - ligne 95 dans le fichier F:\wamp\www\rugby\kernel\core\Router.class.php
2012-11-25 10:13:48|Type d'erreur inconnu : [2] require_once(\indexController.php): failed to open stream: No such file or directory - ligne 95 dans le fichier F:\wamp\www\rugby\kernel\core\Router.class.php
2012-11-25 10:13:31|Type d'erreur inconnu : [2] require_once(\indexController.php): failed to open stream: No such file or directory - ligne 95 dans le fichier F:\wamp\www\rugby\kernel\core\Router.class.php
2012-11-25 10:13:21|Type d'erreur inconnu : [2] require_once(\indexController.php): failed to open stream: No such file or directory - ligne 95 dans le fichier F:\wamp\www\rugby\kernel\core\Router.class.php
2012-11-25 10:13:10|Type d'erreur inconnu : [2] require_once(\indexController.php): failed to open stream: No such file or directory - ligne 95 dans le fichier F:\wamp\www\rugby\kernel\core\Router.class.php
2012-11-25 09:54:41|Type d'erreur inconnu : [2] require_once(\indexController.php): failed to open stream: No such file or directory - ligne 95 dans le fichier F:\wamp\www\rugby\kernel\core\Router.class.php
