2012-11-04 12:42:55|Type d'erreur inconnu : [8] Undefined index: exercice_id - ligne 393 dans le fichier F:\wamp\www\rugby\app\controller\muscuController.php
2012-11-04 12:42:55|Type d'erreur inconnu : [8] Undefined index: exercice_id - ligne 393 dans le fichier F:\wamp\www\rugby\app\controller\muscuController.php
2012-11-04 12:42:55|Type d'erreur inconnu : [8] Undefined index: exercice_id - ligne 394 dans le fichier F:\wamp\www\rugby\app\controller\muscuController.php
2012-11-04 12:42:55|Type d'erreur inconnu : [8] Undefined index: exercice_id - ligne 393 dans le fichier F:\wamp\www\rugby\app\controller\muscuController.php
2012-11-04 11:03:24|Type d'erreur inconnu : [8] Undefined index: liaison_id - ligne 49 dans le fichier F:\wamp\www\rugby\app\controller\indexController.php
2012-11-04 10:51:00|Type d'erreur inconnu : [8] Undefined variable: joueur_id - ligne 49 dans le fichier F:\wamp\www\rugby\app\controller\indexController.php
2012-11-04 10:29:16|Type d'erreur inconnu : [8] Undefined variable: Row - ligne 291 dans le fichier F:\wamp\www\rugby\kernel\lib\smarty\sysplugins\smarty_internal_data.php
2012-11-04 10:05:26|Type d'erreur inconnu : [8] Trying to get property of non-object - ligne 409 dans le fichier F:\wamp\www\rugby\app\controller\administrationController.php
2012-11-04 10:05:26|Type d'erreur inconnu : [8] Undefined property: administrationController::$manage - ligne 409 dans le fichier F:\wamp\www\rugby\app\controller\administrationController.php
2012-11-04 09:46:14|Type d'erreur inconnu : [4096] Argument 1 passed to Record::__construct() must be of the type array, boolean given, called in F:\wamp\www\rugby\app\controller\administrationController.php on line 394 and defined - ligne 6 dans le fichier F:\wamp\www\rugby\kernel\core\Record.class.php
2012-11-04 09:46:14|Type d'erreur inconnu : [2] PDOStatement::execute(): SQLSTATE[23000]: Integrity constraint violation: 1052 Column 'id' in where clause is ambiguous - ligne 34 dans le fichier F:\wamp\www\rugby\kernel\core\DB\EPDO.php
2012-11-04 09:28:54|Type d'erreur inconnu : [8] Undefined index: Actualite - ligne 27 dans le fichier F:\wamp\www\rugby\cache\8a705cf21df5ecffc8a5159241954fab552af963.file.actu_index.tpl.php
2012-11-04 02:53:48|Type d'erreur inconnu : [8] Undefined index: Auteur - ligne 26 dans le fichier F:\wamp\www\rugby\cache\8a705cf21df5ecffc8a5159241954fab552af963.file.actu_index.tpl.php
2012-11-04 02:44:50|Type d'erreur inconnu : [2] PDOStatement::execute(): SQLSTATE[42S02]: Base table or view not found: 1146 Table 'rugby.actualite' doesn't exist - ligne 34 dans le fichier F:\wamp\www\rugby\kernel\core\DB\EPDO.php
2012-11-04 02:41:08|Type d'erreur inconnu : [8] Undefined variable: Actif - ligne 352 dans le fichier F:\wamp\www\rugby\app\controller\administrationController.php
2012-11-04 02:16:47|Type d'erreur inconnu : [8] Undefined index: Enregistre - ligne 42 dans le fichier F:\wamp\www\rugby\cache\d27beb3fa58351b65c9d316b9cbd69d47349c6bd.file.actu_add.tpl.php
2012-11-04 02:16:24|Type d'erreur inconnu : [8] Undefined index: Enregistre - ligne 42 dans le fichier F:\wamp\www\rugby\cache\d27beb3fa58351b65c9d316b9cbd69d47349c6bd.file.actu_add.tpl.php
2012-11-04 02:16:24|Type d'erreur inconnu : [8] Undefined index: Contenu - ligne 30 dans le fichier F:\wamp\www\rugby\cache\d27beb3fa58351b65c9d316b9cbd69d47349c6bd.file.actu_add.tpl.php
2012-11-04 02:14:24|Type d'erreur inconnu : [8] Undefined index: Contenu - ligne 30 dans le fichier F:\wamp\www\rugby\cache\d27beb3fa58351b65c9d316b9cbd69d47349c6bd.file.actu_add.tpl.php
2012-11-04 02:14:11|Type d'erreur inconnu : [8] Undefined index: Contenu - ligne 30 dans le fichier F:\wamp\www\rugby\cache\d27beb3fa58351b65c9d316b9cbd69d47349c6bd.file.actu_add.tpl.php
2012-11-04 01:12:37|Type d'erreur inconnu : [8] Undefined index: Profil - ligne 172 dans le fichier F:\wamp\www\rugby\cache\6080e7834880724d43b11ab3afb5202132c93857.file.blokNavigation.tpl.php
2012-11-04 01:12:37|Type d'erreur inconnu : [8] Undefined index: Profil - ligne 171 dans le fichier F:\wamp\www\rugby\cache\6080e7834880724d43b11ab3afb5202132c93857.file.blokNavigation.tpl.php
