2012-09-12 11:53:13|Type d'erreur inconnu : [8] Undefined index: lastBuildDate - ligne 159 dans le fichier F:\wamp\www\rugby\kernel\lib\lastRSS.php
2012-09-12 11:21:58|Type d'erreur inconnu : [8] Undefined index: Joueur_supprime - ligne 237 dans le fichier F:\wamp\www\rugby\app\controller\joueurController.php
2012-09-12 11:21:41|Type d'erreur inconnu : [8] Undefined index: Joueur_supprime - ligne 237 dans le fichier F:\wamp\www\rugby\app\controller\joueurController.php
2012-09-12 11:21:41|Type d'erreur inconnu : [2] PDOStatement::execute(): SQLSTATE[42S02]: Base table or view not found: 1146 Table 'rugby.scolaire_trimeste' doesn't exist - ligne 34 dans le fichier F:\wamp\www\rugby\kernel\core\DB\EPDO.php
2012-09-12 11:19:38|Type d'erreur inconnu : [8] Trying to get property of non-object - ligne 123 dans le fichier F:\wamp\www\rugby\cache\a58f417de916a0fef906a03402b26b244af81b9f.file.fiche.tpl.php
2012-09-12 11:18:45|Type d'erreur inconnu : [8] Trying to get property of non-object - ligne 122 dans le fichier F:\wamp\www\rugby\cache\a58f417de916a0fef906a03402b26b244af81b9f.file.fiche.tpl.php
2012-09-12 10:52:12|Type d'erreur inconnu : [8] Undefined variable: Entraineurs - ligne 291 dans le fichier F:\wamp\www\rugby\kernel\lib\smarty\sysplugins\smarty_internal_data.php
2012-09-12 10:48:18|Type d'erreur inconnu : [2] PDOStatement::execute(): SQLSTATE[42S22]: Column not found: 1054 Unknown column 'portable' in 'field list' - ligne 34 dans le fichier F:\wamp\www\rugby\kernel\core\DB\EPDO.php
2012-09-12 10:39:46|Type d'erreur inconnu : [8] Undefined index: lastBuildDate - ligne 159 dans le fichier F:\wamp\www\rugby\kernel\lib\lastRSS.php
2012-09-12 04:28:42|Type d'erreur inconnu : [8] Undefined index: Supprimer_la_photo - ligne 113 dans le fichier F:\wamp\www\rugby\cache\ac7b085e9fe6ce594c995372ecf753763f3f71ad.file.edit.tpl.php
2012-09-12 04:28:30|Type d'erreur inconnu : [8] Undefined index: Supprimer_la_photo - ligne 113 dans le fichier F:\wamp\www\rugby\cache\ac7b085e9fe6ce594c995372ecf753763f3f71ad.file.edit.tpl.php
2012-09-12 04:28:04|Type d'erreur inconnu : [2] PDOStatement::execute(): SQLSTATE[42S02]: Base table or view not found: 1146 Table 'rugby.entraineur' doesn't exist - ligne 34 dans le fichier F:\wamp\www\rugby\kernel\core\DB\EPDO.php
2012-09-12 04:28:04|Type d'erreur inconnu : [2] PDOStatement::execute(): SQLSTATE[42S02]: Base table or view not found: 1146 Table 'rugby.entraineur' doesn't exist - ligne 34 dans le fichier F:\wamp\www\rugby\kernel\core\DB\EPDO.php
2012-09-12 04:27:31|Type d'erreur inconnu : [8] Undefined index: Supprimer_la_photo - ligne 113 dans le fichier F:\wamp\www\rugby\cache\ac7b085e9fe6ce594c995372ecf753763f3f71ad.file.edit.tpl.php
2012-09-12 04:27:13|Type d'erreur inconnu : [8] Undefined index: Supprimer_la_photo - ligne 113 dans le fichier F:\wamp\www\rugby\cache\ac7b085e9fe6ce594c995372ecf753763f3f71ad.file.edit.tpl.php
2012-09-12 04:23:27|Type d'erreur inconnu : [8] Undefined variable: tpl_var - ligne 37 dans le fichier F:\wamp\www\rugby\kernel\lib\smarty\sysplugins\smarty_internal_data.php
2012-09-12 04:23:27|Type d'erreur inconnu : [8] Undefined variable: tpl_var - ligne 30 dans le fichier F:\wamp\www\rugby\kernel\lib\smarty\sysplugins\smarty_internal_data.php
2012-09-12 04:23:27|Type d'erreur inconnu : [2] Missing argument 1 for Smarty_Internal_Data::assign(), called in F:\wamp\www\rugby\app\controller\joueurController.php on line 160 and defined - ligne 28 dans le fichier F:\wamp\www\rugby\kernel\lib\smarty\sysplugins\smarty_internal_data.php
2012-09-12 04:23:27|Type d'erreur inconnu : [8] Undefined variable: tpl_var - ligne 37 dans le fichier F:\wamp\www\rugby\kernel\lib\smarty\sysplugins\smarty_internal_data.php
2012-09-12 04:23:27|Type d'erreur inconnu : [8] Undefined variable: tpl_var - ligne 30 dans le fichier F:\wamp\www\rugby\kernel\lib\smarty\sysplugins\smarty_internal_data.php
2012-09-12 04:23:27|Type d'erreur inconnu : [2] Missing argument 1 for Smarty_Internal_Data::assign(), called in F:\wamp\www\rugby\app\controller\joueurController.php on line 159 and defined - ligne 28 dans le fichier F:\wamp\www\rugby\kernel\lib\smarty\sysplugins\smarty_internal_data.php
2012-09-12 04:23:27|Type d'erreur inconnu : [2] PDOStatement::execute(): SQLSTATE[42S02]: Base table or view not found: 1146 Table 'rugby.entraineur' doesn't exist - ligne 34 dans le fichier F:\wamp\www\rugby\kernel\core\DB\EPDO.php
2012-09-12 04:23:27|Type d'erreur inconnu : [8] Undefined variable: tpl_var - ligne 37 dans le fichier F:\wamp\www\rugby\kernel\lib\smarty\sysplugins\smarty_internal_data.php
2012-09-12 04:23:27|Type d'erreur inconnu : [8] Undefined variable: tpl_var - ligne 30 dans le fichier F:\wamp\www\rugby\kernel\lib\smarty\sysplugins\smarty_internal_data.php
2012-09-12 04:23:27|Type d'erreur inconnu : [2] Missing argument 1 for Smarty_Internal_Data::assign(), called in F:\wamp\www\rugby\app\controller\joueurController.php on line 160 and defined - ligne 28 dans le fichier F:\wamp\www\rugby\kernel\lib\smarty\sysplugins\smarty_internal_data.php
2012-09-12 04:23:27|Type d'erreur inconnu : [8] Undefined variable: tpl_var - ligne 37 dans le fichier F:\wamp\www\rugby\kernel\lib\smarty\sysplugins\smarty_internal_data.php
2012-09-12 04:23:27|Type d'erreur inconnu : [8] Undefined variable: tpl_var - ligne 30 dans le fichier F:\wamp\www\rugby\kernel\lib\smarty\sysplugins\smarty_internal_data.php
2012-09-12 04:23:27|Type d'erreur inconnu : [2] Missing argument 1 for Smarty_Internal_Data::assign(), called in F:\wamp\www\rugby\app\controller\joueurController.php on line 159 and defined - ligne 28 dans le fichier F:\wamp\www\rugby\kernel\lib\smarty\sysplugins\smarty_internal_data.php
2012-09-12 04:23:27|Type d'erreur inconnu : [2] PDOStatement::execute(): SQLSTATE[42S02]: Base table or view not found: 1146 Table 'rugby.entraineur' doesn't exist - ligne 34 dans le fichier F:\wamp\www\rugby\kernel\core\DB\EPDO.php
2012-09-12 04:19:05|Type d'erreur inconnu : [8] Undefined variable: Entraineurs - ligne 291 dans le fichier F:\wamp\www\rugby\kernel\lib\smarty\sysplugins\smarty_internal_data.php
2012-09-12 04:17:20|Type d'erreur inconnu : [8] Undefined variable: Entraineurs - ligne 291 dans le fichier F:\wamp\www\rugby\kernel\lib\smarty\sysplugins\smarty_internal_data.php
2012-09-12 04:11:50|Type d'erreur inconnu : [8] Undefined variable: Entraineurs - ligne 291 dans le fichier F:\wamp\www\rugby\kernel\lib\smarty\sysplugins\smarty_internal_data.php
2012-09-12 04:09:49|Type d'erreur inconnu : [8] Undefined variable: Entraineurs - ligne 291 dans le fichier F:\wamp\www\rugby\kernel\lib\smarty\sysplugins\smarty_internal_data.php
2012-09-12 04:09:49|Type d'erreur inconnu : [8] Undefined index: Entraineur - ligne 207 dans le fichier F:\wamp\www\rugby\cache\74a02e26a584b7ef4ead05d5e774277bba924803.file.add.tpl.php
2012-09-12 04:09:49|Type d'erreur inconnu : [8] Undefined index: Entraineur - ligne 206 dans le fichier F:\wamp\www\rugby\cache\74a02e26a584b7ef4ead05d5e774277bba924803.file.add.tpl.php
2012-09-12 04:08:23|Type d'erreur inconnu : [8] Undefined variable: Entraineurs - ligne 291 dans le fichier F:\wamp\www\rugby\kernel\lib\smarty\sysplugins\smarty_internal_data.php
2012-09-12 04:08:23|Type d'erreur inconnu : [8] Undefined index: Entraineur - ligne 199 dans le fichier F:\wamp\www\rugby\cache\74a02e26a584b7ef4ead05d5e774277bba924803.file.add.tpl.php
2012-09-12 04:08:23|Type d'erreur inconnu : [8] Undefined index: Entraineur - ligne 198 dans le fichier F:\wamp\www\rugby\cache\74a02e26a584b7ef4ead05d5e774277bba924803.file.add.tpl.php
2012-09-12 04:08:18|Type d'erreur inconnu : [8] Undefined index: lastBuildDate - ligne 159 dans le fichier F:\wamp\www\rugby\kernel\lib\lastRSS.php
