2012-10-16 09:24:39|Type d'erreur inconnu : [8] Undefined index: il_liaison - ligne 53 dans le fichier F:\wamp\www\rugby\cache\4f63b23482c4b4df765d5c220cb531cac759d90c.file.user_edit.tpl.php
2012-10-16 09:24:39|Type d'erreur inconnu : [8] Undefined index: il_liaison - ligne 53 dans le fichier F:\wamp\www\rugby\cache\4f63b23482c4b4df765d5c220cb531cac759d90c.file.user_edit.tpl.php
2012-10-16 09:24:39|Type d'erreur inconnu : [8] Undefined index: il_liaison - ligne 53 dans le fichier F:\wamp\www\rugby\cache\4f63b23482c4b4df765d5c220cb531cac759d90c.file.user_edit.tpl.php
2012-10-16 09:24:39|Type d'erreur inconnu : [8] Undefined index: il_liaison - ligne 53 dans le fichier F:\wamp\www\rugby\cache\4f63b23482c4b4df765d5c220cb531cac759d90c.file.user_edit.tpl.php
2012-10-16 09:24:39|Type d'erreur inconnu : [8] Undefined index: il_liaison - ligne 53 dans le fichier F:\wamp\www\rugby\cache\4f63b23482c4b4df765d5c220cb531cac759d90c.file.user_edit.tpl.php
2012-10-16 09:24:39|Type d'erreur inconnu : [8] Undefined index: il_liaison - ligne 53 dans le fichier F:\wamp\www\rugby\cache\4f63b23482c4b4df765d5c220cb531cac759d90c.file.user_edit.tpl.php
2012-10-16 09:24:39|Type d'erreur inconnu : [8] Undefined index: il_liaison - ligne 53 dans le fichier F:\wamp\www\rugby\cache\4f63b23482c4b4df765d5c220cb531cac759d90c.file.user_edit.tpl.php
2012-10-16 09:21:25|Type d'erreur inconnu : [8] Undefined variable: Joueurs - ligne 291 dans le fichier F:\wamp\www\rugby\kernel\lib\smarty\sysplugins\smarty_internal_data.php
2012-10-16 08:33:03|Type d'erreur inconnu : [8] Undefined index: Fiche - ligne 33 dans le fichier F:\wamp\www\rugby\cache\6080e7834880724d43b11ab3afb5202132c93857.file.blokNavigation.tpl.php
2012-10-16 08:33:03|Type d'erreur inconnu : [8] Undefined index: Fiche - ligne 32 dans le fichier F:\wamp\www\rugby\cache\6080e7834880724d43b11ab3afb5202132c93857.file.blokNavigation.tpl.php
2012-10-16 08:19:00|Type d'erreur inconnu : [8] Undefined index: joueur_trombi - ligne 91 dans le fichier F:\wamp\www\rugby\app\controller\utilisateurController.php
2012-10-16 08:03:09|Type d'erreur inconnu : [8] Undefined index: gamil_adr - ligne 86 dans le fichier F:\wamp\www\rugby\cache\4990ccf0230818d28c23d8036d3ffcbd36a6ea40.file.index.tpl.php
2012-10-16 08:03:09|Type d'erreur inconnu : [8] Undefined index: gamil_adr - ligne 74 dans le fichier F:\wamp\www\rugby\cache\4990ccf0230818d28c23d8036d3ffcbd36a6ea40.file.index.tpl.php
2012-10-16 07:59:17|Type d'erreur inconnu : [8] Undefined offset: 1 - ligne 147 dans le fichier F:\wamp\www\rugby\app\controller\gcalendarController.php
2012-10-16 07:59:17|Type d'erreur inconnu : [8] Trying to get property of non-object - ligne 27 dans le fichier F:\wamp\www\rugby\cache\e22bb8a0429fb3ad97cc40fc0492ed5eb98b2a47.file.show_event.tpl.php
2012-10-16 07:59:17|Type d'erreur inconnu : [8] Trying to get property of non-object - ligne 27 dans le fichier F:\wamp\www\rugby\cache\e22bb8a0429fb3ad97cc40fc0492ed5eb98b2a47.file.show_event.tpl.php
2012-10-16 07:59:17|Type d'erreur inconnu : [8] Undefined variable: Row - ligne 291 dans le fichier F:\wamp\www\rugby\kernel\lib\smarty\sysplugins\smarty_internal_data.php
2012-10-16 07:59:17|Type d'erreur inconnu : [8] Undefined offset: 1 - ligne 147 dans le fichier F:\wamp\www\rugby\app\controller\gcalendarController.php
2012-10-16 07:59:17|Type d'erreur inconnu : [8] Trying to get property of non-object - ligne 25 dans le fichier F:\wamp\www\rugby\cache\e22bb8a0429fb3ad97cc40fc0492ed5eb98b2a47.file.show_event.tpl.php
2012-10-16 07:59:17|Type d'erreur inconnu : [8] Trying to get property of non-object - ligne 25 dans le fichier F:\wamp\www\rugby\cache\e22bb8a0429fb3ad97cc40fc0492ed5eb98b2a47.file.show_event.tpl.php
2012-10-16 07:59:17|Type d'erreur inconnu : [8] Undefined variable: Row - ligne 291 dans le fichier F:\wamp\www\rugby\kernel\lib\smarty\sysplugins\smarty_internal_data.php
2012-10-16 07:02:58|Type d'erreur inconnu : [8] Undefined index: gmail_id_prv - ligne 60 dans le fichier F:\wamp\www\rugby\cache\a02b560260f594fae686df7d93a5a0fa40f49b1b.file.edit_profil.tpl.php
2012-10-16 06:59:47|Type d'erreur inconnu : [8] Undefined index: Compte - ligne 46 dans le fichier F:\wamp\www\rugby\cache\a02b560260f594fae686df7d93a5a0fa40f49b1b.file.edit_profil.tpl.php
