2013-02-19 10:37:13|Type d'erreur inconnu : [8] Undefined variable: Version - ligne 39 dans le fichier D:\wamp\www\rugby\app\include\checkinstall.php
2013-02-19 10:36:20|Type d'erreur inconnu : [2] PDOStatement::execute(): SQLSTATE[23000]: Integrity constraint violation: 1062 Duplicate entry 'version' for key 'PRIMARY' - ligne 34 dans le fichier D:\wamp\www\rugby\kernel\core\DB\EPDO.php
2013-02-19 09:13:24|Type d'erreur inconnu : [8] Undefined index: joueur_trombi - ligne 122 dans le fichier D:\wamp\www\rugby\cache\5529a1db2f99508e2bc13165a5f806145bfb590d.file.index.tpl.php
2013-02-19 09:13:24|Type d'erreur inconnu : [8] Undefined index: joueur_trombi - ligne 120 dans le fichier D:\wamp\www\rugby\cache\5529a1db2f99508e2bc13165a5f806145bfb590d.file.index.tpl.php
2013-02-19 09:13:24|Type d'erreur inconnu : [8] Undefined index: acl - ligne 68 dans le fichier D:\wamp\www\rugby\cache\5529a1db2f99508e2bc13165a5f806145bfb590d.file.index.tpl.php
2013-02-19 09:13:24|Type d'erreur inconnu : [8] Undefined index: joueur_trombi - ligne 14 dans le fichier D:\wamp\www\rugby\app\controller\joueurController.php
2013-02-19 09:13:24|Type d'erreur inconnu : [8] Undefined index: joueur_trombi - ligne 14 dans le fichier D:\wamp\www\rugby\app\controller\joueurController.php
2013-02-19 09:13:24|Type d'erreur inconnu : [8] Undefined index: type - ligne 11 dans le fichier D:\wamp\www\rugby\app\controller\joueurController.php
2013-02-19 09:05:12|Type d'erreur inconnu : [2] PDOStatement::execute(): SQLSTATE[42S02]: Base table or view not found: 1146 Table 'rugby.contact' doesn't exist - ligne 34 dans le fichier D:\wamp\www\rugby\kernel\core\DB\EPDO.php
2013-02-19 09:03:41|Type d'erreur inconnu : [8] Undefined variable: adresse - ligne 113 dans le fichier D:\wamp\www\rugby\kernel\core\functions.php
2013-02-19 09:03:41|Type d'erreur inconnu : [2] Missing argument 1 for VerifieAdresseMail(), called in D:\wamp\www\rugby\kernel\base_app\model\Basecontact.php on line 64 and defined - ligne 110 dans le fichier D:\wamp\www\rugby\kernel\core\functions.php
2013-02-19 08:53:08|Type d'erreur inconnu : [8] Undefined index: Nom_prenom - ligne 65 dans le fichier D:\wamp\www\rugby\cache\f27f22c6753c15657807aa9be3847d41054cdafd.file.index.tpl.php
2013-02-19 08:52:29|Type d'erreur inconnu : [8] Undefined index: Nom_prenom - ligne 65 dans le fichier D:\wamp\www\rugby\cache\f27f22c6753c15657807aa9be3847d41054cdafd.file.index.tpl.php
2013-02-19 08:52:08|Type d'erreur inconnu : [8] Undefined index: Nom_prenom - ligne 65 dans le fichier D:\wamp\www\rugby\cache\f27f22c6753c15657807aa9be3847d41054cdafd.file.index.tpl.php
2013-02-19 08:52:08|Type d'erreur inconnu : [8] Undefined index: bread - ligne 60 dans le fichier D:\wamp\www\rugby\cache\f27f22c6753c15657807aa9be3847d41054cdafd.file.index.tpl.php
2013-02-19 08:03:08|Type d'erreur inconnu : [2] require_once(D:\wamp\www\rugby\controller\ressentieController.php): failed to open stream: No such file or directory - ligne 103 dans le fichier D:\wamp\www\rugby\kernel\core\Controller.class.php
2013-02-19 07:59:04|Type d'erreur inconnu : [2] require_once(D:\wamp\www\rugby\controller\ressentie.php): failed to open stream: No such file or directory - ligne 105 dans le fichier D:\wamp\www\rugby\kernel\core\Controller.class.php
2013-02-19 07:21:10|Type d'erreur inconnu : [2] Division by zero - ligne 1941 dans le fichier D:\wamp\www\rugby\kernel\lib\pChart\class\pDraw.class.php
2013-02-19 07:21:10|Type d'erreur inconnu : [8] Undefined index: Data - ligne 1913 dans le fichier D:\wamp\www\rugby\kernel\lib\pChart\class\pDraw.class.php
2013-02-19 07:21:10|Type d'erreur inconnu : [8] Undefined index: Data - ligne 100 dans le fichier D:\wamp\www\rugby\kernel\lib\pChart\class\pData.class.php
2013-02-19 07:21:10|Type d'erreur inconnu : [8] Undefined variable: data_img - ligne 585 dans le fichier D:\wamp\www\rugby\app\controller\joueurController.php
2013-02-19 07:21:10|Type d'erreur inconnu : [8] Undefined index: Data - ligne 3775 dans le fichier D:\wamp\www\rugby\kernel\lib\pChart\class\pDraw.class.php
2013-02-19 07:21:10|Type d'erreur inconnu : [8] Undefined index: Data - ligne 3774 dans le fichier D:\wamp\www\rugby\kernel\lib\pChart\class\pDraw.class.php
2013-02-19 07:21:10|Type d'erreur inconnu : [8] Undefined index: Data - ligne 3772 dans le fichier D:\wamp\www\rugby\kernel\lib\pChart\class\pDraw.class.php
2013-02-19 07:21:10|Type d'erreur inconnu : [8] Undefined index: Data - ligne 3759 dans le fichier D:\wamp\www\rugby\kernel\lib\pChart\class\pDraw.class.php
2013-02-19 07:21:10|Type d'erreur inconnu : [2] Division by zero - ligne 1941 dans le fichier D:\wamp\www\rugby\kernel\lib\pChart\class\pDraw.class.php
2013-02-19 07:21:10|Type d'erreur inconnu : [8] Undefined index: Data - ligne 1913 dans le fichier D:\wamp\www\rugby\kernel\lib\pChart\class\pDraw.class.php
2013-02-19 07:21:10|Type d'erreur inconnu : [8] Undefined index: Data - ligne 100 dans le fichier D:\wamp\www\rugby\kernel\lib\pChart\class\pData.class.php
2013-02-19 07:21:10|Type d'erreur inconnu : [8] Undefined index: Data - ligne 100 dans le fichier D:\wamp\www\rugby\kernel\lib\pChart\class\pData.class.php
2013-02-19 07:21:10|Type d'erreur inconnu : [8] Undefined index: Data - ligne 3775 dans le fichier D:\wamp\www\rugby\kernel\lib\pChart\class\pDraw.class.php
2013-02-19 07:21:10|Type d'erreur inconnu : [8] Undefined index: Data - ligne 3774 dans le fichier D:\wamp\www\rugby\kernel\lib\pChart\class\pDraw.class.php
2013-02-19 07:21:10|Type d'erreur inconnu : [8] Undefined index: Data - ligne 3772 dans le fichier D:\wamp\www\rugby\kernel\lib\pChart\class\pDraw.class.php
2013-02-19 07:21:10|Type d'erreur inconnu : [8] Undefined index: Data - ligne 3759 dans le fichier D:\wamp\www\rugby\kernel\lib\pChart\class\pDraw.class.php
2013-02-19 07:21:10|Type d'erreur inconnu : [2] Division by zero - ligne 1941 dans le fichier D:\wamp\www\rugby\kernel\lib\pChart\class\pDraw.class.php
2013-02-19 07:21:10|Type d'erreur inconnu : [8] Undefined index: Data - ligne 1913 dans le fichier D:\wamp\www\rugby\kernel\lib\pChart\class\pDraw.class.php
2013-02-19 07:21:10|Type d'erreur inconnu : [8] Undefined index: Data - ligne 100 dans le fichier D:\wamp\www\rugby\kernel\lib\pChart\class\pData.class.php
2013-02-19 07:21:10|Type d'erreur inconnu : [8] Undefined index: Data - ligne 100 dans le fichier D:\wamp\www\rugby\kernel\lib\pChart\class\pData.class.php
2013-02-19 07:13:49|Type d'erreur inconnu : [2] require_once(D:\wamp\www\rugby\kernel\core\version.php): failed to open stream: No such file or directory - ligne 24 dans le fichier D:\wamp\www\rugby\kernel\core\core.php
