2013-11-02 04:33:33|Type d'erreur inconnu : [8] Undefined index: theme - ligne 96 dans le fichier D:\wamp\www\goliathv2\index.php
2013-11-02 04:33:33|Type d'erreur inconnu : [8] Undefined variable: InfosInstall - ligne 38 dans le fichier D:\wamp\www\goliathv2\index.php
2013-11-02 04:33:32|Type d'erreur inconnu : [8] Undefined index: theme - ligne 96 dans le fichier D:\wamp\www\goliathv2\index.php
2013-11-02 04:33:32|Type d'erreur inconnu : [8] Undefined variable: InfosInstall - ligne 38 dans le fichier D:\wamp\www\goliathv2\index.php
2013-11-02 04:33:31|Type d'erreur inconnu : [8] Undefined index: theme - ligne 96 dans le fichier D:\wamp\www\goliathv2\index.php
2013-11-02 04:33:31|Type d'erreur inconnu : [8] Undefined variable: InfosInstall - ligne 38 dans le fichier D:\wamp\www\goliathv2\index.php
2013-11-02 04:33:31|Type d'erreur inconnu : [8] Undefined index: theme - ligne 96 dans le fichier D:\wamp\www\goliathv2\index.php
2013-11-02 04:33:31|Type d'erreur inconnu : [8] Undefined variable: InfosInstall - ligne 38 dans le fichier D:\wamp\www\goliathv2\index.php
2013-11-02 04:33:26|Type d'erreur inconnu : [8] Undefined index: theme - ligne 96 dans le fichier D:\wamp\www\goliathv2\index.php
2013-11-02 04:33:26|Type d'erreur inconnu : [8] Undefined variable: InfosInstall - ligne 38 dans le fichier D:\wamp\www\goliathv2\index.php
2013-11-02 04:33:13|Type d'erreur inconnu : [8] Undefined index: db - ligne 44 dans le fichier D:\wamp\www\goliathv2\kernel\core\Registry.class.php
2013-11-02 04:33:12|Type d'erreur inconnu : [8] Undefined index: db - ligne 44 dans le fichier D:\wamp\www\goliathv2\kernel\core\Registry.class.php
2013-11-02 04:33:12|Type d'erreur inconnu : [8] Undefined index: db - ligne 44 dans le fichier D:\wamp\www\goliathv2\kernel\core\Registry.class.php
2013-11-02 04:33:12|Type d'erreur inconnu : [8] Undefined index: db - ligne 44 dans le fichier D:\wamp\www\goliathv2\kernel\core\Registry.class.php
2013-11-02 04:33:09|Type d'erreur inconnu : [8] Undefined index: db - ligne 44 dans le fichier D:\wamp\www\goliathv2\kernel\core\Registry.class.php
2013-11-02 04:32:34|Type d'erreur inconnu : [8] Undefined index: db - ligne 44 dans le fichier D:\wamp\www\goliathv2\kernel\core\Registry.class.php
2013-11-02 04:32:34|Type d'erreur inconnu : [2] PDO::exec(): SQLSTATE[3D000]: Invalid catalog name: 1046 No database selected - ligne 16 dans le fichier D:\wamp\www\goliathv2\kernel\core\DB\EPDO.php
2013-11-02 04:32:25|Type d'erreur inconnu : [8] Undefined index: db - ligne 44 dans le fichier D:\wamp\www\goliathv2\kernel\core\Registry.class.php
2013-11-02 04:32:25|Type d'erreur inconnu : [2] PDO::exec(): SQLSTATE[3D000]: Invalid catalog name: 1046 No database selected - ligne 16 dans le fichier D:\wamp\www\goliathv2\kernel\core\DB\EPDO.php
2013-11-02 04:20:54|Type d'erreur inconnu : [8] Undefined index: theme - ligne 96 dans le fichier D:\wamp\www\goliathv2\index.php
2013-11-02 04:20:54|Type d'erreur inconnu : [8] Undefined variable: InfosInstall - ligne 38 dans le fichier D:\wamp\www\goliathv2\index.php
2013-11-02 04:20:54|Type d'erreur inconnu : [2] PDOStatement::execute(): SQLSTATE[3D000]: Invalid catalog name: 1046 No database selected - ligne 34 dans le fichier D:\wamp\www\goliathv2\kernel\core\DB\EPDO.php
2013-11-02 04:20:54|Type d'erreur inconnu : [2] PDO::exec(): SQLSTATE[3D000]: Invalid catalog name: 1046 No database selected - ligne 16 dans le fichier D:\wamp\www\goliathv2\kernel\core\DB\EPDO.php
2013-11-02 04:20:54|Type d'erreur inconnu : [2] PDOStatement::execute(): SQLSTATE[3D000]: Invalid catalog name: 1046 No database selected - ligne 34 dans le fichier D:\wamp\www\goliathv2\kernel\core\DB\EPDO.php
2013-11-02 04:20:54|Type d'erreur inconnu : [2] PDOStatement::execute(): SQLSTATE[3D000]: Invalid catalog name: 1046 No database selected - ligne 34 dans le fichier D:\wamp\www\goliathv2\kernel\core\DB\EPDO.php
2013-11-02 04:20:54|Type d'erreur inconnu : [8] Undefined index: utilisateur - ligne 58 dans le fichier D:\wamp\www\goliathv2\kernel\core\core.php
