2013-01-25 10:52:34|Type d'erreur inconnu : [2] Division by zero - ligne 1941 dans le fichier D:\wamp\www\rugby\kernel\lib\pChart\class\pDraw.class.php
2013-01-25 10:52:34|Type d'erreur inconnu : [8] Undefined index: Data - ligne 1913 dans le fichier D:\wamp\www\rugby\kernel\lib\pChart\class\pDraw.class.php
2013-01-25 10:52:34|Type d'erreur inconnu : [8] Undefined index: Data - ligne 100 dans le fichier D:\wamp\www\rugby\kernel\lib\pChart\class\pData.class.php
2013-01-25 10:52:34|Type d'erreur inconnu : [8] Undefined variable: data_img - ligne 564 dans le fichier D:\wamp\www\rugby\app\controller\joueurController.php
2013-01-25 10:52:34|Type d'erreur inconnu : [8] Undefined index: Data - ligne 3775 dans le fichier D:\wamp\www\rugby\kernel\lib\pChart\class\pDraw.class.php
2013-01-25 10:52:34|Type d'erreur inconnu : [8] Undefined index: Data - ligne 3774 dans le fichier D:\wamp\www\rugby\kernel\lib\pChart\class\pDraw.class.php
2013-01-25 10:52:34|Type d'erreur inconnu : [8] Undefined index: Data - ligne 3772 dans le fichier D:\wamp\www\rugby\kernel\lib\pChart\class\pDraw.class.php
2013-01-25 10:52:34|Type d'erreur inconnu : [8] Undefined index: Data - ligne 3759 dans le fichier D:\wamp\www\rugby\kernel\lib\pChart\class\pDraw.class.php
2013-01-25 10:52:34|Type d'erreur inconnu : [2] Division by zero - ligne 1941 dans le fichier D:\wamp\www\rugby\kernel\lib\pChart\class\pDraw.class.php
2013-01-25 10:52:34|Type d'erreur inconnu : [8] Undefined index: Data - ligne 1913 dans le fichier D:\wamp\www\rugby\kernel\lib\pChart\class\pDraw.class.php
2013-01-25 10:52:33|Type d'erreur inconnu : [8] Undefined index: Data - ligne 100 dans le fichier D:\wamp\www\rugby\kernel\lib\pChart\class\pData.class.php
2013-01-25 10:52:33|Type d'erreur inconnu : [8] Undefined index: Data - ligne 100 dans le fichier D:\wamp\www\rugby\kernel\lib\pChart\class\pData.class.php
2013-01-25 10:51:25|Type d'erreur inconnu : [8] Undefined index: Data - ligne 3775 dans le fichier D:\wamp\www\rugby\kernel\lib\pChart\class\pDraw.class.php
2013-01-25 10:51:25|Type d'erreur inconnu : [8] Undefined index: Data - ligne 3774 dans le fichier D:\wamp\www\rugby\kernel\lib\pChart\class\pDraw.class.php
2013-01-25 10:51:25|Type d'erreur inconnu : [8] Undefined index: Data - ligne 3772 dans le fichier D:\wamp\www\rugby\kernel\lib\pChart\class\pDraw.class.php
2013-01-25 10:51:25|Type d'erreur inconnu : [8] Undefined index: Data - ligne 3759 dans le fichier D:\wamp\www\rugby\kernel\lib\pChart\class\pDraw.class.php
2013-01-25 10:51:25|Type d'erreur inconnu : [2] Division by zero - ligne 1941 dans le fichier D:\wamp\www\rugby\kernel\lib\pChart\class\pDraw.class.php
2013-01-25 10:51:25|Type d'erreur inconnu : [8] Undefined index: Data - ligne 1913 dans le fichier D:\wamp\www\rugby\kernel\lib\pChart\class\pDraw.class.php
2013-01-25 10:51:25|Type d'erreur inconnu : [8] Undefined index: Data - ligne 100 dans le fichier D:\wamp\www\rugby\kernel\lib\pChart\class\pData.class.php
2013-01-25 10:51:25|Type d'erreur inconnu : [8] Undefined index: Data - ligne 100 dans le fichier D:\wamp\www\rugby\kernel\lib\pChart\class\pData.class.php
2013-01-25 10:51:25|Type d'erreur inconnu : [2] Division by zero - ligne 1941 dans le fichier D:\wamp\www\rugby\kernel\lib\pChart\class\pDraw.class.php
2013-01-25 10:51:25|Type d'erreur inconnu : [8] Undefined index: Data - ligne 1913 dans le fichier D:\wamp\www\rugby\kernel\lib\pChart\class\pDraw.class.php
2013-01-25 10:51:25|Type d'erreur inconnu : [8] Undefined index: Data - ligne 100 dans le fichier D:\wamp\www\rugby\kernel\lib\pChart\class\pData.class.php
2013-01-25 10:51:25|Type d'erreur inconnu : [8] Undefined variable: data_img - ligne 564 dans le fichier D:\wamp\www\rugby\app\controller\joueurController.php
2013-01-25 10:51:23|Type d'erreur inconnu : [8] Undefined index: Data - ligne 3775 dans le fichier D:\wamp\www\rugby\kernel\lib\pChart\class\pDraw.class.php
2013-01-25 10:51:23|Type d'erreur inconnu : [8] Undefined index: Data - ligne 3774 dans le fichier D:\wamp\www\rugby\kernel\lib\pChart\class\pDraw.class.php
2013-01-25 10:51:23|Type d'erreur inconnu : [8] Undefined index: Data - ligne 3772 dans le fichier D:\wamp\www\rugby\kernel\lib\pChart\class\pDraw.class.php
2013-01-25 10:51:23|Type d'erreur inconnu : [8] Undefined index: Data - ligne 3759 dans le fichier D:\wamp\www\rugby\kernel\lib\pChart\class\pDraw.class.php
2013-01-25 10:51:23|Type d'erreur inconnu : [2] Division by zero - ligne 1941 dans le fichier D:\wamp\www\rugby\kernel\lib\pChart\class\pDraw.class.php
2013-01-25 10:51:23|Type d'erreur inconnu : [8] Undefined index: Data - ligne 1913 dans le fichier D:\wamp\www\rugby\kernel\lib\pChart\class\pDraw.class.php
2013-01-25 10:51:23|Type d'erreur inconnu : [8] Undefined index: Data - ligne 100 dans le fichier D:\wamp\www\rugby\kernel\lib\pChart\class\pData.class.php
2013-01-25 10:51:23|Type d'erreur inconnu : [8] Undefined index: Data - ligne 100 dans le fichier D:\wamp\www\rugby\kernel\lib\pChart\class\pData.class.php
2013-01-25 10:51:23|Type d'erreur inconnu : [2] Division by zero - ligne 1941 dans le fichier D:\wamp\www\rugby\kernel\lib\pChart\class\pDraw.class.php
2013-01-25 10:51:23|Type d'erreur inconnu : [8] Undefined index: Data - ligne 1913 dans le fichier D:\wamp\www\rugby\kernel\lib\pChart\class\pDraw.class.php
2013-01-25 10:51:23|Type d'erreur inconnu : [8] Undefined index: Data - ligne 100 dans le fichier D:\wamp\www\rugby\kernel\lib\pChart\class\pData.class.php
2013-01-25 10:51:23|Type d'erreur inconnu : [8] Undefined variable: data_img - ligne 564 dans le fichier D:\wamp\www\rugby\app\controller\joueurController.php
2013-01-25 10:48:43|Type d'erreur inconnu : [2] Division by zero - ligne 1941 dans le fichier D:\wamp\www\rugby\kernel\lib\pChart\class\pDraw.class.php
2013-01-25 10:48:43|Type d'erreur inconnu : [8] Undefined index: Data - ligne 1913 dans le fichier D:\wamp\www\rugby\kernel\lib\pChart\class\pDraw.class.php
2013-01-25 10:48:43|Type d'erreur inconnu : [8] Undefined index: Data - ligne 100 dans le fichier D:\wamp\www\rugby\kernel\lib\pChart\class\pData.class.php
2013-01-25 10:48:43|Type d'erreur inconnu : [8] Undefined variable: data_img - ligne 564 dans le fichier D:\wamp\www\rugby\app\controller\joueurController.php
2013-01-25 10:48:43|Type d'erreur inconnu : [8] Undefined index: Data - ligne 3775 dans le fichier D:\wamp\www\rugby\kernel\lib\pChart\class\pDraw.class.php
2013-01-25 10:48:43|Type d'erreur inconnu : [8] Undefined index: Data - ligne 3774 dans le fichier D:\wamp\www\rugby\kernel\lib\pChart\class\pDraw.class.php
2013-01-25 10:48:43|Type d'erreur inconnu : [8] Undefined index: Data - ligne 3772 dans le fichier D:\wamp\www\rugby\kernel\lib\pChart\class\pDraw.class.php
2013-01-25 10:48:43|Type d'erreur inconnu : [8] Undefined index: Data - ligne 3759 dans le fichier D:\wamp\www\rugby\kernel\lib\pChart\class\pDraw.class.php
2013-01-25 10:48:43|Type d'erreur inconnu : [2] Division by zero - ligne 1941 dans le fichier D:\wamp\www\rugby\kernel\lib\pChart\class\pDraw.class.php
2013-01-25 10:48:43|Type d'erreur inconnu : [8] Undefined index: Data - ligne 1913 dans le fichier D:\wamp\www\rugby\kernel\lib\pChart\class\pDraw.class.php
2013-01-25 10:48:43|Type d'erreur inconnu : [8] Undefined index: Data - ligne 100 dans le fichier D:\wamp\www\rugby\kernel\lib\pChart\class\pData.class.php
2013-01-25 10:48:43|Type d'erreur inconnu : [8] Undefined index: Data - ligne 100 dans le fichier D:\wamp\www\rugby\kernel\lib\pChart\class\pData.class.php
2013-01-25 10:48:40|Type d'erreur inconnu : [2] Division by zero - ligne 1941 dans le fichier D:\wamp\www\rugby\kernel\lib\pChart\class\pDraw.class.php
2013-01-25 10:48:40|Type d'erreur inconnu : [8] Undefined index: Data - ligne 1913 dans le fichier D:\wamp\www\rugby\kernel\lib\pChart\class\pDraw.class.php
2013-01-25 10:48:40|Type d'erreur inconnu : [8] Undefined index: Data - ligne 100 dans le fichier D:\wamp\www\rugby\kernel\lib\pChart\class\pData.class.php
2013-01-25 10:48:40|Type d'erreur inconnu : [8] Undefined variable: data_img - ligne 564 dans le fichier D:\wamp\www\rugby\app\controller\joueurController.php
2013-01-25 10:48:40|Type d'erreur inconnu : [8] Undefined index: Data - ligne 3775 dans le fichier D:\wamp\www\rugby\kernel\lib\pChart\class\pDraw.class.php
2013-01-25 10:48:40|Type d'erreur inconnu : [8] Undefined index: Data - ligne 3774 dans le fichier D:\wamp\www\rugby\kernel\lib\pChart\class\pDraw.class.php
2013-01-25 10:48:40|Type d'erreur inconnu : [8] Undefined index: Data - ligne 3772 dans le fichier D:\wamp\www\rugby\kernel\lib\pChart\class\pDraw.class.php
2013-01-25 10:48:40|Type d'erreur inconnu : [8] Undefined index: Data - ligne 3759 dans le fichier D:\wamp\www\rugby\kernel\lib\pChart\class\pDraw.class.php
2013-01-25 10:48:40|Type d'erreur inconnu : [2] Division by zero - ligne 1941 dans le fichier D:\wamp\www\rugby\kernel\lib\pChart\class\pDraw.class.php
2013-01-25 10:48:40|Type d'erreur inconnu : [8] Undefined index: Data - ligne 1913 dans le fichier D:\wamp\www\rugby\kernel\lib\pChart\class\pDraw.class.php
2013-01-25 10:48:40|Type d'erreur inconnu : [8] Undefined index: Data - ligne 100 dans le fichier D:\wamp\www\rugby\kernel\lib\pChart\class\pData.class.php
2013-01-25 10:48:40|Type d'erreur inconnu : [8] Undefined index: Data - ligne 100 dans le fichier D:\wamp\www\rugby\kernel\lib\pChart\class\pData.class.php
2013-01-25 10:48:28|Type d'erreur inconnu : [8] Undefined index: Data - ligne 3775 dans le fichier D:\wamp\www\rugby\kernel\lib\pChart\class\pDraw.class.php
2013-01-25 10:48:28|Type d'erreur inconnu : [8] Undefined index: Data - ligne 3774 dans le fichier D:\wamp\www\rugby\kernel\lib\pChart\class\pDraw.class.php
2013-01-25 10:48:28|Type d'erreur inconnu : [8] Undefined index: Data - ligne 3772 dans le fichier D:\wamp\www\rugby\kernel\lib\pChart\class\pDraw.class.php
2013-01-25 10:48:28|Type d'erreur inconnu : [8] Undefined index: Data - ligne 3759 dans le fichier D:\wamp\www\rugby\kernel\lib\pChart\class\pDraw.class.php
2013-01-25 10:48:28|Type d'erreur inconnu : [2] Division by zero - ligne 1941 dans le fichier D:\wamp\www\rugby\kernel\lib\pChart\class\pDraw.class.php
2013-01-25 10:48:28|Type d'erreur inconnu : [8] Undefined index: Data - ligne 1913 dans le fichier D:\wamp\www\rugby\kernel\lib\pChart\class\pDraw.class.php
2013-01-25 10:48:28|Type d'erreur inconnu : [8] Undefined index: Data - ligne 100 dans le fichier D:\wamp\www\rugby\kernel\lib\pChart\class\pData.class.php
2013-01-25 10:48:28|Type d'erreur inconnu : [8] Undefined index: Data - ligne 100 dans le fichier D:\wamp\www\rugby\kernel\lib\pChart\class\pData.class.php
2013-01-25 10:48:28|Type d'erreur inconnu : [2] Division by zero - ligne 1941 dans le fichier D:\wamp\www\rugby\kernel\lib\pChart\class\pDraw.class.php
2013-01-25 10:48:28|Type d'erreur inconnu : [8] Undefined index: Data - ligne 1913 dans le fichier D:\wamp\www\rugby\kernel\lib\pChart\class\pDraw.class.php
2013-01-25 10:48:28|Type d'erreur inconnu : [8] Undefined index: Data - ligne 100 dans le fichier D:\wamp\www\rugby\kernel\lib\pChart\class\pData.class.php
2013-01-25 10:48:28|Type d'erreur inconnu : [8] Undefined variable: data_img - ligne 564 dans le fichier D:\wamp\www\rugby\app\controller\joueurController.php
2013-01-25 10:48:28|Type d'erreur inconnu : [8] Undefined index: type - ligne 46 dans le fichier D:\wamp\www\rugby\cache\e6b7e2b1a9b2c413a68932f1658cbb63fcc150b8.file.fiche_tab_physique.tpl.php
2013-01-25 10:39:56|Type d'erreur inconnu : [2] Division by zero - ligne 1941 dans le fichier D:\wamp\www\rugby\kernel\lib\pChart\class\pDraw.class.php
2013-01-25 10:39:56|Type d'erreur inconnu : [8] Undefined index: Data - ligne 1913 dans le fichier D:\wamp\www\rugby\kernel\lib\pChart\class\pDraw.class.php
2013-01-25 10:39:56|Type d'erreur inconnu : [8] Undefined index: Data - ligne 100 dans le fichier D:\wamp\www\rugby\kernel\lib\pChart\class\pData.class.php
2013-01-25 10:39:56|Type d'erreur inconnu : [8] Undefined variable: data_img - ligne 564 dans le fichier D:\wamp\www\rugby\app\controller\joueurController.php
2013-01-25 10:39:56|Type d'erreur inconnu : [8] Undefined index: Data - ligne 3775 dans le fichier D:\wamp\www\rugby\kernel\lib\pChart\class\pDraw.class.php
2013-01-25 10:39:56|Type d'erreur inconnu : [8] Undefined index: Data - ligne 3774 dans le fichier D:\wamp\www\rugby\kernel\lib\pChart\class\pDraw.class.php
2013-01-25 10:39:56|Type d'erreur inconnu : [8] Undefined index: Data - ligne 3772 dans le fichier D:\wamp\www\rugby\kernel\lib\pChart\class\pDraw.class.php
2013-01-25 10:39:56|Type d'erreur inconnu : [8] Undefined index: Data - ligne 3759 dans le fichier D:\wamp\www\rugby\kernel\lib\pChart\class\pDraw.class.php
2013-01-25 10:39:56|Type d'erreur inconnu : [2] Division by zero - ligne 1941 dans le fichier D:\wamp\www\rugby\kernel\lib\pChart\class\pDraw.class.php
2013-01-25 10:39:56|Type d'erreur inconnu : [8] Undefined index: Data - ligne 1913 dans le fichier D:\wamp\www\rugby\kernel\lib\pChart\class\pDraw.class.php
2013-01-25 10:39:56|Type d'erreur inconnu : [8] Undefined index: Data - ligne 100 dans le fichier D:\wamp\www\rugby\kernel\lib\pChart\class\pData.class.php
2013-01-25 10:39:56|Type d'erreur inconnu : [8] Undefined index: Data - ligne 100 dans le fichier D:\wamp\www\rugby\kernel\lib\pChart\class\pData.class.php
2013-01-25 10:35:47|Type d'erreur inconnu : [8] Undefined variable: joueur_id - ligne 291 dans le fichier D:\wamp\www\rugby\kernel\lib\smarty\sysplugins\smarty_internal_data.php
2013-01-25 10:27:49|Type d'erreur inconnu : [2] Division by zero - ligne 1941 dans le fichier D:\wamp\www\rugby\kernel\lib\pChart\class\pDraw.class.php
2013-01-25 10:27:49|Type d'erreur inconnu : [8] Undefined index: Data - ligne 1913 dans le fichier D:\wamp\www\rugby\kernel\lib\pChart\class\pDraw.class.php
2013-01-25 10:27:49|Type d'erreur inconnu : [8] Undefined index: Data - ligne 100 dans le fichier D:\wamp\www\rugby\kernel\lib\pChart\class\pData.class.php
2013-01-25 10:27:49|Type d'erreur inconnu : [8] Undefined variable: data_img - ligne 564 dans le fichier D:\wamp\www\rugby\app\controller\joueurController.php
2013-01-25 10:27:49|Type d'erreur inconnu : [8] Undefined index: Data - ligne 3775 dans le fichier D:\wamp\www\rugby\kernel\lib\pChart\class\pDraw.class.php
2013-01-25 10:27:49|Type d'erreur inconnu : [8] Undefined index: Data - ligne 3774 dans le fichier D:\wamp\www\rugby\kernel\lib\pChart\class\pDraw.class.php
2013-01-25 10:27:49|Type d'erreur inconnu : [8] Undefined index: Data - ligne 3772 dans le fichier D:\wamp\www\rugby\kernel\lib\pChart\class\pDraw.class.php
2013-01-25 10:27:49|Type d'erreur inconnu : [8] Undefined index: Data - ligne 3759 dans le fichier D:\wamp\www\rugby\kernel\lib\pChart\class\pDraw.class.php
2013-01-25 10:27:49|Type d'erreur inconnu : [2] Division by zero - ligne 1941 dans le fichier D:\wamp\www\rugby\kernel\lib\pChart\class\pDraw.class.php
2013-01-25 10:27:49|Type d'erreur inconnu : [8] Undefined index: Data - ligne 1913 dans le fichier D:\wamp\www\rugby\kernel\lib\pChart\class\pDraw.class.php
2013-01-25 10:27:49|Type d'erreur inconnu : [8] Undefined index: Data - ligne 100 dans le fichier D:\wamp\www\rugby\kernel\lib\pChart\class\pData.class.php
2013-01-25 10:27:49|Type d'erreur inconnu : [8] Undefined index: Data - ligne 100 dans le fichier D:\wamp\www\rugby\kernel\lib\pChart\class\pData.class.php
2013-01-25 10:26:32|Type d'erreur inconnu : [8] Undefined index: Data - ligne 3775 dans le fichier D:\wamp\www\rugby\kernel\lib\pChart\class\pDraw.class.php
2013-01-25 10:26:32|Type d'erreur inconnu : [8] Undefined index: Data - ligne 3774 dans le fichier D:\wamp\www\rugby\kernel\lib\pChart\class\pDraw.class.php
2013-01-25 10:26:32|Type d'erreur inconnu : [8] Undefined index: Data - ligne 3772 dans le fichier D:\wamp\www\rugby\kernel\lib\pChart\class\pDraw.class.php
2013-01-25 10:26:32|Type d'erreur inconnu : [8] Undefined index: Data - ligne 3759 dans le fichier D:\wamp\www\rugby\kernel\lib\pChart\class\pDraw.class.php
2013-01-25 10:26:32|Type d'erreur inconnu : [2] Division by zero - ligne 1941 dans le fichier D:\wamp\www\rugby\kernel\lib\pChart\class\pDraw.class.php
2013-01-25 10:26:32|Type d'erreur inconnu : [8] Undefined index: Data - ligne 1913 dans le fichier D:\wamp\www\rugby\kernel\lib\pChart\class\pDraw.class.php
2013-01-25 10:26:32|Type d'erreur inconnu : [8] Undefined index: Data - ligne 100 dans le fichier D:\wamp\www\rugby\kernel\lib\pChart\class\pData.class.php
2013-01-25 10:26:32|Type d'erreur inconnu : [8] Undefined index: Data - ligne 100 dans le fichier D:\wamp\www\rugby\kernel\lib\pChart\class\pData.class.php
2013-01-25 10:26:32|Type d'erreur inconnu : [2] Division by zero - ligne 1941 dans le fichier D:\wamp\www\rugby\kernel\lib\pChart\class\pDraw.class.php
2013-01-25 10:26:32|Type d'erreur inconnu : [8] Undefined index: Data - ligne 1913 dans le fichier D:\wamp\www\rugby\kernel\lib\pChart\class\pDraw.class.php
2013-01-25 10:26:32|Type d'erreur inconnu : [8] Undefined index: Data - ligne 100 dans le fichier D:\wamp\www\rugby\kernel\lib\pChart\class\pData.class.php
2013-01-25 10:26:32|Type d'erreur inconnu : [8] Undefined variable: data_img - ligne 564 dans le fichier D:\wamp\www\rugby\app\controller\joueurController.php
2013-01-25 10:26:09|Type d'erreur inconnu : [8] Undefined variable: Content - ligne 291 dans le fichier D:\wamp\www\rugby\kernel\lib\smarty\sysplugins\smarty_internal_data.php
2013-01-25 10:15:01|Type d'erreur inconnu : [2] Division by zero - ligne 1941 dans le fichier D:\wamp\www\rugby\kernel\lib\pChart\class\pDraw.class.php
2013-01-25 10:15:01|Type d'erreur inconnu : [8] Undefined index: Data - ligne 1913 dans le fichier D:\wamp\www\rugby\kernel\lib\pChart\class\pDraw.class.php
2013-01-25 10:15:01|Type d'erreur inconnu : [8] Undefined index: Data - ligne 100 dans le fichier D:\wamp\www\rugby\kernel\lib\pChart\class\pData.class.php
2013-01-25 10:15:01|Type d'erreur inconnu : [8] Undefined variable: data_img - ligne 564 dans le fichier D:\wamp\www\rugby\app\controller\joueurController.php
2013-01-25 10:15:01|Type d'erreur inconnu : [8] Undefined index: Data - ligne 3775 dans le fichier D:\wamp\www\rugby\kernel\lib\pChart\class\pDraw.class.php
2013-01-25 10:15:01|Type d'erreur inconnu : [8] Undefined index: Data - ligne 3774 dans le fichier D:\wamp\www\rugby\kernel\lib\pChart\class\pDraw.class.php
2013-01-25 10:15:01|Type d'erreur inconnu : [8] Undefined index: Data - ligne 3772 dans le fichier D:\wamp\www\rugby\kernel\lib\pChart\class\pDraw.class.php
2013-01-25 10:15:01|Type d'erreur inconnu : [8] Undefined index: Data - ligne 3759 dans le fichier D:\wamp\www\rugby\kernel\lib\pChart\class\pDraw.class.php
2013-01-25 10:15:01|Type d'erreur inconnu : [2] Division by zero - ligne 1941 dans le fichier D:\wamp\www\rugby\kernel\lib\pChart\class\pDraw.class.php
2013-01-25 10:15:01|Type d'erreur inconnu : [8] Undefined index: Data - ligne 1913 dans le fichier D:\wamp\www\rugby\kernel\lib\pChart\class\pDraw.class.php
2013-01-25 10:15:01|Type d'erreur inconnu : [8] Undefined index: Data - ligne 100 dans le fichier D:\wamp\www\rugby\kernel\lib\pChart\class\pData.class.php
2013-01-25 10:15:01|Type d'erreur inconnu : [8] Undefined index: Data - ligne 100 dans le fichier D:\wamp\www\rugby\kernel\lib\pChart\class\pData.class.php
2013-01-25 10:14:11|Type d'erreur inconnu : [8] Undefined index: Data - ligne 3775 dans le fichier D:\wamp\www\rugby\kernel\lib\pChart\class\pDraw.class.php
2013-01-25 10:14:11|Type d'erreur inconnu : [8] Undefined index: Data - ligne 3774 dans le fichier D:\wamp\www\rugby\kernel\lib\pChart\class\pDraw.class.php
2013-01-25 10:14:11|Type d'erreur inconnu : [8] Undefined index: Data - ligne 3772 dans le fichier D:\wamp\www\rugby\kernel\lib\pChart\class\pDraw.class.php
2013-01-25 10:14:11|Type d'erreur inconnu : [8] Undefined index: Data - ligne 3759 dans le fichier D:\wamp\www\rugby\kernel\lib\pChart\class\pDraw.class.php
2013-01-25 10:14:11|Type d'erreur inconnu : [2] Division by zero - ligne 1941 dans le fichier D:\wamp\www\rugby\kernel\lib\pChart\class\pDraw.class.php
2013-01-25 10:14:11|Type d'erreur inconnu : [8] Undefined index: Data - ligne 1913 dans le fichier D:\wamp\www\rugby\kernel\lib\pChart\class\pDraw.class.php
2013-01-25 10:14:11|Type d'erreur inconnu : [8] Undefined index: Data - ligne 100 dans le fichier D:\wamp\www\rugby\kernel\lib\pChart\class\pData.class.php
2013-01-25 10:14:11|Type d'erreur inconnu : [8] Undefined index: Data - ligne 100 dans le fichier D:\wamp\www\rugby\kernel\lib\pChart\class\pData.class.php
2013-01-25 10:14:11|Type d'erreur inconnu : [2] Division by zero - ligne 1941 dans le fichier D:\wamp\www\rugby\kernel\lib\pChart\class\pDraw.class.php
2013-01-25 10:14:11|Type d'erreur inconnu : [8] Undefined index: Data - ligne 1913 dans le fichier D:\wamp\www\rugby\kernel\lib\pChart\class\pDraw.class.php
2013-01-25 10:14:11|Type d'erreur inconnu : [8] Undefined index: Data - ligne 100 dans le fichier D:\wamp\www\rugby\kernel\lib\pChart\class\pData.class.php
2013-01-25 10:14:11|Type d'erreur inconnu : [8] Undefined variable: data_img - ligne 580 dans le fichier D:\wamp\www\rugby\app\controller\joueurController.php
2013-01-25 10:05:54|Type d'erreur inconnu : [8] Undefined index: Data - ligne 3775 dans le fichier D:\wamp\www\rugby\kernel\lib\pChart\class\pDraw.class.php
2013-01-25 10:05:54|Type d'erreur inconnu : [8] Undefined index: Data - ligne 3774 dans le fichier D:\wamp\www\rugby\kernel\lib\pChart\class\pDraw.class.php
2013-01-25 10:05:54|Type d'erreur inconnu : [8] Undefined index: Data - ligne 3772 dans le fichier D:\wamp\www\rugby\kernel\lib\pChart\class\pDraw.class.php
2013-01-25 10:05:54|Type d'erreur inconnu : [8] Undefined index: Data - ligne 3759 dans le fichier D:\wamp\www\rugby\kernel\lib\pChart\class\pDraw.class.php
2013-01-25 10:05:54|Type d'erreur inconnu : [2] Division by zero - ligne 1941 dans le fichier D:\wamp\www\rugby\kernel\lib\pChart\class\pDraw.class.php
2013-01-25 10:05:54|Type d'erreur inconnu : [8] Undefined index: Data - ligne 1913 dans le fichier D:\wamp\www\rugby\kernel\lib\pChart\class\pDraw.class.php
2013-01-25 10:05:54|Type d'erreur inconnu : [8] Undefined index: Data - ligne 100 dans le fichier D:\wamp\www\rugby\kernel\lib\pChart\class\pData.class.php
2013-01-25 10:05:54|Type d'erreur inconnu : [8] Undefined index: Data - ligne 100 dans le fichier D:\wamp\www\rugby\kernel\lib\pChart\class\pData.class.php
2013-01-25 10:05:54|Type d'erreur inconnu : [2] Division by zero - ligne 1941 dans le fichier D:\wamp\www\rugby\kernel\lib\pChart\class\pDraw.class.php
2013-01-25 10:05:54|Type d'erreur inconnu : [8] Undefined index: Data - ligne 1913 dans le fichier D:\wamp\www\rugby\kernel\lib\pChart\class\pDraw.class.php
2013-01-25 10:05:54|Type d'erreur inconnu : [8] Undefined index: Data - ligne 100 dans le fichier D:\wamp\www\rugby\kernel\lib\pChart\class\pData.class.php
2013-01-25 10:05:54|Type d'erreur inconnu : [8] Undefined variable: data_img - ligne 580 dans le fichier D:\wamp\www\rugby\app\controller\joueurController.php
2013-01-25 10:04:29|Type d'erreur inconnu : [8] Undefined variable: joueur_id - ligne 334 dans le fichier D:\wamp\www\rugby\app\controller\scolaireController.php
2013-01-25 10:03:05|Type d'erreur inconnu : [2] Division by zero - ligne 1941 dans le fichier D:\wamp\www\rugby\kernel\lib\pChart\class\pDraw.class.php
2013-01-25 10:03:05|Type d'erreur inconnu : [8] Undefined index: Data - ligne 1913 dans le fichier D:\wamp\www\rugby\kernel\lib\pChart\class\pDraw.class.php
2013-01-25 10:03:05|Type d'erreur inconnu : [8] Undefined index: Data - ligne 100 dans le fichier D:\wamp\www\rugby\kernel\lib\pChart\class\pData.class.php
2013-01-25 10:03:05|Type d'erreur inconnu : [8] Undefined variable: data_img - ligne 580 dans le fichier D:\wamp\www\rugby\app\controller\joueurController.php
2013-01-25 10:03:05|Type d'erreur inconnu : [8] Undefined index: Data - ligne 3775 dans le fichier D:\wamp\www\rugby\kernel\lib\pChart\class\pDraw.class.php
2013-01-25 10:03:05|Type d'erreur inconnu : [8] Undefined index: Data - ligne 3774 dans le fichier D:\wamp\www\rugby\kernel\lib\pChart\class\pDraw.class.php
2013-01-25 10:03:05|Type d'erreur inconnu : [8] Undefined index: Data - ligne 3772 dans le fichier D:\wamp\www\rugby\kernel\lib\pChart\class\pDraw.class.php
2013-01-25 10:03:05|Type d'erreur inconnu : [8] Undefined index: Data - ligne 3759 dans le fichier D:\wamp\www\rugby\kernel\lib\pChart\class\pDraw.class.php
2013-01-25 10:03:05|Type d'erreur inconnu : [2] Division by zero - ligne 1941 dans le fichier D:\wamp\www\rugby\kernel\lib\pChart\class\pDraw.class.php
2013-01-25 10:03:05|Type d'erreur inconnu : [8] Undefined index: Data - ligne 1913 dans le fichier D:\wamp\www\rugby\kernel\lib\pChart\class\pDraw.class.php
2013-01-25 10:03:05|Type d'erreur inconnu : [8] Undefined index: Data - ligne 100 dans le fichier D:\wamp\www\rugby\kernel\lib\pChart\class\pData.class.php
2013-01-25 10:03:05|Type d'erreur inconnu : [8] Undefined index: Data - ligne 100 dans le fichier D:\wamp\www\rugby\kernel\lib\pChart\class\pData.class.php
2013-01-25 09:35:04|Type d'erreur inconnu : [2] Division by zero - ligne 1941 dans le fichier D:\wamp\www\rugby\kernel\lib\pChart\class\pDraw.class.php
2013-01-25 09:35:04|Type d'erreur inconnu : [8] Undefined index: Data - ligne 1913 dans le fichier D:\wamp\www\rugby\kernel\lib\pChart\class\pDraw.class.php
2013-01-25 09:35:04|Type d'erreur inconnu : [8] Undefined index: Data - ligne 100 dans le fichier D:\wamp\www\rugby\kernel\lib\pChart\class\pData.class.php
2013-01-25 09:35:04|Type d'erreur inconnu : [8] Undefined variable: data_img - ligne 579 dans le fichier D:\wamp\www\rugby\app\controller\joueurController.php
2013-01-25 09:35:03|Type d'erreur inconnu : [8] Undefined index: Data - ligne 3775 dans le fichier D:\wamp\www\rugby\kernel\lib\pChart\class\pDraw.class.php
2013-01-25 09:35:03|Type d'erreur inconnu : [8] Undefined index: Data - ligne 3774 dans le fichier D:\wamp\www\rugby\kernel\lib\pChart\class\pDraw.class.php
2013-01-25 09:35:03|Type d'erreur inconnu : [8] Undefined index: Data - ligne 3772 dans le fichier D:\wamp\www\rugby\kernel\lib\pChart\class\pDraw.class.php
2013-01-25 09:35:03|Type d'erreur inconnu : [8] Undefined index: Data - ligne 3759 dans le fichier D:\wamp\www\rugby\kernel\lib\pChart\class\pDraw.class.php
2013-01-25 09:35:03|Type d'erreur inconnu : [2] Division by zero - ligne 1941 dans le fichier D:\wamp\www\rugby\kernel\lib\pChart\class\pDraw.class.php
2013-01-25 09:35:03|Type d'erreur inconnu : [8] Undefined index: Data - ligne 1913 dans le fichier D:\wamp\www\rugby\kernel\lib\pChart\class\pDraw.class.php
2013-01-25 09:35:03|Type d'erreur inconnu : [8] Undefined index: Data - ligne 100 dans le fichier D:\wamp\www\rugby\kernel\lib\pChart\class\pData.class.php
2013-01-25 09:35:03|Type d'erreur inconnu : [8] Undefined index: Data - ligne 100 dans le fichier D:\wamp\www\rugby\kernel\lib\pChart\class\pData.class.php
2013-01-25 09:24:31|Type d'erreur inconnu : [8] Undefined variable: Sportif - ligne 291 dans le fichier D:\wamp\www\rugby\kernel\lib\smarty\sysplugins\smarty_internal_data.php
2013-01-25 09:24:29|Type d'erreur inconnu : [8] Undefined variable: Sportif - ligne 291 dans le fichier D:\wamp\www\rugby\kernel\lib\smarty\sysplugins\smarty_internal_data.php
2013-01-25 09:24:22|Type d'erreur inconnu : [8] Undefined variable: Sportif - ligne 291 dans le fichier D:\wamp\www\rugby\kernel\lib\smarty\sysplugins\smarty_internal_data.php
2013-01-25 09:24:14|Type d'erreur inconnu : [8] Undefined index: etablissement - ligne 73 dans le fichier D:\wamp\www\rugby\cache\255a02f87c00c55357a626c3e934610f71be768d.file.print_formation_detail.tpl.php
2013-01-25 09:24:14|Type d'erreur inconnu : [8] Undefined variable: Sportif - ligne 291 dans le fichier D:\wamp\www\rugby\kernel\lib\smarty\sysplugins\smarty_internal_data.php
2013-01-25 09:24:02|Type d'erreur inconnu : [8] Undefined variable: Sportif - ligne 291 dans le fichier D:\wamp\www\rugby\kernel\lib\smarty\sysplugins\smarty_internal_data.php
2013-01-25 09:24:02|Type d'erreur inconnu : [2] PDOStatement::execute(): SQLSTATE[42S22]: Column not found: 1054 Unknown column 'sf.sportif' in 'on clause' - ligne 34 dans le fichier D:\wamp\www\rugby\kernel\core\DB\EPDO.php
2013-01-25 09:23:27|Type d'erreur inconnu : [8] Undefined variable: Sportif - ligne 291 dans le fichier D:\wamp\www\rugby\kernel\lib\smarty\sysplugins\smarty_internal_data.php
2013-01-25 09:23:27|Type d'erreur inconnu : [2] PDOStatement::execute(): SQLSTATE[42S02]: Base table or view not found: 1051 Unknown table 'et' - ligne 34 dans le fichier D:\wamp\www\rugby\kernel\core\DB\EPDO.php
2013-01-25 09:23:04|Type d'erreur inconnu : [8] Undefined property: stdClass::$formation - ligne 377 dans le fichier D:\wamp\www\rugby\app\controller\scolaireController.php
2013-01-25 09:01:21|Type d'erreur inconnu : [2] PDOStatement::execute(): SQLSTATE[42S22]: Column not found: 1054 Unknown column 'td.id' in 'on clause' - ligne 34 dans le fichier D:\wamp\www\rugby\kernel\core\DB\EPDO.php
