2013-05-06 09:23:03|Type d'erreur inconnu : [8] Undefined index: url_dir - ligne 18 dans le fichier D:\wamp\www\rugby\kernel\core\Helper.class.php
2013-05-06 09:23:03|Type d'erreur inconnu : [8] Undefined index: url - ligne 18 dans le fichier D:\wamp\www\rugby\kernel\core\Helper.class.php
2013-05-06 09:23:03|Type d'erreur inconnu : [8] Undefined index: rewrite_url - ligne 15 dans le fichier D:\wamp\www\rugby\kernel\core\Helper.class.php
2013-05-06 09:23:03|Type d'erreur inconnu : [8] Undefined index: url_dir - ligne 18 dans le fichier D:\wamp\www\rugby\kernel\core\Helper.class.php
2013-05-06 09:23:03|Type d'erreur inconnu : [8] Undefined index: url - ligne 18 dans le fichier D:\wamp\www\rugby\kernel\core\Helper.class.php
2013-05-06 09:23:03|Type d'erreur inconnu : [8] Undefined index: rewrite_url - ligne 15 dans le fichier D:\wamp\www\rugby\kernel\core\Helper.class.php
2013-05-06 09:23:03|Type d'erreur inconnu : [8] Undefined index: url_dir - ligne 18 dans le fichier D:\wamp\www\rugby\kernel\core\Helper.class.php
2013-05-06 09:23:03|Type d'erreur inconnu : [8] Undefined index: url - ligne 18 dans le fichier D:\wamp\www\rugby\kernel\core\Helper.class.php
2013-05-06 09:23:03|Type d'erreur inconnu : [8] Undefined index: rewrite_url - ligne 15 dans le fichier D:\wamp\www\rugby\kernel\core\Helper.class.php
2013-05-06 09:23:03|Type d'erreur inconnu : [8] Undefined index: url_dir - ligne 18 dans le fichier D:\wamp\www\rugby\kernel\core\Helper.class.php
2013-05-06 09:23:03|Type d'erreur inconnu : [8] Undefined index: url - ligne 18 dans le fichier D:\wamp\www\rugby\kernel\core\Helper.class.php
2013-05-06 09:23:03|Type d'erreur inconnu : [8] Undefined index: rewrite_url - ligne 15 dans le fichier D:\wamp\www\rugby\kernel\core\Helper.class.php
2013-05-06 09:23:03|Type d'erreur inconnu : [8] Undefined index: url_dir - ligne 18 dans le fichier D:\wamp\www\rugby\kernel\core\Helper.class.php
2013-05-06 09:23:03|Type d'erreur inconnu : [8] Undefined index: url - ligne 18 dans le fichier D:\wamp\www\rugby\kernel\core\Helper.class.php
2013-05-06 09:23:03|Type d'erreur inconnu : [8] Undefined index: rewrite_url - ligne 15 dans le fichier D:\wamp\www\rugby\kernel\core\Helper.class.php
2013-05-06 09:21:07|Type d'erreur inconnu : [8] Undefined index: url_dir - ligne 18 dans le fichier D:\wamp\www\rugby\kernel\core\Helper.class.php
2013-05-06 09:21:07|Type d'erreur inconnu : [8] Undefined index: url - ligne 18 dans le fichier D:\wamp\www\rugby\kernel\core\Helper.class.php
2013-05-06 09:21:07|Type d'erreur inconnu : [8] Undefined index: rewrite_url - ligne 15 dans le fichier D:\wamp\www\rugby\kernel\core\Helper.class.php
2013-05-06 09:21:07|Type d'erreur inconnu : [8] Undefined index: url_dir - ligne 18 dans le fichier D:\wamp\www\rugby\kernel\core\Helper.class.php
2013-05-06 09:21:07|Type d'erreur inconnu : [8] Undefined index: url - ligne 18 dans le fichier D:\wamp\www\rugby\kernel\core\Helper.class.php
2013-05-06 09:21:07|Type d'erreur inconnu : [8] Undefined index: rewrite_url - ligne 15 dans le fichier D:\wamp\www\rugby\kernel\core\Helper.class.php
2013-05-06 09:21:07|Type d'erreur inconnu : [8] Undefined index: url_dir - ligne 18 dans le fichier D:\wamp\www\rugby\kernel\core\Helper.class.php
2013-05-06 09:21:07|Type d'erreur inconnu : [8] Undefined index: url - ligne 18 dans le fichier D:\wamp\www\rugby\kernel\core\Helper.class.php
2013-05-06 09:21:07|Type d'erreur inconnu : [8] Undefined index: rewrite_url - ligne 15 dans le fichier D:\wamp\www\rugby\kernel\core\Helper.class.php
2013-05-06 09:21:07|Type d'erreur inconnu : [8] Undefined index: url_dir - ligne 18 dans le fichier D:\wamp\www\rugby\kernel\core\Helper.class.php
2013-05-06 09:21:07|Type d'erreur inconnu : [8] Undefined index: url - ligne 18 dans le fichier D:\wamp\www\rugby\kernel\core\Helper.class.php
2013-05-06 09:21:07|Type d'erreur inconnu : [8] Undefined index: rewrite_url - ligne 15 dans le fichier D:\wamp\www\rugby\kernel\core\Helper.class.php
2013-05-06 09:21:06|Type d'erreur inconnu : [8] Undefined index: url_dir - ligne 18 dans le fichier D:\wamp\www\rugby\kernel\core\Helper.class.php
2013-05-06 09:21:06|Type d'erreur inconnu : [8] Undefined index: url - ligne 18 dans le fichier D:\wamp\www\rugby\kernel\core\Helper.class.php
2013-05-06 09:21:06|Type d'erreur inconnu : [8] Undefined index: rewrite_url - ligne 15 dans le fichier D:\wamp\www\rugby\kernel\core\Helper.class.php
2013-05-06 09:20:23|Type d'erreur inconnu : [8] Trying to get property of non-object - ligne 13 dans le fichier D:\wamp\www\rugby\kernel\core\Helper.class.php
2013-05-06 09:20:23|Type d'erreur inconnu : [8] Undefined variable: registry - ligne 12 dans le fichier D:\wamp\www\rugby\kernel\core\Helper.class.php
2013-05-06 09:20:23|Type d'erreur inconnu : [2] Missing argument 1 for Helper::__construct(), called in D:\wamp\www\rugby\kernel\core\core.php on line 75 and defined - ligne 11 dans le fichier D:\wamp\www\rugby\kernel\core\Helper.class.php
2013-05-06 09:20:23|Type d'erreur inconnu : [8] Trying to get property of non-object - ligne 13 dans le fichier D:\wamp\www\rugby\kernel\core\Helper.class.php
2013-05-06 09:20:23|Type d'erreur inconnu : [8] Undefined variable: registry - ligne 12 dans le fichier D:\wamp\www\rugby\kernel\core\Helper.class.php
2013-05-06 09:20:23|Type d'erreur inconnu : [2] Missing argument 1 for Helper::__construct(), called in D:\wamp\www\rugby\kernel\core\core.php on line 75 and defined - ligne 11 dans le fichier D:\wamp\www\rugby\kernel\core\Helper.class.php
2013-05-06 09:20:23|Type d'erreur inconnu : [8] Trying to get property of non-object - ligne 13 dans le fichier D:\wamp\www\rugby\kernel\core\Helper.class.php
2013-05-06 09:20:23|Type d'erreur inconnu : [8] Undefined variable: registry - ligne 12 dans le fichier D:\wamp\www\rugby\kernel\core\Helper.class.php
2013-05-06 09:20:23|Type d'erreur inconnu : [2] Missing argument 1 for Helper::__construct(), called in D:\wamp\www\rugby\kernel\core\core.php on line 75 and defined - ligne 11 dans le fichier D:\wamp\www\rugby\kernel\core\Helper.class.php
2013-05-06 09:20:23|Type d'erreur inconnu : [8] Trying to get property of non-object - ligne 13 dans le fichier D:\wamp\www\rugby\kernel\core\Helper.class.php
2013-05-06 09:20:23|Type d'erreur inconnu : [8] Undefined variable: registry - ligne 12 dans le fichier D:\wamp\www\rugby\kernel\core\Helper.class.php
2013-05-06 09:20:23|Type d'erreur inconnu : [2] Missing argument 1 for Helper::__construct(), called in D:\wamp\www\rugby\kernel\core\core.php on line 75 and defined - ligne 11 dans le fichier D:\wamp\www\rugby\kernel\core\Helper.class.php
2013-05-06 09:20:23|Type d'erreur inconnu : [8] Trying to get property of non-object - ligne 13 dans le fichier D:\wamp\www\rugby\kernel\core\Helper.class.php
2013-05-06 09:20:23|Type d'erreur inconnu : [8] Undefined variable: registry - ligne 12 dans le fichier D:\wamp\www\rugby\kernel\core\Helper.class.php
2013-05-06 09:20:23|Type d'erreur inconnu : [2] Missing argument 1 for Helper::__construct(), called in D:\wamp\www\rugby\kernel\core\core.php on line 75 and defined - ligne 11 dans le fichier D:\wamp\www\rugby\kernel\core\Helper.class.php
2013-05-06 09:19:59|Type d'erreur inconnu : [8] Undefined variable: Helper - ligne 75 dans le fichier D:\wamp\www\rugby\kernel\core\core.php
2013-05-06 09:15:26|Type d'erreur inconnu : [8] Trying to get property of non-object - ligne 184 dans le fichier D:\wamp\www\rugby\cache\b20603bf37382c647f4ff0eb1f4763e8385f2e8d.file.layout.tpl.php
2013-05-06 09:15:26|Type d'erreur inconnu : [8] Undefined index: Helper - ligne 184 dans le fichier D:\wamp\www\rugby\cache\b20603bf37382c647f4ff0eb1f4763e8385f2e8d.file.layout.tpl.php
2013-05-06 09:15:21|Type d'erreur inconnu : [8] Trying to get property of non-object - ligne 184 dans le fichier D:\wamp\www\rugby\cache\b20603bf37382c647f4ff0eb1f4763e8385f2e8d.file.layout.tpl.php
2013-05-06 09:15:21|Type d'erreur inconnu : [8] Undefined index: Helper - ligne 184 dans le fichier D:\wamp\www\rugby\cache\b20603bf37382c647f4ff0eb1f4763e8385f2e8d.file.layout.tpl.php
