2013-02-12 10:18:22|Type d'erreur inconnu : [2] PDOStatement::execute(): SQLSTATE[42S22]: Column not found: 1054 Unknown column 'Array' in 'where clause' - ligne 34 dans le fichier D:\wamp\www\rugby\kernel\core\DB\EPDO.php
2013-02-12 10:18:22|Type d'erreur inconnu : [8] Array to string conversion - ligne 146 dans le fichier D:\wamp\www\rugby\kernel\core\DB\Db.class.php
2013-02-12 09:59:27|Type d'erreur inconnu : [8] Undefined index: entrainement - ligne 123 dans le fichier D:\wamp\www\rugby\cache\dc1eda50b3a71720a6dbd4064b68dd80e7f9bc6e.file.edit.tpl.php
2013-02-12 09:53:34|Type d'erreur inconnu : [2] mktime() expects parameter 5 to be long, string given - ligne 190 dans le fichier D:\wamp\www\rugby\app\controller\entrainementController.php
2013-02-12 09:53:34|Type d'erreur inconnu : [8] Undefined offset: 2 - ligne 190 dans le fichier D:\wamp\www\rugby\app\controller\entrainementController.php
2013-02-12 09:53:34|Type d'erreur inconnu : [8] Undefined offset: 1 - ligne 190 dans le fichier D:\wamp\www\rugby\app\controller\entrainementController.php
2013-02-12 09:53:06|Type d'erreur inconnu : [2] mktime() expects parameter 5 to be long, string given - ligne 190 dans le fichier D:\wamp\www\rugby\app\controller\entrainementController.php
2013-02-12 09:53:06|Type d'erreur inconnu : [8] Undefined offset: 2 - ligne 190 dans le fichier D:\wamp\www\rugby\app\controller\entrainementController.php
2013-02-12 09:53:06|Type d'erreur inconnu : [8] Undefined offset: 1 - ligne 190 dans le fichier D:\wamp\www\rugby\app\controller\entrainementController.php
2013-02-12 09:51:36|Type d'erreur inconnu : [8] Undefined variable: ANFO - ligne 291 dans le fichier D:\wamp\www\rugby\kernel\lib\smarty\sysplugins\smarty_internal_data.php
2013-02-12 09:51:01|Type d'erreur inconnu : [8] Undefined variable: ANFO - ligne 291 dans le fichier D:\wamp\www\rugby\kernel\lib\smarty\sysplugins\smarty_internal_data.php
2013-02-12 09:50:46|Type d'erreur inconnu : [8] Undefined index: Filtrer_les_sportifs_par_equipe - ligne 213 dans le fichier D:\wamp\www\rugby\cache\e87c9580a068190035becb09185963cfb70a94cd.file.setting.tpl.php
2013-02-12 09:50:46|Type d'erreur inconnu : [8] Undefined index: Filtrer_les_sportifs_par_annee - ligne 200 dans le fichier D:\wamp\www\rugby\cache\e87c9580a068190035becb09185963cfb70a94cd.file.setting.tpl.php
2013-02-12 09:50:46|Type d'erreur inconnu : [8] Undefined index: Differencier_les_types_entraintements - ligne 187 dans le fichier D:\wamp\www\rugby\cache\e87c9580a068190035becb09185963cfb70a94cd.file.setting.tpl.php
2013-02-12 09:50:46|Type d'erreur inconnu : [8] Undefined index: Configuration_des_entrainements - ligne 183 dans le fichier D:\wamp\www\rugby\cache\e87c9580a068190035becb09185963cfb70a94cd.file.setting.tpl.php
2013-02-12 09:50:41|Type d'erreur inconnu : [2] mktime() expects parameter 5 to be long, string given - ligne 190 dans le fichier D:\wamp\www\rugby\app\controller\entrainementController.php
2013-02-12 09:50:41|Type d'erreur inconnu : [8] Undefined offset: 2 - ligne 190 dans le fichier D:\wamp\www\rugby\app\controller\entrainementController.php
2013-02-12 09:50:41|Type d'erreur inconnu : [8] Undefined offset: 1 - ligne 190 dans le fichier D:\wamp\www\rugby\app\controller\entrainementController.php
2013-02-12 09:50:37|Type d'erreur inconnu : [2] mktime() expects parameter 5 to be long, string given - ligne 190 dans le fichier D:\wamp\www\rugby\app\controller\entrainementController.php
2013-02-12 09:50:37|Type d'erreur inconnu : [8] Undefined offset: 2 - ligne 190 dans le fichier D:\wamp\www\rugby\app\controller\entrainementController.php
2013-02-12 09:50:36|Type d'erreur inconnu : [8] Undefined offset: 1 - ligne 190 dans le fichier D:\wamp\www\rugby\app\controller\entrainementController.php
2013-02-12 09:50:24|Type d'erreur inconnu : [8] Undefined variable: ANFO - ligne 291 dans le fichier D:\wamp\www\rugby\kernel\lib\smarty\sysplugins\smarty_internal_data.php
2013-02-12 09:04:16|Type d'erreur inconnu : [8] Undefined index: entrainement - ligne 123 dans le fichier D:\wamp\www\rugby\cache\dc1eda50b3a71720a6dbd4064b68dd80e7f9bc6e.file.edit.tpl.php
2013-02-12 08:56:59|Type d'erreur inconnu : [8] Undefined variable: equipe - ligne 199 dans le fichier D:\wamp\www\rugby\app\controller\entrainementController.php
2013-02-12 08:56:01|Type d'erreur inconnu : [2] PDOStatement::execute(): SQLSTATE[42S22]: Column not found: 1054 Unknown column 'j.id' in 'on clause' - ligne 34 dans le fichier D:\wamp\www\rugby\kernel\core\DB\EPDO.php
2013-02-12 08:56:01|Type d'erreur inconnu : [8] Undefined variable: equipe - ligne 199 dans le fichier D:\wamp\www\rugby\app\controller\entrainementController.php
2013-02-12 05:43:18|Type d'erreur inconnu : [8] Undefined variable: Equipes - ligne 291 dans le fichier D:\wamp\www\rugby\kernel\lib\smarty\sysplugins\smarty_internal_data.php
2013-02-12 05:40:49|Type d'erreur inconnu : [8] Undefined variable: Equipes - ligne 291 dans le fichier D:\wamp\www\rugby\kernel\lib\smarty\sysplugins\smarty_internal_data.php
2013-02-12 05:39:17|Type d'erreur inconnu : [8] Undefined variable: Equipes - ligne 291 dans le fichier D:\wamp\www\rugby\kernel\lib\smarty\sysplugins\smarty_internal_data.php
2013-02-12 05:39:08|Type d'erreur inconnu : [8] Undefined variable: Equipes - ligne 291 dans le fichier D:\wamp\www\rugby\kernel\lib\smarty\sysplugins\smarty_internal_data.php
2013-02-12 05:39:08|Type d'erreur inconnu : [8] Undefined index: type - ligne 60 dans le fichier D:\wamp\www\rugby\cache\7f1df7be8c9881dceb5062a966df745d5ace56d2.file.add.tpl.php
2013-02-12 05:37:54|Type d'erreur inconnu : [8] Undefined variable: Equipes - ligne 291 dans le fichier D:\wamp\www\rugby\kernel\lib\smarty\sysplugins\smarty_internal_data.php
2013-02-12 05:37:54|Type d'erreur inconnu : [8] Undefined variable: Infosinstall - ligne 291 dans le fichier D:\wamp\www\rugby\kernel\lib\smarty\sysplugins\smarty_internal_data.php
2013-02-12 05:36:55|Type d'erreur inconnu : [8] Undefined variable: Equipes - ligne 291 dans le fichier D:\wamp\www\rugby\kernel\lib\smarty\sysplugins\smarty_internal_data.php
2013-02-12 05:35:37|Type d'erreur inconnu : [8] Undefined variable: Equipes - ligne 291 dans le fichier D:\wamp\www\rugby\kernel\lib\smarty\sysplugins\smarty_internal_data.php
2013-02-12 05:35:37|Type d'erreur inconnu : [8] Undefined index: Toutes - ligne 111 dans le fichier D:\wamp\www\rugby\cache\7f1df7be8c9881dceb5062a966df745d5ace56d2.file.add.tpl.php
2013-02-12 04:00:06|Type d'erreur inconnu : [8] Undefined index: entrainement_filtre_equipe - ligne 104 dans le fichier D:\wamp\www\rugby\cache\7f1df7be8c9881dceb5062a966df745d5ace56d2.file.add.tpl.php
2013-02-12 04:00:06|Type d'erreur inconnu : [8] Undefined index: entrainement_filtre_annee - ligne 81 dans le fichier D:\wamp\www\rugby\cache\7f1df7be8c9881dceb5062a966df745d5ace56d2.file.add.tpl.php
2013-02-12 04:00:06|Type d'erreur inconnu : [8] Undefined index: entrainement_type - ligne 60 dans le fichier D:\wamp\www\rugby\cache\7f1df7be8c9881dceb5062a966df745d5ace56d2.file.add.tpl.php
