2013-02-15 03:04:44|Type d'erreur inconnu : [8] Undefined index: Filtrer_les_sportifs_par_equipe - ligne 213 dans le fichier D:\wamp\www\rugby\cache\e87c9580a068190035becb09185963cfb70a94cd.file.setting.tpl.php
2013-02-15 03:04:44|Type d'erreur inconnu : [8] Undefined index: Filtrer_les_sportifs_par_annee - ligne 200 dans le fichier D:\wamp\www\rugby\cache\e87c9580a068190035becb09185963cfb70a94cd.file.setting.tpl.php
2013-02-15 03:04:44|Type d'erreur inconnu : [8] Undefined index: Differencier_les_types_entraintements - ligne 187 dans le fichier D:\wamp\www\rugby\cache\e87c9580a068190035becb09185963cfb70a94cd.file.setting.tpl.php
2013-02-15 03:04:44|Type d'erreur inconnu : [8] Undefined index: Configuration_des_entrainements - ligne 183 dans le fichier D:\wamp\www\rugby\cache\e87c9580a068190035becb09185963cfb70a94cd.file.setting.tpl.php
2013-02-15 03:04:27|Type d'erreur inconnu : [8] Undefined index: Filtrer_les_sportifs_par_equipe - ligne 213 dans le fichier D:\wamp\www\rugby\cache\e87c9580a068190035becb09185963cfb70a94cd.file.setting.tpl.php
2013-02-15 03:04:27|Type d'erreur inconnu : [8] Undefined index: Filtrer_les_sportifs_par_annee - ligne 200 dans le fichier D:\wamp\www\rugby\cache\e87c9580a068190035becb09185963cfb70a94cd.file.setting.tpl.php
2013-02-15 03:04:27|Type d'erreur inconnu : [8] Undefined index: Differencier_les_types_entraintements - ligne 187 dans le fichier D:\wamp\www\rugby\cache\e87c9580a068190035becb09185963cfb70a94cd.file.setting.tpl.php
2013-02-15 03:04:27|Type d'erreur inconnu : [8] Undefined index: Configuration_des_entrainements - ligne 183 dans le fichier D:\wamp\www\rugby\cache\e87c9580a068190035becb09185963cfb70a94cd.file.setting.tpl.php
2013-02-15 02:45:39|Type d'erreur inconnu : [8] Undefined index: Filtrer_les_sportifs_par_equipe - ligne 213 dans le fichier D:\wamp\www\rugby\cache\e87c9580a068190035becb09185963cfb70a94cd.file.setting.tpl.php
2013-02-15 02:45:39|Type d'erreur inconnu : [8] Undefined index: Filtrer_les_sportifs_par_annee - ligne 200 dans le fichier D:\wamp\www\rugby\cache\e87c9580a068190035becb09185963cfb70a94cd.file.setting.tpl.php
2013-02-15 02:45:39|Type d'erreur inconnu : [8] Undefined index: Differencier_les_types_entraintements - ligne 187 dans le fichier D:\wamp\www\rugby\cache\e87c9580a068190035becb09185963cfb70a94cd.file.setting.tpl.php
2013-02-15 02:45:39|Type d'erreur inconnu : [8] Undefined index: Configuration_des_entrainements - ligne 183 dans le fichier D:\wamp\www\rugby\cache\e87c9580a068190035becb09185963cfb70a94cd.file.setting.tpl.php
2013-02-15 02:45:08|Type d'erreur inconnu : [8] Undefined index: Filtrer_les_sportifs_par_equipe - ligne 213 dans le fichier D:\wamp\www\rugby\cache\e87c9580a068190035becb09185963cfb70a94cd.file.setting.tpl.php
2013-02-15 02:45:08|Type d'erreur inconnu : [8] Undefined index: Filtrer_les_sportifs_par_annee - ligne 200 dans le fichier D:\wamp\www\rugby\cache\e87c9580a068190035becb09185963cfb70a94cd.file.setting.tpl.php
2013-02-15 02:45:08|Type d'erreur inconnu : [8] Undefined index: Differencier_les_types_entraintements - ligne 187 dans le fichier D:\wamp\www\rugby\cache\e87c9580a068190035becb09185963cfb70a94cd.file.setting.tpl.php
2013-02-15 02:45:08|Type d'erreur inconnu : [8] Undefined index: Configuration_des_entrainements - ligne 183 dans le fichier D:\wamp\www\rugby\cache\e87c9580a068190035becb09185963cfb70a94cd.file.setting.tpl.php
2013-02-15 01:07:25|Type d'erreur inconnu : [2] Division by zero - ligne 1941 dans le fichier D:\wamp\www\rugby\kernel\lib\pChart\class\pDraw.class.php
2013-02-15 01:07:25|Type d'erreur inconnu : [8] Undefined index: Data - ligne 1913 dans le fichier D:\wamp\www\rugby\kernel\lib\pChart\class\pDraw.class.php
2013-02-15 01:07:25|Type d'erreur inconnu : [8] Undefined index: Data - ligne 100 dans le fichier D:\wamp\www\rugby\kernel\lib\pChart\class\pData.class.php
2013-02-15 01:07:25|Type d'erreur inconnu : [8] Undefined variable: data_img - ligne 578 dans le fichier D:\wamp\www\rugby\app\controller\joueurController.php
2013-02-15 01:07:25|Type d'erreur inconnu : [8] Undefined index: Data - ligne 3775 dans le fichier D:\wamp\www\rugby\kernel\lib\pChart\class\pDraw.class.php
2013-02-15 01:07:25|Type d'erreur inconnu : [8] Undefined index: Data - ligne 3774 dans le fichier D:\wamp\www\rugby\kernel\lib\pChart\class\pDraw.class.php
2013-02-15 01:07:25|Type d'erreur inconnu : [8] Undefined index: Data - ligne 3772 dans le fichier D:\wamp\www\rugby\kernel\lib\pChart\class\pDraw.class.php
2013-02-15 01:07:25|Type d'erreur inconnu : [8] Undefined index: Data - ligne 3759 dans le fichier D:\wamp\www\rugby\kernel\lib\pChart\class\pDraw.class.php
2013-02-15 01:07:24|Type d'erreur inconnu : [2] Division by zero - ligne 1941 dans le fichier D:\wamp\www\rugby\kernel\lib\pChart\class\pDraw.class.php
2013-02-15 01:07:24|Type d'erreur inconnu : [8] Undefined index: Data - ligne 1913 dans le fichier D:\wamp\www\rugby\kernel\lib\pChart\class\pDraw.class.php
2013-02-15 01:07:24|Type d'erreur inconnu : [8] Undefined index: Data - ligne 100 dans le fichier D:\wamp\www\rugby\kernel\lib\pChart\class\pData.class.php
2013-02-15 01:07:24|Type d'erreur inconnu : [8] Undefined index: Data - ligne 100 dans le fichier D:\wamp\www\rugby\kernel\lib\pChart\class\pData.class.php
2013-02-15 01:07:24|Type d'erreur inconnu : [8] Undefined index: Data - ligne 3775 dans le fichier D:\wamp\www\rugby\kernel\lib\pChart\class\pDraw.class.php
2013-02-15 01:07:24|Type d'erreur inconnu : [8] Undefined index: Data - ligne 3774 dans le fichier D:\wamp\www\rugby\kernel\lib\pChart\class\pDraw.class.php
2013-02-15 01:07:24|Type d'erreur inconnu : [8] Undefined index: Data - ligne 3772 dans le fichier D:\wamp\www\rugby\kernel\lib\pChart\class\pDraw.class.php
2013-02-15 01:07:24|Type d'erreur inconnu : [8] Undefined index: Data - ligne 3759 dans le fichier D:\wamp\www\rugby\kernel\lib\pChart\class\pDraw.class.php
2013-02-15 01:07:24|Type d'erreur inconnu : [2] Division by zero - ligne 1941 dans le fichier D:\wamp\www\rugby\kernel\lib\pChart\class\pDraw.class.php
2013-02-15 01:07:24|Type d'erreur inconnu : [8] Undefined index: Data - ligne 1913 dans le fichier D:\wamp\www\rugby\kernel\lib\pChart\class\pDraw.class.php
2013-02-15 01:07:24|Type d'erreur inconnu : [8] Undefined index: Data - ligne 100 dans le fichier D:\wamp\www\rugby\kernel\lib\pChart\class\pData.class.php
2013-02-15 01:07:24|Type d'erreur inconnu : [8] Undefined index: Data - ligne 100 dans le fichier D:\wamp\www\rugby\kernel\lib\pChart\class\pData.class.php
2013-02-15 01:07:19|Type d'erreur inconnu : [2] Division by zero - ligne 1941 dans le fichier D:\wamp\www\rugby\kernel\lib\pChart\class\pDraw.class.php
2013-02-15 01:07:19|Type d'erreur inconnu : [8] Undefined index: Data - ligne 1913 dans le fichier D:\wamp\www\rugby\kernel\lib\pChart\class\pDraw.class.php
2013-02-15 01:07:19|Type d'erreur inconnu : [8] Undefined index: Data - ligne 100 dans le fichier D:\wamp\www\rugby\kernel\lib\pChart\class\pData.class.php
2013-02-15 01:07:19|Type d'erreur inconnu : [8] Undefined variable: data_img - ligne 578 dans le fichier D:\wamp\www\rugby\app\controller\joueurController.php
2013-02-15 01:07:19|Type d'erreur inconnu : [8] Undefined index: Data - ligne 3775 dans le fichier D:\wamp\www\rugby\kernel\lib\pChart\class\pDraw.class.php
2013-02-15 01:07:19|Type d'erreur inconnu : [8] Undefined index: Data - ligne 3774 dans le fichier D:\wamp\www\rugby\kernel\lib\pChart\class\pDraw.class.php
2013-02-15 01:07:19|Type d'erreur inconnu : [8] Undefined index: Data - ligne 3772 dans le fichier D:\wamp\www\rugby\kernel\lib\pChart\class\pDraw.class.php
2013-02-15 01:07:19|Type d'erreur inconnu : [8] Undefined index: Data - ligne 3759 dans le fichier D:\wamp\www\rugby\kernel\lib\pChart\class\pDraw.class.php
2013-02-15 01:07:19|Type d'erreur inconnu : [2] Division by zero - ligne 1941 dans le fichier D:\wamp\www\rugby\kernel\lib\pChart\class\pDraw.class.php
2013-02-15 01:07:19|Type d'erreur inconnu : [8] Undefined index: Data - ligne 1913 dans le fichier D:\wamp\www\rugby\kernel\lib\pChart\class\pDraw.class.php
2013-02-15 01:07:19|Type d'erreur inconnu : [8] Undefined index: Data - ligne 100 dans le fichier D:\wamp\www\rugby\kernel\lib\pChart\class\pData.class.php
2013-02-15 01:07:19|Type d'erreur inconnu : [8] Undefined index: Data - ligne 100 dans le fichier D:\wamp\www\rugby\kernel\lib\pChart\class\pData.class.php
2013-02-15 01:07:19|Type d'erreur inconnu : [8] Undefined index: Data - ligne 3775 dans le fichier D:\wamp\www\rugby\kernel\lib\pChart\class\pDraw.class.php
2013-02-15 01:07:19|Type d'erreur inconnu : [8] Undefined index: Data - ligne 3774 dans le fichier D:\wamp\www\rugby\kernel\lib\pChart\class\pDraw.class.php
2013-02-15 01:07:19|Type d'erreur inconnu : [8] Undefined index: Data - ligne 3772 dans le fichier D:\wamp\www\rugby\kernel\lib\pChart\class\pDraw.class.php
2013-02-15 01:07:19|Type d'erreur inconnu : [8] Undefined index: Data - ligne 3759 dans le fichier D:\wamp\www\rugby\kernel\lib\pChart\class\pDraw.class.php
2013-02-15 01:07:19|Type d'erreur inconnu : [2] Division by zero - ligne 1941 dans le fichier D:\wamp\www\rugby\kernel\lib\pChart\class\pDraw.class.php
2013-02-15 01:07:19|Type d'erreur inconnu : [8] Undefined index: Data - ligne 1913 dans le fichier D:\wamp\www\rugby\kernel\lib\pChart\class\pDraw.class.php
2013-02-15 01:07:19|Type d'erreur inconnu : [8] Undefined index: Data - ligne 100 dans le fichier D:\wamp\www\rugby\kernel\lib\pChart\class\pData.class.php
2013-02-15 01:07:19|Type d'erreur inconnu : [8] Undefined index: Data - ligne 100 dans le fichier D:\wamp\www\rugby\kernel\lib\pChart\class\pData.class.php
2013-02-15 01:05:58|Type d'erreur inconnu : [2] Division by zero - ligne 1941 dans le fichier D:\wamp\www\rugby\kernel\lib\pChart\class\pDraw.class.php
2013-02-15 01:05:58|Type d'erreur inconnu : [8] Undefined index: Data - ligne 1913 dans le fichier D:\wamp\www\rugby\kernel\lib\pChart\class\pDraw.class.php
2013-02-15 01:05:57|Type d'erreur inconnu : [8] Undefined index: Data - ligne 100 dans le fichier D:\wamp\www\rugby\kernel\lib\pChart\class\pData.class.php
2013-02-15 01:05:57|Type d'erreur inconnu : [8] Undefined variable: data_img - ligne 578 dans le fichier D:\wamp\www\rugby\app\controller\joueurController.php
2013-02-15 01:05:57|Type d'erreur inconnu : [8] Undefined index: Data - ligne 3775 dans le fichier D:\wamp\www\rugby\kernel\lib\pChart\class\pDraw.class.php
2013-02-15 01:05:57|Type d'erreur inconnu : [8] Undefined index: Data - ligne 3774 dans le fichier D:\wamp\www\rugby\kernel\lib\pChart\class\pDraw.class.php
2013-02-15 01:05:57|Type d'erreur inconnu : [8] Undefined index: Data - ligne 3772 dans le fichier D:\wamp\www\rugby\kernel\lib\pChart\class\pDraw.class.php
2013-02-15 01:05:57|Type d'erreur inconnu : [8] Undefined index: Data - ligne 3759 dans le fichier D:\wamp\www\rugby\kernel\lib\pChart\class\pDraw.class.php
2013-02-15 01:05:57|Type d'erreur inconnu : [2] Division by zero - ligne 1941 dans le fichier D:\wamp\www\rugby\kernel\lib\pChart\class\pDraw.class.php
2013-02-15 01:05:57|Type d'erreur inconnu : [8] Undefined index: Data - ligne 1913 dans le fichier D:\wamp\www\rugby\kernel\lib\pChart\class\pDraw.class.php
2013-02-15 01:05:57|Type d'erreur inconnu : [8] Undefined index: Data - ligne 100 dans le fichier D:\wamp\www\rugby\kernel\lib\pChart\class\pData.class.php
2013-02-15 01:05:57|Type d'erreur inconnu : [8] Undefined index: Data - ligne 100 dans le fichier D:\wamp\www\rugby\kernel\lib\pChart\class\pData.class.php
2013-02-15 01:05:57|Type d'erreur inconnu : [8] Undefined index: Data - ligne 3775 dans le fichier D:\wamp\www\rugby\kernel\lib\pChart\class\pDraw.class.php
2013-02-15 01:05:57|Type d'erreur inconnu : [8] Undefined index: Data - ligne 3774 dans le fichier D:\wamp\www\rugby\kernel\lib\pChart\class\pDraw.class.php
2013-02-15 01:05:57|Type d'erreur inconnu : [8] Undefined index: Data - ligne 3772 dans le fichier D:\wamp\www\rugby\kernel\lib\pChart\class\pDraw.class.php
2013-02-15 01:05:57|Type d'erreur inconnu : [8] Undefined index: Data - ligne 3759 dans le fichier D:\wamp\www\rugby\kernel\lib\pChart\class\pDraw.class.php
2013-02-15 01:05:57|Type d'erreur inconnu : [2] Division by zero - ligne 1941 dans le fichier D:\wamp\www\rugby\kernel\lib\pChart\class\pDraw.class.php
2013-02-15 01:05:57|Type d'erreur inconnu : [8] Undefined index: Data - ligne 1913 dans le fichier D:\wamp\www\rugby\kernel\lib\pChart\class\pDraw.class.php
2013-02-15 01:05:57|Type d'erreur inconnu : [8] Undefined index: Data - ligne 100 dans le fichier D:\wamp\www\rugby\kernel\lib\pChart\class\pData.class.php
2013-02-15 01:05:57|Type d'erreur inconnu : [8] Undefined index: Data - ligne 100 dans le fichier D:\wamp\www\rugby\kernel\lib\pChart\class\pData.class.php
2013-02-15 01:05:53|Type d'erreur inconnu : [2] Division by zero - ligne 1941 dans le fichier D:\wamp\www\rugby\kernel\lib\pChart\class\pDraw.class.php
2013-02-15 01:05:53|Type d'erreur inconnu : [8] Undefined index: Data - ligne 1913 dans le fichier D:\wamp\www\rugby\kernel\lib\pChart\class\pDraw.class.php
2013-02-15 01:05:53|Type d'erreur inconnu : [8] Undefined index: Data - ligne 100 dans le fichier D:\wamp\www\rugby\kernel\lib\pChart\class\pData.class.php
2013-02-15 01:05:53|Type d'erreur inconnu : [8] Undefined variable: data_img - ligne 578 dans le fichier D:\wamp\www\rugby\app\controller\joueurController.php
2013-02-15 01:05:52|Type d'erreur inconnu : [8] Undefined index: Data - ligne 3775 dans le fichier D:\wamp\www\rugby\kernel\lib\pChart\class\pDraw.class.php
2013-02-15 01:05:52|Type d'erreur inconnu : [8] Undefined index: Data - ligne 3774 dans le fichier D:\wamp\www\rugby\kernel\lib\pChart\class\pDraw.class.php
2013-02-15 01:05:52|Type d'erreur inconnu : [8] Undefined index: Data - ligne 3772 dans le fichier D:\wamp\www\rugby\kernel\lib\pChart\class\pDraw.class.php
2013-02-15 01:05:52|Type d'erreur inconnu : [8] Undefined index: Data - ligne 3759 dans le fichier D:\wamp\www\rugby\kernel\lib\pChart\class\pDraw.class.php
2013-02-15 01:05:52|Type d'erreur inconnu : [2] Division by zero - ligne 1941 dans le fichier D:\wamp\www\rugby\kernel\lib\pChart\class\pDraw.class.php
2013-02-15 01:05:52|Type d'erreur inconnu : [8] Undefined index: Data - ligne 1913 dans le fichier D:\wamp\www\rugby\kernel\lib\pChart\class\pDraw.class.php
2013-02-15 01:05:52|Type d'erreur inconnu : [8] Undefined index: Data - ligne 100 dans le fichier D:\wamp\www\rugby\kernel\lib\pChart\class\pData.class.php
2013-02-15 01:05:52|Type d'erreur inconnu : [8] Undefined index: Data - ligne 100 dans le fichier D:\wamp\www\rugby\kernel\lib\pChart\class\pData.class.php
2013-02-15 01:05:52|Type d'erreur inconnu : [8] Undefined index: Data - ligne 3775 dans le fichier D:\wamp\www\rugby\kernel\lib\pChart\class\pDraw.class.php
2013-02-15 01:05:52|Type d'erreur inconnu : [8] Undefined index: Data - ligne 3774 dans le fichier D:\wamp\www\rugby\kernel\lib\pChart\class\pDraw.class.php
2013-02-15 01:05:52|Type d'erreur inconnu : [8] Undefined index: Data - ligne 3772 dans le fichier D:\wamp\www\rugby\kernel\lib\pChart\class\pDraw.class.php
2013-02-15 01:05:52|Type d'erreur inconnu : [8] Undefined index: Data - ligne 3759 dans le fichier D:\wamp\www\rugby\kernel\lib\pChart\class\pDraw.class.php
2013-02-15 01:05:52|Type d'erreur inconnu : [2] Division by zero - ligne 1941 dans le fichier D:\wamp\www\rugby\kernel\lib\pChart\class\pDraw.class.php
2013-02-15 01:05:52|Type d'erreur inconnu : [8] Undefined index: Data - ligne 1913 dans le fichier D:\wamp\www\rugby\kernel\lib\pChart\class\pDraw.class.php
2013-02-15 01:05:52|Type d'erreur inconnu : [8] Undefined index: Data - ligne 100 dans le fichier D:\wamp\www\rugby\kernel\lib\pChart\class\pData.class.php
2013-02-15 01:05:52|Type d'erreur inconnu : [8] Undefined index: Data - ligne 100 dans le fichier D:\wamp\www\rugby\kernel\lib\pChart\class\pData.class.php
2013-02-15 01:05:26|Type d'erreur inconnu : [2] Division by zero - ligne 1941 dans le fichier D:\wamp\www\rugby\kernel\lib\pChart\class\pDraw.class.php
2013-02-15 01:05:26|Type d'erreur inconnu : [8] Undefined index: Data - ligne 1913 dans le fichier D:\wamp\www\rugby\kernel\lib\pChart\class\pDraw.class.php
2013-02-15 01:05:26|Type d'erreur inconnu : [8] Undefined index: Data - ligne 100 dans le fichier D:\wamp\www\rugby\kernel\lib\pChart\class\pData.class.php
2013-02-15 01:05:26|Type d'erreur inconnu : [8] Undefined variable: data_img - ligne 578 dans le fichier D:\wamp\www\rugby\app\controller\joueurController.php
2013-02-15 01:05:26|Type d'erreur inconnu : [8] Undefined index: Data - ligne 3775 dans le fichier D:\wamp\www\rugby\kernel\lib\pChart\class\pDraw.class.php
2013-02-15 01:05:26|Type d'erreur inconnu : [8] Undefined index: Data - ligne 3774 dans le fichier D:\wamp\www\rugby\kernel\lib\pChart\class\pDraw.class.php
2013-02-15 01:05:26|Type d'erreur inconnu : [8] Undefined index: Data - ligne 3772 dans le fichier D:\wamp\www\rugby\kernel\lib\pChart\class\pDraw.class.php
2013-02-15 01:05:26|Type d'erreur inconnu : [8] Undefined index: Data - ligne 3759 dans le fichier D:\wamp\www\rugby\kernel\lib\pChart\class\pDraw.class.php
2013-02-15 01:05:26|Type d'erreur inconnu : [2] Division by zero - ligne 1941 dans le fichier D:\wamp\www\rugby\kernel\lib\pChart\class\pDraw.class.php
2013-02-15 01:05:26|Type d'erreur inconnu : [8] Undefined index: Data - ligne 1913 dans le fichier D:\wamp\www\rugby\kernel\lib\pChart\class\pDraw.class.php
2013-02-15 01:05:26|Type d'erreur inconnu : [8] Undefined index: Data - ligne 100 dans le fichier D:\wamp\www\rugby\kernel\lib\pChart\class\pData.class.php
2013-02-15 01:05:26|Type d'erreur inconnu : [8] Undefined index: Data - ligne 100 dans le fichier D:\wamp\www\rugby\kernel\lib\pChart\class\pData.class.php
2013-02-15 01:05:26|Type d'erreur inconnu : [8] Undefined index: Data - ligne 3775 dans le fichier D:\wamp\www\rugby\kernel\lib\pChart\class\pDraw.class.php
2013-02-15 01:05:26|Type d'erreur inconnu : [8] Undefined index: Data - ligne 3774 dans le fichier D:\wamp\www\rugby\kernel\lib\pChart\class\pDraw.class.php
2013-02-15 01:05:26|Type d'erreur inconnu : [8] Undefined index: Data - ligne 3772 dans le fichier D:\wamp\www\rugby\kernel\lib\pChart\class\pDraw.class.php
2013-02-15 01:05:26|Type d'erreur inconnu : [8] Undefined index: Data - ligne 3759 dans le fichier D:\wamp\www\rugby\kernel\lib\pChart\class\pDraw.class.php
2013-02-15 01:05:26|Type d'erreur inconnu : [2] Division by zero - ligne 1941 dans le fichier D:\wamp\www\rugby\kernel\lib\pChart\class\pDraw.class.php
2013-02-15 01:05:26|Type d'erreur inconnu : [8] Undefined index: Data - ligne 1913 dans le fichier D:\wamp\www\rugby\kernel\lib\pChart\class\pDraw.class.php
2013-02-15 01:05:26|Type d'erreur inconnu : [8] Undefined index: Data - ligne 100 dans le fichier D:\wamp\www\rugby\kernel\lib\pChart\class\pData.class.php
2013-02-15 01:05:26|Type d'erreur inconnu : [8] Undefined index: Data - ligne 100 dans le fichier D:\wamp\www\rugby\kernel\lib\pChart\class\pData.class.php
2013-02-15 01:04:29|Type d'erreur inconnu : [2] Division by zero - ligne 1941 dans le fichier D:\wamp\www\rugby\kernel\lib\pChart\class\pDraw.class.php
2013-02-15 01:04:29|Type d'erreur inconnu : [8] Undefined index: Data - ligne 1913 dans le fichier D:\wamp\www\rugby\kernel\lib\pChart\class\pDraw.class.php
2013-02-15 01:04:29|Type d'erreur inconnu : [8] Undefined index: Data - ligne 100 dans le fichier D:\wamp\www\rugby\kernel\lib\pChart\class\pData.class.php
2013-02-15 01:04:29|Type d'erreur inconnu : [8] Undefined variable: data_img - ligne 578 dans le fichier D:\wamp\www\rugby\app\controller\joueurController.php
2013-02-15 01:04:29|Type d'erreur inconnu : [8] Undefined index: Data - ligne 3775 dans le fichier D:\wamp\www\rugby\kernel\lib\pChart\class\pDraw.class.php
2013-02-15 01:04:29|Type d'erreur inconnu : [8] Undefined index: Data - ligne 3774 dans le fichier D:\wamp\www\rugby\kernel\lib\pChart\class\pDraw.class.php
2013-02-15 01:04:29|Type d'erreur inconnu : [8] Undefined index: Data - ligne 3772 dans le fichier D:\wamp\www\rugby\kernel\lib\pChart\class\pDraw.class.php
2013-02-15 01:04:29|Type d'erreur inconnu : [8] Undefined index: Data - ligne 3759 dans le fichier D:\wamp\www\rugby\kernel\lib\pChart\class\pDraw.class.php
2013-02-15 01:04:29|Type d'erreur inconnu : [2] Division by zero - ligne 1941 dans le fichier D:\wamp\www\rugby\kernel\lib\pChart\class\pDraw.class.php
2013-02-15 01:04:29|Type d'erreur inconnu : [8] Undefined index: Data - ligne 1913 dans le fichier D:\wamp\www\rugby\kernel\lib\pChart\class\pDraw.class.php
2013-02-15 01:04:29|Type d'erreur inconnu : [8] Undefined index: Data - ligne 100 dans le fichier D:\wamp\www\rugby\kernel\lib\pChart\class\pData.class.php
2013-02-15 01:04:29|Type d'erreur inconnu : [8] Undefined index: Data - ligne 100 dans le fichier D:\wamp\www\rugby\kernel\lib\pChart\class\pData.class.php
2013-02-15 01:04:28|Type d'erreur inconnu : [8] Undefined index: Data - ligne 3775 dans le fichier D:\wamp\www\rugby\kernel\lib\pChart\class\pDraw.class.php
2013-02-15 01:04:28|Type d'erreur inconnu : [8] Undefined index: Data - ligne 3774 dans le fichier D:\wamp\www\rugby\kernel\lib\pChart\class\pDraw.class.php
2013-02-15 01:04:28|Type d'erreur inconnu : [8] Undefined index: Data - ligne 3772 dans le fichier D:\wamp\www\rugby\kernel\lib\pChart\class\pDraw.class.php
2013-02-15 01:04:28|Type d'erreur inconnu : [8] Undefined index: Data - ligne 3759 dans le fichier D:\wamp\www\rugby\kernel\lib\pChart\class\pDraw.class.php
2013-02-15 01:04:28|Type d'erreur inconnu : [2] Division by zero - ligne 1941 dans le fichier D:\wamp\www\rugby\kernel\lib\pChart\class\pDraw.class.php
2013-02-15 01:04:28|Type d'erreur inconnu : [8] Undefined index: Data - ligne 1913 dans le fichier D:\wamp\www\rugby\kernel\lib\pChart\class\pDraw.class.php
2013-02-15 01:04:28|Type d'erreur inconnu : [8] Undefined index: Data - ligne 100 dans le fichier D:\wamp\www\rugby\kernel\lib\pChart\class\pData.class.php
2013-02-15 01:04:28|Type d'erreur inconnu : [8] Undefined index: Data - ligne 100 dans le fichier D:\wamp\www\rugby\kernel\lib\pChart\class\pData.class.php
2013-02-15 01:00:19|Type d'erreur inconnu : [8] Undefined variable: Parents - ligne 291 dans le fichier D:\wamp\www\rugby\kernel\lib\smarty\sysplugins\smarty_internal_data.php
2013-02-15 12:59:33|Type d'erreur inconnu : [8] Undefined variable: Parents - ligne 291 dans le fichier D:\wamp\www\rugby\kernel\lib\smarty\sysplugins\smarty_internal_data.php
2013-02-15 12:59:04|Type d'erreur inconnu : [8] Undefined variable: Parents - ligne 291 dans le fichier D:\wamp\www\rugby\kernel\lib\smarty\sysplugins\smarty_internal_data.php
2013-02-15 12:58:38|Type d'erreur inconnu : [8] Undefined variable: Parents - ligne 291 dans le fichier D:\wamp\www\rugby\kernel\lib\smarty\sysplugins\smarty_internal_data.php
2013-02-15 12:58:01|Type d'erreur inconnu : [8] Undefined variable: Parents - ligne 291 dans le fichier D:\wamp\www\rugby\kernel\lib\smarty\sysplugins\smarty_internal_data.php
2013-02-15 12:56:01|Type d'erreur inconnu : [8] Undefined variable: Parents - ligne 291 dans le fichier D:\wamp\www\rugby\kernel\lib\smarty\sysplugins\smarty_internal_data.php
2013-02-15 12:55:35|Type d'erreur inconnu : [8] Undefined variable: Parents - ligne 291 dans le fichier D:\wamp\www\rugby\kernel\lib\smarty\sysplugins\smarty_internal_data.php
2013-02-15 12:54:22|Type d'erreur inconnu : [8] Undefined variable: Joueur - ligne 291 dans le fichier D:\wamp\www\rugby\kernel\lib\smarty\sysplugins\smarty_internal_data.php
2013-02-15 12:54:22|Type d'erreur inconnu : [8] Undefined variable: Joueur - ligne 291 dans le fichier D:\wamp\www\rugby\kernel\lib\smarty\sysplugins\smarty_internal_data.php
2013-02-15 12:54:21|Type d'erreur inconnu : [8] Undefined variable: Parents - ligne 291 dans le fichier D:\wamp\www\rugby\kernel\lib\smarty\sysplugins\smarty_internal_data.php
2013-02-15 12:53:12|Type d'erreur inconnu : [8] Undefined property: stdClass::$paren - ligne 82 dans le fichier D:\wamp\www\rugby\app\controller\parenController.php
2013-02-15 12:53:12|Type d'erreur inconnu : [8] Undefined variable: Parents - ligne 291 dans le fichier D:\wamp\www\rugby\kernel\lib\smarty\sysplugins\smarty_internal_data.php
2013-02-15 12:52:59|Type d'erreur inconnu : [8] Undefined property: stdClass::$paren - ligne 82 dans le fichier D:\wamp\www\rugby\app\controller\parenController.php
2013-02-15 12:52:59|Type d'erreur inconnu : [8] Undefined variable: Parents - ligne 291 dans le fichier D:\wamp\www\rugby\kernel\lib\smarty\sysplugins\smarty_internal_data.php
2013-02-15 12:46:47|Type d'erreur inconnu : [8] Undefined property: stdClass::$paren - ligne 82 dans le fichier D:\wamp\www\rugby\app\controller\parenController.php
2013-02-15 12:46:46|Type d'erreur inconnu : [8] Undefined variable: Parents - ligne 291 dans le fichier D:\wamp\www\rugby\kernel\lib\smarty\sysplugins\smarty_internal_data.php
2013-02-15 12:46:34|Type d'erreur inconnu : [8] Undefined property: stdClass::$paren - ligne 82 dans le fichier D:\wamp\www\rugby\app\controller\parenController.php
2013-02-15 12:46:33|Type d'erreur inconnu : [8] Undefined variable: Parents - ligne 291 dans le fichier D:\wamp\www\rugby\kernel\lib\smarty\sysplugins\smarty_internal_data.php
2013-02-15 12:45:23|Type d'erreur inconnu : [8] Undefined property: stdClass::$paren - ligne 82 dans le fichier D:\wamp\www\rugby\app\controller\parenController.php
2013-02-15 12:45:23|Type d'erreur inconnu : [8] Undefined variable: Parents - ligne 291 dans le fichier D:\wamp\www\rugby\kernel\lib\smarty\sysplugins\smarty_internal_data.php
2013-02-15 12:44:41|Type d'erreur inconnu : [8] Undefined property: stdClass::$paren - ligne 82 dans le fichier D:\wamp\www\rugby\app\controller\parenController.php
2013-02-15 12:44:41|Type d'erreur inconnu : [8] Undefined variable: Parents - ligne 291 dans le fichier D:\wamp\www\rugby\kernel\lib\smarty\sysplugins\smarty_internal_data.php
2013-02-15 12:44:23|Type d'erreur inconnu : [8] Undefined property: stdClass::$paren - ligne 82 dans le fichier D:\wamp\www\rugby\app\controller\parenController.php
2013-02-15 12:44:22|Type d'erreur inconnu : [8] Undefined variable: Parents - ligne 291 dans le fichier D:\wamp\www\rugby\kernel\lib\smarty\sysplugins\smarty_internal_data.php
2013-02-15 12:43:40|Type d'erreur inconnu : [8] Undefined property: stdClass::$paren - ligne 82 dans le fichier D:\wamp\www\rugby\app\controller\parenController.php
2013-02-15 12:43:39|Type d'erreur inconnu : [8] Undefined variable: Parents - ligne 291 dans le fichier D:\wamp\www\rugby\kernel\lib\smarty\sysplugins\smarty_internal_data.php
2013-02-15 12:43:39|Type d'erreur inconnu : [8] Undefined index: Situation_familiale - ligne 300 dans le fichier D:\wamp\www\rugby\cache\6ed5f077d9d1f94c229992daf89ede676f1215ab.file.fiche.tpl.php
2013-02-15 12:25:58|Type d'erreur inconnu : [2] PDO::query(): SQLSTATE[42000]: Syntax error or access violation: 1064 You have an error in your SQL syntax; check the manual that corresponds to your MySQL server version for the right syntax to use near '' at line 1 - ligne 21 dans le fichier D:\wamp\www\rugby\kernel\core\DB\EPDO.php
2013-02-15 12:25:58|Type d'erreur inconnu : [2] PDO::quote() expects parameter 1 to be string, array given - ligne 203 dans le fichier D:\wamp\www\rugby\kernel\core\DB\Db.class.php
2013-02-15 12:25:58|Type d'erreur inconnu : [2] PDOStatement::execute(): SQLSTATE[42S22]: Column not found: 1054 Unknown column 'Array' in 'where clause' - ligne 34 dans le fichier D:\wamp\www\rugby\kernel\core\DB\EPDO.php
2013-02-15 12:25:58|Type d'erreur inconnu : [8] Array to string conversion - ligne 29 dans le fichier D:\wamp\www\rugby\kernel\lib\Form.class.php
2013-02-15 12:25:58|Type d'erreur inconnu : [2] PDOStatement::execute(): SQLSTATE[42000]: Syntax error or access violation: 1064 You have an error in your SQL syntax; check the manual that corresponds to your MySQL server version for the right syntax to use near 'LIMIT 1' at line 3 - ligne 34 dans le fichier D:\wamp\www\rugby\kernel\core\DB\EPDO.php
2013-02-15 12:25:58|Type d'erreur inconnu : [2] PDO::quote() expects parameter 1 to be string, array given - ligne 130 dans le fichier D:\wamp\www\rugby\kernel\core\DB\Db.class.php
2013-02-15 12:25:58|Type d'erreur inconnu : [8] Array to string conversion - ligne 130 dans le fichier D:\wamp\www\rugby\cache\3596ccc33c6b4e9a28a375d256d00b2e8a7f453b.file.fiche_tab_documents.tpl.php
2013-02-15 12:25:58|Type d'erreur inconnu : [8] Array to string conversion - ligne 41 dans le fichier D:\wamp\www\rugby\cache\3596ccc33c6b4e9a28a375d256d00b2e8a7f453b.file.fiche_tab_documents.tpl.php
2013-02-15 12:25:58|Type d'erreur inconnu : [2] PDOStatement::execute(): SQLSTATE[42000]: Syntax error or access violation: 1064 You have an error in your SQL syntax; check the manual that corresponds to your MySQL server version for the right syntax to use near '' at line 1 - ligne 34 dans le fichier D:\wamp\www\rugby\kernel\core\DB\EPDO.php
2013-02-15 12:25:58|Type d'erreur inconnu : [2] PDO::quote() expects parameter 1 to be string, array given - ligne 49 dans le fichier D:\wamp\www\rugby\kernel\core\DB\Db.class.php
2013-02-15 12:25:58|Type d'erreur inconnu : [8] Array to string conversion - ligne 122 dans le fichier D:\wamp\www\rugby\cache\ef6cebc5d77aa30d98db72f4085ea0f0f177c4eb.file.fiche_tab_ressentie.tpl.php
2013-02-15 12:25:58|Type d'erreur inconnu : [8] Array to string conversion - ligne 121 dans le fichier D:\wamp\www\rugby\cache\ef6cebc5d77aa30d98db72f4085ea0f0f177c4eb.file.fiche_tab_ressentie.tpl.php
2013-02-15 12:25:58|Type d'erreur inconnu : [8] Array to string conversion - ligne 120 dans le fichier D:\wamp\www\rugby\cache\ef6cebc5d77aa30d98db72f4085ea0f0f177c4eb.file.fiche_tab_ressentie.tpl.php
2013-02-15 12:25:58|Type d'erreur inconnu : [8] Array to string conversion - ligne 119 dans le fichier D:\wamp\www\rugby\cache\ef6cebc5d77aa30d98db72f4085ea0f0f177c4eb.file.fiche_tab_ressentie.tpl.php
2013-02-15 12:25:58|Type d'erreur inconnu : [8] Array to string conversion - ligne 118 dans le fichier D:\wamp\www\rugby\cache\ef6cebc5d77aa30d98db72f4085ea0f0f177c4eb.file.fiche_tab_ressentie.tpl.php
2013-02-15 12:25:58|Type d'erreur inconnu : [8] Array to string conversion - ligne 117 dans le fichier D:\wamp\www\rugby\cache\ef6cebc5d77aa30d98db72f4085ea0f0f177c4eb.file.fiche_tab_ressentie.tpl.php
2013-02-15 12:25:58|Type d'erreur inconnu : [8] Array to string conversion - ligne 409 dans le fichier D:\wamp\www\rugby\app\controller\ressentieController.php
2013-02-15 12:25:58|Type d'erreur inconnu : [8] Array to string conversion - ligne 401 dans le fichier D:\wamp\www\rugby\app\controller\ressentieController.php
2013-02-15 12:25:58|Type d'erreur inconnu : [2] PDOStatement::execute(): SQLSTATE[42000]: Syntax error or access violation: 1064 You have an error in your SQL syntax; check the manual that corresponds to your MySQL server version for the right syntax to use near 'AND annee = '2013'  AND semaine = '07'  ORDER BY s.numero' at line 1 - ligne 34 dans le fichier D:\wamp\www\rugby\kernel\core\DB\EPDO.php
2013-02-15 12:25:58|Type d'erreur inconnu : [2] PDO::quote() expects parameter 1 to be string, array given - ligne 130 dans le fichier D:\wamp\www\rugby\kernel\core\DB\Db.class.php
2013-02-15 12:25:58|Type d'erreur inconnu : [2] PDOStatement::execute(): SQLSTATE[42000]: Syntax error or access violation: 1064 You have an error in your SQL syntax; check the manual that corresponds to your MySQL server version for the right syntax to use near 'ORDER BY t.date_test' at line 1 - ligne 34 dans le fichier D:\wamp\www\rugby\kernel\core\DB\EPDO.php
2013-02-15 12:25:58|Type d'erreur inconnu : [2] PDO::quote() expects parameter 1 to be string, array given - ligne 130 dans le fichier D:\wamp\www\rugby\kernel\core\DB\Db.class.php
2013-02-15 12:25:58|Type d'erreur inconnu : [8] Undefined variable: Exercices - ligne 291 dans le fichier D:\wamp\www\rugby\kernel\lib\smarty\sysplugins\smarty_internal_data.php
2013-02-15 12:25:58|Type d'erreur inconnu : [8] Array to string conversion - ligne 55 dans le fichier D:\wamp\www\rugby\cache\4c4f379e9584880797b7b057e1e6cfd1ed49ec4f.file.fiche_tab_muscu.tpl.php
2013-02-15 12:25:58|Type d'erreur inconnu : [2] PDOStatement::execute(): SQLSTATE[42000]: Syntax error or access violation: 1064 You have an error in your SQL syntax; check the manual that corresponds to your MySQL server version for the right syntax to use near 'ORDER BY mt.date_test' at line 1 - ligne 34 dans le fichier D:\wamp\www\rugby\kernel\core\DB\EPDO.php
2013-02-15 12:25:58|Type d'erreur inconnu : [2] PDO::quote() expects parameter 1 to be string, array given - ligne 130 dans le fichier D:\wamp\www\rugby\kernel\core\DB\Db.class.php
2013-02-15 12:25:58|Type d'erreur inconnu : [2] PDOStatement::execute(): SQLSTATE[42000]: Syntax error or access violation: 1064 You have an error in your SQL syntax; check the manual that corresponds to your MySQL server version for the right syntax to use near '' at line 1 - ligne 34 dans le fichier D:\wamp\www\rugby\kernel\core\DB\EPDO.php
2013-02-15 12:25:58|Type d'erreur inconnu : [2] PDO::quote() expects parameter 1 to be string, array given - ligne 130 dans le fichier D:\wamp\www\rugby\kernel\core\DB\Db.class.php
2013-02-15 12:25:58|Type d'erreur inconnu : [2] PDOStatement::execute(): SQLSTATE[42000]: Syntax error or access violation: 1064 You have an error in your SQL syntax; check the manual that corresponds to your MySQL server version for the right syntax to use near '' at line 1 - ligne 34 dans le fichier D:\wamp\www\rugby\kernel\core\DB\EPDO.php
2013-02-15 12:25:58|Type d'erreur inconnu : [2] PDO::quote() expects parameter 1 to be string, array given - ligne 130 dans le fichier D:\wamp\www\rugby\kernel\core\DB\Db.class.php
2013-02-15 12:25:58|Type d'erreur inconnu : [4096] Argument 1 passed to Record::__construct() must be of the type array, boolean given, called in D:\wamp\www\rugby\app\controller\joueurController.php on line 478 and defined - ligne 6 dans le fichier D:\wamp\www\rugby\kernel\core\Record.class.php
2013-02-15 12:25:58|Type d'erreur inconnu : [2] PDOStatement::execute(): SQLSTATE[42000]: Syntax error or access violation: 1064 You have an error in your SQL syntax; check the manual that corresponds to your MySQL server version for the right syntax to use near 'LIMIT 1' at line 3 - ligne 34 dans le fichier D:\wamp\www\rugby\kernel\core\DB\EPDO.php
2013-02-15 12:25:58|Type d'erreur inconnu : [2] PDO::quote() expects parameter 1 to be string, array given - ligne 130 dans le fichier D:\wamp\www\rugby\kernel\core\DB\Db.class.php
2013-02-15 12:25:58|Type d'erreur inconnu : [8] Array to string conversion - ligne 38 dans le fichier D:\wamp\www\rugby\cache\347975c9a108fc28aad64096380810ecc39528a8.file.fiche_tab_suivimed.tpl.php
2013-02-15 12:25:58|Type d'erreur inconnu : [8] Array to string conversion - ligne 38 dans le fichier D:\wamp\www\rugby\cache\347975c9a108fc28aad64096380810ecc39528a8.file.fiche_tab_suivimed.tpl.php
2013-02-15 12:25:58|Type d'erreur inconnu : [2] PDOStatement::execute(): SQLSTATE[42000]: Syntax error or access violation: 1064 You have an error in your SQL syntax; check the manual that corresponds to your MySQL server version for the right syntax to use near '' at line 1 - ligne 34 dans le fichier D:\wamp\www\rugby\kernel\core\DB\EPDO.php
2013-02-15 12:25:58|Type d'erreur inconnu : [2] PDO::quote() expects parameter 1 to be string, array given - ligne 130 dans le fichier D:\wamp\www\rugby\kernel\core\DB\Db.class.php
2013-02-15 12:25:58|Type d'erreur inconnu : [2] PDOStatement::execute(): SQLSTATE[42000]: Syntax error or access violation: 1064 You have an error in your SQL syntax; check the manual that corresponds to your MySQL server version for the right syntax to use near '' at line 1 - ligne 34 dans le fichier D:\wamp\www\rugby\kernel\core\DB\EPDO.php
2013-02-15 12:25:58|Type d'erreur inconnu : [2] PDO::quote() expects parameter 1 to be string, array given - ligne 130 dans le fichier D:\wamp\www\rugby\kernel\core\DB\Db.class.php
2013-02-15 12:25:58|Type d'erreur inconnu : [2] PDOStatement::execute(): SQLSTATE[42000]: Syntax error or access violation: 1064 You have an error in your SQL syntax; check the manual that corresponds to your MySQL server version for the right syntax to use near 'ORDER BY tjm.date_saisie DESC' at line 1 - ligne 34 dans le fichier D:\wamp\www\rugby\kernel\core\DB\EPDO.php
2013-02-15 12:25:58|Type d'erreur inconnu : [2] PDO::quote() expects parameter 1 to be string, array given - ligne 130 dans le fichier D:\wamp\www\rugby\kernel\core\DB\Db.class.php
2013-02-15 12:25:58|Type d'erreur inconnu : [4096] Argument 1 passed to Record::__construct() must be of the type array, boolean given, called in D:\wamp\www\rugby\app\controller\joueurController.php on line 478 and defined - ligne 6 dans le fichier D:\wamp\www\rugby\kernel\core\Record.class.php
2013-02-15 12:25:58|Type d'erreur inconnu : [2] PDOStatement::execute(): SQLSTATE[42000]: Syntax error or access violation: 1064 You have an error in your SQL syntax; check the manual that corresponds to your MySQL server version for the right syntax to use near 'LIMIT 1' at line 3 - ligne 34 dans le fichier D:\wamp\www\rugby\kernel\core\DB\EPDO.php
2013-02-15 12:25:58|Type d'erreur inconnu : [2] PDO::quote() expects parameter 1 to be string, array given - ligne 130 dans le fichier D:\wamp\www\rugby\kernel\core\DB\Db.class.php
2013-02-15 12:25:58|Type d'erreur inconnu : [4096] Argument 1 passed to Record::__construct() must be of the type array, boolean given, called in D:\wamp\www\rugby\app\controller\joueurController.php on line 442 and defined - ligne 6 dans le fichier D:\wamp\www\rugby\kernel\core\Record.class.php
2013-02-15 12:25:58|Type d'erreur inconnu : [2] PDOStatement::execute(): SQLSTATE[42000]: Syntax error or access violation: 1064 You have an error in your SQL syntax; check the manual that corresponds to your MySQL server version for the right syntax to use near 'LIMIT 1' at line 3 - ligne 34 dans le fichier D:\wamp\www\rugby\kernel\core\DB\EPDO.php
2013-02-15 12:25:58|Type d'erreur inconnu : [2] PDO::quote() expects parameter 1 to be string, array given - ligne 130 dans le fichier D:\wamp\www\rugby\kernel\core\DB\Db.class.php
2013-02-15 12:25:58|Type d'erreur inconnu : [8] Array to string conversion - ligne 82 dans le fichier D:\wamp\www\rugby\cache\e6b7e2b1a9b2c413a68932f1658cbb63fcc150b8.file.fiche_tab_physique.tpl.php
2013-02-15 12:25:58|Type d'erreur inconnu : [8] Array to string conversion - ligne 71 dans le fichier D:\wamp\www\rugby\cache\e6b7e2b1a9b2c413a68932f1658cbb63fcc150b8.file.fiche_tab_physique.tpl.php
2013-02-15 12:25:58|Type d'erreur inconnu : [8] Array to string conversion - ligne 69 dans le fichier D:\wamp\www\rugby\cache\e6b7e2b1a9b2c413a68932f1658cbb63fcc150b8.file.fiche_tab_physique.tpl.php
2013-02-15 12:25:58|Type d'erreur inconnu : [8] Array to string conversion - ligne 67 dans le fichier D:\wamp\www\rugby\cache\e6b7e2b1a9b2c413a68932f1658cbb63fcc150b8.file.fiche_tab_physique.tpl.php
2013-02-15 12:25:58|Type d'erreur inconnu : [8] Array to string conversion - ligne 58 dans le fichier D:\wamp\www\rugby\cache\e6b7e2b1a9b2c413a68932f1658cbb63fcc150b8.file.fiche_tab_physique.tpl.php
2013-02-15 12:25:58|Type d'erreur inconnu : [8] Array to string conversion - ligne 58 dans le fichier D:\wamp\www\rugby\cache\e6b7e2b1a9b2c413a68932f1658cbb63fcc150b8.file.fiche_tab_physique.tpl.php
2013-02-15 12:25:58|Type d'erreur inconnu : [8] Array to string conversion - ligne 33 dans le fichier D:\wamp\www\rugby\cache\e6b7e2b1a9b2c413a68932f1658cbb63fcc150b8.file.fiche_tab_physique.tpl.php
2013-02-15 12:25:58|Type d'erreur inconnu : [2] PDOStatement::execute(): SQLSTATE[42000]: Syntax error or access violation: 1064 You have an error in your SQL syntax; check the manual that corresponds to your MySQL server version for the right syntax to use near 'ORDER BY date_saisie DESC' at line 1 - ligne 34 dans le fichier D:\wamp\www\rugby\kernel\core\DB\EPDO.php
2013-02-15 12:25:58|Type d'erreur inconnu : [2] PDO::quote() expects parameter 1 to be string, array given - ligne 49 dans le fichier D:\wamp\www\rugby\kernel\core\DB\Db.class.php
2013-02-15 12:25:58|Type d'erreur inconnu : [2] PDOStatement::execute(): SQLSTATE[42000]: Syntax error or access violation: 1064 You have an error in your SQL syntax; check the manual that corresponds to your MySQL server version for the right syntax to use near 'ORDER BY date_saisie DESC' at line 1 - ligne 34 dans le fichier D:\wamp\www\rugby\kernel\core\DB\EPDO.php
2013-02-15 12:25:58|Type d'erreur inconnu : [2] PDO::quote() expects parameter 1 to be string, array given - ligne 49 dans le fichier D:\wamp\www\rugby\kernel\core\DB\Db.class.php
2013-02-15 12:25:58|Type d'erreur inconnu : [4096] Argument 1 passed to Record::__construct() must be of the type array, boolean given, called in D:\wamp\www\rugby\app\controller\joueurController.php on line 410 and defined - ligne 6 dans le fichier D:\wamp\www\rugby\kernel\core\Record.class.php
2013-02-15 12:25:58|Type d'erreur inconnu : [2] PDOStatement::execute(): SQLSTATE[42000]: Syntax error or access violation: 1064 You have an error in your SQL syntax; check the manual that corresponds to your MySQL server version for the right syntax to use near 'LIMIT 1' at line 3 - ligne 34 dans le fichier D:\wamp\www\rugby\kernel\core\DB\EPDO.php
2013-02-15 12:25:58|Type d'erreur inconnu : [2] PDO::quote() expects parameter 1 to be string, array given - ligne 130 dans le fichier D:\wamp\www\rugby\kernel\core\DB\Db.class.php
2013-02-15 12:25:57|Type d'erreur inconnu : [2] PDOStatement::execute(): SQLSTATE[42000]: Syntax error or access violation: 1064 You have an error in your SQL syntax; check the manual that corresponds to your MySQL server version for the right syntax to use near '' at line 1 - ligne 34 dans le fichier D:\wamp\www\rugby\kernel\core\DB\EPDO.php
2013-02-15 12:25:57|Type d'erreur inconnu : [2] PDO::quote() expects parameter 1 to be string, array given - ligne 49 dans le fichier D:\wamp\www\rugby\kernel\core\DB\Db.class.php
2013-02-15 12:25:57|Type d'erreur inconnu : [2] PDOStatement::execute(): SQLSTATE[42000]: Syntax error or access violation: 1064 You have an error in your SQL syntax; check the manual that corresponds to your MySQL server version for the right syntax to use near 'LIMIT 1' at line 3 - ligne 34 dans le fichier D:\wamp\www\rugby\kernel\core\DB\EPDO.php
2013-02-15 12:25:57|Type d'erreur inconnu : [2] PDO::quote() expects parameter 1 to be string, array given - ligne 130 dans le fichier D:\wamp\www\rugby\kernel\core\DB\Db.class.php
2013-02-15 12:25:48|Type d'erreur inconnu : [2] PDO::query(): SQLSTATE[42000]: Syntax error or access violation: 1064 You have an error in your SQL syntax; check the manual that corresponds to your MySQL server version for the right syntax to use near '' at line 1 - ligne 21 dans le fichier D:\wamp\www\rugby\kernel\core\DB\EPDO.php
2013-02-15 12:25:48|Type d'erreur inconnu : [2] PDO::quote() expects parameter 1 to be string, array given - ligne 203 dans le fichier D:\wamp\www\rugby\kernel\core\DB\Db.class.php
2013-02-15 12:25:48|Type d'erreur inconnu : [2] PDOStatement::execute(): SQLSTATE[42S22]: Column not found: 1054 Unknown column 'Array' in 'where clause' - ligne 34 dans le fichier D:\wamp\www\rugby\kernel\core\DB\EPDO.php
2013-02-15 12:25:48|Type d'erreur inconnu : [8] Array to string conversion - ligne 29 dans le fichier D:\wamp\www\rugby\kernel\lib\Form.class.php
2013-02-15 12:25:48|Type d'erreur inconnu : [2] PDOStatement::execute(): SQLSTATE[42000]: Syntax error or access violation: 1064 You have an error in your SQL syntax; check the manual that corresponds to your MySQL server version for the right syntax to use near 'LIMIT 1' at line 3 - ligne 34 dans le fichier D:\wamp\www\rugby\kernel\core\DB\EPDO.php
2013-02-15 12:25:48|Type d'erreur inconnu : [2] PDO::quote() expects parameter 1 to be string, array given - ligne 130 dans le fichier D:\wamp\www\rugby\kernel\core\DB\Db.class.php
2013-02-15 12:25:48|Type d'erreur inconnu : [8] Array to string conversion - ligne 130 dans le fichier D:\wamp\www\rugby\cache\3596ccc33c6b4e9a28a375d256d00b2e8a7f453b.file.fiche_tab_documents.tpl.php
2013-02-15 12:25:48|Type d'erreur inconnu : [8] Array to string conversion - ligne 41 dans le fichier D:\wamp\www\rugby\cache\3596ccc33c6b4e9a28a375d256d00b2e8a7f453b.file.fiche_tab_documents.tpl.php
2013-02-15 12:25:48|Type d'erreur inconnu : [2] PDOStatement::execute(): SQLSTATE[42000]: Syntax error or access violation: 1064 You have an error in your SQL syntax; check the manual that corresponds to your MySQL server version for the right syntax to use near '' at line 1 - ligne 34 dans le fichier D:\wamp\www\rugby\kernel\core\DB\EPDO.php
2013-02-15 12:25:48|Type d'erreur inconnu : [2] PDO::quote() expects parameter 1 to be string, array given - ligne 49 dans le fichier D:\wamp\www\rugby\kernel\core\DB\Db.class.php
2013-02-15 12:25:48|Type d'erreur inconnu : [8] Array to string conversion - ligne 122 dans le fichier D:\wamp\www\rugby\cache\ef6cebc5d77aa30d98db72f4085ea0f0f177c4eb.file.fiche_tab_ressentie.tpl.php
2013-02-15 12:25:48|Type d'erreur inconnu : [8] Array to string conversion - ligne 121 dans le fichier D:\wamp\www\rugby\cache\ef6cebc5d77aa30d98db72f4085ea0f0f177c4eb.file.fiche_tab_ressentie.tpl.php
2013-02-15 12:25:48|Type d'erreur inconnu : [8] Array to string conversion - ligne 120 dans le fichier D:\wamp\www\rugby\cache\ef6cebc5d77aa30d98db72f4085ea0f0f177c4eb.file.fiche_tab_ressentie.tpl.php
2013-02-15 12:25:48|Type d'erreur inconnu : [8] Array to string conversion - ligne 119 dans le fichier D:\wamp\www\rugby\cache\ef6cebc5d77aa30d98db72f4085ea0f0f177c4eb.file.fiche_tab_ressentie.tpl.php
2013-02-15 12:25:48|Type d'erreur inconnu : [8] Array to string conversion - ligne 118 dans le fichier D:\wamp\www\rugby\cache\ef6cebc5d77aa30d98db72f4085ea0f0f177c4eb.file.fiche_tab_ressentie.tpl.php
2013-02-15 12:25:48|Type d'erreur inconnu : [8] Array to string conversion - ligne 117 dans le fichier D:\wamp\www\rugby\cache\ef6cebc5d77aa30d98db72f4085ea0f0f177c4eb.file.fiche_tab_ressentie.tpl.php
2013-02-15 12:25:48|Type d'erreur inconnu : [8] Array to string conversion - ligne 409 dans le fichier D:\wamp\www\rugby\app\controller\ressentieController.php
2013-02-15 12:25:48|Type d'erreur inconnu : [8] Array to string conversion - ligne 401 dans le fichier D:\wamp\www\rugby\app\controller\ressentieController.php
2013-02-15 12:25:48|Type d'erreur inconnu : [2] PDOStatement::execute(): SQLSTATE[42000]: Syntax error or access violation: 1064 You have an error in your SQL syntax; check the manual that corresponds to your MySQL server version for the right syntax to use near 'AND annee = '2013'  AND semaine = '07'  ORDER BY s.numero' at line 1 - ligne 34 dans le fichier D:\wamp\www\rugby\kernel\core\DB\EPDO.php
2013-02-15 12:25:48|Type d'erreur inconnu : [2] PDO::quote() expects parameter 1 to be string, array given - ligne 130 dans le fichier D:\wamp\www\rugby\kernel\core\DB\Db.class.php
2013-02-15 12:25:48|Type d'erreur inconnu : [2] PDOStatement::execute(): SQLSTATE[42000]: Syntax error or access violation: 1064 You have an error in your SQL syntax; check the manual that corresponds to your MySQL server version for the right syntax to use near 'ORDER BY t.date_test' at line 1 - ligne 34 dans le fichier D:\wamp\www\rugby\kernel\core\DB\EPDO.php
2013-02-15 12:25:48|Type d'erreur inconnu : [2] PDO::quote() expects parameter 1 to be string, array given - ligne 130 dans le fichier D:\wamp\www\rugby\kernel\core\DB\Db.class.php
2013-02-15 12:25:48|Type d'erreur inconnu : [8] Undefined variable: Exercices - ligne 291 dans le fichier D:\wamp\www\rugby\kernel\lib\smarty\sysplugins\smarty_internal_data.php
2013-02-15 12:25:48|Type d'erreur inconnu : [8] Array to string conversion - ligne 55 dans le fichier D:\wamp\www\rugby\cache\4c4f379e9584880797b7b057e1e6cfd1ed49ec4f.file.fiche_tab_muscu.tpl.php
2013-02-15 12:25:48|Type d'erreur inconnu : [2] PDOStatement::execute(): SQLSTATE[42000]: Syntax error or access violation: 1064 You have an error in your SQL syntax; check the manual that corresponds to your MySQL server version for the right syntax to use near 'ORDER BY mt.date_test' at line 1 - ligne 34 dans le fichier D:\wamp\www\rugby\kernel\core\DB\EPDO.php
2013-02-15 12:25:48|Type d'erreur inconnu : [2] PDO::quote() expects parameter 1 to be string, array given - ligne 130 dans le fichier D:\wamp\www\rugby\kernel\core\DB\Db.class.php
2013-02-15 12:25:48|Type d'erreur inconnu : [2] PDOStatement::execute(): SQLSTATE[42000]: Syntax error or access violation: 1064 You have an error in your SQL syntax; check the manual that corresponds to your MySQL server version for the right syntax to use near '' at line 1 - ligne 34 dans le fichier D:\wamp\www\rugby\kernel\core\DB\EPDO.php
2013-02-15 12:25:48|Type d'erreur inconnu : [2] PDO::quote() expects parameter 1 to be string, array given - ligne 130 dans le fichier D:\wamp\www\rugby\kernel\core\DB\Db.class.php
2013-02-15 12:25:48|Type d'erreur inconnu : [2] PDOStatement::execute(): SQLSTATE[42000]: Syntax error or access violation: 1064 You have an error in your SQL syntax; check the manual that corresponds to your MySQL server version for the right syntax to use near '' at line 1 - ligne 34 dans le fichier D:\wamp\www\rugby\kernel\core\DB\EPDO.php
2013-02-15 12:25:48|Type d'erreur inconnu : [2] PDO::quote() expects parameter 1 to be string, array given - ligne 130 dans le fichier D:\wamp\www\rugby\kernel\core\DB\Db.class.php
2013-02-15 12:25:48|Type d'erreur inconnu : [4096] Argument 1 passed to Record::__construct() must be of the type array, boolean given, called in D:\wamp\www\rugby\app\controller\joueurController.php on line 478 and defined - ligne 6 dans le fichier D:\wamp\www\rugby\kernel\core\Record.class.php
2013-02-15 12:25:48|Type d'erreur inconnu : [2] PDOStatement::execute(): SQLSTATE[42000]: Syntax error or access violation: 1064 You have an error in your SQL syntax; check the manual that corresponds to your MySQL server version for the right syntax to use near 'LIMIT 1' at line 3 - ligne 34 dans le fichier D:\wamp\www\rugby\kernel\core\DB\EPDO.php
2013-02-15 12:25:48|Type d'erreur inconnu : [2] PDO::quote() expects parameter 1 to be string, array given - ligne 130 dans le fichier D:\wamp\www\rugby\kernel\core\DB\Db.class.php
2013-02-15 12:25:47|Type d'erreur inconnu : [8] Array to string conversion - ligne 38 dans le fichier D:\wamp\www\rugby\cache\347975c9a108fc28aad64096380810ecc39528a8.file.fiche_tab_suivimed.tpl.php
2013-02-15 12:25:47|Type d'erreur inconnu : [8] Array to string conversion - ligne 38 dans le fichier D:\wamp\www\rugby\cache\347975c9a108fc28aad64096380810ecc39528a8.file.fiche_tab_suivimed.tpl.php
2013-02-15 12:25:47|Type d'erreur inconnu : [2] PDOStatement::execute(): SQLSTATE[42000]: Syntax error or access violation: 1064 You have an error in your SQL syntax; check the manual that corresponds to your MySQL server version for the right syntax to use near '' at line 1 - ligne 34 dans le fichier D:\wamp\www\rugby\kernel\core\DB\EPDO.php
2013-02-15 12:25:47|Type d'erreur inconnu : [2] PDO::quote() expects parameter 1 to be string, array given - ligne 130 dans le fichier D:\wamp\www\rugby\kernel\core\DB\Db.class.php
2013-02-15 12:25:47|Type d'erreur inconnu : [2] PDOStatement::execute(): SQLSTATE[42000]: Syntax error or access violation: 1064 You have an error in your SQL syntax; check the manual that corresponds to your MySQL server version for the right syntax to use near '' at line 1 - ligne 34 dans le fichier D:\wamp\www\rugby\kernel\core\DB\EPDO.php
2013-02-15 12:25:47|Type d'erreur inconnu : [2] PDO::quote() expects parameter 1 to be string, array given - ligne 130 dans le fichier D:\wamp\www\rugby\kernel\core\DB\Db.class.php
2013-02-15 12:25:47|Type d'erreur inconnu : [2] PDOStatement::execute(): SQLSTATE[42000]: Syntax error or access violation: 1064 You have an error in your SQL syntax; check the manual that corresponds to your MySQL server version for the right syntax to use near 'ORDER BY tjm.date_saisie DESC' at line 1 - ligne 34 dans le fichier D:\wamp\www\rugby\kernel\core\DB\EPDO.php
2013-02-15 12:25:47|Type d'erreur inconnu : [2] PDO::quote() expects parameter 1 to be string, array given - ligne 130 dans le fichier D:\wamp\www\rugby\kernel\core\DB\Db.class.php
2013-02-15 12:25:47|Type d'erreur inconnu : [4096] Argument 1 passed to Record::__construct() must be of the type array, boolean given, called in D:\wamp\www\rugby\app\controller\joueurController.php on line 478 and defined - ligne 6 dans le fichier D:\wamp\www\rugby\kernel\core\Record.class.php
2013-02-15 12:25:47|Type d'erreur inconnu : [2] PDOStatement::execute(): SQLSTATE[42000]: Syntax error or access violation: 1064 You have an error in your SQL syntax; check the manual that corresponds to your MySQL server version for the right syntax to use near 'LIMIT 1' at line 3 - ligne 34 dans le fichier D:\wamp\www\rugby\kernel\core\DB\EPDO.php
2013-02-15 12:25:47|Type d'erreur inconnu : [2] PDO::quote() expects parameter 1 to be string, array given - ligne 130 dans le fichier D:\wamp\www\rugby\kernel\core\DB\Db.class.php
2013-02-15 12:25:47|Type d'erreur inconnu : [4096] Argument 1 passed to Record::__construct() must be of the type array, boolean given, called in D:\wamp\www\rugby\app\controller\joueurController.php on line 442 and defined - ligne 6 dans le fichier D:\wamp\www\rugby\kernel\core\Record.class.php
2013-02-15 12:25:47|Type d'erreur inconnu : [2] PDOStatement::execute(): SQLSTATE[42000]: Syntax error or access violation: 1064 You have an error in your SQL syntax; check the manual that corresponds to your MySQL server version for the right syntax to use near 'LIMIT 1' at line 3 - ligne 34 dans le fichier D:\wamp\www\rugby\kernel\core\DB\EPDO.php
2013-02-15 12:25:47|Type d'erreur inconnu : [2] PDO::quote() expects parameter 1 to be string, array given - ligne 130 dans le fichier D:\wamp\www\rugby\kernel\core\DB\Db.class.php
2013-02-15 12:25:47|Type d'erreur inconnu : [8] Array to string conversion - ligne 82 dans le fichier D:\wamp\www\rugby\cache\e6b7e2b1a9b2c413a68932f1658cbb63fcc150b8.file.fiche_tab_physique.tpl.php
2013-02-15 12:25:47|Type d'erreur inconnu : [8] Array to string conversion - ligne 71 dans le fichier D:\wamp\www\rugby\cache\e6b7e2b1a9b2c413a68932f1658cbb63fcc150b8.file.fiche_tab_physique.tpl.php
2013-02-15 12:25:47|Type d'erreur inconnu : [8] Array to string conversion - ligne 69 dans le fichier D:\wamp\www\rugby\cache\e6b7e2b1a9b2c413a68932f1658cbb63fcc150b8.file.fiche_tab_physique.tpl.php
2013-02-15 12:25:47|Type d'erreur inconnu : [8] Array to string conversion - ligne 67 dans le fichier D:\wamp\www\rugby\cache\e6b7e2b1a9b2c413a68932f1658cbb63fcc150b8.file.fiche_tab_physique.tpl.php
2013-02-15 12:25:47|Type d'erreur inconnu : [8] Array to string conversion - ligne 58 dans le fichier D:\wamp\www\rugby\cache\e6b7e2b1a9b2c413a68932f1658cbb63fcc150b8.file.fiche_tab_physique.tpl.php
2013-02-15 12:25:47|Type d'erreur inconnu : [8] Array to string conversion - ligne 58 dans le fichier D:\wamp\www\rugby\cache\e6b7e2b1a9b2c413a68932f1658cbb63fcc150b8.file.fiche_tab_physique.tpl.php
2013-02-15 12:25:47|Type d'erreur inconnu : [8] Array to string conversion - ligne 33 dans le fichier D:\wamp\www\rugby\cache\e6b7e2b1a9b2c413a68932f1658cbb63fcc150b8.file.fiche_tab_physique.tpl.php
2013-02-15 12:25:47|Type d'erreur inconnu : [2] PDOStatement::execute(): SQLSTATE[42000]: Syntax error or access violation: 1064 You have an error in your SQL syntax; check the manual that corresponds to your MySQL server version for the right syntax to use near 'ORDER BY date_saisie DESC' at line 1 - ligne 34 dans le fichier D:\wamp\www\rugby\kernel\core\DB\EPDO.php
2013-02-15 12:25:47|Type d'erreur inconnu : [2] PDO::quote() expects parameter 1 to be string, array given - ligne 49 dans le fichier D:\wamp\www\rugby\kernel\core\DB\Db.class.php
2013-02-15 12:25:47|Type d'erreur inconnu : [2] PDOStatement::execute(): SQLSTATE[42000]: Syntax error or access violation: 1064 You have an error in your SQL syntax; check the manual that corresponds to your MySQL server version for the right syntax to use near 'ORDER BY date_saisie DESC' at line 1 - ligne 34 dans le fichier D:\wamp\www\rugby\kernel\core\DB\EPDO.php
2013-02-15 12:25:47|Type d'erreur inconnu : [2] PDO::quote() expects parameter 1 to be string, array given - ligne 49 dans le fichier D:\wamp\www\rugby\kernel\core\DB\Db.class.php
2013-02-15 12:25:47|Type d'erreur inconnu : [4096] Argument 1 passed to Record::__construct() must be of the type array, boolean given, called in D:\wamp\www\rugby\app\controller\joueurController.php on line 410 and defined - ligne 6 dans le fichier D:\wamp\www\rugby\kernel\core\Record.class.php
2013-02-15 12:25:47|Type d'erreur inconnu : [2] PDOStatement::execute(): SQLSTATE[42000]: Syntax error or access violation: 1064 You have an error in your SQL syntax; check the manual that corresponds to your MySQL server version for the right syntax to use near 'LIMIT 1' at line 3 - ligne 34 dans le fichier D:\wamp\www\rugby\kernel\core\DB\EPDO.php
2013-02-15 12:25:47|Type d'erreur inconnu : [2] PDO::quote() expects parameter 1 to be string, array given - ligne 130 dans le fichier D:\wamp\www\rugby\kernel\core\DB\Db.class.php
